<?xml version="1.0" encoding="UTF-8"?>
<coverage generated="1769303307183" clover="3.2.0">
  <project timestamp="1769303307183" name="All files">
    <metrics statements="1238" coveredstatements="102" conditionals="973" coveredconditionals="30" methods="204" coveredmethods="15" elements="2415" coveredelements="147" complexity="0" loc="1238" ncloc="1238" packages="1" files="1" classes="1"/>
    <file name="features.js" path="C:\Users\wifel\Desktop\Assets\BFS IT\Projekt\wetter-app\src\features.js">
      <metrics statements="1238" coveredstatements="102" conditionals="973" coveredconditionals="30" methods="204" coveredmethods="15"/>
      <line num="28" count="6" type="cond" truecount="1" falsecount="1"/>
      <line num="29" count="6" type="stmt"/>
      <line num="36" count="2" type="stmt"/>
      <line num="43" count="2" type="stmt"/>
      <line num="60" count="2" type="stmt"/>
      <line num="61" count="2" type="stmt"/>
      <line num="62" count="2" type="stmt"/>
      <line num="63" count="2" type="stmt"/>
      <line num="64" count="2" type="stmt"/>
      <line num="65" count="2" type="stmt"/>
      <line num="66" count="2" type="stmt"/>
      <line num="67" count="2" type="stmt"/>
      <line num="68" count="2" type="stmt"/>
      <line num="69" count="14" type="stmt"/>
      <line num="70" count="2" type="stmt"/>
      <line num="71" count="2" type="stmt"/>
      <line num="72" count="2" type="stmt"/>
      <line num="73" count="2" type="stmt"/>
      <line num="74" count="2" type="stmt"/>
      <line num="75" count="2" type="stmt"/>
      <line num="76" count="2" type="stmt"/>
      <line num="77" count="2" type="stmt"/>
      <line num="78" count="2" type="stmt"/>
      <line num="79" count="2" type="stmt"/>
      <line num="80" count="2" type="stmt"/>
      <line num="81" count="2" type="stmt"/>
      <line num="82" count="2" type="stmt"/>
      <line num="83" count="2" type="stmt"/>
      <line num="84" count="2" type="stmt"/>
      <line num="85" count="2" type="stmt"/>
      <line num="86" count="2" type="stmt"/>
      <line num="87" count="2" type="stmt"/>
      <line num="88" count="2" type="stmt"/>
      <line num="89" count="2" type="stmt"/>
      <line num="90" count="2" type="stmt"/>
      <line num="91" count="2" type="stmt"/>
      <line num="92" count="2" type="stmt"/>
      <line num="93" count="2" type="stmt"/>
      <line num="94" count="2" type="stmt"/>
      <line num="95" count="2" type="stmt"/>
      <line num="96" count="2" type="stmt"/>
      <line num="97" count="2" type="stmt"/>
      <line num="98" count="2" type="stmt"/>
      <line num="99" count="2" type="stmt"/>
      <line num="100" count="2" type="stmt"/>
      <line num="101" count="2" type="stmt"/>
      <line num="102" count="2" type="stmt"/>
      <line num="103" count="2" type="stmt"/>
      <line num="107" count="0" type="stmt"/>
      <line num="108" count="0" type="cond" truecount="0" falsecount="2"/>
      <line num="109" count="0" type="stmt"/>
      <line num="110" count="0" type="stmt"/>
      <line num="113" count="0" type="cond" truecount="0" falsecount="2"/>
      <line num="114" count="0" type="stmt"/>
      <line num="116" count="0" type="stmt"/>
      <line num="119" count="0" type="stmt"/>
      <line num="120" count="0" type="stmt"/>
      <line num="121" count="0" type="stmt"/>
      <line num="123" count="0" type="cond" truecount="0" falsecount="2"/>
      <line num="124" count="0" type="stmt"/>
      <line num="125" count="0" type="stmt"/>
      <line num="126" count="0" type="stmt"/>
      <line num="127" count="0" type="stmt"/>
      <line num="128" count="0" type="stmt"/>
      <line num="131" count="0" type="stmt"/>
      <line num="132" count="0" type="stmt"/>
      <line num="133" count="0" type="stmt"/>
      <line num="137" count="0" type="stmt"/>
      <line num="144" count="0" type="stmt"/>
      <line num="151" count="0" type="stmt"/>
      <line num="152" count="0" type="cond" truecount="0" falsecount="4"/>
      <line num="153" count="0" type="stmt"/>
      <line num="155" count="0" type="stmt"/>
      <line num="159" count="0" type="cond" truecount="0" falsecount="2"/>
      <line num="161" count="0" type="cond" truecount="0" falsecount="2"/>
      <line num="162" count="0" type="stmt"/>
      <line num="163" count="0" type="cond" truecount="0" falsecount="2"/>
      <line num="165" count="0" type="stmt"/>
      <line num="166" count="0" type="cond" truecount="0" falsecount="2"/>
      <line num="171" count="2" type="stmt"/>
      <line num="231" count="2" type="stmt"/>
      <line num="346" count="0" type="cond" truecount="0" falsecount="2"/>
      <line num="348" count="0" type="stmt"/>
      <line num="349" count="0" type="stmt"/>
      <line num="350" count="0" type="stmt"/>
      <line num="351" count="0" type="stmt"/>
      <line num="352" count="0" type="stmt"/>
      <line num="353" count="0" type="cond" truecount="0" falsecount="2"/>
      <line num="357" count="0" type="stmt"/>
      <line num="358" count="0" type="stmt"/>
      <line num="359" count="0" type="stmt"/>
      <line num="361" count="0" type="stmt"/>
      <line num="362" count="0" type="stmt"/>
      <line num="363" count="0" type="stmt"/>
      <line num="364" count="0" type="cond" truecount="0" falsecount="2"/>
      <line num="365" count="0" type="stmt"/>
      <line num="367" count="0" type="cond" truecount="0" falsecount="2"/>
      <line num="368" count="0" type="stmt"/>
      <line num="369" count="0" type="cond" truecount="0" falsecount="2"/>
      <line num="370" count="0" type="stmt"/>
      <line num="372" count="0" type="stmt"/>
      <line num="373" count="0" type="stmt"/>
      <line num="374" count="0" type="stmt"/>
      <line num="375" count="0" type="stmt"/>
      <line num="379" count="0" type="cond" truecount="0" falsecount="2"/>
      <line num="380" count="0" type="cond" truecount="0" falsecount="2"/>
      <line num="381" count="0" type="stmt"/>
      <line num="382" count="0" type="stmt"/>
      <line num="383" count="0" type="stmt"/>
      <line num="384" count="0" type="stmt"/>
      <line num="386" count="0" type="cond" truecount="0" falsecount="2"/>
      <line num="390" count="0" type="cond" truecount="0" falsecount="4"/>
      <line num="391" count="0" type="stmt"/>
      <line num="392" count="0" type="stmt"/>
      <line num="393" count="0" type="stmt"/>
      <line num="396" count="0" type="cond" truecount="0" falsecount="2"/>
      <line num="397" count="0" type="stmt"/>
      <line num="398" count="0" type="stmt"/>
      <line num="401" count="0" type="stmt"/>
      <line num="407" count="0" type="cond" truecount="0" falsecount="2"/>
      <line num="408" count="0" type="stmt"/>
      <line num="418" count="0" type="stmt"/>
      <line num="420" count="0" type="stmt"/>
      <line num="422" count="0" type="stmt"/>
      <line num="423" count="0" type="stmt"/>
      <line num="424" count="0" type="stmt"/>
      <line num="425" count="0" type="cond" truecount="0" falsecount="2"/>
      <line num="428" count="0" type="stmt"/>
      <line num="430" count="0" type="cond" truecount="0" falsecount="2"/>
      <line num="431" count="0" type="cond" truecount="0" falsecount="2"/>
      <line num="432" count="0" type="stmt"/>
      <line num="435" count="0" type="cond" truecount="0" falsecount="2"/>
      <line num="436" count="0" type="stmt"/>
      <line num="437" count="0" type="stmt"/>
      <line num="439" count="0" type="stmt"/>
      <line num="440" count="0" type="stmt"/>
      <line num="442" count="0" type="stmt"/>
      <line num="446" count="0" type="cond" truecount="0" falsecount="2"/>
      <line num="447" count="0" type="cond" truecount="0" falsecount="4"/>
      <line num="448" count="0" type="stmt"/>
      <line num="450" count="0" type="cond" truecount="0" falsecount="2"/>
      <line num="451" count="0" type="stmt"/>
      <line num="453" count="0" type="cond" truecount="0" falsecount="2"/>
      <line num="454" count="0" type="stmt"/>
      <line num="455" count="0" type="cond" truecount="0" falsecount="2"/>
      <line num="456" count="0" type="stmt"/>
      <line num="458" count="0" type="stmt"/>
      <line num="462" count="0" type="cond" truecount="0" falsecount="2"/>
      <line num="463" count="0" type="stmt"/>
      <line num="464" count="0" type="cond" truecount="0" falsecount="2"/>
      <line num="465" count="0" type="stmt"/>
      <line num="467" count="0" type="cond" truecount="0" falsecount="2"/>
      <line num="470" count="0" type="stmt"/>
      <line num="471" count="0" type="cond" truecount="0" falsecount="2"/>
      <line num="472" count="0" type="stmt"/>
      <line num="474" count="0" type="stmt"/>
      <line num="475" count="0" type="stmt"/>
      <line num="477" count="0" type="cond" truecount="0" falsecount="2"/>
      <line num="478" count="0" type="stmt"/>
      <line num="479" count="0" type="stmt"/>
      <line num="480" count="0" type="stmt"/>
      <line num="489" count="0" type="cond" truecount="0" falsecount="2"/>
      <line num="492" count="0" type="cond" truecount="0" falsecount="2"/>
      <line num="493" count="0" type="cond" truecount="0" falsecount="4"/>
      <line num="494" count="0" type="stmt"/>
      <line num="496" count="0" type="stmt"/>
      <line num="497" count="0" type="stmt"/>
      <line num="498" count="0" type="stmt"/>
      <line num="500" count="0" type="stmt"/>
      <line num="514" count="0" type="stmt"/>
      <line num="515" count="0" type="stmt"/>
      <line num="516" count="0" type="cond" truecount="0" falsecount="2"/>
      <line num="517" count="0" type="cond" truecount="0" falsecount="4"/>
      <line num="518" count="0" type="stmt"/>
      <line num="519" count="0" type="stmt"/>
      <line num="521" count="0" type="stmt"/>
      <line num="522" count="0" type="stmt"/>
      <line num="523" count="0" type="stmt"/>
      <line num="527" count="0" type="stmt"/>
      <line num="528" count="0" type="cond" truecount="0" falsecount="4"/>
      <line num="529" count="0" type="stmt"/>
      <line num="534" count="0" type="stmt"/>
      <line num="535" count="0" type="cond" truecount="0" falsecount="2"/>
      <line num="536" count="0" type="cond" truecount="0" falsecount="2"/>
      <line num="537" count="0" type="stmt"/>
      <line num="539" count="0" type="cond" truecount="0" falsecount="4"/>
      <line num="540" count="0" type="stmt"/>
      <line num="542" count="0" type="stmt"/>
      <line num="546" count="0" type="cond" truecount="0" falsecount="2"/>
      <line num="547" count="0" type="stmt"/>
      <line num="548" count="0" type="cond" truecount="0" falsecount="2"/>
      <line num="549" count="0" type="stmt"/>
      <line num="550" count="0" type="stmt"/>
      <line num="552" count="0" type="cond" truecount="0" falsecount="2"/>
      <line num="557" count="0" type="stmt"/>
      <line num="559" count="0" type="cond" truecount="0" falsecount="2"/>
      <line num="560" count="0" type="stmt"/>
      <line num="562" count="0" type="stmt"/>
      <line num="563" count="0" type="cond" truecount="0" falsecount="2"/>
      <line num="566" count="0" type="stmt"/>
      <line num="567" count="0" type="stmt"/>
      <line num="571" count="0" type="cond" truecount="0" falsecount="2"/>
      <line num="572" count="0" type="stmt"/>
      <line num="573" count="0" type="stmt"/>
      <line num="574" count="0" type="cond" truecount="0" falsecount="2"/>
      <line num="575" count="0" type="stmt"/>
      <line num="576" count="0" type="cond" truecount="0" falsecount="2"/>
      <line num="578" count="0" type="stmt"/>
      <line num="582" count="0" type="cond" truecount="0" falsecount="2"/>
      <line num="584" count="0" type="cond" truecount="0" falsecount="2"/>
      <line num="585" count="0" type="stmt"/>
      <line num="597" count="0" type="stmt"/>
      <line num="600" count="0" type="stmt"/>
      <line num="601" count="0" type="cond" truecount="0" falsecount="2"/>
      <line num="602" count="0" type="stmt"/>
      <line num="603" count="0" type="stmt"/>
      <line num="606" count="0" type="cond" truecount="0" falsecount="2"/>
      <line num="607" count="0" type="cond" truecount="0" falsecount="2"/>
      <line num="608" count="0" type="stmt"/>
      <line num="610" count="0" type="cond" truecount="0" falsecount="2"/>
      <line num="612" count="0" type="cond" truecount="0" falsecount="4"/>
      <line num="616" count="0" type="cond" truecount="0" falsecount="4"/>
      <line num="618" count="0" type="cond" truecount="0" falsecount="2"/>
      <line num="619" count="0" type="stmt"/>
      <line num="629" count="0" type="cond" truecount="0" falsecount="3"/>
      <line num="635" count="0" type="cond" truecount="0" falsecount="4"/>
      <line num="637" count="0" type="stmt"/>
      <line num="655" count="0" type="stmt"/>
      <line num="656" count="0" type="stmt"/>
      <line num="658" count="0" type="cond" truecount="0" falsecount="2"/>
      <line num="659" count="0" type="stmt"/>
      <line num="664" count="0" type="cond" truecount="0" falsecount="2"/>
      <line num="666" count="0" type="cond" truecount="0" falsecount="2"/>
      <line num="667" count="0" type="stmt"/>
      <line num="668" count="0" type="stmt"/>
      <line num="671" count="0" type="cond" truecount="0" falsecount="2"/>
      <line num="672" count="0" type="stmt"/>
      <line num="673" count="0" type="cond" truecount="0" falsecount="2"/>
      <line num="674" count="0" type="stmt"/>
      <line num="677" count="0" type="stmt"/>
      <line num="680" count="0" type="cond" truecount="0" falsecount="2"/>
      <line num="684" count="0" type="stmt"/>
      <line num="686" count="0" type="stmt"/>
      <line num="688" count="0" type="stmt"/>
      <line num="689" count="0" type="stmt"/>
      <line num="694" count="0" type="cond" truecount="0" falsecount="2"/>
      <line num="696" count="0" type="cond" truecount="0" falsecount="2"/>
      <line num="697" count="0" type="stmt"/>
      <line num="700" count="0" type="cond" truecount="0" falsecount="2"/>
      <line num="701" count="0" type="stmt"/>
      <line num="704" count="0" type="stmt"/>
      <line num="705" count="0" type="stmt"/>
      <line num="706" count="0" type="stmt"/>
      <line num="708" count="0" type="stmt"/>
      <line num="716" count="0" type="stmt"/>
      <line num="717" count="0" type="cond" truecount="0" falsecount="2"/>
      <line num="718" count="0" type="stmt"/>
      <line num="721" count="0" type="stmt"/>
      <line num="722" count="0" type="stmt"/>
      <line num="723" count="0" type="cond" truecount="0" falsecount="2"/>
      <line num="724" count="0" type="stmt"/>
      <line num="726" count="0" type="stmt"/>
      <line num="729" count="0" type="stmt"/>
      <line num="730" count="0" type="stmt"/>
      <line num="731" count="0" type="stmt"/>
      <line num="733" count="0" type="stmt"/>
      <line num="735" count="0" type="stmt"/>
      <line num="736" count="0" type="cond" truecount="0" falsecount="2"/>
      <line num="737" count="0" type="stmt"/>
      <line num="739" count="0" type="cond" truecount="0" falsecount="2"/>
      <line num="740" count="0" type="stmt"/>
      <line num="742" count="0" type="stmt"/>
      <line num="743" count="0" type="stmt"/>
      <line num="747" count="0" type="cond" truecount="0" falsecount="4"/>
      <line num="748" count="0" type="stmt"/>
      <line num="751" count="0" type="stmt"/>
      <line num="752" count="0" type="stmt"/>
      <line num="753" count="0" type="stmt"/>
      <line num="756" count="0" type="stmt"/>
      <line num="757" count="0" type="stmt"/>
      <line num="772" count="0" type="stmt"/>
      <line num="773" count="0" type="stmt"/>
      <line num="774" count="0" type="stmt"/>
      <line num="775" count="0" type="stmt"/>
      <line num="776" count="0" type="stmt"/>
      <line num="778" count="0" type="stmt"/>
      <line num="779" count="0" type="stmt"/>
      <line num="782" count="0" type="cond" truecount="0" falsecount="2"/>
      <line num="785" count="0" type="stmt"/>
      <line num="787" count="0" type="cond" truecount="0" falsecount="2"/>
      <line num="788" count="0" type="stmt"/>
      <line num="790" count="0" type="stmt"/>
      <line num="793" count="0" type="stmt"/>
      <line num="794" count="0" type="stmt"/>
      <line num="795" count="0" type="stmt"/>
      <line num="796" count="0" type="stmt"/>
      <line num="797" count="0" type="stmt"/>
      <line num="799" count="0" type="stmt"/>
      <line num="800" count="0" type="stmt"/>
      <line num="801" count="0" type="stmt"/>
      <line num="802" count="0" type="stmt"/>
      <line num="805" count="0" type="stmt"/>
      <line num="808" count="0" type="stmt"/>
      <line num="812" count="0" type="stmt"/>
      <line num="813" count="0" type="cond" truecount="0" falsecount="2"/>
      <line num="814" count="0" type="cond" truecount="0" falsecount="2"/>
      <line num="815" count="0" type="stmt"/>
      <line num="817" count="0" type="stmt"/>
      <line num="818" count="0" type="stmt"/>
      <line num="819" count="0" type="stmt"/>
      <line num="823" count="0" type="cond" truecount="0" falsecount="4"/>
      <line num="824" count="0" type="stmt"/>
      <line num="826" count="0" type="cond" truecount="0" falsecount="2"/>
      <line num="827" count="0" type="stmt"/>
      <line num="829" count="0" type="stmt"/>
      <line num="830" count="0" type="stmt"/>
      <line num="831" count="0" type="stmt"/>
      <line num="835" count="0" type="cond" truecount="0" falsecount="2"/>
      <line num="836" count="0" type="stmt"/>
      <line num="837" count="0" type="cond" truecount="0" falsecount="2"/>
      <line num="839" count="0" type="stmt"/>
      <line num="840" count="0" type="stmt"/>
      <line num="841" count="0" type="stmt"/>
      <line num="842" count="0" type="stmt"/>
      <line num="843" count="0" type="stmt"/>
      <line num="847" count="0" type="cond" truecount="0" falsecount="2"/>
      <line num="848" count="0" type="stmt"/>
      <line num="849" count="0" type="stmt"/>
      <line num="850" count="0" type="stmt"/>
      <line num="851" count="0" type="stmt"/>
      <line num="855" count="0" type="cond" truecount="0" falsecount="4"/>
      <line num="856" count="0" type="stmt"/>
      <line num="860" count="0" type="cond" truecount="0" falsecount="2"/>
      <line num="861" count="0" type="stmt"/>
      <line num="862" count="0" type="cond" truecount="0" falsecount="2"/>
      <line num="863" count="0" type="stmt"/>
      <line num="864" count="0" type="stmt"/>
      <line num="865" count="0" type="stmt"/>
      <line num="869" count="0" type="cond" truecount="0" falsecount="2"/>
      <line num="870" count="0" type="stmt"/>
      <line num="871" count="0" type="cond" truecount="0" falsecount="2"/>
      <line num="872" count="0" type="stmt"/>
      <line num="873" count="0" type="stmt"/>
      <line num="874" count="0" type="stmt"/>
      <line num="875" count="0" type="cond" truecount="0" falsecount="2"/>
      <line num="876" count="0" type="stmt"/>
      <line num="877" count="0" type="stmt"/>
      <line num="878" count="0" type="stmt"/>
      <line num="880" count="0" type="stmt"/>
      <line num="884" count="0" type="cond" truecount="0" falsecount="4"/>
      <line num="885" count="0" type="cond" truecount="0" falsecount="5"/>
      <line num="887" count="0" type="cond" truecount="0" falsecount="2"/>
      <line num="888" count="0" type="stmt"/>
      <line num="889" count="0" type="cond" truecount="0" falsecount="2"/>
      <line num="890" count="0" type="stmt"/>
      <line num="891" count="0" type="stmt"/>
      <line num="893" count="0" type="stmt"/>
      <line num="894" count="0" type="cond" truecount="0" falsecount="4"/>
      <line num="895" count="0" type="stmt"/>
      <line num="897" count="0" type="stmt"/>
      <line num="900" count="0" type="stmt"/>
      <line num="901" count="0" type="cond" truecount="0" falsecount="2"/>
      <line num="902" count="0" type="stmt"/>
      <line num="904" count="0" type="stmt"/>
      <line num="907" count="0" type="cond" truecount="0" falsecount="2"/>
      <line num="908" count="0" type="stmt"/>
      <line num="910" count="0" type="stmt"/>
      <line num="911" count="0" type="stmt"/>
      <line num="914" count="0" type="stmt"/>
      <line num="915" count="0" type="stmt"/>
      <line num="918" count="0" type="stmt"/>
      <line num="923" count="0" type="cond" truecount="0" falsecount="4"/>
      <line num="924" count="0" type="stmt"/>
      <line num="927" count="0" type="stmt"/>
      <line num="930" count="0" type="stmt"/>
      <line num="931" count="0" type="stmt"/>
      <line num="933" count="0" type="stmt"/>
      <line num="934" count="0" type="cond" truecount="0" falsecount="2"/>
      <line num="935" count="0" type="stmt"/>
      <line num="936" count="0" type="stmt"/>
      <line num="937" count="0" type="stmt"/>
      <line num="938" count="0" type="stmt"/>
      <line num="939" count="0" type="stmt"/>
      <line num="942" count="0" type="stmt"/>
      <line num="944" count="0" type="cond" truecount="0" falsecount="2"/>
      <line num="945" count="0" type="stmt"/>
      <line num="953" count="0" type="stmt"/>
      <line num="957" count="0" type="stmt"/>
      <line num="959" count="0" type="stmt"/>
      <line num="963" count="0" type="stmt"/>
      <line num="966" count="0" type="cond" truecount="0" falsecount="2"/>
      <line num="967" count="0" type="stmt"/>
      <line num="971" count="0" type="stmt"/>
      <line num="973" count="0" type="cond" truecount="0" falsecount="5"/>
      <line num="978" count="0" type="stmt"/>
      <line num="980" count="0" type="stmt"/>
      <line num="982" count="0" type="cond" truecount="0" falsecount="2"/>
      <line num="983" count="0" type="stmt"/>
      <line num="985" count="0" type="stmt"/>
      <line num="986" count="0" type="cond" truecount="0" falsecount="2"/>
      <line num="987" count="0" type="stmt"/>
      <line num="989" count="0" type="stmt"/>
      <line num="991" count="0" type="stmt"/>
      <line num="992" count="0" type="stmt"/>
      <line num="997" count="0" type="stmt"/>
      <line num="998" count="0" type="cond" truecount="0" falsecount="2"/>
      <line num="999" count="0" type="cond" truecount="0" falsecount="2"/>
      <line num="1000" count="0" type="stmt"/>
      <line num="1002" count="0" type="stmt"/>
      <line num="1003" count="0" type="stmt"/>
      <line num="1006" count="0" type="cond" truecount="0" falsecount="2"/>
      <line num="1007" count="0" type="stmt"/>
      <line num="1015" count="0" type="cond" truecount="0" falsecount="4"/>
      <line num="1016" count="0" type="stmt"/>
      <line num="1017" count="0" type="stmt"/>
      <line num="1018" count="0" type="stmt"/>
      <line num="1019" count="0" type="stmt"/>
      <line num="1020" count="0" type="stmt"/>
      <line num="1027" count="0" type="cond" truecount="0" falsecount="2"/>
      <line num="1029" count="0" type="cond" truecount="0" falsecount="2"/>
      <line num="1030" count="0" type="stmt"/>
      <line num="1032" count="0" type="stmt"/>
      <line num="1035" count="0" type="cond" truecount="0" falsecount="2"/>
      <line num="1036" count="0" type="cond" truecount="0" falsecount="2"/>
      <line num="1037" count="0" type="cond" truecount="0" falsecount="2"/>
      <line num="1038" count="0" type="stmt"/>
      <line num="1039" count="0" type="cond" truecount="0" falsecount="2"/>
      <line num="1040" count="0" type="cond" truecount="0" falsecount="4"/>
      <line num="1041" count="0" type="stmt"/>
      <line num="1042" count="0" type="stmt"/>
      <line num="1043" count="0" type="cond" truecount="0" falsecount="4"/>
      <line num="1044" count="0" type="stmt"/>
      <line num="1045" count="0" type="stmt"/>
      <line num="1046" count="0" type="cond" truecount="0" falsecount="4"/>
      <line num="1047" count="0" type="stmt"/>
      <line num="1048" count="0" type="stmt"/>
      <line num="1052" count="0" type="cond" truecount="0" falsecount="2"/>
      <line num="1053" count="0" type="stmt"/>
      <line num="1054" count="0" type="cond" truecount="0" falsecount="2"/>
      <line num="1057" count="0" type="stmt"/>
      <line num="1060" count="0" type="stmt"/>
      <line num="1063" count="0" type="stmt"/>
      <line num="1068" count="0" type="stmt"/>
      <line num="1069" count="0" type="stmt"/>
      <line num="1070" count="0" type="stmt"/>
      <line num="1072" count="0" type="cond" truecount="0" falsecount="2"/>
      <line num="1075" count="0" type="stmt"/>
      <line num="1076" count="0" type="stmt"/>
      <line num="1077" count="0" type="cond" truecount="0" falsecount="2"/>
      <line num="1078" count="0" type="cond" truecount="0" falsecount="2"/>
      <line num="1080" count="0" type="stmt"/>
      <line num="1081" count="0" type="stmt"/>
      <line num="1087" count="0" type="cond" truecount="0" falsecount="2"/>
      <line num="1088" count="0" type="stmt"/>
      <line num="1091" count="0" type="stmt"/>
      <line num="1135" count="0" type="cond" truecount="0" falsecount="2"/>
      <line num="1136" count="0" type="cond" truecount="0" falsecount="2"/>
      <line num="1138" count="0" type="stmt"/>
      <line num="1139" count="0" type="stmt"/>
      <line num="1141" count="0" type="cond" truecount="0" falsecount="2"/>
      <line num="1142" count="0" type="stmt"/>
      <line num="1143" count="0" type="stmt"/>
      <line num="1144" count="0" type="stmt"/>
      <line num="1146" count="0" type="stmt"/>
      <line num="1151" count="0" type="stmt"/>
      <line num="1152" count="0" type="stmt"/>
      <line num="1153" count="0" type="stmt"/>
      <line num="1154" count="0" type="stmt"/>
      <line num="1156" count="0" type="cond" truecount="0" falsecount="4"/>
      <line num="1157" count="0" type="stmt"/>
      <line num="1159" count="0" type="cond" truecount="0" falsecount="2"/>
      <line num="1160" count="0" type="stmt"/>
      <line num="1162" count="0" type="stmt"/>
      <line num="1163" count="0" type="stmt"/>
      <line num="1165" count="0" type="cond" truecount="0" falsecount="2"/>
      <line num="1166" count="0" type="stmt"/>
      <line num="1171" count="0" type="stmt"/>
      <line num="1172" count="0" type="stmt"/>
      <line num="1174" count="0" type="stmt"/>
      <line num="1178" count="0" type="stmt"/>
      <line num="1179" count="0" type="cond" truecount="0" falsecount="2"/>
      <line num="1180" count="0" type="cond" truecount="0" falsecount="2"/>
      <line num="1181" count="0" type="stmt"/>
      <line num="1182" count="0" type="stmt"/>
      <line num="1183" count="0" type="stmt"/>
      <line num="1186" count="0" type="stmt"/>
      <line num="1187" count="0" type="cond" truecount="0" falsecount="2"/>
      <line num="1188" count="0" type="cond" truecount="0" falsecount="4"/>
      <line num="1189" count="0" type="stmt"/>
      <line num="1191" count="0" type="stmt"/>
      <line num="1192" count="0" type="stmt"/>
      <line num="1197" count="0" type="stmt"/>
      <line num="1198" count="0" type="cond" truecount="0" falsecount="4"/>
      <line num="1199" count="0" type="stmt"/>
      <line num="1201" count="0" type="cond" truecount="0" falsecount="4"/>
      <line num="1202" count="0" type="stmt"/>
      <line num="1204" count="0" type="stmt"/>
      <line num="1205" count="0" type="stmt"/>
      <line num="1206" count="0" type="cond" truecount="0" falsecount="2"/>
      <line num="1207" count="0" type="stmt"/>
      <line num="1208" count="0" type="stmt"/>
      <line num="1212" count="0" type="cond" truecount="0" falsecount="4"/>
      <line num="1213" count="0" type="stmt"/>
      <line num="1214" count="0" type="stmt"/>
      <line num="1215" count="0" type="cond" truecount="0" falsecount="2"/>
      <line num="1216" count="0" type="stmt"/>
      <line num="1217" count="0" type="stmt"/>
      <line num="1219" count="0" type="stmt"/>
      <line num="1220" count="0" type="stmt"/>
      <line num="1224" count="0" type="cond" truecount="0" falsecount="5"/>
      <line num="1226" count="0" type="stmt"/>
      <line num="1227" count="0" type="stmt"/>
      <line num="1229" count="0" type="stmt"/>
      <line num="1230" count="0" type="stmt"/>
      <line num="1232" count="0" type="stmt"/>
      <line num="1233" count="0" type="stmt"/>
      <line num="1235" count="0" type="stmt"/>
      <line num="1236" count="0" type="stmt"/>
      <line num="1238" count="0" type="stmt"/>
      <line num="1243" count="0" type="stmt"/>
      <line num="1244" count="0" type="cond" truecount="0" falsecount="2"/>
      <line num="1245" count="0" type="stmt"/>
      <line num="1246" count="0" type="stmt"/>
      <line num="1247" count="0" type="stmt"/>
      <line num="1251" count="0" type="stmt"/>
      <line num="1252" count="0" type="cond" truecount="0" falsecount="2"/>
      <line num="1253" count="0" type="stmt"/>
      <line num="1255" count="0" type="stmt"/>
      <line num="1256" count="0" type="stmt"/>
      <line num="1260" count="0" type="stmt"/>
      <line num="1261" count="0" type="cond" truecount="0" falsecount="2"/>
      <line num="1262" count="0" type="stmt"/>
      <line num="1263" count="0" type="stmt"/>
      <line num="1264" count="0" type="stmt"/>
      <line num="1265" count="0" type="stmt"/>
      <line num="1269" count="0" type="cond" truecount="0" falsecount="2"/>
      <line num="1270" count="0" type="cond" truecount="0" falsecount="2"/>
      <line num="1271" count="0" type="stmt"/>
      <line num="1272" count="0" type="cond" truecount="0" falsecount="2"/>
      <line num="1273" count="0" type="stmt"/>
      <line num="1275" count="0" type="stmt"/>
      <line num="1276" count="0" type="stmt"/>
      <line num="1278" count="0" type="stmt"/>
      <line num="1282" count="0" type="stmt"/>
      <line num="1283" count="0" type="cond" truecount="0" falsecount="2"/>
      <line num="1284" count="0" type="stmt"/>
      <line num="1285" count="0" type="stmt"/>
      <line num="1287" count="0" type="cond" truecount="0" falsecount="2"/>
      <line num="1288" count="0" type="stmt"/>
      <line num="1289" count="0" type="stmt"/>
      <line num="1291" count="0" type="stmt"/>
      <line num="1292" count="0" type="cond" truecount="0" falsecount="2"/>
      <line num="1293" count="0" type="stmt"/>
      <line num="1298" count="0" type="stmt"/>
      <line num="1299" count="0" type="cond" truecount="0" falsecount="2"/>
      <line num="1300" count="0" type="stmt"/>
      <line num="1301" count="0" type="stmt"/>
      <line num="1303" count="0" type="stmt"/>
      <line num="1304" count="0" type="stmt"/>
      <line num="1305" count="0" type="cond" truecount="0" falsecount="4"/>
      <line num="1306" count="0" type="stmt"/>
      <line num="1308" count="0" type="stmt"/>
      <line num="1312" count="0" type="cond" truecount="0" falsecount="2"/>
      <line num="1313" count="0" type="cond" truecount="0" falsecount="2"/>
      <line num="1314" count="0" type="cond" truecount="0" falsecount="2"/>
      <line num="1316" count="0" type="cond" truecount="0" falsecount="2"/>
      <line num="1320" count="0" type="stmt"/>
      <line num="1321" count="0" type="cond" truecount="0" falsecount="2"/>
      <line num="1322" count="0" type="stmt"/>
      <line num="1326" count="0" type="stmt"/>
      <line num="1330" count="0" type="stmt"/>
      <line num="1331" count="0" type="cond" truecount="0" falsecount="2"/>
      <line num="1332" count="0" type="stmt"/>
      <line num="1334" count="0" type="cond" truecount="0" falsecount="4"/>
      <line num="1335" count="0" type="stmt"/>
      <line num="1337" count="0" type="stmt"/>
      <line num="1341" count="2" type="cond" truecount="1" falsecount="1"/>
      <line num="1342" count="2" type="cond" truecount="1" falsecount="1"/>
      <line num="1343" count="2" type="cond" truecount="2" falsecount="0"/>
      <line num="1344" count="2" type="cond" truecount="2" falsecount="0"/>
      <line num="1345" count="2" type="cond" truecount="1" falsecount="1"/>
      <line num="1346" count="0" type="cond" truecount="0" falsecount="2"/>
      <line num="1347" count="0" type="stmt"/>
      <line num="1349" count="0" type="stmt"/>
      <line num="1351" count="2" type="cond" truecount="1" falsecount="1"/>
      <line num="1354" count="2" type="stmt"/>
      <line num="1355" count="2" type="cond" truecount="1" falsecount="1"/>
      <line num="1356" count="0" type="stmt"/>
      <line num="1358" count="2" type="stmt"/>
      <line num="1362" count="0" type="cond" truecount="0" falsecount="2"/>
      <line num="1363" count="0" type="stmt"/>
      <line num="1367" count="0" type="stmt"/>
      <line num="1371" count="0" type="cond" truecount="0" falsecount="2"/>
      <line num="1373" count="0" type="cond" truecount="0" falsecount="2"/>
      <line num="1378" count="0" type="stmt"/>
      <line num="1379" count="0" type="stmt"/>
      <line num="1380" count="0" type="cond" truecount="0" falsecount="2"/>
      <line num="1381" count="0" type="stmt"/>
      <line num="1382" count="0" type="cond" truecount="0" falsecount="2"/>
      <line num="1383" count="0" type="stmt"/>
      <line num="1385" count="0" type="stmt"/>
      <line num="1389" count="0" type="cond" truecount="0" falsecount="2"/>
      <line num="1390" count="0" type="stmt"/>
      <line num="1391" count="0" type="cond" truecount="0" falsecount="2"/>
      <line num="1392" count="0" type="stmt"/>
      <line num="1401" count="0" type="stmt"/>
      <line num="1402" count="0" type="stmt"/>
      <line num="1406" count="0" type="stmt"/>
      <line num="1410" count="0" type="cond" truecount="0" falsecount="5"/>
      <line num="1411" count="0" type="stmt"/>
      <line num="1413" count="0" type="cond" truecount="0" falsecount="2"/>
      <line num="1414" count="0" type="stmt"/>
      <line num="1415" count="0" type="stmt"/>
      <line num="1416" count="0" type="stmt"/>
      <line num="1417" count="0" type="stmt"/>
      <line num="1418" count="0" type="cond" truecount="0" falsecount="4"/>
      <line num="1419" count="0" type="cond" truecount="0" falsecount="2"/>
      <line num="1420" count="0" type="stmt"/>
      <line num="1421" count="0" type="cond" truecount="0" falsecount="2"/>
      <line num="1422" count="0" type="stmt"/>
      <line num="1423" count="0" type="cond" truecount="0" falsecount="2"/>
      <line num="1424" count="0" type="stmt"/>
      <line num="1427" count="0" type="stmt"/>
      <line num="1428" count="0" type="cond" truecount="0" falsecount="2"/>
      <line num="1431" count="0" type="stmt"/>
      <line num="1432" count="0" type="stmt"/>
      <line num="1433" count="0" type="stmt"/>
      <line num="1434" count="0" type="cond" truecount="0" falsecount="2"/>
      <line num="1435" count="0" type="stmt"/>
      <line num="1436" count="0" type="cond" truecount="0" falsecount="2"/>
      <line num="1437" count="0" type="cond" truecount="0" falsecount="2"/>
      <line num="1444" count="0" type="cond" truecount="0" falsecount="4"/>
      <line num="1445" count="0" type="stmt"/>
      <line num="1447" count="0" type="stmt"/>
      <line num="1448" count="0" type="stmt"/>
      <line num="1449" count="0" type="stmt"/>
      <line num="1450" count="0" type="stmt"/>
      <line num="1454" count="0" type="cond" truecount="0" falsecount="2"/>
      <line num="1455" count="0" type="stmt"/>
      <line num="1457" count="0" type="stmt"/>
      <line num="1467" count="0" type="cond" truecount="0" falsecount="2"/>
      <line num="1468" count="0" type="stmt"/>
      <line num="1472" count="0" type="cond" truecount="0" falsecount="2"/>
      <line num="1473" count="0" type="stmt"/>
      <line num="1483" count="0" type="cond" truecount="0" falsecount="2"/>
      <line num="1484" count="0" type="stmt"/>
      <line num="1485" count="0" type="stmt"/>
      <line num="1486" count="0" type="stmt"/>
      <line num="1487" count="0" type="cond" truecount="0" falsecount="2"/>
      <line num="1488" count="0" type="stmt"/>
      <line num="1489" count="0" type="cond" truecount="0" falsecount="4"/>
      <line num="1490" count="0" type="cond" truecount="0" falsecount="3"/>
      <line num="1491" count="0" type="stmt"/>
      <line num="1500" count="0" type="stmt"/>
      <line num="1513" count="0" type="cond" truecount="0" falsecount="2"/>
      <line num="1514" count="0" type="stmt"/>
      <line num="1517" count="0" type="stmt"/>
      <line num="1520" count="0" type="stmt"/>
      <line num="1524" count="0" type="cond" truecount="0" falsecount="2"/>
      <line num="1525" count="0" type="stmt"/>
      <line num="1526" count="0" type="stmt"/>
      <line num="1528" count="0" type="stmt"/>
      <line num="1529" count="0" type="stmt"/>
      <line num="1532" count="0" type="cond" truecount="0" falsecount="2"/>
      <line num="1533" count="0" type="cond" truecount="0" falsecount="2"/>
      <line num="1534" count="0" type="stmt"/>
      <line num="1535" count="0" type="stmt"/>
      <line num="1536" count="0" type="stmt"/>
      <line num="1538" count="0" type="cond" truecount="0" falsecount="2"/>
      <line num="1539" count="0" type="stmt"/>
      <line num="1540" count="0" type="stmt"/>
      <line num="1541" count="0" type="stmt"/>
      <line num="1542" count="0" type="cond" truecount="0" falsecount="4"/>
      <line num="1543" count="0" type="stmt"/>
      <line num="1547" count="0" type="stmt"/>
      <line num="1551" count="0" type="cond" truecount="0" falsecount="2"/>
      <line num="1552" count="0" type="cond" truecount="0" falsecount="2"/>
      <line num="1553" count="0" type="stmt"/>
      <line num="1554" count="0" type="stmt"/>
      <line num="1555" count="0" type="stmt"/>
      <line num="1556" count="0" type="cond" truecount="0" falsecount="2"/>
      <line num="1557" count="0" type="stmt"/>
      <line num="1558" count="0" type="cond" truecount="0" falsecount="2"/>
      <line num="1559" count="0" type="cond" truecount="0" falsecount="2"/>
      <line num="1560" count="0" type="stmt"/>
      <line num="1563" count="0" type="stmt"/>
      <line num="1564" count="0" type="stmt"/>
      <line num="1566" count="0" type="stmt"/>
      <line num="1567" count="0" type="stmt"/>
      <line num="1570" count="0" type="stmt"/>
      <line num="1574" count="0" type="cond" truecount="0" falsecount="2"/>
      <line num="1575" count="0" type="stmt"/>
      <line num="1576" count="0" type="cond" truecount="0" falsecount="2"/>
      <line num="1577" count="0" type="stmt"/>
      <line num="1578" count="0" type="stmt"/>
      <line num="1580" count="0" type="cond" truecount="0" falsecount="2"/>
      <line num="1581" count="0" type="cond" truecount="0" falsecount="4"/>
      <line num="1582" count="0" type="stmt"/>
      <line num="1583" count="0" type="stmt"/>
      <line num="1584" count="0" type="cond" truecount="0" falsecount="2"/>
      <line num="1585" count="0" type="stmt"/>
      <line num="1590" count="0" type="stmt"/>
      <line num="1591" count="0" type="cond" truecount="0" falsecount="2"/>
      <line num="1592" count="0" type="stmt"/>
      <line num="1594" count="0" type="stmt"/>
      <line num="1595" count="0" type="cond" truecount="0" falsecount="2"/>
      <line num="1596" count="0" type="stmt"/>
      <line num="1603" count="0" type="stmt"/>
      <line num="1605" count="0" type="cond" truecount="0" falsecount="2"/>
      <line num="1606" count="0" type="stmt"/>
      <line num="1608" count="0" type="stmt"/>
      <line num="1609" count="0" type="stmt"/>
      <line num="1610" count="0" type="stmt"/>
      <line num="1614" count="0" type="cond" truecount="0" falsecount="2"/>
      <line num="1615" count="0" type="stmt"/>
      <line num="1616" count="0" type="stmt"/>
      <line num="1619" count="0" type="cond" truecount="0" falsecount="2"/>
      <line num="1620" count="0" type="stmt"/>
      <line num="1621" count="0" type="stmt"/>
      <line num="1622" count="0" type="stmt"/>
      <line num="1625" count="0" type="stmt"/>
      <line num="1626" count="0" type="stmt"/>
      <line num="1627" count="0" type="stmt"/>
      <line num="1628" count="0" type="stmt"/>
      <line num="1630" count="0" type="cond" truecount="0" falsecount="2"/>
      <line num="1631" count="0" type="stmt"/>
      <line num="1632" count="0" type="stmt"/>
      <line num="1635" count="0" type="stmt"/>
      <line num="1637" count="0" type="cond" truecount="0" falsecount="2"/>
      <line num="1638" count="0" type="stmt"/>
      <line num="1639" count="0" type="stmt"/>
      <line num="1642" count="0" type="cond" truecount="0" falsecount="2"/>
      <line num="1644" count="0" type="cond" truecount="0" falsecount="3"/>
      <line num="1646" count="0" type="stmt"/>
      <line num="1647" count="0" type="stmt"/>
      <line num="1650" count="0" type="stmt"/>
      <line num="1651" count="0" type="cond" truecount="0" falsecount="4"/>
      <line num="1652" count="0" type="stmt"/>
      <line num="1656" count="0" type="stmt"/>
      <line num="1658" count="0" type="cond" truecount="0" falsecount="4"/>
      <line num="1659" count="0" type="stmt"/>
      <line num="1663" count="0" type="stmt"/>
      <line num="1665" count="0" type="cond" truecount="0" falsecount="4"/>
      <line num="1666" count="0" type="stmt"/>
      <line num="1670" count="0" type="stmt"/>
      <line num="1675" count="0" type="cond" truecount="0" falsecount="4"/>
      <line num="1676" count="0" type="cond" truecount="0" falsecount="2"/>
      <line num="1677" count="0" type="stmt"/>
      <line num="1678" count="0" type="stmt"/>
      <line num="1682" count="0" type="cond" truecount="0" falsecount="4"/>
      <line num="1683" count="0" type="stmt"/>
      <line num="1684" count="0" type="stmt"/>
      <line num="1685" count="0" type="stmt"/>
      <line num="1686" count="0" type="cond" truecount="0" falsecount="4"/>
      <line num="1687" count="0" type="stmt"/>
      <line num="1691" count="0" type="stmt"/>
      <line num="1692" count="0" type="stmt"/>
      <line num="1693" count="0" type="stmt"/>
      <line num="1695" count="0" type="stmt"/>
      <line num="1703" count="0" type="cond" truecount="0" falsecount="4"/>
      <line num="1705" count="0" type="stmt"/>
      <line num="1706" count="0" type="stmt"/>
      <line num="1707" count="0" type="stmt"/>
      <line num="1708" count="0" type="stmt"/>
      <line num="1709" count="0" type="stmt"/>
      <line num="1713" count="0" type="cond" truecount="0" falsecount="2"/>
      <line num="1714" count="0" type="stmt"/>
      <line num="1715" count="0" type="cond" truecount="0" falsecount="2"/>
      <line num="1717" count="0" type="cond" truecount="0" falsecount="2"/>
      <line num="1718" count="0" type="stmt"/>
      <line num="1719" count="0" type="stmt"/>
      <line num="1722" count="0" type="stmt"/>
      <line num="1723" count="0" type="cond" truecount="0" falsecount="4"/>
      <line num="1724" count="0" type="stmt"/>
      <line num="1725" count="0" type="stmt"/>
      <line num="1729" count="0" type="cond" truecount="0" falsecount="3"/>
      <line num="1730" count="0" type="stmt"/>
      <line num="1732" count="0" type="cond" truecount="0" falsecount="3"/>
      <line num="1735" count="0" type="cond" truecount="0" falsecount="2"/>
      <line num="1736" count="0" type="stmt"/>
      <line num="1737" count="0" type="stmt"/>
      <line num="1740" count="0" type="stmt"/>
      <line num="1741" count="0" type="stmt"/>
      <line num="1742" count="0" type="stmt"/>
      <line num="1744" count="0" type="stmt"/>
      <line num="1752" count="0" type="stmt"/>
      <line num="1753" count="0" type="stmt"/>
      <line num="1754" count="0" type="stmt"/>
      <line num="1755" count="0" type="stmt"/>
      <line num="1756" count="0" type="stmt"/>
      <line num="1757" count="0" type="stmt"/>
      <line num="1758" count="0" type="stmt"/>
      <line num="1759" count="0" type="stmt"/>
      <line num="1760" count="0" type="stmt"/>
      <line num="1761" count="0" type="stmt"/>
      <line num="1762" count="0" type="stmt"/>
      <line num="1763" count="0" type="stmt"/>
      <line num="1764" count="0" type="stmt"/>
      <line num="1765" count="0" type="stmt"/>
      <line num="1766" count="0" type="stmt"/>
      <line num="1767" count="0" type="stmt"/>
      <line num="1771" count="0" type="stmt"/>
      <line num="1772" count="0" type="stmt"/>
      <line num="1773" count="0" type="cond" truecount="0" falsecount="2"/>
      <line num="1774" count="0" type="cond" truecount="0" falsecount="2"/>
      <line num="1775" count="0" type="stmt"/>
      <line num="1777" count="0" type="cond" truecount="0" falsecount="2"/>
      <line num="1778" count="0" type="stmt"/>
      <line num="1780" count="0" type="stmt"/>
      <line num="1781" count="0" type="stmt"/>
      <line num="1782" count="0" type="stmt"/>
      <line num="1783" count="0" type="stmt"/>
      <line num="1784" count="0" type="stmt"/>
      <line num="1785" count="0" type="stmt"/>
      <line num="1789" count="0" type="cond" truecount="0" falsecount="4"/>
      <line num="1790" count="0" type="stmt"/>
      <line num="1791" count="0" type="cond" truecount="0" falsecount="2"/>
      <line num="1792" count="0" type="stmt"/>
      <line num="1793" count="0" type="stmt"/>
      <line num="1794" count="0" type="stmt"/>
      <line num="1795" count="0" type="stmt"/>
      <line num="1796" count="0" type="stmt"/>
      <line num="1797" count="0" type="stmt"/>
      <line num="1798" count="0" type="stmt"/>
      <line num="1802" count="0" type="cond" truecount="0" falsecount="2"/>
      <line num="1803" count="0" type="stmt"/>
      <line num="1804" count="0" type="stmt"/>
      <line num="1809" count="0" type="cond" truecount="0" falsecount="2"/>
      <line num="1810" count="0" type="stmt"/>
      <line num="1811" count="0" type="stmt"/>
      <line num="1812" count="0" type="stmt"/>
      <line num="1813" count="0" type="stmt"/>
      <line num="1814" count="0" type="cond" truecount="0" falsecount="2"/>
      <line num="1815" count="0" type="stmt"/>
      <line num="1816" count="0" type="stmt"/>
      <line num="1818" count="0" type="stmt"/>
      <line num="1819" count="0" type="stmt"/>
      <line num="1821" count="0" type="stmt"/>
      <line num="1822" count="0" type="stmt"/>
      <line num="1823" count="0" type="cond" truecount="0" falsecount="2"/>
      <line num="1824" count="0" type="stmt"/>
      <line num="1826" count="0" type="stmt"/>
      <line num="1827" count="0" type="stmt"/>
      <line num="1828" count="0" type="stmt"/>
      <line num="1829" count="0" type="stmt"/>
      <line num="1833" count="0" type="cond" truecount="0" falsecount="2"/>
      <line num="1834" count="0" type="stmt"/>
      <line num="1838" count="0" type="stmt"/>
      <line num="1839" count="0" type="stmt"/>
      <line num="1840" count="0" type="stmt"/>
      <line num="1841" count="0" type="stmt"/>
      <line num="1842" count="0" type="stmt"/>
      <line num="1843" count="0" type="cond" truecount="0" falsecount="2"/>
      <line num="1844" count="0" type="stmt"/>
      <line num="1845" count="0" type="cond" truecount="0" falsecount="4"/>
      <line num="1846" count="0" type="stmt"/>
      <line num="1847" count="0" type="stmt"/>
      <line num="1848" count="0" type="stmt"/>
      <line num="1849" count="0" type="stmt"/>
      <line num="1850" count="0" type="stmt"/>
      <line num="1851" count="0" type="stmt"/>
      <line num="1853" count="0" type="stmt"/>
      <line num="1854" count="0" type="stmt"/>
      <line num="1855" count="0" type="stmt"/>
      <line num="1856" count="0" type="stmt"/>
      <line num="1857" count="0" type="stmt"/>
      <line num="1858" count="0" type="stmt"/>
      <line num="1866" count="0" type="stmt"/>
      <line num="1869" count="0" type="stmt"/>
      <line num="1876" count="0" type="stmt"/>
      <line num="1880" count="0" type="cond" truecount="0" falsecount="2"/>
      <line num="1881" count="0" type="cond" truecount="0" falsecount="2"/>
      <line num="1882" count="0" type="stmt"/>
      <line num="1888" count="0" type="stmt"/>
      <line num="1893" count="0" type="cond" truecount="0" falsecount="4"/>
      <line num="1894" count="0" type="cond" truecount="0" falsecount="2"/>
      <line num="1895" count="0" type="stmt"/>
      <line num="1896" count="0" type="stmt"/>
      <line num="1897" count="0" type="stmt"/>
      <line num="1899" count="0" type="stmt"/>
      <line num="1902" count="0" type="stmt"/>
      <line num="1903" count="0" type="stmt"/>
      <line num="1904" count="0" type="stmt"/>
      <line num="1905" count="0" type="stmt"/>
      <line num="1906" count="0" type="stmt"/>
      <line num="1908" count="0" type="stmt"/>
      <line num="1909" count="0" type="cond" truecount="0" falsecount="2"/>
      <line num="1910" count="0" type="stmt"/>
      <line num="1911" count="0" type="stmt"/>
      <line num="1912" count="0" type="stmt"/>
      <line num="1918" count="0" type="cond" truecount="0" falsecount="2"/>
      <line num="1919" count="0" type="stmt"/>
      <line num="1920" count="0" type="cond" truecount="0" falsecount="2"/>
      <line num="1921" count="0" type="cond" truecount="0" falsecount="2"/>
      <line num="1922" count="0" type="stmt"/>
      <line num="1923" count="0" type="cond" truecount="0" falsecount="4"/>
      <line num="1924" count="0" type="stmt"/>
      <line num="1925" count="0" type="cond" truecount="0" falsecount="4"/>
      <line num="1928" count="0" type="stmt"/>
      <line num="1952" count="0" type="stmt"/>
      <line num="2025" count="0" type="stmt"/>
      <line num="2026" count="0" type="stmt"/>
      <line num="2030" count="0" type="cond" truecount="0" falsecount="2"/>
      <line num="2031" count="0" type="cond" truecount="0" falsecount="2"/>
      <line num="2032" count="0" type="stmt"/>
      <line num="2034" count="0" type="stmt"/>
      <line num="2036" count="0" type="stmt"/>
      <line num="2037" count="0" type="stmt"/>
      <line num="2039" count="0" type="stmt"/>
      <line num="2047" count="0" type="stmt"/>
      <line num="2054" count="0" type="stmt"/>
      <line num="2055" count="0" type="cond" truecount="0" falsecount="4"/>
      <line num="2056" count="0" type="cond" truecount="0" falsecount="2"/>
      <line num="2057" count="0" type="stmt"/>
      <line num="2058" count="0" type="stmt"/>
      <line num="2061" count="0" type="stmt"/>
      <line num="2063" count="0" type="cond" truecount="0" falsecount="3"/>
      <line num="2064" count="0" type="cond" truecount="0" falsecount="2"/>
      <line num="2066" count="0" type="cond" truecount="0" falsecount="4"/>
      <line num="2067" count="0" type="stmt"/>
      <line num="2068" count="0" type="stmt"/>
      <line num="2071" count="0" type="cond" truecount="0" falsecount="2"/>
      <line num="2072" count="0" type="stmt"/>
      <line num="2074" count="0" type="stmt"/>
      <line num="2076" count="0" type="stmt"/>
      <line num="2077" count="0" type="stmt"/>
      <line num="2101" count="0" type="stmt"/>
      <line num="2102" count="0" type="stmt"/>
      <line num="2105" count="0" type="stmt"/>
      <line num="2106" count="0" type="stmt"/>
      <line num="2110" count="0" type="cond" truecount="0" falsecount="5"/>
      <line num="2111" count="0" type="cond" truecount="0" falsecount="2"/>
      <line num="2112" count="0" type="cond" truecount="0" falsecount="2"/>
      <line num="2113" count="0" type="stmt"/>
      <line num="2114" count="0" type="stmt"/>
      <line num="2115" count="0" type="stmt"/>
      <line num="2116" count="0" type="stmt"/>
      <line num="2117" count="0" type="stmt"/>
      <line num="2119" count="0" type="cond" truecount="0" falsecount="2"/>
      <line num="2120" count="0" type="stmt"/>
      <line num="2122" count="0" type="cond" truecount="0" falsecount="2"/>
      <line num="2123" count="0" type="stmt"/>
      <line num="2126" count="0" type="stmt"/>
      <line num="2127" count="0" type="stmt"/>
      <line num="2129" count="0" type="stmt"/>
      <line num="2133" count="0" type="cond" truecount="0" falsecount="5"/>
      <line num="2134" count="0" type="stmt"/>
      <line num="2136" count="0" type="stmt"/>
      <line num="2140" count="0" type="stmt"/>
      <line num="2150" count="0" type="stmt"/>
      <line num="2151" count="0" type="stmt"/>
      <line num="2155" count="0" type="stmt"/>
      <line num="2156" count="0" type="cond" truecount="0" falsecount="2"/>
      <line num="2158" count="0" type="stmt"/>
      <line num="2159" count="0" type="stmt"/>
      <line num="2160" count="0" type="stmt"/>
      <line num="2163" count="0" type="stmt"/>
      <line num="2164" count="0" type="stmt"/>
      <line num="2165" count="0" type="stmt"/>
      <line num="2166" count="0" type="cond" truecount="0" falsecount="2"/>
      <line num="2167" count="0" type="stmt"/>
      <line num="2169" count="0" type="stmt"/>
      <line num="2171" count="0" type="cond" truecount="0" falsecount="2"/>
      <line num="2172" count="0" type="stmt"/>
      <line num="2175" count="0" type="stmt"/>
      <line num="2176" count="0" type="cond" truecount="0" falsecount="2"/>
      <line num="2178" count="0" type="stmt"/>
      <line num="2179" count="0" type="stmt"/>
      <line num="2189" count="0" type="stmt"/>
      <line num="2197" count="0" type="stmt"/>
      <line num="2201" count="0" type="stmt"/>
      <line num="2202" count="0" type="cond" truecount="0" falsecount="4"/>
      <line num="2203" count="0" type="cond" truecount="0" falsecount="2"/>
      <line num="2205" count="0" type="cond" truecount="0" falsecount="1"/>
      <line num="2206" count="0" type="cond" truecount="0" falsecount="4"/>
      <line num="2207" count="0" type="stmt"/>
      <line num="2208" count="0" type="cond" truecount="0" falsecount="2"/>
      <line num="2211" count="0" type="stmt"/>
      <line num="2212" count="0" type="cond" truecount="0" falsecount="2"/>
      <line num="2213" count="0" type="stmt"/>
      <line num="2216" count="0" type="stmt"/>
      <line num="2217" count="0" type="stmt"/>
      <line num="2218" count="0" type="stmt"/>
      <line num="2219" count="0" type="stmt"/>
      <line num="2220" count="0" type="stmt"/>
      <line num="2221" count="0" type="stmt"/>
      <line num="2222" count="0" type="stmt"/>
      <line num="2224" count="0" type="cond" truecount="0" falsecount="4"/>
      <line num="2225" count="0" type="stmt"/>
      <line num="2232" count="0" type="cond" truecount="0" falsecount="4"/>
      <line num="2233" count="0" type="stmt"/>
      <line num="2242" count="0" type="cond" truecount="0" falsecount="4"/>
      <line num="2243" count="0" type="stmt"/>
      <line num="2252" count="0" type="cond" truecount="0" falsecount="4"/>
      <line num="2253" count="0" type="stmt"/>
      <line num="2262" count="0" type="cond" truecount="0" falsecount="5"/>
      <line num="2263" count="0" type="stmt"/>
      <line num="2272" count="0" type="cond" truecount="0" falsecount="2"/>
      <line num="2273" count="0" type="stmt"/>
      <line num="2283" count="0" type="stmt"/>
      <line num="2287" count="0" type="stmt"/>
      <line num="2288" count="0" type="cond" truecount="0" falsecount="2"/>
      <line num="2290" count="0" type="cond" truecount="0" falsecount="2"/>
      <line num="2291" count="0" type="stmt"/>
      <line num="2298" count="0" type="stmt"/>
      <line num="2301" count="0" type="stmt"/>
      <line num="2303" count="0" type="stmt"/>
      <line num="2318" count="0" type="stmt"/>
      <line num="2325" count="0" type="cond" truecount="0" falsecount="2"/>
      <line num="2326" count="0" type="stmt"/>
      <line num="2327" count="0" type="stmt"/>
      <line num="2341" count="2" type="stmt"/>
      <line num="2342" count="2" type="stmt"/>
      <line num="2343" count="2" type="stmt"/>
      <line num="2347" count="0" type="stmt"/>
      <line num="2348" count="0" type="cond" truecount="0" falsecount="2"/>
      <line num="2350" count="0" type="stmt"/>
      <line num="2353" count="0" type="stmt"/>
      <line num="2354" count="0" type="stmt"/>
      <line num="2355" count="0" type="stmt"/>
      <line num="2356" count="0" type="cond" truecount="0" falsecount="4"/>
      <line num="2357" count="0" type="stmt"/>
      <line num="2360" count="0" type="stmt"/>
      <line num="2361" count="0" type="stmt"/>
      <line num="2362" count="0" type="stmt"/>
      <line num="2363" count="0" type="stmt"/>
      <line num="2365" count="0" type="stmt"/>
      <line num="2366" count="0" type="stmt"/>
      <line num="2368" count="0" type="stmt"/>
      <line num="2372" count="0" type="cond" truecount="0" falsecount="2"/>
      <line num="2373" count="0" type="stmt"/>
      <line num="2374" count="0" type="stmt"/>
      <line num="2377" count="0" type="stmt"/>
      <line num="2378" count="0" type="stmt"/>
      <line num="2382" count="0" type="cond" truecount="0" falsecount="2"/>
      <line num="2384" count="0" type="stmt"/>
      <line num="2385" count="0" type="stmt"/>
      <line num="2395" count="0" type="stmt"/>
      <line num="2396" count="0" type="cond" truecount="0" falsecount="2"/>
      <line num="2398" count="0" type="cond" truecount="0" falsecount="2"/>
      <line num="2399" count="0" type="cond" truecount="0" falsecount="2"/>
      <line num="2400" count="0" type="stmt"/>
      <line num="2406" count="0" type="stmt"/>
      <line num="2409" count="0" type="stmt"/>
      <line num="2410" count="0" type="cond" truecount="0" falsecount="2"/>
      <line num="2413" count="0" type="stmt"/>
      <line num="2414" count="0" type="stmt"/>
      <line num="2419" count="0" type="stmt"/>
      <line num="2420" count="0" type="cond" truecount="0" falsecount="2"/>
      <line num="2422" count="0" type="cond" truecount="0" falsecount="2"/>
      <line num="2423" count="0" type="stmt"/>
      <line num="2427" count="0" type="stmt"/>
      <line num="2430" count="0" type="cond" truecount="0" falsecount="2"/>
      <line num="2431" count="0" type="stmt"/>
      <line num="2434" count="0" type="stmt"/>
      <line num="2441" count="0" type="stmt"/>
      <line num="2450" count="0" type="stmt"/>
      <line num="2460" count="0" type="cond" truecount="0" falsecount="2"/>
      <line num="2483" count="0" type="stmt"/>
      <line num="2495" count="0" type="stmt"/>
      <line num="2496" count="0" type="stmt"/>
      <line num="2497" count="0" type="stmt"/>
      <line num="2502" count="0" type="stmt"/>
      <line num="2503" count="0" type="stmt"/>
      <line num="2504" count="0" type="stmt"/>
      <line num="2505" count="0" type="stmt"/>
      <line num="2512" count="0" type="cond" truecount="0" falsecount="2"/>
      <line num="2513" count="0" type="cond" truecount="0" falsecount="2"/>
      <line num="2514" count="0" type="cond" truecount="0" falsecount="2"/>
      <line num="2515" count="0" type="cond" truecount="0" falsecount="2"/>
      <line num="2517" count="0" type="stmt"/>
      <line num="2518" count="0" type="stmt"/>
      <line num="2519" count="0" type="stmt"/>
      <line num="2520" count="0" type="stmt"/>
      <line num="2522" count="0" type="cond" truecount="0" falsecount="4"/>
      <line num="2525" count="0" type="stmt"/>
      <line num="2541" count="0" type="stmt"/>
      <line num="2542" count="0" type="stmt"/>
      <line num="2543" count="0" type="stmt"/>
      <line num="2544" count="0" type="cond" truecount="0" falsecount="4"/>
      <line num="2547" count="0" type="stmt"/>
      <line num="2548" count="0" type="cond" truecount="0" falsecount="4"/>
      <line num="2551" count="0" type="stmt"/>
      <line num="2553" count="0" type="cond" truecount="0" falsecount="8"/>
      <line num="2557" count="0" type="stmt"/>
      <line num="2558" count="0" type="cond" truecount="0" falsecount="2"/>
      <line num="2559" count="0" type="cond" truecount="0" falsecount="2"/>
      <line num="2560" count="0" type="stmt"/>
      <line num="2563" count="0" type="stmt"/>
      <line num="2566" count="0" type="cond" truecount="0" falsecount="2"/>
      <line num="2574" count="1" type="cond" truecount="3" falsecount="1"/>
      <line num="2575" count="0" type="stmt"/>
      <line num="2577" count="1" type="stmt"/>
      <line num="2579" count="39" type="stmt"/>
      <line num="2580" count="1" type="stmt"/>
      <line num="2581" count="1" type="stmt"/>
      <line num="2582" count="1" type="stmt"/>
      <line num="2583" count="1" type="stmt"/>
      <line num="2587" count="2" type="stmt"/>
      <line num="2588" count="2" type="stmt"/>
      <line num="2589" count="50" type="cond" truecount="1" falsecount="1"/>
      <line num="2590" count="50" type="stmt"/>
      <line num="2591" count="50" type="cond" truecount="2" falsecount="0"/>
      <line num="2592" count="4" type="stmt"/>
      <line num="2601" count="50" type="stmt"/>
      <line num="2602" count="50" type="cond" truecount="1" falsecount="1"/>
      <line num="2603" count="50" type="stmt"/>
      <line num="2604" count="50" type="stmt"/>
      <line num="2606" count="50" type="cond" truecount="1" falsecount="1"/>
      <line num="2607" count="50" type="stmt"/>
      <line num="2608" count="50" type="stmt"/>
      <line num="2610" count="50" type="cond" truecount="1" falsecount="1"/>
      <line num="2611" count="50" type="stmt"/>
      <line num="2615" count="2" type="stmt"/>
      <line num="2617" count="4" type="stmt"/>
      <line num="2618" count="4" type="cond" truecount="1" falsecount="1"/>
      <line num="2624" count="4" type="cond" truecount="1" falsecount="1"/>
      <line num="2625" count="4" type="cond" truecount="1" falsecount="1"/>
      <line num="2627" count="4" type="cond" truecount="3" falsecount="1"/>
      <line num="2628" count="4" type="stmt"/>
      <line num="2638" count="2" type="stmt"/>
      <line num="2642" count="0" type="stmt"/>
      <line num="2643" count="0" type="cond" truecount="0" falsecount="2"/>
      <line num="2644" count="0" type="stmt"/>
      <line num="2646" count="0" type="stmt"/>
      <line num="2662" count="0" type="stmt"/>
      <line num="2674" count="0" type="stmt"/>
      <line num="2675" count="0" type="cond" truecount="0" falsecount="2"/>
      <line num="2676" count="0" type="stmt"/>
      <line num="2677" count="0" type="stmt"/>
      <line num="2679" count="0" type="stmt"/>
      <line num="2681" count="0" type="stmt"/>
      <line num="2693" count="0" type="stmt"/>
      <line num="2706" count="0" type="stmt"/>
      <line num="2707" count="0" type="stmt"/>
      <line num="2709" count="0" type="cond" truecount="0" falsecount="2"/>
      <line num="2711" count="0" type="cond" truecount="0" falsecount="2"/>
      <line num="2712" count="0" type="stmt"/>
      <line num="2714" count="0" type="stmt"/>
      <line num="2715" count="0" type="stmt"/>
      <line num="2716" count="0" type="stmt"/>
      <line num="2717" count="0" type="stmt"/>
      <line num="2718" count="0" type="stmt"/>
      <line num="2719" count="0" type="stmt"/>
      <line num="2721" count="0" type="stmt"/>
      <line num="2723" count="0" type="cond" truecount="0" falsecount="2"/>
      <line num="2726" count="0" type="stmt"/>
      <line num="2727" count="0" type="stmt"/>
      <line num="2730" count="0" type="stmt"/>
      <line num="2738" count="0" type="cond" truecount="0" falsecount="4"/>
      <line num="2739" count="0" type="stmt"/>
      <line num="2740" count="0" type="stmt"/>
      <line num="2741" count="0" type="cond" truecount="0" falsecount="4"/>
      <line num="2742" count="0" type="stmt"/>
      <line num="2746" count="0" type="cond" truecount="0" falsecount="1"/>
      <line num="2747" count="0" type="cond" truecount="0" falsecount="2"/>
      <line num="2748" count="0" type="stmt"/>
      <line num="2749" count="0" type="cond" truecount="0" falsecount="2"/>
      <line num="2750" count="0" type="cond" truecount="0" falsecount="4"/>
      <line num="2751" count="0" type="cond" truecount="0" falsecount="2"/>
      <line num="2756" count="0" type="cond" truecount="0" falsecount="2"/>
      <line num="2757" count="0" type="cond" truecount="0" falsecount="4"/>
      <line num="2759" count="0" type="stmt"/>
      <line num="2796" count="0" type="cond" truecount="0" falsecount="2"/>
      <line num="2797" count="0" type="cond" truecount="0" falsecount="2"/>
      <line num="2798" count="0" type="cond" truecount="0" falsecount="2"/>
      <line num="2799" count="0" type="cond" truecount="0" falsecount="2"/>
      <line num="2801" count="0" type="stmt"/>
      <line num="2803" count="0" type="stmt"/>
      <line num="2804" count="0" type="cond" truecount="0" falsecount="2"/>
      <line num="2805" count="0" type="cond" truecount="0" falsecount="2"/>
      <line num="2806" count="0" type="cond" truecount="0" falsecount="2"/>
      <line num="2807" count="0" type="stmt"/>
      <line num="2823" count="0" type="stmt"/>
      <line num="2844" count="0" type="cond" truecount="0" falsecount="2"/>
      <line num="2845" count="0" type="stmt"/>
      <line num="2849" count="0" type="stmt"/>
      <line num="2850" count="0" type="cond" truecount="0" falsecount="2"/>
      <line num="2854" count="0" type="cond" truecount="0" falsecount="2"/>
      <line num="2855" count="0" type="stmt"/>
      <line num="2868" count="0" type="stmt"/>
      <line num="2869" count="0" type="stmt"/>
      <line num="2870" count="0" type="cond" truecount="0" falsecount="2"/>
      <line num="2871" count="0" type="cond" truecount="0" falsecount="2"/>
      <line num="2872" count="0" type="stmt"/>
      <line num="2877" count="0" type="stmt"/>
      <line num="2878" count="0" type="stmt"/>
      <line num="2882" count="0" type="stmt"/>
      <line num="2883" count="0" type="stmt"/>
      <line num="2888" count="0" type="stmt"/>
      <line num="2889" count="0" type="stmt"/>
      <line num="2894" count="0" type="stmt"/>
      <line num="2899" count="0" type="cond" truecount="0" falsecount="2"/>
      <line num="2900" count="0" type="stmt"/>
      <line num="2901" count="0" type="cond" truecount="0" falsecount="2"/>
      <line num="2902" count="0" type="stmt"/>
      <line num="2904" count="0" type="stmt"/>
      <line num="2908" count="0" type="stmt"/>
      <line num="2909" count="0" type="stmt"/>
      <line num="2919" count="0" type="stmt"/>
      <line num="2931" count="0" type="stmt"/>
      <line num="2932" count="0" type="cond" truecount="0" falsecount="2"/>
      <line num="2934" count="0" type="stmt"/>
      <line num="2935" count="0" type="stmt"/>
      <line num="2936" count="0" type="cond" truecount="0" falsecount="2"/>
      <line num="2939" count="0" type="cond" truecount="0" falsecount="2"/>
      <line num="2942" count="0" type="cond" truecount="0" falsecount="2"/>
      <line num="2943" count="0" type="stmt"/>
      <line num="2980" count="0" type="stmt"/>
      <line num="2982" count="0" type="cond" truecount="0" falsecount="2"/>
      <line num="2983" count="0" type="stmt"/>
      <line num="2984" count="0" type="stmt"/>
      <line num="2985" count="0" type="stmt"/>
      <line num="2986" count="0" type="stmt"/>
      <line num="2990" count="0" type="stmt"/>
      <line num="2991" count="0" type="cond" truecount="0" falsecount="2"/>
      <line num="2992" count="0" type="stmt"/>
      <line num="2993" count="0" type="stmt"/>
      <line num="2996" count="0" type="stmt"/>
      <line num="2997" count="0" type="stmt"/>
      <line num="2998" count="0" type="stmt"/>
      <line num="2999" count="0" type="stmt"/>
      <line num="3000" count="0" type="stmt"/>
      <line num="3001" count="0" type="stmt"/>
      <line num="3009" count="2" type="stmt"/>
      <line num="3011" count="2" type="cond" truecount="1" falsecount="1"/>
      <line num="3012" count="2" type="stmt"/>
      <line num="3013" count="2" type="stmt"/>
      <line num="3014" count="2" type="stmt"/>
      <line num="3015" count="2" type="stmt"/>
      <line num="3016" count="2" type="stmt"/>
      <line num="3019" count="2" type="cond" truecount="3" falsecount="1"/>
      <line num="3020" count="2" type="stmt"/>
      <line num="3028" count="2" type="stmt"/>
      <line num="3029" count="0" type="stmt"/>
      <line num="3030" count="0" type="cond" truecount="0" falsecount="2"/>
      <line num="3031" count="0" type="cond" truecount="0" falsecount="2"/>
      <line num="3033" count="0" type="stmt"/>
    </file>
  </project>
</coverage>
