<?xml version="1.0" encoding="UTF-8"?>
<coverage generated="1763460839632" clover="3.2.0">
  <project timestamp="1763460839632" name="All files">
    <metrics statements="1176" coveredstatements="43" conditionals="921" coveredconditionals="18" methods="200" coveredmethods="9" elements="2297" coveredelements="70" complexity="0" loc="1176" ncloc="1176" packages="1" files="1" classes="1"/>
    <file name="features.js" path="C:\Users\WinkelFe\Downloads\wetter-app-main\wetter-app-main\src\features.js">
      <metrics statements="1176" coveredstatements="43" conditionals="921" coveredconditionals="18" methods="200" coveredmethods="9"/>
      <line num="27" count="3" type="cond" truecount="1" falsecount="1"/>
      <line num="28" count="3" type="stmt"/>
      <line num="35" count="0" type="stmt"/>
      <line num="42" count="2" type="stmt"/>
      <line num="51" count="0" type="stmt"/>
      <line num="52" count="0" type="stmt"/>
      <line num="53" count="0" type="stmt"/>
      <line num="54" count="0" type="stmt"/>
      <line num="55" count="0" type="stmt"/>
      <line num="56" count="0" type="stmt"/>
      <line num="57" count="0" type="stmt"/>
      <line num="58" count="0" type="stmt"/>
      <line num="59" count="0" type="stmt"/>
      <line num="60" count="0" type="stmt"/>
      <line num="61" count="0" type="stmt"/>
      <line num="62" count="0" type="stmt"/>
      <line num="63" count="0" type="stmt"/>
      <line num="64" count="0" type="stmt"/>
      <line num="65" count="0" type="stmt"/>
      <line num="66" count="0" type="stmt"/>
      <line num="67" count="0" type="stmt"/>
      <line num="68" count="0" type="stmt"/>
      <line num="69" count="0" type="stmt"/>
      <line num="70" count="0" type="stmt"/>
      <line num="71" count="0" type="stmt"/>
      <line num="72" count="0" type="stmt"/>
      <line num="73" count="0" type="stmt"/>
      <line num="74" count="0" type="stmt"/>
      <line num="75" count="0" type="stmt"/>
      <line num="76" count="0" type="stmt"/>
      <line num="77" count="0" type="stmt"/>
      <line num="78" count="0" type="stmt"/>
      <line num="79" count="0" type="stmt"/>
      <line num="80" count="0" type="stmt"/>
      <line num="81" count="0" type="stmt"/>
      <line num="82" count="0" type="stmt"/>
      <line num="83" count="0" type="stmt"/>
      <line num="84" count="0" type="stmt"/>
      <line num="85" count="0" type="stmt"/>
      <line num="86" count="0" type="stmt"/>
      <line num="87" count="0" type="stmt"/>
      <line num="88" count="0" type="stmt"/>
      <line num="89" count="0" type="stmt"/>
      <line num="90" count="0" type="stmt"/>
      <line num="91" count="0" type="stmt"/>
      <line num="92" count="0" type="stmt"/>
      <line num="93" count="0" type="stmt"/>
      <line num="94" count="0" type="stmt"/>
      <line num="98" count="0" type="stmt"/>
      <line num="99" count="0" type="cond" truecount="0" falsecount="2"/>
      <line num="100" count="0" type="stmt"/>
      <line num="101" count="0" type="stmt"/>
      <line num="104" count="0" type="cond" truecount="0" falsecount="2"/>
      <line num="105" count="0" type="stmt"/>
      <line num="107" count="0" type="stmt"/>
      <line num="110" count="0" type="stmt"/>
      <line num="111" count="0" type="stmt"/>
      <line num="112" count="0" type="stmt"/>
      <line num="114" count="0" type="cond" truecount="0" falsecount="2"/>
      <line num="115" count="0" type="stmt"/>
      <line num="116" count="0" type="stmt"/>
      <line num="117" count="0" type="stmt"/>
      <line num="118" count="0" type="stmt"/>
      <line num="119" count="0" type="stmt"/>
      <line num="122" count="0" type="stmt"/>
      <line num="123" count="0" type="stmt"/>
      <line num="124" count="0" type="stmt"/>
      <line num="128" count="0" type="stmt"/>
      <line num="135" count="0" type="stmt"/>
      <line num="142" count="0" type="stmt"/>
      <line num="143" count="0" type="cond" truecount="0" falsecount="4"/>
      <line num="144" count="0" type="stmt"/>
      <line num="146" count="0" type="stmt"/>
      <line num="150" count="0" type="cond" truecount="0" falsecount="2"/>
      <line num="152" count="0" type="cond" truecount="0" falsecount="2"/>
      <line num="153" count="0" type="stmt"/>
      <line num="154" count="0" type="cond" truecount="0" falsecount="2"/>
      <line num="156" count="0" type="stmt"/>
      <line num="157" count="0" type="cond" truecount="0" falsecount="2"/>
      <line num="162" count="0" type="stmt"/>
      <line num="222" count="0" type="stmt"/>
      <line num="337" count="0" type="cond" truecount="0" falsecount="2"/>
      <line num="339" count="0" type="stmt"/>
      <line num="340" count="0" type="stmt"/>
      <line num="341" count="0" type="stmt"/>
      <line num="342" count="0" type="stmt"/>
      <line num="343" count="0" type="stmt"/>
      <line num="344" count="0" type="cond" truecount="0" falsecount="2"/>
      <line num="348" count="0" type="stmt"/>
      <line num="349" count="0" type="stmt"/>
      <line num="350" count="0" type="stmt"/>
      <line num="352" count="0" type="stmt"/>
      <line num="353" count="0" type="stmt"/>
      <line num="354" count="0" type="stmt"/>
      <line num="355" count="0" type="cond" truecount="0" falsecount="2"/>
      <line num="356" count="0" type="stmt"/>
      <line num="358" count="0" type="cond" truecount="0" falsecount="2"/>
      <line num="359" count="0" type="stmt"/>
      <line num="360" count="0" type="cond" truecount="0" falsecount="2"/>
      <line num="361" count="0" type="stmt"/>
      <line num="363" count="0" type="stmt"/>
      <line num="364" count="0" type="stmt"/>
      <line num="365" count="0" type="stmt"/>
      <line num="366" count="0" type="stmt"/>
      <line num="370" count="0" type="cond" truecount="0" falsecount="2"/>
      <line num="371" count="0" type="cond" truecount="0" falsecount="2"/>
      <line num="372" count="0" type="stmt"/>
      <line num="373" count="0" type="stmt"/>
      <line num="374" count="0" type="stmt"/>
      <line num="375" count="0" type="stmt"/>
      <line num="377" count="0" type="cond" truecount="0" falsecount="2"/>
      <line num="381" count="0" type="cond" truecount="0" falsecount="4"/>
      <line num="382" count="0" type="stmt"/>
      <line num="383" count="0" type="stmt"/>
      <line num="384" count="0" type="stmt"/>
      <line num="387" count="0" type="cond" truecount="0" falsecount="2"/>
      <line num="388" count="0" type="stmt"/>
      <line num="389" count="0" type="stmt"/>
      <line num="392" count="0" type="stmt"/>
      <line num="398" count="0" type="cond" truecount="0" falsecount="2"/>
      <line num="399" count="0" type="stmt"/>
      <line num="409" count="0" type="stmt"/>
      <line num="411" count="0" type="stmt"/>
      <line num="413" count="0" type="stmt"/>
      <line num="414" count="0" type="stmt"/>
      <line num="415" count="0" type="stmt"/>
      <line num="416" count="0" type="cond" truecount="0" falsecount="2"/>
      <line num="419" count="0" type="cond" truecount="0" falsecount="2"/>
      <line num="420" count="0" type="stmt"/>
      <line num="421" count="0" type="stmt"/>
      <line num="424" count="0" type="stmt"/>
      <line num="426" count="0" type="cond" truecount="0" falsecount="2"/>
      <line num="427" count="0" type="stmt"/>
      <line num="432" count="0" type="stmt"/>
      <line num="434" count="0" type="cond" truecount="0" falsecount="2"/>
      <line num="435" count="0" type="stmt"/>
      <line num="438" count="0" type="cond" truecount="0" falsecount="2"/>
      <line num="439" count="0" type="stmt"/>
      <line num="440" count="0" type="stmt"/>
      <line num="442" count="0" type="stmt"/>
      <line num="443" count="0" type="stmt"/>
      <line num="445" count="0" type="stmt"/>
      <line num="449" count="0" type="cond" truecount="0" falsecount="2"/>
      <line num="450" count="0" type="cond" truecount="0" falsecount="4"/>
      <line num="451" count="0" type="stmt"/>
      <line num="453" count="0" type="cond" truecount="0" falsecount="2"/>
      <line num="454" count="0" type="stmt"/>
      <line num="456" count="0" type="cond" truecount="0" falsecount="2"/>
      <line num="457" count="0" type="stmt"/>
      <line num="458" count="0" type="cond" truecount="0" falsecount="2"/>
      <line num="459" count="0" type="stmt"/>
      <line num="461" count="0" type="stmt"/>
      <line num="465" count="0" type="cond" truecount="0" falsecount="2"/>
      <line num="466" count="0" type="stmt"/>
      <line num="467" count="0" type="cond" truecount="0" falsecount="2"/>
      <line num="468" count="0" type="stmt"/>
      <line num="470" count="0" type="cond" truecount="0" falsecount="2"/>
      <line num="473" count="0" type="stmt"/>
      <line num="474" count="0" type="cond" truecount="0" falsecount="2"/>
      <line num="475" count="0" type="stmt"/>
      <line num="477" count="0" type="stmt"/>
      <line num="478" count="0" type="stmt"/>
      <line num="480" count="0" type="cond" truecount="0" falsecount="2"/>
      <line num="481" count="0" type="stmt"/>
      <line num="482" count="0" type="stmt"/>
      <line num="483" count="0" type="stmt"/>
      <line num="492" count="0" type="cond" truecount="0" falsecount="2"/>
      <line num="495" count="0" type="cond" truecount="0" falsecount="2"/>
      <line num="496" count="0" type="cond" truecount="0" falsecount="4"/>
      <line num="497" count="0" type="stmt"/>
      <line num="499" count="0" type="stmt"/>
      <line num="500" count="0" type="stmt"/>
      <line num="501" count="0" type="stmt"/>
      <line num="503" count="0" type="stmt"/>
      <line num="517" count="0" type="stmt"/>
      <line num="518" count="0" type="stmt"/>
      <line num="519" count="0" type="cond" truecount="0" falsecount="2"/>
      <line num="520" count="0" type="cond" truecount="0" falsecount="4"/>
      <line num="521" count="0" type="stmt"/>
      <line num="522" count="0" type="stmt"/>
      <line num="524" count="0" type="stmt"/>
      <line num="525" count="0" type="stmt"/>
      <line num="526" count="0" type="stmt"/>
      <line num="530" count="0" type="stmt"/>
      <line num="531" count="0" type="cond" truecount="0" falsecount="4"/>
      <line num="532" count="0" type="stmt"/>
      <line num="537" count="0" type="stmt"/>
      <line num="538" count="0" type="cond" truecount="0" falsecount="2"/>
      <line num="539" count="0" type="cond" truecount="0" falsecount="2"/>
      <line num="540" count="0" type="stmt"/>
      <line num="542" count="0" type="cond" truecount="0" falsecount="4"/>
      <line num="543" count="0" type="stmt"/>
      <line num="545" count="0" type="stmt"/>
      <line num="549" count="0" type="cond" truecount="0" falsecount="2"/>
      <line num="550" count="0" type="stmt"/>
      <line num="551" count="0" type="cond" truecount="0" falsecount="2"/>
      <line num="552" count="0" type="stmt"/>
      <line num="553" count="0" type="stmt"/>
      <line num="555" count="0" type="cond" truecount="0" falsecount="2"/>
      <line num="560" count="0" type="stmt"/>
      <line num="562" count="0" type="cond" truecount="0" falsecount="2"/>
      <line num="563" count="0" type="stmt"/>
      <line num="565" count="0" type="stmt"/>
      <line num="566" count="0" type="cond" truecount="0" falsecount="2"/>
      <line num="569" count="0" type="stmt"/>
      <line num="570" count="0" type="stmt"/>
      <line num="574" count="0" type="cond" truecount="0" falsecount="2"/>
      <line num="575" count="0" type="stmt"/>
      <line num="576" count="0" type="stmt"/>
      <line num="577" count="0" type="cond" truecount="0" falsecount="2"/>
      <line num="578" count="0" type="stmt"/>
      <line num="579" count="0" type="cond" truecount="0" falsecount="2"/>
      <line num="581" count="0" type="stmt"/>
      <line num="585" count="0" type="cond" truecount="0" falsecount="2"/>
      <line num="587" count="0" type="cond" truecount="0" falsecount="2"/>
      <line num="588" count="0" type="stmt"/>
      <line num="600" count="0" type="stmt"/>
      <line num="603" count="0" type="stmt"/>
      <line num="604" count="0" type="cond" truecount="0" falsecount="2"/>
      <line num="605" count="0" type="stmt"/>
      <line num="606" count="0" type="stmt"/>
      <line num="609" count="0" type="cond" truecount="0" falsecount="2"/>
      <line num="610" count="0" type="cond" truecount="0" falsecount="2"/>
      <line num="611" count="0" type="stmt"/>
      <line num="613" count="0" type="cond" truecount="0" falsecount="2"/>
      <line num="615" count="0" type="cond" truecount="0" falsecount="4"/>
      <line num="619" count="0" type="cond" truecount="0" falsecount="4"/>
      <line num="621" count="0" type="cond" truecount="0" falsecount="2"/>
      <line num="622" count="0" type="stmt"/>
      <line num="632" count="0" type="cond" truecount="0" falsecount="3"/>
      <line num="638" count="0" type="cond" truecount="0" falsecount="4"/>
      <line num="640" count="0" type="stmt"/>
      <line num="658" count="0" type="stmt"/>
      <line num="659" count="0" type="stmt"/>
      <line num="661" count="0" type="cond" truecount="0" falsecount="2"/>
      <line num="662" count="0" type="stmt"/>
      <line num="667" count="0" type="cond" truecount="0" falsecount="2"/>
      <line num="669" count="0" type="cond" truecount="0" falsecount="2"/>
      <line num="670" count="0" type="stmt"/>
      <line num="671" count="0" type="stmt"/>
      <line num="674" count="0" type="cond" truecount="0" falsecount="2"/>
      <line num="675" count="0" type="stmt"/>
      <line num="676" count="0" type="cond" truecount="0" falsecount="2"/>
      <line num="677" count="0" type="stmt"/>
      <line num="680" count="0" type="stmt"/>
      <line num="683" count="0" type="cond" truecount="0" falsecount="2"/>
      <line num="687" count="0" type="stmt"/>
      <line num="689" count="0" type="stmt"/>
      <line num="691" count="0" type="stmt"/>
      <line num="692" count="0" type="stmt"/>
      <line num="697" count="0" type="cond" truecount="0" falsecount="2"/>
      <line num="699" count="0" type="cond" truecount="0" falsecount="2"/>
      <line num="700" count="0" type="stmt"/>
      <line num="703" count="0" type="cond" truecount="0" falsecount="2"/>
      <line num="704" count="0" type="stmt"/>
      <line num="707" count="0" type="stmt"/>
      <line num="708" count="0" type="stmt"/>
      <line num="709" count="0" type="stmt"/>
      <line num="711" count="0" type="stmt"/>
      <line num="719" count="0" type="stmt"/>
      <line num="720" count="0" type="stmt"/>
      <line num="721" count="0" type="cond" truecount="0" falsecount="2"/>
      <line num="722" count="0" type="stmt"/>
      <line num="724" count="0" type="stmt"/>
      <line num="727" count="0" type="stmt"/>
      <line num="728" count="0" type="stmt"/>
      <line num="730" count="0" type="stmt"/>
      <line num="731" count="0" type="cond" truecount="0" falsecount="2"/>
      <line num="732" count="0" type="stmt"/>
      <line num="734" count="0" type="cond" truecount="0" falsecount="2"/>
      <line num="735" count="0" type="stmt"/>
      <line num="737" count="0" type="stmt"/>
      <line num="738" count="0" type="stmt"/>
      <line num="742" count="0" type="cond" truecount="0" falsecount="4"/>
      <line num="743" count="0" type="stmt"/>
      <line num="746" count="0" type="stmt"/>
      <line num="747" count="0" type="stmt"/>
      <line num="748" count="0" type="stmt"/>
      <line num="751" count="0" type="stmt"/>
      <line num="752" count="0" type="stmt"/>
      <line num="754" count="0" type="stmt"/>
      <line num="755" count="0" type="stmt"/>
      <line num="756" count="0" type="stmt"/>
      <line num="758" count="0" type="cond" truecount="0" falsecount="2"/>
      <line num="762" count="0" type="cond" truecount="0" falsecount="2"/>
      <line num="763" count="0" type="stmt"/>
      <line num="765" count="0" type="stmt"/>
      <line num="768" count="0" type="stmt"/>
      <line num="769" count="0" type="stmt"/>
      <line num="770" count="0" type="stmt"/>
      <line num="771" count="0" type="stmt"/>
      <line num="772" count="0" type="stmt"/>
      <line num="774" count="0" type="stmt"/>
      <line num="775" count="0" type="stmt"/>
      <line num="776" count="0" type="stmt"/>
      <line num="777" count="0" type="stmt"/>
      <line num="780" count="0" type="stmt"/>
      <line num="783" count="0" type="stmt"/>
      <line num="787" count="0" type="stmt"/>
      <line num="788" count="0" type="cond" truecount="0" falsecount="2"/>
      <line num="789" count="0" type="cond" truecount="0" falsecount="2"/>
      <line num="790" count="0" type="stmt"/>
      <line num="792" count="0" type="stmt"/>
      <line num="793" count="0" type="stmt"/>
      <line num="794" count="0" type="stmt"/>
      <line num="798" count="0" type="cond" truecount="0" falsecount="4"/>
      <line num="799" count="0" type="stmt"/>
      <line num="801" count="0" type="cond" truecount="0" falsecount="2"/>
      <line num="802" count="0" type="stmt"/>
      <line num="804" count="0" type="stmt"/>
      <line num="805" count="0" type="stmt"/>
      <line num="806" count="0" type="stmt"/>
      <line num="810" count="0" type="cond" truecount="0" falsecount="2"/>
      <line num="811" count="0" type="stmt"/>
      <line num="812" count="0" type="cond" truecount="0" falsecount="2"/>
      <line num="814" count="0" type="stmt"/>
      <line num="815" count="0" type="stmt"/>
      <line num="816" count="0" type="stmt"/>
      <line num="817" count="0" type="stmt"/>
      <line num="818" count="0" type="stmt"/>
      <line num="822" count="0" type="cond" truecount="0" falsecount="2"/>
      <line num="823" count="0" type="stmt"/>
      <line num="824" count="0" type="stmt"/>
      <line num="825" count="0" type="stmt"/>
      <line num="826" count="0" type="stmt"/>
      <line num="830" count="0" type="cond" truecount="0" falsecount="2"/>
      <line num="831" count="0" type="stmt"/>
      <line num="832" count="0" type="cond" truecount="0" falsecount="2"/>
      <line num="833" count="0" type="stmt"/>
      <line num="834" count="0" type="stmt"/>
      <line num="835" count="0" type="stmt"/>
      <line num="839" count="0" type="cond" truecount="0" falsecount="2"/>
      <line num="840" count="0" type="stmt"/>
      <line num="841" count="0" type="cond" truecount="0" falsecount="2"/>
      <line num="842" count="0" type="stmt"/>
      <line num="843" count="0" type="stmt"/>
      <line num="844" count="0" type="stmt"/>
      <line num="845" count="0" type="cond" truecount="0" falsecount="2"/>
      <line num="846" count="0" type="stmt"/>
      <line num="847" count="0" type="stmt"/>
      <line num="848" count="0" type="stmt"/>
      <line num="850" count="0" type="stmt"/>
      <line num="854" count="0" type="cond" truecount="0" falsecount="4"/>
      <line num="855" count="0" type="cond" truecount="0" falsecount="5"/>
      <line num="857" count="0" type="cond" truecount="0" falsecount="2"/>
      <line num="858" count="0" type="stmt"/>
      <line num="859" count="0" type="cond" truecount="0" falsecount="2"/>
      <line num="860" count="0" type="stmt"/>
      <line num="861" count="0" type="stmt"/>
      <line num="863" count="0" type="stmt"/>
      <line num="866" count="0" type="stmt"/>
      <line num="867" count="0" type="cond" truecount="0" falsecount="2"/>
      <line num="868" count="0" type="stmt"/>
      <line num="870" count="0" type="stmt"/>
      <line num="873" count="0" type="cond" truecount="0" falsecount="2"/>
      <line num="874" count="0" type="stmt"/>
      <line num="876" count="0" type="stmt"/>
      <line num="877" count="0" type="stmt"/>
      <line num="880" count="0" type="stmt"/>
      <line num="881" count="0" type="stmt"/>
      <line num="884" count="0" type="stmt"/>
      <line num="889" count="0" type="stmt"/>
      <line num="890" count="0" type="cond" truecount="0" falsecount="2"/>
      <line num="891" count="0" type="cond" truecount="0" falsecount="2"/>
      <line num="892" count="0" type="stmt"/>
      <line num="894" count="0" type="stmt"/>
      <line num="895" count="0" type="stmt"/>
      <line num="898" count="0" type="cond" truecount="0" falsecount="2"/>
      <line num="899" count="0" type="stmt"/>
      <line num="907" count="0" type="cond" truecount="0" falsecount="4"/>
      <line num="908" count="0" type="stmt"/>
      <line num="909" count="0" type="stmt"/>
      <line num="910" count="0" type="stmt"/>
      <line num="911" count="0" type="stmt"/>
      <line num="912" count="0" type="stmt"/>
      <line num="919" count="0" type="cond" truecount="0" falsecount="2"/>
      <line num="921" count="0" type="cond" truecount="0" falsecount="2"/>
      <line num="922" count="0" type="stmt"/>
      <line num="924" count="0" type="stmt"/>
      <line num="927" count="0" type="cond" truecount="0" falsecount="2"/>
      <line num="928" count="0" type="cond" truecount="0" falsecount="2"/>
      <line num="929" count="0" type="stmt"/>
      <line num="930" count="0" type="cond" truecount="0" falsecount="2"/>
      <line num="931" count="0" type="cond" truecount="0" falsecount="4"/>
      <line num="932" count="0" type="stmt"/>
      <line num="933" count="0" type="stmt"/>
      <line num="934" count="0" type="cond" truecount="0" falsecount="4"/>
      <line num="935" count="0" type="stmt"/>
      <line num="936" count="0" type="stmt"/>
      <line num="940" count="0" type="cond" truecount="0" falsecount="2"/>
      <line num="941" count="0" type="stmt"/>
      <line num="942" count="0" type="cond" truecount="0" falsecount="2"/>
      <line num="945" count="0" type="stmt"/>
      <line num="948" count="0" type="stmt"/>
      <line num="951" count="0" type="stmt"/>
      <line num="956" count="0" type="stmt"/>
      <line num="957" count="0" type="stmt"/>
      <line num="958" count="0" type="stmt"/>
      <line num="960" count="0" type="cond" truecount="0" falsecount="2"/>
      <line num="963" count="0" type="stmt"/>
      <line num="964" count="0" type="stmt"/>
      <line num="965" count="0" type="cond" truecount="0" falsecount="2"/>
      <line num="966" count="0" type="cond" truecount="0" falsecount="2"/>
      <line num="968" count="0" type="stmt"/>
      <line num="969" count="0" type="stmt"/>
      <line num="975" count="0" type="cond" truecount="0" falsecount="2"/>
      <line num="976" count="0" type="stmt"/>
      <line num="979" count="0" type="stmt"/>
      <line num="1022" count="0" type="cond" truecount="0" falsecount="2"/>
      <line num="1023" count="0" type="cond" truecount="0" falsecount="2"/>
      <line num="1025" count="0" type="stmt"/>
      <line num="1026" count="0" type="stmt"/>
      <line num="1028" count="0" type="cond" truecount="0" falsecount="2"/>
      <line num="1029" count="0" type="stmt"/>
      <line num="1030" count="0" type="stmt"/>
      <line num="1031" count="0" type="stmt"/>
      <line num="1033" count="0" type="stmt"/>
      <line num="1038" count="0" type="stmt"/>
      <line num="1039" count="0" type="stmt"/>
      <line num="1040" count="0" type="stmt"/>
      <line num="1041" count="0" type="stmt"/>
      <line num="1043" count="0" type="cond" truecount="0" falsecount="4"/>
      <line num="1044" count="0" type="stmt"/>
      <line num="1046" count="0" type="cond" truecount="0" falsecount="2"/>
      <line num="1047" count="0" type="stmt"/>
      <line num="1049" count="0" type="stmt"/>
      <line num="1050" count="0" type="stmt"/>
      <line num="1052" count="0" type="cond" truecount="0" falsecount="2"/>
      <line num="1053" count="0" type="stmt"/>
      <line num="1058" count="0" type="stmt"/>
      <line num="1059" count="0" type="stmt"/>
      <line num="1061" count="0" type="stmt"/>
      <line num="1065" count="0" type="stmt"/>
      <line num="1066" count="0" type="cond" truecount="0" falsecount="2"/>
      <line num="1067" count="0" type="cond" truecount="0" falsecount="2"/>
      <line num="1068" count="0" type="stmt"/>
      <line num="1069" count="0" type="stmt"/>
      <line num="1070" count="0" type="stmt"/>
      <line num="1073" count="0" type="stmt"/>
      <line num="1074" count="0" type="cond" truecount="0" falsecount="2"/>
      <line num="1075" count="0" type="cond" truecount="0" falsecount="4"/>
      <line num="1076" count="0" type="stmt"/>
      <line num="1078" count="0" type="stmt"/>
      <line num="1079" count="0" type="stmt"/>
      <line num="1084" count="0" type="stmt"/>
      <line num="1085" count="0" type="cond" truecount="0" falsecount="4"/>
      <line num="1086" count="0" type="stmt"/>
      <line num="1088" count="0" type="cond" truecount="0" falsecount="4"/>
      <line num="1089" count="0" type="stmt"/>
      <line num="1091" count="0" type="stmt"/>
      <line num="1092" count="0" type="stmt"/>
      <line num="1093" count="0" type="cond" truecount="0" falsecount="2"/>
      <line num="1094" count="0" type="stmt"/>
      <line num="1095" count="0" type="stmt"/>
      <line num="1099" count="0" type="cond" truecount="0" falsecount="4"/>
      <line num="1100" count="0" type="stmt"/>
      <line num="1101" count="0" type="stmt"/>
      <line num="1102" count="0" type="cond" truecount="0" falsecount="2"/>
      <line num="1103" count="0" type="stmt"/>
      <line num="1104" count="0" type="stmt"/>
      <line num="1106" count="0" type="stmt"/>
      <line num="1107" count="0" type="stmt"/>
      <line num="1111" count="0" type="cond" truecount="0" falsecount="5"/>
      <line num="1113" count="0" type="stmt"/>
      <line num="1114" count="0" type="stmt"/>
      <line num="1116" count="0" type="stmt"/>
      <line num="1117" count="0" type="stmt"/>
      <line num="1119" count="0" type="stmt"/>
      <line num="1120" count="0" type="stmt"/>
      <line num="1122" count="0" type="stmt"/>
      <line num="1123" count="0" type="stmt"/>
      <line num="1125" count="0" type="stmt"/>
      <line num="1130" count="0" type="stmt"/>
      <line num="1131" count="0" type="cond" truecount="0" falsecount="2"/>
      <line num="1132" count="0" type="stmt"/>
      <line num="1133" count="0" type="stmt"/>
      <line num="1134" count="0" type="stmt"/>
      <line num="1138" count="0" type="stmt"/>
      <line num="1139" count="0" type="cond" truecount="0" falsecount="2"/>
      <line num="1140" count="0" type="stmt"/>
      <line num="1142" count="0" type="stmt"/>
      <line num="1143" count="0" type="stmt"/>
      <line num="1147" count="0" type="stmt"/>
      <line num="1148" count="0" type="cond" truecount="0" falsecount="2"/>
      <line num="1149" count="0" type="stmt"/>
      <line num="1150" count="0" type="stmt"/>
      <line num="1151" count="0" type="stmt"/>
      <line num="1152" count="0" type="stmt"/>
      <line num="1156" count="0" type="cond" truecount="0" falsecount="2"/>
      <line num="1157" count="0" type="cond" truecount="0" falsecount="2"/>
      <line num="1158" count="0" type="stmt"/>
      <line num="1159" count="0" type="cond" truecount="0" falsecount="2"/>
      <line num="1160" count="0" type="stmt"/>
      <line num="1162" count="0" type="stmt"/>
      <line num="1163" count="0" type="stmt"/>
      <line num="1165" count="0" type="stmt"/>
      <line num="1169" count="0" type="stmt"/>
      <line num="1170" count="0" type="cond" truecount="0" falsecount="2"/>
      <line num="1171" count="0" type="stmt"/>
      <line num="1172" count="0" type="stmt"/>
      <line num="1174" count="0" type="cond" truecount="0" falsecount="2"/>
      <line num="1175" count="0" type="stmt"/>
      <line num="1176" count="0" type="stmt"/>
      <line num="1178" count="0" type="stmt"/>
      <line num="1179" count="0" type="cond" truecount="0" falsecount="2"/>
      <line num="1180" count="0" type="stmt"/>
      <line num="1185" count="0" type="stmt"/>
      <line num="1186" count="0" type="cond" truecount="0" falsecount="2"/>
      <line num="1187" count="0" type="stmt"/>
      <line num="1188" count="0" type="stmt"/>
      <line num="1190" count="0" type="stmt"/>
      <line num="1191" count="0" type="stmt"/>
      <line num="1192" count="0" type="cond" truecount="0" falsecount="4"/>
      <line num="1193" count="0" type="stmt"/>
      <line num="1195" count="0" type="stmt"/>
      <line num="1199" count="0" type="cond" truecount="0" falsecount="2"/>
      <line num="1200" count="0" type="cond" truecount="0" falsecount="2"/>
      <line num="1204" count="0" type="stmt"/>
      <line num="1205" count="0" type="cond" truecount="0" falsecount="2"/>
      <line num="1206" count="0" type="stmt"/>
      <line num="1210" count="0" type="stmt"/>
      <line num="1214" count="0" type="stmt"/>
      <line num="1215" count="0" type="cond" truecount="0" falsecount="2"/>
      <line num="1216" count="0" type="stmt"/>
      <line num="1218" count="0" type="cond" truecount="0" falsecount="4"/>
      <line num="1219" count="0" type="stmt"/>
      <line num="1221" count="0" type="stmt"/>
      <line num="1225" count="0" type="cond" truecount="0" falsecount="2"/>
      <line num="1226" count="0" type="cond" truecount="0" falsecount="2"/>
      <line num="1227" count="0" type="cond" truecount="0" falsecount="2"/>
      <line num="1228" count="0" type="cond" truecount="0" falsecount="2"/>
      <line num="1229" count="0" type="stmt"/>
      <line num="1231" count="0" type="cond" truecount="0" falsecount="2"/>
      <line num="1232" count="0" type="stmt"/>
      <line num="1234" count="0" type="cond" truecount="0" falsecount="2"/>
      <line num="1237" count="0" type="stmt"/>
      <line num="1238" count="0" type="cond" truecount="0" falsecount="2"/>
      <line num="1239" count="0" type="stmt"/>
      <line num="1241" count="0" type="cond" truecount="0" falsecount="2"/>
      <line num="1242" count="0" type="stmt"/>
      <line num="1246" count="0" type="cond" truecount="0" falsecount="2"/>
      <line num="1247" count="0" type="stmt"/>
      <line num="1251" count="0" type="stmt"/>
      <line num="1255" count="0" type="cond" truecount="0" falsecount="2"/>
      <line num="1256" count="0" type="cond" truecount="0" falsecount="2"/>
      <line num="1257" count="0" type="stmt"/>
      <line num="1258" count="0" type="stmt"/>
      <line num="1259" count="0" type="cond" truecount="0" falsecount="2"/>
      <line num="1260" count="0" type="stmt"/>
      <line num="1261" count="0" type="cond" truecount="0" falsecount="2"/>
      <line num="1262" count="0" type="stmt"/>
      <line num="1264" count="0" type="stmt"/>
      <line num="1268" count="0" type="cond" truecount="0" falsecount="2"/>
      <line num="1269" count="0" type="stmt"/>
      <line num="1270" count="0" type="cond" truecount="0" falsecount="2"/>
      <line num="1271" count="0" type="stmt"/>
      <line num="1280" count="0" type="stmt"/>
      <line num="1281" count="0" type="stmt"/>
      <line num="1285" count="0" type="stmt"/>
      <line num="1289" count="0" type="cond" truecount="0" falsecount="4"/>
      <line num="1290" count="0" type="stmt"/>
      <line num="1292" count="0" type="cond" truecount="0" falsecount="2"/>
      <line num="1293" count="0" type="stmt"/>
      <line num="1294" count="0" type="stmt"/>
      <line num="1295" count="0" type="stmt"/>
      <line num="1296" count="0" type="cond" truecount="0" falsecount="2"/>
      <line num="1300" count="0" type="cond" truecount="0" falsecount="2"/>
      <line num="1302" count="0" type="stmt"/>
      <line num="1303" count="0" type="cond" truecount="0" falsecount="2"/>
      <line num="1306" count="0" type="stmt"/>
      <line num="1307" count="0" type="stmt"/>
      <line num="1308" count="0" type="stmt"/>
      <line num="1309" count="0" type="cond" truecount="0" falsecount="2"/>
      <line num="1310" count="0" type="stmt"/>
      <line num="1311" count="0" type="cond" truecount="0" falsecount="2"/>
      <line num="1312" count="0" type="cond" truecount="0" falsecount="2"/>
      <line num="1319" count="0" type="cond" truecount="0" falsecount="4"/>
      <line num="1320" count="0" type="stmt"/>
      <line num="1322" count="0" type="stmt"/>
      <line num="1323" count="0" type="stmt"/>
      <line num="1324" count="0" type="stmt"/>
      <line num="1325" count="0" type="stmt"/>
      <line num="1329" count="0" type="cond" truecount="0" falsecount="2"/>
      <line num="1330" count="0" type="stmt"/>
      <line num="1332" count="0" type="stmt"/>
      <line num="1342" count="0" type="cond" truecount="0" falsecount="2"/>
      <line num="1343" count="0" type="stmt"/>
      <line num="1347" count="0" type="cond" truecount="0" falsecount="2"/>
      <line num="1348" count="0" type="stmt"/>
      <line num="1358" count="0" type="cond" truecount="0" falsecount="2"/>
      <line num="1359" count="0" type="stmt"/>
      <line num="1360" count="0" type="stmt"/>
      <line num="1361" count="0" type="stmt"/>
      <line num="1362" count="0" type="cond" truecount="0" falsecount="2"/>
      <line num="1363" count="0" type="stmt"/>
      <line num="1364" count="0" type="cond" truecount="0" falsecount="4"/>
      <line num="1365" count="0" type="cond" truecount="0" falsecount="3"/>
      <line num="1366" count="0" type="stmt"/>
      <line num="1375" count="0" type="stmt"/>
      <line num="1388" count="0" type="cond" truecount="0" falsecount="2"/>
      <line num="1389" count="0" type="stmt"/>
      <line num="1392" count="0" type="stmt"/>
      <line num="1395" count="0" type="stmt"/>
      <line num="1399" count="0" type="cond" truecount="0" falsecount="2"/>
      <line num="1400" count="0" type="stmt"/>
      <line num="1401" count="0" type="stmt"/>
      <line num="1403" count="0" type="stmt"/>
      <line num="1404" count="0" type="stmt"/>
      <line num="1407" count="0" type="cond" truecount="0" falsecount="2"/>
      <line num="1408" count="0" type="cond" truecount="0" falsecount="2"/>
      <line num="1409" count="0" type="stmt"/>
      <line num="1410" count="0" type="stmt"/>
      <line num="1411" count="0" type="stmt"/>
      <line num="1413" count="0" type="cond" truecount="0" falsecount="2"/>
      <line num="1414" count="0" type="stmt"/>
      <line num="1415" count="0" type="stmt"/>
      <line num="1416" count="0" type="stmt"/>
      <line num="1417" count="0" type="cond" truecount="0" falsecount="4"/>
      <line num="1418" count="0" type="stmt"/>
      <line num="1422" count="0" type="stmt"/>
      <line num="1426" count="0" type="cond" truecount="0" falsecount="2"/>
      <line num="1427" count="0" type="cond" truecount="0" falsecount="2"/>
      <line num="1428" count="0" type="stmt"/>
      <line num="1429" count="0" type="stmt"/>
      <line num="1430" count="0" type="stmt"/>
      <line num="1431" count="0" type="cond" truecount="0" falsecount="2"/>
      <line num="1432" count="0" type="stmt"/>
      <line num="1433" count="0" type="cond" truecount="0" falsecount="2"/>
      <line num="1434" count="0" type="cond" truecount="0" falsecount="2"/>
      <line num="1435" count="0" type="stmt"/>
      <line num="1438" count="0" type="stmt"/>
      <line num="1439" count="0" type="stmt"/>
      <line num="1441" count="0" type="stmt"/>
      <line num="1442" count="0" type="stmt"/>
      <line num="1445" count="0" type="stmt"/>
      <line num="1449" count="0" type="cond" truecount="0" falsecount="2"/>
      <line num="1450" count="0" type="stmt"/>
      <line num="1451" count="0" type="cond" truecount="0" falsecount="2"/>
      <line num="1452" count="0" type="stmt"/>
      <line num="1453" count="0" type="stmt"/>
      <line num="1455" count="0" type="cond" truecount="0" falsecount="2"/>
      <line num="1456" count="0" type="cond" truecount="0" falsecount="4"/>
      <line num="1457" count="0" type="stmt"/>
      <line num="1458" count="0" type="stmt"/>
      <line num="1459" count="0" type="cond" truecount="0" falsecount="2"/>
      <line num="1460" count="0" type="stmt"/>
      <line num="1465" count="0" type="stmt"/>
      <line num="1466" count="0" type="cond" truecount="0" falsecount="2"/>
      <line num="1467" count="0" type="stmt"/>
      <line num="1469" count="0" type="stmt"/>
      <line num="1470" count="0" type="cond" truecount="0" falsecount="2"/>
      <line num="1471" count="0" type="stmt"/>
      <line num="1478" count="0" type="stmt"/>
      <line num="1480" count="0" type="cond" truecount="0" falsecount="2"/>
      <line num="1481" count="0" type="stmt"/>
      <line num="1483" count="0" type="stmt"/>
      <line num="1484" count="0" type="stmt"/>
      <line num="1485" count="0" type="stmt"/>
      <line num="1489" count="0" type="cond" truecount="0" falsecount="2"/>
      <line num="1490" count="0" type="stmt"/>
      <line num="1491" count="0" type="stmt"/>
      <line num="1494" count="0" type="cond" truecount="0" falsecount="2"/>
      <line num="1495" count="0" type="stmt"/>
      <line num="1496" count="0" type="stmt"/>
      <line num="1497" count="0" type="stmt"/>
      <line num="1500" count="0" type="stmt"/>
      <line num="1501" count="0" type="stmt"/>
      <line num="1502" count="0" type="stmt"/>
      <line num="1503" count="0" type="stmt"/>
      <line num="1505" count="0" type="cond" truecount="0" falsecount="2"/>
      <line num="1506" count="0" type="stmt"/>
      <line num="1507" count="0" type="stmt"/>
      <line num="1510" count="0" type="stmt"/>
      <line num="1512" count="0" type="cond" truecount="0" falsecount="2"/>
      <line num="1513" count="0" type="stmt"/>
      <line num="1514" count="0" type="stmt"/>
      <line num="1517" count="0" type="cond" truecount="0" falsecount="2"/>
      <line num="1519" count="0" type="cond" truecount="0" falsecount="3"/>
      <line num="1521" count="0" type="stmt"/>
      <line num="1522" count="0" type="stmt"/>
      <line num="1525" count="0" type="stmt"/>
      <line num="1526" count="0" type="cond" truecount="0" falsecount="4"/>
      <line num="1527" count="0" type="stmt"/>
      <line num="1531" count="0" type="stmt"/>
      <line num="1533" count="0" type="cond" truecount="0" falsecount="4"/>
      <line num="1534" count="0" type="stmt"/>
      <line num="1538" count="0" type="stmt"/>
      <line num="1540" count="0" type="cond" truecount="0" falsecount="4"/>
      <line num="1541" count="0" type="stmt"/>
      <line num="1545" count="0" type="stmt"/>
      <line num="1550" count="0" type="cond" truecount="0" falsecount="4"/>
      <line num="1551" count="0" type="cond" truecount="0" falsecount="2"/>
      <line num="1552" count="0" type="stmt"/>
      <line num="1553" count="0" type="stmt"/>
      <line num="1557" count="0" type="cond" truecount="0" falsecount="4"/>
      <line num="1558" count="0" type="stmt"/>
      <line num="1559" count="0" type="stmt"/>
      <line num="1560" count="0" type="stmt"/>
      <line num="1561" count="0" type="cond" truecount="0" falsecount="4"/>
      <line num="1562" count="0" type="stmt"/>
      <line num="1566" count="0" type="stmt"/>
      <line num="1567" count="0" type="stmt"/>
      <line num="1568" count="0" type="stmt"/>
      <line num="1570" count="0" type="stmt"/>
      <line num="1578" count="0" type="cond" truecount="0" falsecount="4"/>
      <line num="1580" count="0" type="stmt"/>
      <line num="1581" count="0" type="stmt"/>
      <line num="1582" count="0" type="stmt"/>
      <line num="1583" count="0" type="stmt"/>
      <line num="1584" count="0" type="stmt"/>
      <line num="1588" count="0" type="cond" truecount="0" falsecount="2"/>
      <line num="1589" count="0" type="stmt"/>
      <line num="1590" count="0" type="cond" truecount="0" falsecount="2"/>
      <line num="1592" count="0" type="cond" truecount="0" falsecount="2"/>
      <line num="1593" count="0" type="stmt"/>
      <line num="1594" count="0" type="stmt"/>
      <line num="1597" count="0" type="stmt"/>
      <line num="1598" count="0" type="cond" truecount="0" falsecount="4"/>
      <line num="1599" count="0" type="stmt"/>
      <line num="1600" count="0" type="stmt"/>
      <line num="1604" count="0" type="cond" truecount="0" falsecount="3"/>
      <line num="1605" count="0" type="stmt"/>
      <line num="1607" count="0" type="cond" truecount="0" falsecount="3"/>
      <line num="1610" count="0" type="cond" truecount="0" falsecount="2"/>
      <line num="1611" count="0" type="stmt"/>
      <line num="1612" count="0" type="stmt"/>
      <line num="1615" count="0" type="stmt"/>
      <line num="1616" count="0" type="stmt"/>
      <line num="1617" count="0" type="stmt"/>
      <line num="1619" count="0" type="stmt"/>
      <line num="1627" count="0" type="stmt"/>
      <line num="1628" count="0" type="stmt"/>
      <line num="1629" count="0" type="stmt"/>
      <line num="1630" count="0" type="stmt"/>
      <line num="1631" count="0" type="stmt"/>
      <line num="1632" count="0" type="stmt"/>
      <line num="1633" count="0" type="stmt"/>
      <line num="1634" count="0" type="stmt"/>
      <line num="1635" count="0" type="stmt"/>
      <line num="1636" count="0" type="stmt"/>
      <line num="1637" count="0" type="stmt"/>
      <line num="1638" count="0" type="stmt"/>
      <line num="1639" count="0" type="stmt"/>
      <line num="1640" count="0" type="stmt"/>
      <line num="1641" count="0" type="stmt"/>
      <line num="1642" count="0" type="stmt"/>
      <line num="1646" count="0" type="stmt"/>
      <line num="1647" count="0" type="stmt"/>
      <line num="1648" count="0" type="cond" truecount="0" falsecount="2"/>
      <line num="1649" count="0" type="cond" truecount="0" falsecount="2"/>
      <line num="1650" count="0" type="stmt"/>
      <line num="1652" count="0" type="cond" truecount="0" falsecount="2"/>
      <line num="1653" count="0" type="stmt"/>
      <line num="1655" count="0" type="stmt"/>
      <line num="1656" count="0" type="stmt"/>
      <line num="1657" count="0" type="stmt"/>
      <line num="1658" count="0" type="stmt"/>
      <line num="1659" count="0" type="stmt"/>
      <line num="1660" count="0" type="stmt"/>
      <line num="1664" count="0" type="cond" truecount="0" falsecount="4"/>
      <line num="1665" count="0" type="stmt"/>
      <line num="1666" count="0" type="cond" truecount="0" falsecount="2"/>
      <line num="1667" count="0" type="stmt"/>
      <line num="1668" count="0" type="stmt"/>
      <line num="1669" count="0" type="stmt"/>
      <line num="1670" count="0" type="stmt"/>
      <line num="1671" count="0" type="stmt"/>
      <line num="1672" count="0" type="stmt"/>
      <line num="1673" count="0" type="stmt"/>
      <line num="1677" count="0" type="cond" truecount="0" falsecount="2"/>
      <line num="1678" count="0" type="stmt"/>
      <line num="1679" count="0" type="stmt"/>
      <line num="1684" count="0" type="cond" truecount="0" falsecount="2"/>
      <line num="1685" count="0" type="stmt"/>
      <line num="1686" count="0" type="stmt"/>
      <line num="1687" count="0" type="stmt"/>
      <line num="1688" count="0" type="stmt"/>
      <line num="1689" count="0" type="cond" truecount="0" falsecount="2"/>
      <line num="1690" count="0" type="stmt"/>
      <line num="1691" count="0" type="stmt"/>
      <line num="1693" count="0" type="stmt"/>
      <line num="1694" count="0" type="stmt"/>
      <line num="1696" count="0" type="stmt"/>
      <line num="1697" count="0" type="stmt"/>
      <line num="1698" count="0" type="cond" truecount="0" falsecount="2"/>
      <line num="1699" count="0" type="stmt"/>
      <line num="1701" count="0" type="stmt"/>
      <line num="1702" count="0" type="stmt"/>
      <line num="1703" count="0" type="stmt"/>
      <line num="1704" count="0" type="stmt"/>
      <line num="1708" count="0" type="cond" truecount="0" falsecount="2"/>
      <line num="1709" count="0" type="stmt"/>
      <line num="1713" count="0" type="stmt"/>
      <line num="1714" count="0" type="stmt"/>
      <line num="1715" count="0" type="stmt"/>
      <line num="1716" count="0" type="stmt"/>
      <line num="1717" count="0" type="stmt"/>
      <line num="1718" count="0" type="cond" truecount="0" falsecount="2"/>
      <line num="1719" count="0" type="stmt"/>
      <line num="1720" count="0" type="cond" truecount="0" falsecount="4"/>
      <line num="1721" count="0" type="stmt"/>
      <line num="1722" count="0" type="stmt"/>
      <line num="1723" count="0" type="stmt"/>
      <line num="1724" count="0" type="stmt"/>
      <line num="1725" count="0" type="stmt"/>
      <line num="1726" count="0" type="stmt"/>
      <line num="1728" count="0" type="stmt"/>
      <line num="1729" count="0" type="stmt"/>
      <line num="1730" count="0" type="stmt"/>
      <line num="1731" count="0" type="stmt"/>
      <line num="1732" count="0" type="stmt"/>
      <line num="1733" count="0" type="stmt"/>
      <line num="1741" count="0" type="stmt"/>
      <line num="1744" count="0" type="stmt"/>
      <line num="1751" count="0" type="stmt"/>
      <line num="1755" count="0" type="cond" truecount="0" falsecount="2"/>
      <line num="1756" count="0" type="cond" truecount="0" falsecount="2"/>
      <line num="1757" count="0" type="stmt"/>
      <line num="1763" count="0" type="stmt"/>
      <line num="1768" count="0" type="cond" truecount="0" falsecount="4"/>
      <line num="1769" count="0" type="cond" truecount="0" falsecount="2"/>
      <line num="1770" count="0" type="stmt"/>
      <line num="1771" count="0" type="stmt"/>
      <line num="1772" count="0" type="stmt"/>
      <line num="1774" count="0" type="stmt"/>
      <line num="1777" count="0" type="stmt"/>
      <line num="1778" count="0" type="stmt"/>
      <line num="1779" count="0" type="stmt"/>
      <line num="1780" count="0" type="stmt"/>
      <line num="1781" count="0" type="stmt"/>
      <line num="1783" count="0" type="stmt"/>
      <line num="1784" count="0" type="cond" truecount="0" falsecount="2"/>
      <line num="1785" count="0" type="stmt"/>
      <line num="1786" count="0" type="stmt"/>
      <line num="1787" count="0" type="stmt"/>
      <line num="1793" count="0" type="cond" truecount="0" falsecount="2"/>
      <line num="1794" count="0" type="stmt"/>
      <line num="1795" count="0" type="cond" truecount="0" falsecount="2"/>
      <line num="1796" count="0" type="cond" truecount="0" falsecount="2"/>
      <line num="1797" count="0" type="stmt"/>
      <line num="1798" count="0" type="cond" truecount="0" falsecount="4"/>
      <line num="1799" count="0" type="stmt"/>
      <line num="1800" count="0" type="cond" truecount="0" falsecount="4"/>
      <line num="1803" count="0" type="stmt"/>
      <line num="1827" count="0" type="stmt"/>
      <line num="1900" count="0" type="stmt"/>
      <line num="1901" count="0" type="stmt"/>
      <line num="1905" count="0" type="cond" truecount="0" falsecount="2"/>
      <line num="1906" count="0" type="cond" truecount="0" falsecount="2"/>
      <line num="1907" count="0" type="stmt"/>
      <line num="1909" count="0" type="stmt"/>
      <line num="1911" count="0" type="stmt"/>
      <line num="1912" count="0" type="stmt"/>
      <line num="1914" count="0" type="stmt"/>
      <line num="1922" count="0" type="stmt"/>
      <line num="1929" count="0" type="stmt"/>
      <line num="1930" count="0" type="cond" truecount="0" falsecount="4"/>
      <line num="1931" count="0" type="cond" truecount="0" falsecount="2"/>
      <line num="1932" count="0" type="stmt"/>
      <line num="1933" count="0" type="stmt"/>
      <line num="1936" count="0" type="stmt"/>
      <line num="1938" count="0" type="cond" truecount="0" falsecount="3"/>
      <line num="1939" count="0" type="cond" truecount="0" falsecount="2"/>
      <line num="1941" count="0" type="cond" truecount="0" falsecount="4"/>
      <line num="1942" count="0" type="stmt"/>
      <line num="1943" count="0" type="stmt"/>
      <line num="1946" count="0" type="cond" truecount="0" falsecount="2"/>
      <line num="1947" count="0" type="stmt"/>
      <line num="1949" count="0" type="stmt"/>
      <line num="1951" count="0" type="stmt"/>
      <line num="1952" count="0" type="stmt"/>
      <line num="1976" count="0" type="stmt"/>
      <line num="1977" count="0" type="stmt"/>
      <line num="1980" count="0" type="stmt"/>
      <line num="1981" count="0" type="stmt"/>
      <line num="1985" count="0" type="cond" truecount="0" falsecount="5"/>
      <line num="1986" count="0" type="cond" truecount="0" falsecount="2"/>
      <line num="1987" count="0" type="cond" truecount="0" falsecount="2"/>
      <line num="1988" count="0" type="stmt"/>
      <line num="1989" count="0" type="stmt"/>
      <line num="1990" count="0" type="stmt"/>
      <line num="1991" count="0" type="stmt"/>
      <line num="1992" count="0" type="stmt"/>
      <line num="1994" count="0" type="cond" truecount="0" falsecount="2"/>
      <line num="1995" count="0" type="stmt"/>
      <line num="1997" count="0" type="cond" truecount="0" falsecount="2"/>
      <line num="1998" count="0" type="stmt"/>
      <line num="2001" count="0" type="stmt"/>
      <line num="2002" count="0" type="stmt"/>
      <line num="2004" count="0" type="stmt"/>
      <line num="2008" count="0" type="cond" truecount="0" falsecount="5"/>
      <line num="2009" count="0" type="stmt"/>
      <line num="2011" count="0" type="stmt"/>
      <line num="2015" count="0" type="stmt"/>
      <line num="2025" count="0" type="stmt"/>
      <line num="2026" count="0" type="stmt"/>
      <line num="2030" count="0" type="stmt"/>
      <line num="2031" count="0" type="cond" truecount="0" falsecount="2"/>
      <line num="2033" count="0" type="stmt"/>
      <line num="2034" count="0" type="stmt"/>
      <line num="2035" count="0" type="stmt"/>
      <line num="2038" count="0" type="stmt"/>
      <line num="2039" count="0" type="stmt"/>
      <line num="2040" count="0" type="stmt"/>
      <line num="2041" count="0" type="cond" truecount="0" falsecount="2"/>
      <line num="2042" count="0" type="stmt"/>
      <line num="2044" count="0" type="stmt"/>
      <line num="2046" count="0" type="cond" truecount="0" falsecount="2"/>
      <line num="2047" count="0" type="stmt"/>
      <line num="2050" count="0" type="stmt"/>
      <line num="2051" count="0" type="cond" truecount="0" falsecount="2"/>
      <line num="2053" count="0" type="stmt"/>
      <line num="2054" count="0" type="stmt"/>
      <line num="2064" count="0" type="stmt"/>
      <line num="2072" count="0" type="stmt"/>
      <line num="2076" count="0" type="stmt"/>
      <line num="2077" count="0" type="cond" truecount="0" falsecount="4"/>
      <line num="2078" count="0" type="cond" truecount="0" falsecount="2"/>
      <line num="2080" count="0" type="cond" truecount="0" falsecount="1"/>
      <line num="2081" count="0" type="cond" truecount="0" falsecount="4"/>
      <line num="2082" count="0" type="stmt"/>
      <line num="2083" count="0" type="cond" truecount="0" falsecount="2"/>
      <line num="2086" count="0" type="stmt"/>
      <line num="2087" count="0" type="cond" truecount="0" falsecount="2"/>
      <line num="2088" count="0" type="stmt"/>
      <line num="2091" count="0" type="stmt"/>
      <line num="2092" count="0" type="stmt"/>
      <line num="2093" count="0" type="stmt"/>
      <line num="2094" count="0" type="stmt"/>
      <line num="2095" count="0" type="stmt"/>
      <line num="2096" count="0" type="stmt"/>
      <line num="2097" count="0" type="stmt"/>
      <line num="2099" count="0" type="cond" truecount="0" falsecount="4"/>
      <line num="2100" count="0" type="stmt"/>
      <line num="2107" count="0" type="cond" truecount="0" falsecount="4"/>
      <line num="2108" count="0" type="stmt"/>
      <line num="2117" count="0" type="cond" truecount="0" falsecount="4"/>
      <line num="2118" count="0" type="stmt"/>
      <line num="2127" count="0" type="cond" truecount="0" falsecount="4"/>
      <line num="2128" count="0" type="stmt"/>
      <line num="2137" count="0" type="cond" truecount="0" falsecount="5"/>
      <line num="2138" count="0" type="stmt"/>
      <line num="2147" count="0" type="cond" truecount="0" falsecount="2"/>
      <line num="2148" count="0" type="stmt"/>
      <line num="2158" count="0" type="stmt"/>
      <line num="2162" count="0" type="stmt"/>
      <line num="2163" count="0" type="cond" truecount="0" falsecount="2"/>
      <line num="2165" count="0" type="cond" truecount="0" falsecount="2"/>
      <line num="2166" count="0" type="stmt"/>
      <line num="2173" count="0" type="stmt"/>
      <line num="2176" count="0" type="stmt"/>
      <line num="2178" count="0" type="stmt"/>
      <line num="2193" count="0" type="stmt"/>
      <line num="2200" count="0" type="cond" truecount="0" falsecount="2"/>
      <line num="2201" count="0" type="stmt"/>
      <line num="2202" count="0" type="stmt"/>
      <line num="2216" count="2" type="stmt"/>
      <line num="2217" count="2" type="stmt"/>
      <line num="2218" count="2" type="stmt"/>
      <line num="2222" count="0" type="stmt"/>
      <line num="2223" count="0" type="cond" truecount="0" falsecount="2"/>
      <line num="2225" count="0" type="stmt"/>
      <line num="2228" count="0" type="stmt"/>
      <line num="2229" count="0" type="stmt"/>
      <line num="2230" count="0" type="stmt"/>
      <line num="2231" count="0" type="cond" truecount="0" falsecount="4"/>
      <line num="2232" count="0" type="stmt"/>
      <line num="2235" count="0" type="stmt"/>
      <line num="2236" count="0" type="stmt"/>
      <line num="2237" count="0" type="stmt"/>
      <line num="2238" count="0" type="stmt"/>
      <line num="2240" count="0" type="stmt"/>
      <line num="2241" count="0" type="stmt"/>
      <line num="2243" count="0" type="stmt"/>
      <line num="2247" count="0" type="cond" truecount="0" falsecount="2"/>
      <line num="2248" count="0" type="stmt"/>
      <line num="2249" count="0" type="stmt"/>
      <line num="2252" count="0" type="stmt"/>
      <line num="2253" count="0" type="stmt"/>
      <line num="2257" count="0" type="cond" truecount="0" falsecount="2"/>
      <line num="2259" count="0" type="stmt"/>
      <line num="2260" count="0" type="stmt"/>
      <line num="2270" count="0" type="stmt"/>
      <line num="2271" count="0" type="cond" truecount="0" falsecount="2"/>
      <line num="2273" count="0" type="cond" truecount="0" falsecount="2"/>
      <line num="2274" count="0" type="cond" truecount="0" falsecount="2"/>
      <line num="2275" count="0" type="stmt"/>
      <line num="2281" count="0" type="stmt"/>
      <line num="2284" count="0" type="stmt"/>
      <line num="2285" count="0" type="cond" truecount="0" falsecount="2"/>
      <line num="2288" count="0" type="stmt"/>
      <line num="2289" count="0" type="stmt"/>
      <line num="2294" count="0" type="stmt"/>
      <line num="2295" count="0" type="cond" truecount="0" falsecount="2"/>
      <line num="2297" count="0" type="cond" truecount="0" falsecount="2"/>
      <line num="2298" count="0" type="stmt"/>
      <line num="2302" count="0" type="stmt"/>
      <line num="2305" count="0" type="cond" truecount="0" falsecount="2"/>
      <line num="2306" count="0" type="stmt"/>
      <line num="2309" count="0" type="stmt"/>
      <line num="2316" count="0" type="stmt"/>
      <line num="2325" count="0" type="stmt"/>
      <line num="2335" count="0" type="cond" truecount="0" falsecount="2"/>
      <line num="2358" count="0" type="stmt"/>
      <line num="2370" count="0" type="stmt"/>
      <line num="2371" count="0" type="stmt"/>
      <line num="2372" count="0" type="stmt"/>
      <line num="2377" count="0" type="stmt"/>
      <line num="2378" count="0" type="stmt"/>
      <line num="2379" count="0" type="stmt"/>
      <line num="2380" count="0" type="stmt"/>
      <line num="2387" count="0" type="cond" truecount="0" falsecount="2"/>
      <line num="2388" count="0" type="cond" truecount="0" falsecount="2"/>
      <line num="2389" count="0" type="cond" truecount="0" falsecount="2"/>
      <line num="2390" count="0" type="cond" truecount="0" falsecount="2"/>
      <line num="2392" count="0" type="stmt"/>
      <line num="2393" count="0" type="stmt"/>
      <line num="2394" count="0" type="stmt"/>
      <line num="2395" count="0" type="stmt"/>
      <line num="2397" count="0" type="cond" truecount="0" falsecount="4"/>
      <line num="2400" count="0" type="stmt"/>
      <line num="2416" count="0" type="stmt"/>
      <line num="2417" count="0" type="stmt"/>
      <line num="2418" count="0" type="stmt"/>
      <line num="2419" count="0" type="cond" truecount="0" falsecount="4"/>
      <line num="2422" count="0" type="stmt"/>
      <line num="2423" count="0" type="cond" truecount="0" falsecount="4"/>
      <line num="2426" count="0" type="stmt"/>
      <line num="2428" count="0" type="cond" truecount="0" falsecount="8"/>
      <line num="2432" count="0" type="stmt"/>
      <line num="2433" count="0" type="cond" truecount="0" falsecount="2"/>
      <line num="2434" count="0" type="cond" truecount="0" falsecount="2"/>
      <line num="2435" count="0" type="stmt"/>
      <line num="2438" count="0" type="stmt"/>
      <line num="2441" count="0" type="cond" truecount="0" falsecount="2"/>
      <line num="2449" count="1" type="cond" truecount="3" falsecount="1"/>
      <line num="2450" count="0" type="stmt"/>
      <line num="2452" count="1" type="stmt"/>
      <line num="2454" count="39" type="stmt"/>
      <line num="2455" count="1" type="stmt"/>
      <line num="2456" count="1" type="stmt"/>
      <line num="2457" count="1" type="stmt"/>
      <line num="2458" count="1" type="stmt"/>
      <line num="2462" count="2" type="stmt"/>
      <line num="2463" count="2" type="stmt"/>
      <line num="2464" count="50" type="cond" truecount="1" falsecount="1"/>
      <line num="2465" count="50" type="stmt"/>
      <line num="2466" count="50" type="cond" truecount="2" falsecount="0"/>
      <line num="2467" count="4" type="stmt"/>
      <line num="2476" count="50" type="stmt"/>
      <line num="2477" count="50" type="cond" truecount="1" falsecount="1"/>
      <line num="2478" count="50" type="stmt"/>
      <line num="2479" count="50" type="stmt"/>
      <line num="2481" count="50" type="cond" truecount="1" falsecount="1"/>
      <line num="2482" count="50" type="stmt"/>
      <line num="2483" count="50" type="stmt"/>
      <line num="2485" count="50" type="cond" truecount="1" falsecount="1"/>
      <line num="2486" count="50" type="stmt"/>
      <line num="2490" count="2" type="stmt"/>
      <line num="2492" count="4" type="stmt"/>
      <line num="2493" count="4" type="cond" truecount="1" falsecount="1"/>
      <line num="2499" count="4" type="cond" truecount="1" falsecount="1"/>
      <line num="2500" count="4" type="cond" truecount="1" falsecount="1"/>
      <line num="2502" count="4" type="cond" truecount="3" falsecount="1"/>
      <line num="2503" count="4" type="stmt"/>
      <line num="2513" count="2" type="stmt"/>
      <line num="2517" count="0" type="stmt"/>
      <line num="2518" count="0" type="cond" truecount="0" falsecount="2"/>
      <line num="2519" count="0" type="stmt"/>
      <line num="2521" count="0" type="stmt"/>
      <line num="2537" count="0" type="stmt"/>
      <line num="2549" count="0" type="stmt"/>
      <line num="2550" count="0" type="cond" truecount="0" falsecount="2"/>
      <line num="2551" count="0" type="stmt"/>
      <line num="2552" count="0" type="stmt"/>
      <line num="2554" count="0" type="stmt"/>
      <line num="2556" count="0" type="stmt"/>
      <line num="2568" count="0" type="stmt"/>
      <line num="2581" count="0" type="stmt"/>
      <line num="2582" count="0" type="stmt"/>
      <line num="2584" count="0" type="cond" truecount="0" falsecount="2"/>
      <line num="2586" count="0" type="cond" truecount="0" falsecount="2"/>
      <line num="2587" count="0" type="stmt"/>
      <line num="2589" count="0" type="stmt"/>
      <line num="2590" count="0" type="stmt"/>
      <line num="2591" count="0" type="stmt"/>
      <line num="2592" count="0" type="stmt"/>
      <line num="2593" count="0" type="stmt"/>
      <line num="2594" count="0" type="stmt"/>
      <line num="2596" count="0" type="stmt"/>
      <line num="2598" count="0" type="cond" truecount="0" falsecount="2"/>
      <line num="2601" count="0" type="stmt"/>
      <line num="2602" count="0" type="stmt"/>
      <line num="2605" count="0" type="stmt"/>
      <line num="2613" count="0" type="cond" truecount="0" falsecount="4"/>
      <line num="2614" count="0" type="stmt"/>
      <line num="2615" count="0" type="stmt"/>
      <line num="2616" count="0" type="cond" truecount="0" falsecount="4"/>
      <line num="2617" count="0" type="stmt"/>
      <line num="2621" count="0" type="cond" truecount="0" falsecount="1"/>
      <line num="2622" count="0" type="cond" truecount="0" falsecount="2"/>
      <line num="2623" count="0" type="stmt"/>
      <line num="2624" count="0" type="cond" truecount="0" falsecount="2"/>
      <line num="2625" count="0" type="cond" truecount="0" falsecount="4"/>
      <line num="2626" count="0" type="cond" truecount="0" falsecount="2"/>
      <line num="2631" count="0" type="cond" truecount="0" falsecount="2"/>
      <line num="2632" count="0" type="cond" truecount="0" falsecount="4"/>
      <line num="2634" count="0" type="stmt"/>
      <line num="2671" count="0" type="cond" truecount="0" falsecount="2"/>
      <line num="2672" count="0" type="cond" truecount="0" falsecount="2"/>
      <line num="2673" count="0" type="cond" truecount="0" falsecount="2"/>
      <line num="2674" count="0" type="cond" truecount="0" falsecount="2"/>
      <line num="2676" count="0" type="stmt"/>
      <line num="2678" count="0" type="stmt"/>
      <line num="2679" count="0" type="cond" truecount="0" falsecount="2"/>
      <line num="2680" count="0" type="cond" truecount="0" falsecount="2"/>
      <line num="2681" count="0" type="cond" truecount="0" falsecount="2"/>
      <line num="2682" count="0" type="stmt"/>
      <line num="2698" count="0" type="stmt"/>
      <line num="2719" count="0" type="cond" truecount="0" falsecount="2"/>
      <line num="2720" count="0" type="stmt"/>
      <line num="2724" count="0" type="stmt"/>
      <line num="2725" count="0" type="cond" truecount="0" falsecount="2"/>
      <line num="2729" count="0" type="cond" truecount="0" falsecount="2"/>
      <line num="2730" count="0" type="stmt"/>
      <line num="2743" count="0" type="stmt"/>
      <line num="2744" count="0" type="stmt"/>
      <line num="2745" count="0" type="cond" truecount="0" falsecount="2"/>
      <line num="2746" count="0" type="cond" truecount="0" falsecount="2"/>
      <line num="2747" count="0" type="stmt"/>
      <line num="2752" count="0" type="stmt"/>
      <line num="2753" count="0" type="stmt"/>
      <line num="2757" count="0" type="stmt"/>
      <line num="2758" count="0" type="stmt"/>
      <line num="2763" count="0" type="stmt"/>
      <line num="2764" count="0" type="stmt"/>
      <line num="2769" count="0" type="stmt"/>
      <line num="2774" count="0" type="cond" truecount="0" falsecount="2"/>
      <line num="2775" count="0" type="stmt"/>
      <line num="2776" count="0" type="cond" truecount="0" falsecount="2"/>
      <line num="2777" count="0" type="stmt"/>
      <line num="2779" count="0" type="stmt"/>
      <line num="2783" count="0" type="stmt"/>
      <line num="2784" count="0" type="stmt"/>
      <line num="2794" count="0" type="stmt"/>
      <line num="2806" count="0" type="stmt"/>
      <line num="2807" count="0" type="cond" truecount="0" falsecount="2"/>
      <line num="2809" count="0" type="stmt"/>
      <line num="2810" count="0" type="stmt"/>
      <line num="2811" count="0" type="cond" truecount="0" falsecount="2"/>
      <line num="2814" count="0" type="cond" truecount="0" falsecount="2"/>
      <line num="2817" count="0" type="cond" truecount="0" falsecount="2"/>
      <line num="2818" count="0" type="stmt"/>
      <line num="2855" count="0" type="stmt"/>
      <line num="2857" count="0" type="cond" truecount="0" falsecount="2"/>
      <line num="2858" count="0" type="stmt"/>
      <line num="2859" count="0" type="stmt"/>
      <line num="2860" count="0" type="stmt"/>
      <line num="2861" count="0" type="stmt"/>
      <line num="2865" count="0" type="stmt"/>
      <line num="2866" count="0" type="cond" truecount="0" falsecount="2"/>
      <line num="2867" count="0" type="stmt"/>
      <line num="2868" count="0" type="stmt"/>
      <line num="2871" count="0" type="stmt"/>
      <line num="2872" count="0" type="stmt"/>
      <line num="2873" count="0" type="stmt"/>
      <line num="2874" count="0" type="stmt"/>
      <line num="2875" count="0" type="stmt"/>
      <line num="2876" count="0" type="stmt"/>
      <line num="2884" count="1" type="stmt"/>
      <line num="2886" count="1" type="cond" truecount="1" falsecount="1"/>
      <line num="2887" count="1" type="stmt"/>
      <line num="2888" count="1" type="stmt"/>
      <line num="2889" count="1" type="stmt"/>
      <line num="2890" count="1" type="stmt"/>
      <line num="2891" count="1" type="stmt"/>
    </file>
  </project>
</coverage>
