{"C:\\Users\\wifel\\Desktop\\Assets\\BFS IT\\Projekt\\wetter-app\\src\\features.js": {"path":"C:\\Users\\wifel\\Desktop\\Assets\\BFS IT\\Projekt\\wetter-app\\src\\features.js","statementMap":{"0":{"start":{"line":28,"column":2},"end":{"line":28,"column":54}},"1":{"start":{"line":28,"column":37},"end":{"line":28,"column":54}},"2":{"start":{"line":29,"column":2},"end":{"line":29,"column":49}},"3":{"start":{"line":36,"column":2},"end":{"line":36,"column":33}},"4":{"start":{"line":43,"column":2},"end":{"line":43,"column":37}},"5":{"start":{"line":60,"column":4},"end":{"line":60,"column":35}},"6":{"start":{"line":61,"column":4},"end":{"line":61,"column":40}},"7":{"start":{"line":62,"column":4},"end":{"line":62,"column":20}},"8":{"start":{"line":63,"column":4},"end":{"line":63,"column":23}},"9":{"start":{"line":64,"column":4},"end":{"line":64,"column":26}},"10":{"start":{"line":65,"column":4},"end":{"line":65,"column":29}},"11":{"start":{"line":66,"column":4},"end":{"line":66,"column":35}},"12":{"start":{"line":67,"column":4},"end":{"line":67,"column":53}},"13":{"start":{"line":68,"column":4},"end":{"line":68,"column":53}},"14":{"start":{"line":69,"column":4},"end":{"line":69,"column":65}},"15":{"start":{"line":69,"column":56},"end":{"line":69,"column":63}},"16":{"start":{"line":70,"column":4},"end":{"line":70,"column":33}},"17":{"start":{"line":71,"column":4},"end":{"line":71,"column":25}},"18":{"start":{"line":72,"column":4},"end":{"line":72,"column":25}},"19":{"start":{"line":73,"column":4},"end":{"line":73,"column":31}},"20":{"start":{"line":74,"column":4},"end":{"line":74,"column":34}},"21":{"start":{"line":75,"column":4},"end":{"line":75,"column":33}},"22":{"start":{"line":76,"column":4},"end":{"line":76,"column":34}},"23":{"start":{"line":77,"column":4},"end":{"line":77,"column":54}},"24":{"start":{"line":78,"column":4},"end":{"line":78,"column":34}},"25":{"start":{"line":79,"column":4},"end":{"line":79,"column":36}},"26":{"start":{"line":80,"column":4},"end":{"line":80,"column":61}},"27":{"start":{"line":81,"column":4},"end":{"line":81,"column":40}},"28":{"start":{"line":82,"column":4},"end":{"line":82,"column":42}},"29":{"start":{"line":83,"column":4},"end":{"line":83,"column":32}},"30":{"start":{"line":84,"column":4},"end":{"line":84,"column":35}},"31":{"start":{"line":85,"column":4},"end":{"line":85,"column":32}},"32":{"start":{"line":86,"column":4},"end":{"line":86,"column":41}},"33":{"start":{"line":87,"column":4},"end":{"line":87,"column":37}},"34":{"start":{"line":88,"column":4},"end":{"line":88,"column":37}},"35":{"start":{"line":89,"column":4},"end":{"line":89,"column":38}},"36":{"start":{"line":90,"column":4},"end":{"line":90,"column":36}},"37":{"start":{"line":91,"column":4},"end":{"line":91,"column":39}},"38":{"start":{"line":92,"column":4},"end":{"line":92,"column":26}},"39":{"start":{"line":93,"column":4},"end":{"line":93,"column":33}},"40":{"start":{"line":94,"column":4},"end":{"line":94,"column":26}},"41":{"start":{"line":95,"column":4},"end":{"line":95,"column":32}},"42":{"start":{"line":96,"column":4},"end":{"line":96,"column":31}},"43":{"start":{"line":97,"column":4},"end":{"line":97,"column":34}},"44":{"start":{"line":98,"column":4},"end":{"line":98,"column":33}},"45":{"start":{"line":99,"column":4},"end":{"line":99,"column":34}},"46":{"start":{"line":100,"column":4},"end":{"line":100,"column":25}},"47":{"start":{"line":101,"column":4},"end":{"line":101,"column":31}},"48":{"start":{"line":102,"column":4},"end":{"line":102,"column":31}},"49":{"start":{"line":103,"column":4},"end":{"line":103,"column":36}},"50":{"start":{"line":107,"column":22},"end":{"line":107,"column":63}},"51":{"start":{"line":108,"column":4},"end":{"line":111,"column":5}},"52":{"start":{"line":109,"column":6},"end":{"line":109,"column":69}},"53":{"start":{"line":110,"column":6},"end":{"line":110,"column":13}},"54":{"start":{"line":113,"column":4},"end":{"line":117,"column":5}},"55":{"start":{"line":114,"column":6},"end":{"line":115,"column":87}},"56":{"start":{"line":116,"column":6},"end":{"line":116,"column":13}},"57":{"start":{"line":119,"column":4},"end":{"line":119,"column":38}},"58":{"start":{"line":120,"column":4},"end":{"line":120,"column":31}},"59":{"start":{"line":121,"column":4},"end":{"line":121,"column":29}},"60":{"start":{"line":123,"column":4},"end":{"line":129,"column":5}},"61":{"start":{"line":124,"column":6},"end":{"line":124,"column":32}},"62":{"start":{"line":125,"column":6},"end":{"line":125,"column":34}},"63":{"start":{"line":126,"column":6},"end":{"line":126,"column":43}},"64":{"start":{"line":127,"column":6},"end":{"line":127,"column":40}},"65":{"start":{"line":128,"column":6},"end":{"line":128,"column":36}},"66":{"start":{"line":131,"column":4},"end":{"line":131,"column":36}},"67":{"start":{"line":132,"column":4},"end":{"line":132,"column":37}},"68":{"start":{"line":133,"column":4},"end":{"line":133,"column":28}},"69":{"start":{"line":137,"column":4},"end":{"line":142,"column":31}},"70":{"start":{"line":144,"column":4},"end":{"line":149,"column":23}},"71":{"start":{"line":151,"column":4},"end":{"line":151,"column":27}},"72":{"start":{"line":152,"column":4},"end":{"line":154,"column":5}},"73":{"start":{"line":153,"column":6},"end":{"line":153,"column":37}},"74":{"start":{"line":155,"column":4},"end":{"line":155,"column":28}},"75":{"start":{"line":159,"column":4},"end":{"line":159,"column":26}},"76":{"start":{"line":159,"column":19},"end":{"line":159,"column":26}},"77":{"start":{"line":161,"column":4},"end":{"line":167,"column":5}},"78":{"start":{"line":162,"column":6},"end":{"line":162,"column":40}},"79":{"start":{"line":163,"column":6},"end":{"line":163,"column":76}},"80":{"start":{"line":165,"column":6},"end":{"line":165,"column":68}},"81":{"start":{"line":166,"column":6},"end":{"line":166,"column":70}},"82":{"start":{"line":171,"column":4},"end":{"line":227,"column":6}},"83":{"start":{"line":231,"column":4},"end":{"line":342,"column":6}},"84":{"start":{"line":346,"column":4},"end":{"line":346,"column":26}},"85":{"start":{"line":346,"column":19},"end":{"line":346,"column":26}},"86":{"start":{"line":348,"column":21},"end":{"line":348,"column":23}},"87":{"start":{"line":349,"column":19},"end":{"line":349,"column":21}},"88":{"start":{"line":350,"column":28},"end":{"line":350,"column":33}},"89":{"start":{"line":351,"column":26},"end":{"line":351,"column":46}},"90":{"start":{"line":352,"column":26},"end":{"line":352,"column":63}},"91":{"start":{"line":353,"column":19},"end":{"line":355,"column":12}},"92":{"start":{"line":357,"column":4},"end":{"line":357,"column":31}},"93":{"start":{"line":358,"column":4},"end":{"line":358,"column":35}},"94":{"start":{"line":359,"column":4},"end":{"line":359,"column":29}},"95":{"start":{"line":361,"column":4},"end":{"line":426,"column":7}},"96":{"start":{"line":362,"column":16},"end":{"line":362,"column":26}},"97":{"start":{"line":363,"column":18},"end":{"line":363,"column":29}},"98":{"start":{"line":364,"column":19},"end":{"line":364,"column":40}},"99":{"start":{"line":365,"column":28},"end":{"line":365,"column":33}},"100":{"start":{"line":367,"column":6},"end":{"line":377,"column":7}},"101":{"start":{"line":368,"column":24},"end":{"line":368,"column":58}},"102":{"start":{"line":369,"column":8},"end":{"line":376,"column":9}},"103":{"start":{"line":370,"column":10},"end":{"line":370,"column":24}},"104":{"start":{"line":372,"column":10},"end":{"line":372,"column":35}},"105":{"start":{"line":373,"column":10},"end":{"line":373,"column":28}},"106":{"start":{"line":374,"column":10},"end":{"line":374,"column":40}},"107":{"start":{"line":375,"column":10},"end":{"line":375,"column":33}},"108":{"start":{"line":379,"column":6},"end":{"line":388,"column":7}},"109":{"start":{"line":380,"column":8},"end":{"line":387,"column":9}},"110":{"start":{"line":381,"column":10},"end":{"line":381,"column":36}},"111":{"start":{"line":382,"column":10},"end":{"line":382,"column":27}},"112":{"start":{"line":383,"column":10},"end":{"line":383,"column":42}},"113":{"start":{"line":384,"column":10},"end":{"line":384,"column":33}},"114":{"start":{"line":386,"column":10},"end":{"line":386,"column":69}},"115":{"start":{"line":390,"column":6},"end":{"line":394,"column":7}},"116":{"start":{"line":391,"column":8},"end":{"line":391,"column":24}},"117":{"start":{"line":392,"column":8},"end":{"line":392,"column":43}},"118":{"start":{"line":393,"column":8},"end":{"line":393,"column":31}},"119":{"start":{"line":396,"column":6},"end":{"line":399,"column":7}},"120":{"start":{"line":397,"column":8},"end":{"line":397,"column":55}},"121":{"start":{"line":398,"column":8},"end":{"line":398,"column":15}},"122":{"start":{"line":401,"column":27},"end":{"line":405,"column":7}},"123":{"start":{"line":407,"column":6},"end":{"line":416,"column":7}},"124":{"start":{"line":408,"column":8},"end":{"line":415,"column":11}},"125":{"start":{"line":418,"column":20},"end":{"line":418,"column":61}},"126":{"start":{"line":420,"column":6},"end":{"line":420,"column":65}},"127":{"start":{"line":420,"column":34},"end":{"line":420,"column":63}},"128":{"start":{"line":422,"column":6},"end":{"line":422,"column":37}},"129":{"start":{"line":423,"column":6},"end":{"line":423,"column":44}},"130":{"start":{"line":424,"column":6},"end":{"line":424,"column":52}},"131":{"start":{"line":425,"column":6},"end":{"line":425,"column":74}},"132":{"start":{"line":428,"column":24},"end":{"line":428,"column":56}},"133":{"start":{"line":430,"column":4},"end":{"line":444,"column":5}},"134":{"start":{"line":431,"column":6},"end":{"line":433,"column":7}},"135":{"start":{"line":432,"column":8},"end":{"line":432,"column":47}},"136":{"start":{"line":435,"column":6},"end":{"line":443,"column":7}},"137":{"start":{"line":436,"column":8},"end":{"line":438,"column":10}},"138":{"start":{"line":437,"column":10},"end":{"line":437,"column":45}},"139":{"start":{"line":439,"column":8},"end":{"line":441,"column":10}},"140":{"start":{"line":440,"column":10},"end":{"line":440,"column":48}},"141":{"start":{"line":442,"column":8},"end":{"line":442,"column":39}},"142":{"start":{"line":446,"column":4},"end":{"line":460,"column":5}},"143":{"start":{"line":447,"column":6},"end":{"line":459,"column":7}},"144":{"start":{"line":448,"column":8},"end":{"line":449,"column":77}},"145":{"start":{"line":450,"column":13},"end":{"line":459,"column":7}},"146":{"start":{"line":451,"column":8},"end":{"line":452,"column":73}},"147":{"start":{"line":453,"column":13},"end":{"line":459,"column":7}},"148":{"start":{"line":454,"column":8},"end":{"line":454,"column":69}},"149":{"start":{"line":455,"column":13},"end":{"line":459,"column":7}},"150":{"start":{"line":456,"column":8},"end":{"line":456,"column":64}},"151":{"start":{"line":458,"column":8},"end":{"line":458,"column":39}},"152":{"start":{"line":462,"column":4},"end":{"line":484,"column":5}},"153":{"start":{"line":463,"column":6},"end":{"line":483,"column":9}},"154":{"start":{"line":464,"column":8},"end":{"line":482,"column":9}},"155":{"start":{"line":465,"column":10},"end":{"line":465,"column":33}},"156":{"start":{"line":467,"column":25},"end":{"line":469,"column":16}},"157":{"start":{"line":470,"column":26},"end":{"line":470,"column":78}},"158":{"start":{"line":471,"column":10},"end":{"line":473,"column":11}},"159":{"start":{"line":472,"column":12},"end":{"line":472,"column":48}},"160":{"start":{"line":474,"column":30},"end":{"line":476,"column":11}},"161":{"start":{"line":475,"column":23},"end":{"line":475,"column":44}},"162":{"start":{"line":477,"column":10},"end":{"line":481,"column":11}},"163":{"start":{"line":478,"column":12},"end":{"line":478,"column":67}},"164":{"start":{"line":479,"column":12},"end":{"line":479,"column":40}},"165":{"start":{"line":480,"column":12},"end":{"line":480,"column":44}},"166":{"start":{"line":489,"column":6},"end":{"line":491,"column":25}},"167":{"start":{"line":492,"column":4},"end":{"line":492,"column":24}},"168":{"start":{"line":492,"column":17},"end":{"line":492,"column":24}},"169":{"start":{"line":493,"column":4},"end":{"line":495,"column":5}},"170":{"start":{"line":494,"column":6},"end":{"line":494,"column":72}},"171":{"start":{"line":496,"column":4},"end":{"line":496,"column":28}},"172":{"start":{"line":497,"column":4},"end":{"line":497,"column":71}},"173":{"start":{"line":498,"column":4},"end":{"line":513,"column":16}},"174":{"start":{"line":500,"column":20},"end":{"line":511,"column":9}},"175":{"start":{"line":514,"column":4},"end":{"line":520,"column":6}},"176":{"start":{"line":515,"column":18},"end":{"line":515,"column":56}},"177":{"start":{"line":516,"column":6},"end":{"line":516,"column":23}},"178":{"start":{"line":516,"column":16},"end":{"line":516,"column":23}},"179":{"start":{"line":517,"column":6},"end":{"line":517,"column":72}},"180":{"start":{"line":517,"column":65},"end":{"line":517,"column":72}},"181":{"start":{"line":518,"column":18},"end":{"line":518,"column":35}},"182":{"start":{"line":519,"column":6},"end":{"line":519,"column":40}},"183":{"start":{"line":521,"column":4},"end":{"line":521,"column":67}},"184":{"start":{"line":522,"column":4},"end":{"line":522,"column":36}},"185":{"start":{"line":523,"column":4},"end":{"line":523,"column":52}},"186":{"start":{"line":527,"column":4},"end":{"line":527,"column":31}},"187":{"start":{"line":528,"column":4},"end":{"line":530,"column":5}},"188":{"start":{"line":529,"column":6},"end":{"line":529,"column":32}},"189":{"start":{"line":534,"column":19},"end":{"line":534,"column":73}},"190":{"start":{"line":534,"column":55},"end":{"line":534,"column":72}},"191":{"start":{"line":535,"column":4},"end":{"line":535,"column":24}},"192":{"start":{"line":535,"column":17},"end":{"line":535,"column":24}},"193":{"start":{"line":536,"column":4},"end":{"line":538,"column":5}},"194":{"start":{"line":537,"column":6},"end":{"line":537,"column":52}},"195":{"start":{"line":539,"column":4},"end":{"line":541,"column":5}},"196":{"start":{"line":540,"column":6},"end":{"line":540,"column":51}},"197":{"start":{"line":542,"column":4},"end":{"line":542,"column":41}},"198":{"start":{"line":546,"column":4},"end":{"line":546,"column":26}},"199":{"start":{"line":546,"column":19},"end":{"line":546,"column":26}},"200":{"start":{"line":547,"column":24},"end":{"line":547,"column":55}},"201":{"start":{"line":548,"column":4},"end":{"line":551,"column":5}},"202":{"start":{"line":549,"column":6},"end":{"line":549,"column":29}},"203":{"start":{"line":550,"column":6},"end":{"line":550,"column":13}},"204":{"start":{"line":552,"column":4},"end":{"line":558,"column":5}},"205":{"start":{"line":557,"column":6},"end":{"line":557,"column":54}},"206":{"start":{"line":559,"column":4},"end":{"line":561,"column":5}},"207":{"start":{"line":560,"column":6},"end":{"line":560,"column":34}},"208":{"start":{"line":562,"column":19},"end":{"line":562,"column":73}},"209":{"start":{"line":562,"column":55},"end":{"line":562,"column":72}},"210":{"start":{"line":563,"column":4},"end":{"line":565,"column":31}},"211":{"start":{"line":566,"column":4},"end":{"line":566,"column":50}},"212":{"start":{"line":567,"column":4},"end":{"line":567,"column":32}},"213":{"start":{"line":571,"column":4},"end":{"line":571,"column":32}},"214":{"start":{"line":571,"column":25},"end":{"line":571,"column":32}},"215":{"start":{"line":572,"column":4},"end":{"line":572,"column":32}},"216":{"start":{"line":573,"column":4},"end":{"line":577,"column":7}},"217":{"start":{"line":574,"column":23},"end":{"line":574,"column":64}},"218":{"start":{"line":575,"column":6},"end":{"line":575,"column":50}},"219":{"start":{"line":576,"column":6},"end":{"line":576,"column":68}},"220":{"start":{"line":578,"column":4},"end":{"line":578,"column":34}},"221":{"start":{"line":582,"column":4},"end":{"line":582,"column":37}},"222":{"start":{"line":582,"column":30},"end":{"line":582,"column":37}},"223":{"start":{"line":584,"column":4},"end":{"line":598,"column":5}},"224":{"start":{"line":585,"column":6},"end":{"line":596,"column":8}},"225":{"start":{"line":597,"column":6},"end":{"line":597,"column":13}},"226":{"start":{"line":600,"column":19},"end":{"line":600,"column":73}},"227":{"start":{"line":600,"column":55},"end":{"line":600,"column":72}},"228":{"start":{"line":601,"column":4},"end":{"line":604,"column":5}},"229":{"start":{"line":602,"column":6},"end":{"line":602,"column":37}},"230":{"start":{"line":603,"column":6},"end":{"line":603,"column":13}},"231":{"start":{"line":606,"column":23},"end":{"line":606,"column":48}},"232":{"start":{"line":607,"column":26},"end":{"line":609,"column":12}},"233":{"start":{"line":608,"column":44},"end":{"line":608,"column":68}},"234":{"start":{"line":610,"column":23},"end":{"line":610,"column":75}},"235":{"start":{"line":612,"column":6},"end":{"line":615,"column":59}},"236":{"start":{"line":616,"column":18},"end":{"line":616,"column":79}},"237":{"start":{"line":618,"column":6},"end":{"line":618,"column":64}},"238":{"start":{"line":619,"column":27},"end":{"line":627,"column":5}},"239":{"start":{"line":629,"column":6},"end":{"line":633,"column":65}},"240":{"start":{"line":635,"column":6},"end":{"line":635,"column":65}},"241":{"start":{"line":637,"column":4},"end":{"line":651,"column":6}},"242":{"start":{"line":655,"column":25},"end":{"line":657,"column":5}},"243":{"start":{"line":656,"column":17},"end":{"line":656,"column":48}},"244":{"start":{"line":658,"column":4},"end":{"line":660,"column":5}},"245":{"start":{"line":659,"column":6},"end":{"line":659,"column":56}},"246":{"start":{"line":664,"column":4},"end":{"line":664,"column":26}},"247":{"start":{"line":664,"column":19},"end":{"line":664,"column":26}},"248":{"start":{"line":666,"column":4},"end":{"line":669,"column":5}},"249":{"start":{"line":667,"column":6},"end":{"line":667,"column":33}},"250":{"start":{"line":668,"column":6},"end":{"line":668,"column":31}},"251":{"start":{"line":671,"column":4},"end":{"line":678,"column":5}},"252":{"start":{"line":672,"column":6},"end":{"line":676,"column":9}},"253":{"start":{"line":673,"column":8},"end":{"line":675,"column":9}},"254":{"start":{"line":674,"column":10},"end":{"line":674,"column":38}},"255":{"start":{"line":677,"column":6},"end":{"line":677,"column":33}},"256":{"start":{"line":680,"column":4},"end":{"line":685,"column":5}},"257":{"start":{"line":684,"column":6},"end":{"line":684,"column":54}},"258":{"start":{"line":686,"column":4},"end":{"line":686,"column":31}},"259":{"start":{"line":688,"column":4},"end":{"line":688,"column":31}},"260":{"start":{"line":689,"column":4},"end":{"line":689,"column":32}},"261":{"start":{"line":694,"column":6},"end":{"line":695,"column":59}},"262":{"start":{"line":696,"column":4},"end":{"line":698,"column":5}},"263":{"start":{"line":697,"column":6},"end":{"line":697,"column":35}},"264":{"start":{"line":700,"column":4},"end":{"line":702,"column":5}},"265":{"start":{"line":701,"column":6},"end":{"line":701,"column":36}},"266":{"start":{"line":704,"column":4},"end":{"line":704,"column":34}},"267":{"start":{"line":705,"column":4},"end":{"line":705,"column":32}},"268":{"start":{"line":706,"column":4},"end":{"line":706,"column":32}},"269":{"start":{"line":708,"column":52},"end":{"line":714,"column":5}},"270":{"start":{"line":716,"column":26},"end":{"line":719,"column":5}},"271":{"start":{"line":717,"column":24},"end":{"line":717,"column":53}},"272":{"start":{"line":718,"column":6},"end":{"line":718,"column":50}},"273":{"start":{"line":721,"column":22},"end":{"line":727,"column":8}},"274":{"start":{"line":722,"column":6},"end":{"line":727,"column":8}},"275":{"start":{"line":723,"column":8},"end":{"line":725,"column":9}},"276":{"start":{"line":724,"column":10},"end":{"line":724,"column":59}},"277":{"start":{"line":726,"column":8},"end":{"line":726,"column":31}},"278":{"start":{"line":729,"column":23},"end":{"line":729,"column":76}},"279":{"start":{"line":730,"column":22},"end":{"line":730,"column":70}},"280":{"start":{"line":731,"column":24},"end":{"line":731,"column":71}},"281":{"start":{"line":733,"column":6},"end":{"line":733,"column":76}},"282":{"start":{"line":735,"column":27},"end":{"line":754,"column":5}},"283":{"start":{"line":736,"column":6},"end":{"line":738,"column":7}},"284":{"start":{"line":737,"column":8},"end":{"line":737,"column":63}},"285":{"start":{"line":739,"column":6},"end":{"line":741,"column":7}},"286":{"start":{"line":740,"column":8},"end":{"line":740,"column":63}},"287":{"start":{"line":742,"column":6},"end":{"line":742,"column":45}},"288":{"start":{"line":743,"column":6},"end":{"line":746,"column":17}},"289":{"start":{"line":747,"column":6},"end":{"line":750,"column":7}},"290":{"start":{"line":748,"column":8},"end":{"line":749,"column":69}},"291":{"start":{"line":751,"column":6},"end":{"line":751,"column":37}},"292":{"start":{"line":752,"column":6},"end":{"line":752,"column":34}},"293":{"start":{"line":753,"column":6},"end":{"line":753,"column":18}},"294":{"start":{"line":756,"column":28},"end":{"line":783,"column":5}},"295":{"start":{"line":757,"column":22},"end":{"line":770,"column":7}},"296":{"start":{"line":772,"column":22},"end":{"line":772,"column":26}},"297":{"start":{"line":773,"column":6},"end":{"line":781,"column":7}},"298":{"start":{"line":774,"column":8},"end":{"line":780,"column":9}},"299":{"start":{"line":775,"column":26},"end":{"line":775,"column":67}},"300":{"start":{"line":776,"column":10},"end":{"line":776,"column":54}},"301":{"start":{"line":778,"column":10},"end":{"line":778,"column":28}},"302":{"start":{"line":779,"column":10},"end":{"line":779,"column":64}},"303":{"start":{"line":782,"column":6},"end":{"line":782,"column":70}},"304":{"start":{"line":785,"column":4},"end":{"line":806,"column":9}},"305":{"start":{"line":787,"column":8},"end":{"line":789,"column":9}},"306":{"start":{"line":788,"column":10},"end":{"line":788,"column":33}},"307":{"start":{"line":790,"column":8},"end":{"line":790,"column":23}},"308":{"start":{"line":793,"column":8},"end":{"line":793,"column":63}},"309":{"start":{"line":794,"column":8},"end":{"line":794,"column":38}},"310":{"start":{"line":795,"column":8},"end":{"line":795,"column":58}},"311":{"start":{"line":796,"column":8},"end":{"line":796,"column":39}},"312":{"start":{"line":797,"column":8},"end":{"line":798,"column":88}},"313":{"start":{"line":799,"column":8},"end":{"line":799,"column":55}},"314":{"start":{"line":800,"column":8},"end":{"line":800,"column":36}},"315":{"start":{"line":801,"column":8},"end":{"line":801,"column":59}},"316":{"start":{"line":802,"column":8},"end":{"line":802,"column":21}},"317":{"start":{"line":805,"column":8},"end":{"line":805,"column":38}},"318":{"start":{"line":808,"column":4},"end":{"line":808,"column":34}},"319":{"start":{"line":812,"column":19},"end":{"line":812,"column":48}},"320":{"start":{"line":813,"column":4},"end":{"line":813,"column":75}},"321":{"start":{"line":814,"column":4},"end":{"line":816,"column":5}},"322":{"start":{"line":815,"column":6},"end":{"line":815,"column":59}},"323":{"start":{"line":817,"column":4},"end":{"line":817,"column":32}},"324":{"start":{"line":818,"column":4},"end":{"line":818,"column":32}},"325":{"start":{"line":819,"column":4},"end":{"line":819,"column":32}},"326":{"start":{"line":823,"column":4},"end":{"line":825,"column":5}},"327":{"start":{"line":824,"column":6},"end":{"line":824,"column":33}},"328":{"start":{"line":826,"column":4},"end":{"line":828,"column":5}},"329":{"start":{"line":827,"column":6},"end":{"line":827,"column":44}},"330":{"start":{"line":829,"column":4},"end":{"line":829,"column":32}},"331":{"start":{"line":830,"column":4},"end":{"line":830,"column":32}},"332":{"start":{"line":831,"column":4},"end":{"line":831,"column":32}},"333":{"start":{"line":835,"column":4},"end":{"line":835,"column":30}},"334":{"start":{"line":835,"column":23},"end":{"line":835,"column":30}},"335":{"start":{"line":836,"column":22},"end":{"line":836,"column":63}},"336":{"start":{"line":837,"column":4},"end":{"line":837,"column":27}},"337":{"start":{"line":837,"column":20},"end":{"line":837,"column":27}},"338":{"start":{"line":839,"column":17},"end":{"line":839,"column":46}},"339":{"start":{"line":840,"column":4},"end":{"line":840,"column":40}},"340":{"start":{"line":841,"column":4},"end":{"line":841,"column":47}},"341":{"start":{"line":842,"column":4},"end":{"line":842,"column":32}},"342":{"start":{"line":843,"column":4},"end":{"line":843,"column":25}},"343":{"start":{"line":847,"column":4},"end":{"line":847,"column":30}},"344":{"start":{"line":847,"column":23},"end":{"line":847,"column":30}},"345":{"start":{"line":848,"column":19},"end":{"line":848,"column":48}},"346":{"start":{"line":849,"column":4},"end":{"line":849,"column":44}},"347":{"start":{"line":850,"column":4},"end":{"line":850,"column":34}},"348":{"start":{"line":851,"column":4},"end":{"line":851,"column":27}},"349":{"start":{"line":855,"column":4},"end":{"line":855,"column":43}},"350":{"start":{"line":855,"column":36},"end":{"line":855,"column":43}},"351":{"start":{"line":856,"column":4},"end":{"line":856,"column":40}},"352":{"start":{"line":860,"column":4},"end":{"line":860,"column":37}},"353":{"start":{"line":860,"column":30},"end":{"line":860,"column":37}},"354":{"start":{"line":861,"column":19},"end":{"line":861,"column":64}},"355":{"start":{"line":862,"column":4},"end":{"line":862,"column":24}},"356":{"start":{"line":862,"column":17},"end":{"line":862,"column":24}},"357":{"start":{"line":863,"column":4},"end":{"line":863,"column":34}},"358":{"start":{"line":864,"column":4},"end":{"line":864,"column":32}},"359":{"start":{"line":865,"column":4},"end":{"line":865,"column":35}},"360":{"start":{"line":869,"column":4},"end":{"line":869,"column":41}},"361":{"start":{"line":869,"column":34},"end":{"line":869,"column":41}},"362":{"start":{"line":870,"column":19},"end":{"line":870,"column":63}},"363":{"start":{"line":871,"column":4},"end":{"line":871,"column":24}},"364":{"start":{"line":871,"column":17},"end":{"line":871,"column":24}},"365":{"start":{"line":872,"column":4},"end":{"line":872,"column":33}},"366":{"start":{"line":873,"column":4},"end":{"line":879,"column":6}},"367":{"start":{"line":874,"column":18},"end":{"line":874,"column":59}},"368":{"start":{"line":875,"column":6},"end":{"line":875,"column":23}},"369":{"start":{"line":875,"column":16},"end":{"line":875,"column":23}},"370":{"start":{"line":876,"column":6},"end":{"line":876,"column":29}},"371":{"start":{"line":877,"column":21},"end":{"line":877,"column":56}},"372":{"start":{"line":878,"column":6},"end":{"line":878,"column":38}},"373":{"start":{"line":880,"column":4},"end":{"line":880,"column":63}},"374":{"start":{"line":884,"column":4},"end":{"line":884,"column":37}},"375":{"start":{"line":884,"column":30},"end":{"line":884,"column":37}},"376":{"start":{"line":885,"column":4},"end":{"line":919,"column":5}},"377":{"start":{"line":887,"column":8},"end":{"line":892,"column":9}},"378":{"start":{"line":888,"column":25},"end":{"line":888,"column":48}},"379":{"start":{"line":889,"column":23},"end":{"line":889,"column":60}},"380":{"start":{"line":890,"column":10},"end":{"line":890,"column":59}},"381":{"start":{"line":891,"column":10},"end":{"line":891,"column":34}},"382":{"start":{"line":893,"column":27},"end":{"line":893,"column":53}},"383":{"start":{"line":894,"column":8},"end":{"line":896,"column":9}},"384":{"start":{"line":895,"column":10},"end":{"line":895,"column":78}},"385":{"start":{"line":897,"column":8},"end":{"line":897,"column":14}},"386":{"start":{"line":900,"column":8},"end":{"line":900,"column":46}},"387":{"start":{"line":901,"column":8},"end":{"line":903,"column":9}},"388":{"start":{"line":902,"column":10},"end":{"line":902,"column":40}},"389":{"start":{"line":904,"column":8},"end":{"line":904,"column":14}},"390":{"start":{"line":907,"column":8},"end":{"line":909,"column":9}},"391":{"start":{"line":908,"column":10},"end":{"line":908,"column":70}},"392":{"start":{"line":910,"column":8},"end":{"line":910,"column":31}},"393":{"start":{"line":911,"column":8},"end":{"line":911,"column":14}},"394":{"start":{"line":914,"column":8},"end":{"line":914,"column":36}},"395":{"start":{"line":915,"column":8},"end":{"line":915,"column":14}},"396":{"start":{"line":918,"column":8},"end":{"line":918,"column":14}},"397":{"start":{"line":923,"column":4},"end":{"line":928,"column":5}},"398":{"start":{"line":924,"column":6},"end":{"line":926,"column":8}},"399":{"start":{"line":927,"column":6},"end":{"line":927,"column":19}},"400":{"start":{"line":930,"column":4},"end":{"line":930,"column":57}},"401":{"start":{"line":931,"column":4},"end":{"line":952,"column":6}},"402":{"start":{"line":933,"column":40},"end":{"line":933,"column":55}},"403":{"start":{"line":934,"column":21},"end":{"line":934,"column":59}},"404":{"start":{"line":935,"column":8},"end":{"line":935,"column":67}},"405":{"start":{"line":936,"column":8},"end":{"line":936,"column":72}},"406":{"start":{"line":937,"column":8},"end":{"line":937,"column":33}},"407":{"start":{"line":938,"column":8},"end":{"line":938,"column":70}},"408":{"start":{"line":939,"column":8},"end":{"line":939,"column":62}},"409":{"start":{"line":942,"column":8},"end":{"line":942,"column":63}},"410":{"start":{"line":944,"column":10},"end":{"line":944,"column":69}},"411":{"start":{"line":945,"column":8},"end":{"line":945,"column":37}},"412":{"start":{"line":953,"column":4},"end":{"line":953,"column":16}},"413":{"start":{"line":957,"column":4},"end":{"line":993,"column":5}},"414":{"start":{"line":959,"column":8},"end":{"line":962,"column":31}},"415":{"start":{"line":963,"column":23},"end":{"line":965,"column":8}},"416":{"start":{"line":966,"column":6},"end":{"line":970,"column":7}},"417":{"start":{"line":967,"column":8},"end":{"line":969,"column":10}},"418":{"start":{"line":971,"column":22},"end":{"line":971,"column":43}},"419":{"start":{"line":973,"column":8},"end":{"line":977,"column":28}},"420":{"start":{"line":978,"column":6},"end":{"line":978,"column":46}},"421":{"start":{"line":980,"column":8},"end":{"line":980,"column":44}},"422":{"start":{"line":982,"column":6},"end":{"line":984,"column":7}},"423":{"start":{"line":983,"column":8},"end":{"line":983,"column":35}},"424":{"start":{"line":985,"column":18},"end":{"line":985,"column":38}},"425":{"start":{"line":986,"column":6},"end":{"line":988,"column":7}},"426":{"start":{"line":987,"column":8},"end":{"line":987,"column":38}},"427":{"start":{"line":989,"column":6},"end":{"line":989,"column":64}},"428":{"start":{"line":991,"column":6},"end":{"line":991,"column":61}},"429":{"start":{"line":992,"column":6},"end":{"line":992,"column":80}},"430":{"start":{"line":997,"column":22},"end":{"line":997,"column":62}},"431":{"start":{"line":998,"column":4},"end":{"line":998,"column":27}},"432":{"start":{"line":998,"column":20},"end":{"line":998,"column":27}},"433":{"start":{"line":999,"column":4},"end":{"line":1001,"column":5}},"434":{"start":{"line":1000,"column":6},"end":{"line":1000,"column":47}},"435":{"start":{"line":1002,"column":4},"end":{"line":1002,"column":46}},"436":{"start":{"line":1003,"column":4},"end":{"line":1011,"column":6}},"437":{"start":{"line":1006,"column":8},"end":{"line":1008,"column":9}},"438":{"start":{"line":1007,"column":10},"end":{"line":1007,"column":48}},"439":{"start":{"line":1015,"column":4},"end":{"line":1015,"column":67}},"440":{"start":{"line":1015,"column":60},"end":{"line":1015,"column":67}},"441":{"start":{"line":1016,"column":4},"end":{"line":1016,"column":80}},"442":{"start":{"line":1016,"column":43},"end":{"line":1016,"column":79}},"443":{"start":{"line":1017,"column":4},"end":{"line":1018,"column":46}},"444":{"start":{"line":1018,"column":6},"end":{"line":1018,"column":45}},"445":{"start":{"line":1019,"column":4},"end":{"line":1019,"column":78}},"446":{"start":{"line":1020,"column":4},"end":{"line":1023,"column":6}},"447":{"start":{"line":1027,"column":4},"end":{"line":1027,"column":38}},"448":{"start":{"line":1027,"column":31},"end":{"line":1027,"column":38}},"449":{"start":{"line":1029,"column":4},"end":{"line":1033,"column":5}},"450":{"start":{"line":1030,"column":6},"end":{"line":1031,"column":70}},"451":{"start":{"line":1032,"column":6},"end":{"line":1032,"column":13}},"452":{"start":{"line":1035,"column":23},"end":{"line":1035,"column":56}},"453":{"start":{"line":1036,"column":26},"end":{"line":1036,"column":62}},"454":{"start":{"line":1037,"column":28},"end":{"line":1037,"column":64}},"455":{"start":{"line":1038,"column":23},"end":{"line":1038,"column":56}},"456":{"start":{"line":1039,"column":4},"end":{"line":1050,"column":5}},"457":{"start":{"line":1040,"column":6},"end":{"line":1049,"column":7}},"458":{"start":{"line":1041,"column":8},"end":{"line":1041,"column":37}},"459":{"start":{"line":1042,"column":8},"end":{"line":1042,"column":57}},"460":{"start":{"line":1043,"column":13},"end":{"line":1049,"column":7}},"461":{"start":{"line":1044,"column":8},"end":{"line":1044,"column":40}},"462":{"start":{"line":1045,"column":8},"end":{"line":1045,"column":57}},"463":{"start":{"line":1046,"column":13},"end":{"line":1049,"column":7}},"464":{"start":{"line":1047,"column":8},"end":{"line":1047,"column":41}},"465":{"start":{"line":1048,"column":8},"end":{"line":1048,"column":57}},"466":{"start":{"line":1052,"column":4},"end":{"line":1061,"column":5}},"467":{"start":{"line":1053,"column":6},"end":{"line":1053,"column":53}},"468":{"start":{"line":1054,"column":21},"end":{"line":1056,"column":12}},"469":{"start":{"line":1057,"column":6},"end":{"line":1059,"column":15}},"470":{"start":{"line":1060,"column":6},"end":{"line":1060,"column":13}},"471":{"start":{"line":1063,"column":4},"end":{"line":1066,"column":6}},"472":{"start":{"line":1068,"column":24},"end":{"line":1068,"column":56}},"473":{"start":{"line":1069,"column":18},"end":{"line":1069,"column":58}},"474":{"start":{"line":1070,"column":20},"end":{"line":1070,"column":62}},"475":{"start":{"line":1072,"column":6},"end":{"line":1074,"column":11}},"476":{"start":{"line":1075,"column":26},"end":{"line":1075,"column":62}},"477":{"start":{"line":1076,"column":20},"end":{"line":1076,"column":44}},"478":{"start":{"line":1077,"column":25},"end":{"line":1077,"column":65}},"479":{"start":{"line":1078,"column":24},"end":{"line":1078,"column":61}},"480":{"start":{"line":1080,"column":23},"end":{"line":1089,"column":5}},"481":{"start":{"line":1081,"column":22},"end":{"line":1086,"column":18}},"482":{"start":{"line":1087,"column":23},"end":{"line":1087,"column":50}},"483":{"start":{"line":1088,"column":6},"end":{"line":1088,"column":111}},"484":{"start":{"line":1091,"column":4},"end":{"line":1131,"column":6}},"485":{"start":{"line":1135,"column":4},"end":{"line":1137,"column":5}},"486":{"start":{"line":1136,"column":6},"end":{"line":1136,"column":75}},"487":{"start":{"line":1138,"column":24},"end":{"line":1140,"column":5}},"488":{"start":{"line":1139,"column":17},"end":{"line":1139,"column":38}},"489":{"start":{"line":1141,"column":4},"end":{"line":1145,"column":5}},"490":{"start":{"line":1142,"column":6},"end":{"line":1142,"column":63}},"491":{"start":{"line":1143,"column":6},"end":{"line":1143,"column":34}},"492":{"start":{"line":1144,"column":6},"end":{"line":1144,"column":38}},"493":{"start":{"line":1146,"column":4},"end":{"line":1146,"column":41}},"494":{"start":{"line":1151,"column":6},"end":{"line":1151,"column":85}},"495":{"start":{"line":1152,"column":4},"end":{"line":1152,"column":41}},"496":{"start":{"line":1153,"column":4},"end":{"line":1153,"column":41}},"497":{"start":{"line":1154,"column":4},"end":{"line":1155,"column":75}},"498":{"start":{"line":1156,"column":4},"end":{"line":1158,"column":5}},"499":{"start":{"line":1157,"column":6},"end":{"line":1157,"column":52}},"500":{"start":{"line":1159,"column":4},"end":{"line":1161,"column":5}},"501":{"start":{"line":1160,"column":6},"end":{"line":1160,"column":29}},"502":{"start":{"line":1162,"column":24},"end":{"line":1164,"column":5}},"503":{"start":{"line":1163,"column":17},"end":{"line":1163,"column":38}},"504":{"start":{"line":1165,"column":4},"end":{"line":1173,"column":5}},"505":{"start":{"line":1166,"column":6},"end":{"line":1170,"column":8}},"506":{"start":{"line":1171,"column":6},"end":{"line":1171,"column":34}},"507":{"start":{"line":1172,"column":6},"end":{"line":1172,"column":38}},"508":{"start":{"line":1174,"column":4},"end":{"line":1174,"column":32}},"509":{"start":{"line":1178,"column":20},"end":{"line":1178,"column":61}},"510":{"start":{"line":1179,"column":4},"end":{"line":1184,"column":5}},"511":{"start":{"line":1180,"column":6},"end":{"line":1180,"column":35}},"512":{"start":{"line":1180,"column":28},"end":{"line":1180,"column":35}},"513":{"start":{"line":1181,"column":19},"end":{"line":1181,"column":58}},"514":{"start":{"line":1182,"column":6},"end":{"line":1182,"column":40}},"515":{"start":{"line":1183,"column":6},"end":{"line":1183,"column":13}},"516":{"start":{"line":1186,"column":22},"end":{"line":1186,"column":65}},"517":{"start":{"line":1187,"column":4},"end":{"line":1193,"column":5}},"518":{"start":{"line":1188,"column":6},"end":{"line":1190,"column":7}},"519":{"start":{"line":1189,"column":8},"end":{"line":1189,"column":15}},"520":{"start":{"line":1191,"column":21},"end":{"line":1191,"column":64}},"521":{"start":{"line":1192,"column":6},"end":{"line":1192,"column":38}},"522":{"start":{"line":1197,"column":18},"end":{"line":1197,"column":60}},"523":{"start":{"line":1198,"column":4},"end":{"line":1200,"column":5}},"524":{"start":{"line":1199,"column":6},"end":{"line":1199,"column":13}},"525":{"start":{"line":1201,"column":4},"end":{"line":1203,"column":5}},"526":{"start":{"line":1202,"column":6},"end":{"line":1202,"column":13}},"527":{"start":{"line":1204,"column":4},"end":{"line":1204,"column":27}},"528":{"start":{"line":1205,"column":17},"end":{"line":1205,"column":46}},"529":{"start":{"line":1206,"column":4},"end":{"line":1206,"column":28}},"530":{"start":{"line":1206,"column":21},"end":{"line":1206,"column":28}},"531":{"start":{"line":1207,"column":20},"end":{"line":1207,"column":60}},"532":{"start":{"line":1208,"column":4},"end":{"line":1208,"column":43}},"533":{"start":{"line":1212,"column":4},"end":{"line":1212,"column":54}},"534":{"start":{"line":1212,"column":47},"end":{"line":1212,"column":54}},"535":{"start":{"line":1213,"column":4},"end":{"line":1213,"column":31}},"536":{"start":{"line":1214,"column":19},"end":{"line":1214,"column":52}},"537":{"start":{"line":1215,"column":4},"end":{"line":1218,"column":5}},"538":{"start":{"line":1216,"column":6},"end":{"line":1216,"column":34}},"539":{"start":{"line":1217,"column":6},"end":{"line":1217,"column":13}},"540":{"start":{"line":1219,"column":4},"end":{"line":1219,"column":63}},"541":{"start":{"line":1220,"column":4},"end":{"line":1220,"column":39}},"542":{"start":{"line":1224,"column":4},"end":{"line":1239,"column":5}},"543":{"start":{"line":1226,"column":8},"end":{"line":1226,"column":38}},"544":{"start":{"line":1227,"column":8},"end":{"line":1227,"column":14}},"545":{"start":{"line":1229,"column":8},"end":{"line":1229,"column":37}},"546":{"start":{"line":1230,"column":8},"end":{"line":1230,"column":14}},"547":{"start":{"line":1232,"column":8},"end":{"line":1232,"column":40}},"548":{"start":{"line":1233,"column":8},"end":{"line":1233,"column":14}},"549":{"start":{"line":1235,"column":8},"end":{"line":1235,"column":39}},"550":{"start":{"line":1236,"column":8},"end":{"line":1236,"column":14}},"551":{"start":{"line":1238,"column":8},"end":{"line":1238,"column":14}},"552":{"start":{"line":1243,"column":19},"end":{"line":1243,"column":52}},"553":{"start":{"line":1244,"column":4},"end":{"line":1244,"column":31}},"554":{"start":{"line":1244,"column":24},"end":{"line":1244,"column":31}},"555":{"start":{"line":1245,"column":20},"end":{"line":1245,"column":53}},"556":{"start":{"line":1246,"column":18},"end":{"line":1246,"column":59}},"557":{"start":{"line":1247,"column":4},"end":{"line":1247,"column":36}},"558":{"start":{"line":1251,"column":19},"end":{"line":1251,"column":52}},"559":{"start":{"line":1252,"column":4},"end":{"line":1252,"column":31}},"560":{"start":{"line":1252,"column":24},"end":{"line":1252,"column":31}},"561":{"start":{"line":1253,"column":19},"end":{"line":1253,"column":32}},"562":{"start":{"line":1255,"column":6},"end":{"line":1255,"column":72}},"563":{"start":{"line":1256,"column":4},"end":{"line":1256,"column":40}},"564":{"start":{"line":1260,"column":19},"end":{"line":1260,"column":52}},"565":{"start":{"line":1261,"column":4},"end":{"line":1261,"column":31}},"566":{"start":{"line":1261,"column":24},"end":{"line":1261,"column":31}},"567":{"start":{"line":1262,"column":19},"end":{"line":1262,"column":32}},"568":{"start":{"line":1263,"column":20},"end":{"line":1263,"column":60}},"569":{"start":{"line":1264,"column":4},"end":{"line":1264,"column":40}},"570":{"start":{"line":1265,"column":4},"end":{"line":1265,"column":39}},"571":{"start":{"line":1269,"column":4},"end":{"line":1269,"column":41}},"572":{"start":{"line":1269,"column":34},"end":{"line":1269,"column":41}},"573":{"start":{"line":1270,"column":4},"end":{"line":1270,"column":58}},"574":{"start":{"line":1270,"column":51},"end":{"line":1270,"column":58}},"575":{"start":{"line":1271,"column":4},"end":{"line":1271,"column":36}},"576":{"start":{"line":1272,"column":4},"end":{"line":1274,"column":5}},"577":{"start":{"line":1273,"column":6},"end":{"line":1273,"column":51}},"578":{"start":{"line":1275,"column":4},"end":{"line":1277,"column":12}},"579":{"start":{"line":1276,"column":6},"end":{"line":1276,"column":35}},"580":{"start":{"line":1278,"column":4},"end":{"line":1278,"column":32}},"581":{"start":{"line":1282,"column":19},"end":{"line":1282,"column":42}},"582":{"start":{"line":1283,"column":4},"end":{"line":1286,"column":5}},"583":{"start":{"line":1284,"column":6},"end":{"line":1284,"column":51}},"584":{"start":{"line":1285,"column":6},"end":{"line":1285,"column":43}},"585":{"start":{"line":1287,"column":4},"end":{"line":1290,"column":5}},"586":{"start":{"line":1288,"column":6},"end":{"line":1288,"column":39}},"587":{"start":{"line":1289,"column":6},"end":{"line":1289,"column":13}},"588":{"start":{"line":1291,"column":4},"end":{"line":1291,"column":37}},"589":{"start":{"line":1292,"column":4},"end":{"line":1294,"column":5}},"590":{"start":{"line":1293,"column":6},"end":{"line":1293,"column":34}},"591":{"start":{"line":1298,"column":16},"end":{"line":1298,"column":50}},"592":{"start":{"line":1299,"column":4},"end":{"line":1302,"column":5}},"593":{"start":{"line":1300,"column":6},"end":{"line":1300,"column":34}},"594":{"start":{"line":1301,"column":6},"end":{"line":1301,"column":13}},"595":{"start":{"line":1303,"column":4},"end":{"line":1303,"column":33}},"596":{"start":{"line":1304,"column":18},"end":{"line":1304,"column":53}},"597":{"start":{"line":1305,"column":4},"end":{"line":1307,"column":5}},"598":{"start":{"line":1306,"column":6},"end":{"line":1306,"column":24}},"599":{"start":{"line":1308,"column":4},"end":{"line":1308,"column":32}},"600":{"start":{"line":1312,"column":4},"end":{"line":1312,"column":42}},"601":{"start":{"line":1312,"column":32},"end":{"line":1312,"column":42}},"602":{"start":{"line":1313,"column":4},"end":{"line":1315,"column":5}},"603":{"start":{"line":1314,"column":6},"end":{"line":1314,"column":50}},"604":{"start":{"line":1316,"column":4},"end":{"line":1316,"column":45}},"605":{"start":{"line":1320,"column":19},"end":{"line":1320,"column":52}},"606":{"start":{"line":1321,"column":4},"end":{"line":1321,"column":36}},"607":{"start":{"line":1321,"column":24},"end":{"line":1321,"column":36}},"608":{"start":{"line":1322,"column":18},"end":{"line":1325,"column":5}},"609":{"start":{"line":1326,"column":4},"end":{"line":1326,"column":25}},"610":{"start":{"line":1330,"column":18},"end":{"line":1330,"column":50}},"611":{"start":{"line":1331,"column":4},"end":{"line":1333,"column":5}},"612":{"start":{"line":1332,"column":6},"end":{"line":1332,"column":49}},"613":{"start":{"line":1334,"column":4},"end":{"line":1336,"column":5}},"614":{"start":{"line":1335,"column":6},"end":{"line":1335,"column":36}},"615":{"start":{"line":1337,"column":4},"end":{"line":1337,"column":16}},"616":{"start":{"line":1341,"column":4},"end":{"line":1341,"column":34}},"617":{"start":{"line":1341,"column":22},"end":{"line":1341,"column":34}},"618":{"start":{"line":1342,"column":17},"end":{"line":1342,"column":74}},"619":{"start":{"line":1343,"column":21},"end":{"line":1343,"column":62}},"620":{"start":{"line":1344,"column":25},"end":{"line":1344,"column":70}},"621":{"start":{"line":1345,"column":4},"end":{"line":1350,"column":5}},"622":{"start":{"line":1346,"column":6},"end":{"line":1348,"column":7}},"623":{"start":{"line":1347,"column":8},"end":{"line":1347,"column":26}},"624":{"start":{"line":1349,"column":6},"end":{"line":1349,"column":73}},"625":{"start":{"line":1351,"column":23},"end":{"line":1353,"column":24}},"626":{"start":{"line":1354,"column":17},"end":{"line":1354,"column":39}},"627":{"start":{"line":1355,"column":4},"end":{"line":1357,"column":5}},"628":{"start":{"line":1356,"column":6},"end":{"line":1356,"column":18}},"629":{"start":{"line":1358,"column":4},"end":{"line":1358,"column":65}},"630":{"start":{"line":1362,"column":4},"end":{"line":1362,"column":33}},"631":{"start":{"line":1362,"column":22},"end":{"line":1362,"column":33}},"632":{"start":{"line":1363,"column":22},"end":{"line":1366,"column":6}},"633":{"start":{"line":1367,"column":4},"end":{"line":1367,"column":50}},"634":{"start":{"line":1371,"column":4},"end":{"line":1371,"column":43}},"635":{"start":{"line":1371,"column":22},"end":{"line":1371,"column":43}},"636":{"start":{"line":1373,"column":6},"end":{"line":1377,"column":22}},"637":{"start":{"line":1378,"column":24},"end":{"line":1378,"column":69}},"638":{"start":{"line":1379,"column":19},"end":{"line":1379,"column":26}},"639":{"start":{"line":1380,"column":4},"end":{"line":1384,"column":5}},"640":{"start":{"line":1381,"column":6},"end":{"line":1381,"column":39}},"641":{"start":{"line":1382,"column":11},"end":{"line":1384,"column":5}},"642":{"start":{"line":1383,"column":6},"end":{"line":1383,"column":38}},"643":{"start":{"line":1385,"column":4},"end":{"line":1385,"column":40}},"644":{"start":{"line":1389,"column":4},"end":{"line":1389,"column":42}},"645":{"start":{"line":1389,"column":32},"end":{"line":1389,"column":42}},"646":{"start":{"line":1390,"column":4},"end":{"line":1397,"column":10}},"647":{"start":{"line":1391,"column":25},"end":{"line":1391,"column":44}},"648":{"start":{"line":1392,"column":23},"end":{"line":1397,"column":7}},"649":{"start":{"line":1401,"column":17},"end":{"line":1401,"column":78}},"650":{"start":{"line":1402,"column":20},"end":{"line":1405,"column":5}},"651":{"start":{"line":1406,"column":22},"end":{"line":1409,"column":5}},"652":{"start":{"line":1410,"column":4},"end":{"line":1412,"column":5}},"653":{"start":{"line":1411,"column":6},"end":{"line":1411,"column":52}},"654":{"start":{"line":1413,"column":4},"end":{"line":1413,"column":63}},"655":{"start":{"line":1414,"column":4},"end":{"line":1414,"column":46}},"656":{"start":{"line":1415,"column":4},"end":{"line":1415,"column":47}},"657":{"start":{"line":1416,"column":4},"end":{"line":1416,"column":42}},"658":{"start":{"line":1417,"column":26},"end":{"line":1417,"column":78}},"659":{"start":{"line":1418,"column":4},"end":{"line":1426,"column":5}},"660":{"start":{"line":1419,"column":6},"end":{"line":1425,"column":7}},"661":{"start":{"line":1420,"column":8},"end":{"line":1420,"column":40}},"662":{"start":{"line":1421,"column":13},"end":{"line":1425,"column":7}},"663":{"start":{"line":1422,"column":8},"end":{"line":1422,"column":37}},"664":{"start":{"line":1423,"column":13},"end":{"line":1425,"column":7}},"665":{"start":{"line":1424,"column":8},"end":{"line":1424,"column":41}},"666":{"start":{"line":1427,"column":25},"end":{"line":1427,"column":58}},"667":{"start":{"line":1428,"column":4},"end":{"line":1430,"column":10}},"668":{"start":{"line":1431,"column":4},"end":{"line":1431,"column":64}},"669":{"start":{"line":1432,"column":4},"end":{"line":1432,"column":42}},"670":{"start":{"line":1433,"column":4},"end":{"line":1433,"column":32}},"671":{"start":{"line":1434,"column":4},"end":{"line":1440,"column":5}},"672":{"start":{"line":1435,"column":21},"end":{"line":1435,"column":53}},"673":{"start":{"line":1436,"column":20},"end":{"line":1436,"column":69}},"674":{"start":{"line":1437,"column":6},"end":{"line":1439,"column":29}},"675":{"start":{"line":1444,"column":4},"end":{"line":1446,"column":5}},"676":{"start":{"line":1445,"column":6},"end":{"line":1445,"column":18}},"677":{"start":{"line":1447,"column":19},"end":{"line":1453,"column":9}},"678":{"start":{"line":1448,"column":22},"end":{"line":1448,"column":35}},"679":{"start":{"line":1449,"column":24},"end":{"line":1449,"column":45}},"680":{"start":{"line":1450,"column":22},"end":{"line":1453,"column":7}},"681":{"start":{"line":1454,"column":4},"end":{"line":1456,"column":5}},"682":{"start":{"line":1455,"column":6},"end":{"line":1455,"column":18}},"683":{"start":{"line":1457,"column":4},"end":{"line":1463,"column":6}},"684":{"start":{"line":1467,"column":4},"end":{"line":1467,"column":30}},"685":{"start":{"line":1467,"column":23},"end":{"line":1467,"column":30}},"686":{"start":{"line":1468,"column":4},"end":{"line":1468,"column":66}},"687":{"start":{"line":1472,"column":4},"end":{"line":1472,"column":29}},"688":{"start":{"line":1472,"column":22},"end":{"line":1472,"column":29}},"689":{"start":{"line":1473,"column":4},"end":{"line":1479,"column":7}},"690":{"start":{"line":1483,"column":4},"end":{"line":1483,"column":31}},"691":{"start":{"line":1483,"column":24},"end":{"line":1483,"column":31}},"692":{"start":{"line":1484,"column":19},"end":{"line":1484,"column":21}},"693":{"start":{"line":1485,"column":4},"end":{"line":1511,"column":7}},"694":{"start":{"line":1486,"column":19},"end":{"line":1486,"column":44}},"695":{"start":{"line":1487,"column":6},"end":{"line":1487,"column":24}},"696":{"start":{"line":1487,"column":17},"end":{"line":1487,"column":24}},"697":{"start":{"line":1488,"column":23},"end":{"line":1488,"column":55}},"698":{"start":{"line":1489,"column":25},"end":{"line":1489,"column":72}},"699":{"start":{"line":1490,"column":25},"end":{"line":1490,"column":59}},"700":{"start":{"line":1491,"column":25},"end":{"line":1498,"column":19}},"701":{"start":{"line":1500,"column":6},"end":{"line":1510,"column":9}},"702":{"start":{"line":1513,"column":4},"end":{"line":1518,"column":5}},"703":{"start":{"line":1514,"column":6},"end":{"line":1515,"column":93}},"704":{"start":{"line":1517,"column":6},"end":{"line":1517,"column":50}},"705":{"start":{"line":1520,"column":4},"end":{"line":1520,"column":52}},"706":{"start":{"line":1524,"column":4},"end":{"line":1524,"column":32}},"707":{"start":{"line":1524,"column":25},"end":{"line":1524,"column":32}},"708":{"start":{"line":1525,"column":26},"end":{"line":1525,"column":35}},"709":{"start":{"line":1526,"column":4},"end":{"line":1526,"column":80}},"710":{"start":{"line":1526,"column":44},"end":{"line":1526,"column":78}},"711":{"start":{"line":1528,"column":4},"end":{"line":1545,"column":7}},"712":{"start":{"line":1529,"column":18},"end":{"line":1531,"column":7}},"713":{"start":{"line":1532,"column":6},"end":{"line":1532,"column":23}},"714":{"start":{"line":1532,"column":16},"end":{"line":1532,"column":23}},"715":{"start":{"line":1533,"column":6},"end":{"line":1537,"column":7}},"716":{"start":{"line":1534,"column":8},"end":{"line":1534,"column":29}},"717":{"start":{"line":1535,"column":8},"end":{"line":1535,"column":44}},"718":{"start":{"line":1536,"column":8},"end":{"line":1536,"column":15}},"719":{"start":{"line":1538,"column":20},"end":{"line":1538,"column":71}},"720":{"start":{"line":1539,"column":22},"end":{"line":1539,"column":68}},"721":{"start":{"line":1540,"column":6},"end":{"line":1540,"column":29}},"722":{"start":{"line":1541,"column":6},"end":{"line":1541,"column":51}},"723":{"start":{"line":1542,"column":6},"end":{"line":1544,"column":7}},"724":{"start":{"line":1543,"column":8},"end":{"line":1543,"column":46}},"725":{"start":{"line":1547,"column":4},"end":{"line":1547,"column":52}},"726":{"start":{"line":1551,"column":4},"end":{"line":1551,"column":31}},"727":{"start":{"line":1551,"column":24},"end":{"line":1551,"column":31}},"728":{"start":{"line":1552,"column":4},"end":{"line":1568,"column":5}},"729":{"start":{"line":1553,"column":20},"end":{"line":1553,"column":45}},"730":{"start":{"line":1554,"column":23},"end":{"line":1554,"column":51}},"731":{"start":{"line":1555,"column":23},"end":{"line":1555,"column":64}},"732":{"start":{"line":1556,"column":6},"end":{"line":1562,"column":7}},"733":{"start":{"line":1557,"column":22},"end":{"line":1557,"column":54}},"734":{"start":{"line":1558,"column":26},"end":{"line":1558,"column":75}},"735":{"start":{"line":1559,"column":8},"end":{"line":1561,"column":9}},"736":{"start":{"line":1560,"column":10},"end":{"line":1560,"column":42}},"737":{"start":{"line":1563,"column":6},"end":{"line":1563,"column":45}},"738":{"start":{"line":1564,"column":6},"end":{"line":1564,"column":53}},"739":{"start":{"line":1566,"column":6},"end":{"line":1566,"column":58}},"740":{"start":{"line":1567,"column":6},"end":{"line":1567,"column":50}},"741":{"start":{"line":1570,"column":4},"end":{"line":1570,"column":52}},"742":{"start":{"line":1574,"column":4},"end":{"line":1574,"column":26}},"743":{"start":{"line":1574,"column":19},"end":{"line":1574,"column":26}},"744":{"start":{"line":1575,"column":20},"end":{"line":1575,"column":44}},"745":{"start":{"line":1576,"column":4},"end":{"line":1576,"column":32}},"746":{"start":{"line":1576,"column":25},"end":{"line":1576,"column":32}},"747":{"start":{"line":1577,"column":22},"end":{"line":1579,"column":5}},"748":{"start":{"line":1578,"column":6},"end":{"line":1578,"column":43}},"749":{"start":{"line":1580,"column":22},"end":{"line":1580,"column":45}},"750":{"start":{"line":1581,"column":4},"end":{"line":1586,"column":5}},"751":{"start":{"line":1582,"column":6},"end":{"line":1582,"column":28}},"752":{"start":{"line":1583,"column":21},"end":{"line":1583,"column":50}},"753":{"start":{"line":1584,"column":6},"end":{"line":1584,"column":77}},"754":{"start":{"line":1585,"column":6},"end":{"line":1585,"column":34}},"755":{"start":{"line":1590,"column":18},"end":{"line":1590,"column":20}},"756":{"start":{"line":1591,"column":4},"end":{"line":1604,"column":5}},"757":{"start":{"line":1592,"column":6},"end":{"line":1593,"column":88}},"758":{"start":{"line":1594,"column":18},"end":{"line":1594,"column":38}},"759":{"start":{"line":1595,"column":6},"end":{"line":1601,"column":7}},"760":{"start":{"line":1596,"column":8},"end":{"line":1600,"column":11}},"761":{"start":{"line":1603,"column":6},"end":{"line":1603,"column":64}},"762":{"start":{"line":1605,"column":4},"end":{"line":1607,"column":5}},"763":{"start":{"line":1606,"column":6},"end":{"line":1606,"column":42}},"764":{"start":{"line":1608,"column":4},"end":{"line":1608,"column":54}},"765":{"start":{"line":1609,"column":4},"end":{"line":1609,"column":32}},"766":{"start":{"line":1610,"column":4},"end":{"line":1610,"column":36}},"767":{"start":{"line":1614,"column":4},"end":{"line":1617,"column":5}},"768":{"start":{"line":1615,"column":6},"end":{"line":1615,"column":33}},"769":{"start":{"line":1616,"column":6},"end":{"line":1616,"column":31}},"770":{"start":{"line":1619,"column":4},"end":{"line":1623,"column":5}},"771":{"start":{"line":1620,"column":6},"end":{"line":1620,"column":21}},"772":{"start":{"line":1621,"column":6},"end":{"line":1621,"column":24}},"773":{"start":{"line":1622,"column":6},"end":{"line":1622,"column":22}},"774":{"start":{"line":1625,"column":4},"end":{"line":1625,"column":23}},"775":{"start":{"line":1626,"column":4},"end":{"line":1626,"column":31}},"776":{"start":{"line":1627,"column":4},"end":{"line":1627,"column":35}},"777":{"start":{"line":1628,"column":4},"end":{"line":1628,"column":31}},"778":{"start":{"line":1630,"column":4},"end":{"line":1633,"column":5}},"779":{"start":{"line":1631,"column":6},"end":{"line":1631,"column":39}},"780":{"start":{"line":1632,"column":6},"end":{"line":1632,"column":33}},"781":{"start":{"line":1635,"column":4},"end":{"line":1635,"column":36}},"782":{"start":{"line":1637,"column":4},"end":{"line":1640,"column":5}},"783":{"start":{"line":1638,"column":6},"end":{"line":1638,"column":42}},"784":{"start":{"line":1639,"column":6},"end":{"line":1639,"column":35}},"785":{"start":{"line":1642,"column":4},"end":{"line":1648,"column":5}},"786":{"start":{"line":1644,"column":8},"end":{"line":1645,"column":20}},"787":{"start":{"line":1646,"column":6},"end":{"line":1646,"column":34}},"788":{"start":{"line":1647,"column":6},"end":{"line":1647,"column":36}},"789":{"start":{"line":1650,"column":4},"end":{"line":1650,"column":51}},"790":{"start":{"line":1651,"column":4},"end":{"line":1657,"column":5}},"791":{"start":{"line":1652,"column":6},"end":{"line":1655,"column":8}},"792":{"start":{"line":1656,"column":6},"end":{"line":1656,"column":39}},"793":{"start":{"line":1658,"column":4},"end":{"line":1664,"column":5}},"794":{"start":{"line":1659,"column":6},"end":{"line":1662,"column":8}},"795":{"start":{"line":1663,"column":6},"end":{"line":1663,"column":40}},"796":{"start":{"line":1665,"column":4},"end":{"line":1671,"column":5}},"797":{"start":{"line":1666,"column":6},"end":{"line":1669,"column":8}},"798":{"start":{"line":1670,"column":6},"end":{"line":1670,"column":38}},"799":{"start":{"line":1675,"column":4},"end":{"line":1675,"column":68}},"800":{"start":{"line":1675,"column":61},"end":{"line":1675,"column":68}},"801":{"start":{"line":1676,"column":4},"end":{"line":1676,"column":36}},"802":{"start":{"line":1676,"column":29},"end":{"line":1676,"column":36}},"803":{"start":{"line":1677,"column":4},"end":{"line":1677,"column":76}},"804":{"start":{"line":1677,"column":51},"end":{"line":1677,"column":74}},"805":{"start":{"line":1678,"column":4},"end":{"line":1678,"column":43}},"806":{"start":{"line":1682,"column":4},"end":{"line":1682,"column":72}},"807":{"start":{"line":1682,"column":65},"end":{"line":1682,"column":72}},"808":{"start":{"line":1683,"column":26},"end":{"line":1683,"column":55}},"809":{"start":{"line":1683,"column":32},"end":{"line":1683,"column":55}},"810":{"start":{"line":1684,"column":31},"end":{"line":1684,"column":60}},"811":{"start":{"line":1684,"column":37},"end":{"line":1684,"column":60}},"812":{"start":{"line":1685,"column":30},"end":{"line":1689,"column":5}},"813":{"start":{"line":1686,"column":6},"end":{"line":1688,"column":7}},"814":{"start":{"line":1687,"column":8},"end":{"line":1687,"column":32}},"815":{"start":{"line":1691,"column":4},"end":{"line":1691,"column":53}},"816":{"start":{"line":1692,"column":4},"end":{"line":1692,"column":69}},"817":{"start":{"line":1693,"column":4},"end":{"line":1693,"column":69}},"818":{"start":{"line":1695,"column":4},"end":{"line":1699,"column":6}},"819":{"start":{"line":1703,"column":4},"end":{"line":1703,"column":73}},"820":{"start":{"line":1703,"column":66},"end":{"line":1703,"column":73}},"821":{"start":{"line":1705,"column":6},"end":{"line":1705,"column":28}},"822":{"start":{"line":1706,"column":4},"end":{"line":1706,"column":56}},"823":{"start":{"line":1707,"column":4},"end":{"line":1707,"column":72}},"824":{"start":{"line":1708,"column":4},"end":{"line":1708,"column":72}},"825":{"start":{"line":1709,"column":4},"end":{"line":1709,"column":34}},"826":{"start":{"line":1713,"column":4},"end":{"line":1713,"column":26}},"827":{"start":{"line":1713,"column":19},"end":{"line":1713,"column":26}},"828":{"start":{"line":1714,"column":22},"end":{"line":1714,"column":63}},"829":{"start":{"line":1715,"column":4},"end":{"line":1715,"column":27}},"830":{"start":{"line":1715,"column":20},"end":{"line":1715,"column":27}},"831":{"start":{"line":1717,"column":4},"end":{"line":1720,"column":5}},"832":{"start":{"line":1718,"column":6},"end":{"line":1718,"column":42}},"833":{"start":{"line":1719,"column":6},"end":{"line":1719,"column":35}},"834":{"start":{"line":1722,"column":17},"end":{"line":1722,"column":50}},"835":{"start":{"line":1723,"column":4},"end":{"line":1726,"column":5}},"836":{"start":{"line":1724,"column":6},"end":{"line":1724,"column":77}},"837":{"start":{"line":1724,"column":47},"end":{"line":1724,"column":70}},"838":{"start":{"line":1725,"column":6},"end":{"line":1725,"column":13}},"839":{"start":{"line":1729,"column":6},"end":{"line":1730,"column":34}},"840":{"start":{"line":1730,"column":15},"end":{"line":1730,"column":33}},"841":{"start":{"line":1732,"column":6},"end":{"line":1733,"column":18}},"842":{"start":{"line":1735,"column":4},"end":{"line":1738,"column":5}},"843":{"start":{"line":1736,"column":6},"end":{"line":1736,"column":34}},"844":{"start":{"line":1737,"column":6},"end":{"line":1737,"column":36}},"845":{"start":{"line":1740,"column":4},"end":{"line":1746,"column":7}},"846":{"start":{"line":1741,"column":6},"end":{"line":1745,"column":7}},"847":{"start":{"line":1742,"column":8},"end":{"line":1742,"column":34}},"848":{"start":{"line":1744,"column":8},"end":{"line":1744,"column":38}},"849":{"start":{"line":1752,"column":4},"end":{"line":1752,"column":29}},"850":{"start":{"line":1753,"column":4},"end":{"line":1753,"column":25}},"851":{"start":{"line":1754,"column":4},"end":{"line":1754,"column":37}},"852":{"start":{"line":1755,"column":4},"end":{"line":1755,"column":27}},"853":{"start":{"line":1756,"column":4},"end":{"line":1756,"column":27}},"854":{"start":{"line":1757,"column":4},"end":{"line":1757,"column":27}},"855":{"start":{"line":1758,"column":4},"end":{"line":1758,"column":27}},"856":{"start":{"line":1759,"column":4},"end":{"line":1759,"column":34}},"857":{"start":{"line":1760,"column":4},"end":{"line":1760,"column":33}},"858":{"start":{"line":1761,"column":4},"end":{"line":1761,"column":24}},"859":{"start":{"line":1762,"column":4},"end":{"line":1762,"column":27}},"860":{"start":{"line":1763,"column":4},"end":{"line":1763,"column":26}},"861":{"start":{"line":1764,"column":4},"end":{"line":1764,"column":27}},"862":{"start":{"line":1765,"column":4},"end":{"line":1765,"column":25}},"863":{"start":{"line":1766,"column":4},"end":{"line":1766,"column":26}},"864":{"start":{"line":1767,"column":4},"end":{"line":1767,"column":29}},"865":{"start":{"line":1771,"column":4},"end":{"line":1771,"column":33}},"866":{"start":{"line":1772,"column":4},"end":{"line":1772,"column":59}},"867":{"start":{"line":1773,"column":4},"end":{"line":1773,"column":33}},"868":{"start":{"line":1773,"column":26},"end":{"line":1773,"column":33}},"869":{"start":{"line":1774,"column":4},"end":{"line":1776,"column":5}},"870":{"start":{"line":1775,"column":6},"end":{"line":1775,"column":62}},"871":{"start":{"line":1777,"column":4},"end":{"line":1779,"column":5}},"872":{"start":{"line":1778,"column":6},"end":{"line":1778,"column":60}},"873":{"start":{"line":1780,"column":4},"end":{"line":1780,"column":74}},"874":{"start":{"line":1780,"column":40},"end":{"line":1780,"column":73}},"875":{"start":{"line":1781,"column":4},"end":{"line":1781,"column":60}},"876":{"start":{"line":1781,"column":34},"end":{"line":1781,"column":59}},"877":{"start":{"line":1782,"column":4},"end":{"line":1782,"column":59}},"878":{"start":{"line":1783,"column":4},"end":{"line":1783,"column":57}},"879":{"start":{"line":1784,"column":4},"end":{"line":1784,"column":35}},"880":{"start":{"line":1785,"column":4},"end":{"line":1785,"column":19}},"881":{"start":{"line":1789,"column":4},"end":{"line":1789,"column":56}},"882":{"start":{"line":1789,"column":49},"end":{"line":1789,"column":56}},"883":{"start":{"line":1790,"column":22},"end":{"line":1790,"column":56}},"884":{"start":{"line":1791,"column":4},"end":{"line":1791,"column":27}},"885":{"start":{"line":1791,"column":20},"end":{"line":1791,"column":27}},"886":{"start":{"line":1792,"column":4},"end":{"line":1792,"column":53}},"887":{"start":{"line":1793,"column":4},"end":{"line":1793,"column":34}},"888":{"start":{"line":1794,"column":20},"end":{"line":1794,"column":49}},"889":{"start":{"line":1795,"column":4},"end":{"line":1795,"column":54}},"890":{"start":{"line":1796,"column":4},"end":{"line":1796,"column":43}},"891":{"start":{"line":1797,"column":4},"end":{"line":1797,"column":35}},"892":{"start":{"line":1798,"column":4},"end":{"line":1798,"column":29}},"893":{"start":{"line":1802,"column":4},"end":{"line":1805,"column":5}},"894":{"start":{"line":1803,"column":6},"end":{"line":1803,"column":30}},"895":{"start":{"line":1804,"column":6},"end":{"line":1804,"column":21}},"896":{"start":{"line":1809,"column":4},"end":{"line":1820,"column":5}},"897":{"start":{"line":1810,"column":6},"end":{"line":1810,"column":26}},"898":{"start":{"line":1811,"column":6},"end":{"line":1811,"column":29}},"899":{"start":{"line":1812,"column":6},"end":{"line":1812,"column":29}},"900":{"start":{"line":1813,"column":6},"end":{"line":1813,"column":27}},"901":{"start":{"line":1814,"column":6},"end":{"line":1817,"column":7}},"902":{"start":{"line":1815,"column":8},"end":{"line":1815,"column":38}},"903":{"start":{"line":1816,"column":8},"end":{"line":1816,"column":31}},"904":{"start":{"line":1818,"column":6},"end":{"line":1818,"column":28}},"905":{"start":{"line":1819,"column":6},"end":{"line":1819,"column":13}},"906":{"start":{"line":1821,"column":4},"end":{"line":1821,"column":26}},"907":{"start":{"line":1822,"column":4},"end":{"line":1822,"column":50}},"908":{"start":{"line":1823,"column":4},"end":{"line":1825,"column":5}},"909":{"start":{"line":1824,"column":6},"end":{"line":1824,"column":36}},"910":{"start":{"line":1826,"column":4},"end":{"line":1826,"column":24}},"911":{"start":{"line":1827,"column":4},"end":{"line":1827,"column":38}},"912":{"start":{"line":1828,"column":4},"end":{"line":1828,"column":26}},"913":{"start":{"line":1829,"column":4},"end":{"line":1829,"column":69}},"914":{"start":{"line":1829,"column":39},"end":{"line":1829,"column":62}},"915":{"start":{"line":1833,"column":4},"end":{"line":1833,"column":29}},"916":{"start":{"line":1833,"column":17},"end":{"line":1833,"column":29}},"917":{"start":{"line":1834,"column":4},"end":{"line":1834,"column":63}},"918":{"start":{"line":1838,"column":16},"end":{"line":1838,"column":26}},"919":{"start":{"line":1839,"column":16},"end":{"line":1839,"column":26}},"920":{"start":{"line":1840,"column":23},"end":{"line":1840,"column":37}},"921":{"start":{"line":1841,"column":23},"end":{"line":1841,"column":37}},"922":{"start":{"line":1842,"column":21},"end":{"line":1842,"column":48}},"923":{"start":{"line":1843,"column":4},"end":{"line":1843,"column":26}},"924":{"start":{"line":1843,"column":19},"end":{"line":1843,"column":26}},"925":{"start":{"line":1844,"column":19},"end":{"line":1844,"column":43}},"926":{"start":{"line":1845,"column":4},"end":{"line":1852,"column":5}},"927":{"start":{"line":1846,"column":6},"end":{"line":1846,"column":36}},"928":{"start":{"line":1847,"column":6},"end":{"line":1847,"column":32}},"929":{"start":{"line":1848,"column":6},"end":{"line":1848,"column":27}},"930":{"start":{"line":1849,"column":6},"end":{"line":1849,"column":29}},"931":{"start":{"line":1850,"column":6},"end":{"line":1850,"column":21}},"932":{"start":{"line":1851,"column":6},"end":{"line":1851,"column":13}},"933":{"start":{"line":1853,"column":4},"end":{"line":1853,"column":24}},"934":{"start":{"line":1854,"column":4},"end":{"line":1854,"column":31}},"935":{"start":{"line":1855,"column":4},"end":{"line":1855,"column":26}},"936":{"start":{"line":1856,"column":4},"end":{"line":1914,"column":5}},"937":{"start":{"line":1857,"column":25},"end":{"line":1857,"column":74}},"938":{"start":{"line":1858,"column":6},"end":{"line":1865,"column":20}},"939":{"start":{"line":1866,"column":21},"end":{"line":1868,"column":7}},"940":{"start":{"line":1869,"column":6},"end":{"line":1874,"column":20}},"941":{"start":{"line":1876,"column":35},"end":{"line":1879,"column":8}},"942":{"start":{"line":1880,"column":22},"end":{"line":1880,"column":68}},"943":{"start":{"line":1881,"column":18},"end":{"line":1881,"column":56}},"944":{"start":{"line":1882,"column":25},"end":{"line":1887,"column":7}},"945":{"start":{"line":1888,"column":6},"end":{"line":1891,"column":9}},"946":{"start":{"line":1893,"column":6},"end":{"line":1900,"column":7}},"947":{"start":{"line":1894,"column":8},"end":{"line":1898,"column":9}},"948":{"start":{"line":1895,"column":10},"end":{"line":1895,"column":31}},"949":{"start":{"line":1896,"column":10},"end":{"line":1896,"column":33}},"950":{"start":{"line":1897,"column":10},"end":{"line":1897,"column":32}},"951":{"start":{"line":1899,"column":8},"end":{"line":1899,"column":15}},"952":{"start":{"line":1902,"column":6},"end":{"line":1902,"column":35}},"953":{"start":{"line":1903,"column":6},"end":{"line":1903,"column":32}},"954":{"start":{"line":1904,"column":6},"end":{"line":1904,"column":27}},"955":{"start":{"line":1905,"column":6},"end":{"line":1905,"column":29}},"956":{"start":{"line":1906,"column":6},"end":{"line":1906,"column":21}},"957":{"start":{"line":1908,"column":6},"end":{"line":1908,"column":46}},"958":{"start":{"line":1909,"column":6},"end":{"line":1913,"column":7}},"959":{"start":{"line":1910,"column":8},"end":{"line":1910,"column":29}},"960":{"start":{"line":1911,"column":8},"end":{"line":1911,"column":31}},"961":{"start":{"line":1912,"column":8},"end":{"line":1912,"column":30}},"962":{"start":{"line":1918,"column":4},"end":{"line":1918,"column":39}},"963":{"start":{"line":1918,"column":27},"end":{"line":1918,"column":39}},"964":{"start":{"line":1919,"column":20},"end":{"line":1919,"column":35}},"965":{"start":{"line":1920,"column":19},"end":{"line":1920,"column":39}},"966":{"start":{"line":1921,"column":22},"end":{"line":1921,"column":39}},"967":{"start":{"line":1922,"column":23},"end":{"line":1923,"column":78}},"968":{"start":{"line":1923,"column":6},"end":{"line":1923,"column":78}},"969":{"start":{"line":1924,"column":20},"end":{"line":1927,"column":14}},"970":{"start":{"line":1925,"column":6},"end":{"line":1927,"column":14}},"971":{"start":{"line":1928,"column":4},"end":{"line":1948,"column":6}},"972":{"start":{"line":1952,"column":4},"end":{"line":2021,"column":6}},"973":{"start":{"line":2025,"column":4},"end":{"line":2025,"column":24}},"974":{"start":{"line":2026,"column":4},"end":{"line":2026,"column":26}},"975":{"start":{"line":2030,"column":4},"end":{"line":2030,"column":31}},"976":{"start":{"line":2030,"column":24},"end":{"line":2030,"column":31}},"977":{"start":{"line":2031,"column":4},"end":{"line":2035,"column":5}},"978":{"start":{"line":2032,"column":6},"end":{"line":2033,"column":100}},"979":{"start":{"line":2034,"column":6},"end":{"line":2034,"column":13}},"980":{"start":{"line":2036,"column":20},"end":{"line":2036,"column":58}},"981":{"start":{"line":2037,"column":18},"end":{"line":2046,"column":15}},"982":{"start":{"line":2039,"column":20},"end":{"line":2044,"column":9}},"983":{"start":{"line":2047,"column":4},"end":{"line":2050,"column":6}},"984":{"start":{"line":2054,"column":4},"end":{"line":2054,"column":35}},"985":{"start":{"line":2055,"column":4},"end":{"line":2055,"column":57}},"986":{"start":{"line":2055,"column":50},"end":{"line":2055,"column":57}},"987":{"start":{"line":2056,"column":4},"end":{"line":2059,"column":5}},"988":{"start":{"line":2057,"column":6},"end":{"line":2057,"column":48}},"989":{"start":{"line":2058,"column":6},"end":{"line":2058,"column":13}},"990":{"start":{"line":2061,"column":23},"end":{"line":2061,"column":38}},"991":{"start":{"line":2063,"column":6},"end":{"line":2063,"column":68}},"992":{"start":{"line":2064,"column":22},"end":{"line":2064,"column":68}},"993":{"start":{"line":2066,"column":4},"end":{"line":2069,"column":5}},"994":{"start":{"line":2067,"column":6},"end":{"line":2067,"column":48}},"995":{"start":{"line":2068,"column":6},"end":{"line":2068,"column":13}},"996":{"start":{"line":2071,"column":4},"end":{"line":2103,"column":5}},"997":{"start":{"line":2072,"column":6},"end":{"line":2073,"column":63}},"998":{"start":{"line":2074,"column":6},"end":{"line":2074,"column":49}},"999":{"start":{"line":2076,"column":19},"end":{"line":2076,"column":34}},"1000":{"start":{"line":2077,"column":22},"end":{"line":2100,"column":7}},"1001":{"start":{"line":2101,"column":6},"end":{"line":2101,"column":41}},"1002":{"start":{"line":2102,"column":6},"end":{"line":2102,"column":52}},"1003":{"start":{"line":2105,"column":4},"end":{"line":2105,"column":49}},"1004":{"start":{"line":2106,"column":4},"end":{"line":2106,"column":28}},"1005":{"start":{"line":2110,"column":4},"end":{"line":2110,"column":74}},"1006":{"start":{"line":2110,"column":67},"end":{"line":2110,"column":74}},"1007":{"start":{"line":2111,"column":22},"end":{"line":2111,"column":77}},"1008":{"start":{"line":2112,"column":4},"end":{"line":2112,"column":27}},"1009":{"start":{"line":2112,"column":20},"end":{"line":2112,"column":27}},"1010":{"start":{"line":2113,"column":18},"end":{"line":2113,"column":74}},"1011":{"start":{"line":2114,"column":24},"end":{"line":2114,"column":62}},"1012":{"start":{"line":2115,"column":26},"end":{"line":2115,"column":59}},"1013":{"start":{"line":2116,"column":15},"end":{"line":2116,"column":27}},"1014":{"start":{"line":2117,"column":14},"end":{"line":2117,"column":26}},"1015":{"start":{"line":2119,"column":4},"end":{"line":2121,"column":5}},"1016":{"start":{"line":2120,"column":6},"end":{"line":2120,"column":46}},"1017":{"start":{"line":2122,"column":4},"end":{"line":2124,"column":5}},"1018":{"start":{"line":2123,"column":6},"end":{"line":2123,"column":46}},"1019":{"start":{"line":2126,"column":4},"end":{"line":2126,"column":29}},"1020":{"start":{"line":2127,"column":4},"end":{"line":2127,"column":27}},"1021":{"start":{"line":2129,"column":4},"end":{"line":2129,"column":70}},"1022":{"start":{"line":2133,"column":4},"end":{"line":2135,"column":5}},"1023":{"start":{"line":2134,"column":6},"end":{"line":2134,"column":17}},"1024":{"start":{"line":2136,"column":4},"end":{"line":2136,"column":55}},"1025":{"start":{"line":2140,"column":4},"end":{"line":2140,"column":46}},"1026":{"start":{"line":2150,"column":4},"end":{"line":2150,"column":35}},"1027":{"start":{"line":2151,"column":4},"end":{"line":2151,"column":27}},"1028":{"start":{"line":2155,"column":22},"end":{"line":2155,"column":63}},"1029":{"start":{"line":2156,"column":4},"end":{"line":2156,"column":27}},"1030":{"start":{"line":2156,"column":20},"end":{"line":2156,"column":27}},"1031":{"start":{"line":2158,"column":4},"end":{"line":2158,"column":28}},"1032":{"start":{"line":2159,"column":22},"end":{"line":2159,"column":40}},"1033":{"start":{"line":2160,"column":4},"end":{"line":2161,"column":66}},"1034":{"start":{"line":2163,"column":4},"end":{"line":2185,"column":5}},"1035":{"start":{"line":2164,"column":18},"end":{"line":2164,"column":50}},"1036":{"start":{"line":2165,"column":23},"end":{"line":2165,"column":39}},"1037":{"start":{"line":2166,"column":6},"end":{"line":2168,"column":7}},"1038":{"start":{"line":2167,"column":8},"end":{"line":2167,"column":59}},"1039":{"start":{"line":2169,"column":22},"end":{"line":2169,"column":43}},"1040":{"start":{"line":2171,"column":6},"end":{"line":2173,"column":7}},"1041":{"start":{"line":2172,"column":8},"end":{"line":2172,"column":15}},"1042":{"start":{"line":2175,"column":21},"end":{"line":2175,"column":48}},"1043":{"start":{"line":2176,"column":6},"end":{"line":2176,"column":52}},"1044":{"start":{"line":2178,"column":6},"end":{"line":2178,"column":44}},"1045":{"start":{"line":2179,"column":6},"end":{"line":2184,"column":8}},"1046":{"start":{"line":2189,"column":19},"end":{"line":2196,"column":6}},"1047":{"start":{"line":2197,"column":4},"end":{"line":2197,"column":73}},"1048":{"start":{"line":2201,"column":19},"end":{"line":2201,"column":21}},"1049":{"start":{"line":2202,"column":19},"end":{"line":2202,"column":66}},"1050":{"start":{"line":2203,"column":18},"end":{"line":2203,"column":50}},"1051":{"start":{"line":2205,"column":17},"end":{"line":2209,"column":5}},"1052":{"start":{"line":2206,"column":6},"end":{"line":2206,"column":49}},"1053":{"start":{"line":2206,"column":33},"end":{"line":2206,"column":49}},"1054":{"start":{"line":2207,"column":20},"end":{"line":2207,"column":36}},"1055":{"start":{"line":2208,"column":6},"end":{"line":2208,"column":55}},"1056":{"start":{"line":2211,"column":22},"end":{"line":2214,"column":5}},"1057":{"start":{"line":2212,"column":6},"end":{"line":2212,"column":56}},"1058":{"start":{"line":2212,"column":32},"end":{"line":2212,"column":46}},"1059":{"start":{"line":2212,"column":49},"end":{"line":2212,"column":56}},"1060":{"start":{"line":2213,"column":6},"end":{"line":2213,"column":47}},"1061":{"start":{"line":2216,"column":4},"end":{"line":2281,"column":7}},"1062":{"start":{"line":2217,"column":19},"end":{"line":2217,"column":51}},"1063":{"start":{"line":2218,"column":20},"end":{"line":2218,"column":58}},"1064":{"start":{"line":2219,"column":19},"end":{"line":2219,"column":65}},"1065":{"start":{"line":2220,"column":19},"end":{"line":2220,"column":53}},"1066":{"start":{"line":2221,"column":19},"end":{"line":2221,"column":53}},"1067":{"start":{"line":2222,"column":19},"end":{"line":2222,"column":48}},"1068":{"start":{"line":2224,"column":6},"end":{"line":2240,"column":7}},"1069":{"start":{"line":2225,"column":8},"end":{"line":2231,"column":11}},"1070":{"start":{"line":2232,"column":13},"end":{"line":2240,"column":7}},"1071":{"start":{"line":2233,"column":8},"end":{"line":2239,"column":11}},"1072":{"start":{"line":2242,"column":6},"end":{"line":2250,"column":7}},"1073":{"start":{"line":2243,"column":8},"end":{"line":2249,"column":11}},"1074":{"start":{"line":2252,"column":6},"end":{"line":2260,"column":7}},"1075":{"start":{"line":2253,"column":8},"end":{"line":2259,"column":11}},"1076":{"start":{"line":2262,"column":6},"end":{"line":2270,"column":7}},"1077":{"start":{"line":2263,"column":8},"end":{"line":2269,"column":11}},"1078":{"start":{"line":2272,"column":6},"end":{"line":2280,"column":7}},"1079":{"start":{"line":2273,"column":8},"end":{"line":2279,"column":11}},"1080":{"start":{"line":2283,"column":4},"end":{"line":2283,"column":18}},"1081":{"start":{"line":2287,"column":22},"end":{"line":2287,"column":63}},"1082":{"start":{"line":2288,"column":4},"end":{"line":2288,"column":27}},"1083":{"start":{"line":2288,"column":20},"end":{"line":2288,"column":27}},"1084":{"start":{"line":2290,"column":4},"end":{"line":2299,"column":5}},"1085":{"start":{"line":2291,"column":6},"end":{"line":2297,"column":8}},"1086":{"start":{"line":2298,"column":6},"end":{"line":2298,"column":13}},"1087":{"start":{"line":2301,"column":18},"end":{"line":2316,"column":15}},"1088":{"start":{"line":2303,"column":8},"end":{"line":2314,"column":10}},"1089":{"start":{"line":2318,"column":4},"end":{"line":2321,"column":6}},"1090":{"start":{"line":2325,"column":4},"end":{"line":2325,"column":30}},"1091":{"start":{"line":2325,"column":20},"end":{"line":2325,"column":30}},"1092":{"start":{"line":2326,"column":17},"end":{"line":2326,"column":36}},"1093":{"start":{"line":2327,"column":4},"end":{"line":2331,"column":7}},"1094":{"start":{"line":2341,"column":4},"end":{"line":2341,"column":35}},"1095":{"start":{"line":2342,"column":4},"end":{"line":2342,"column":22}},"1096":{"start":{"line":2343,"column":4},"end":{"line":2343,"column":39}},"1097":{"start":{"line":2347,"column":22},"end":{"line":2347,"column":63}},"1098":{"start":{"line":2348,"column":4},"end":{"line":2348,"column":27}},"1099":{"start":{"line":2348,"column":20},"end":{"line":2348,"column":27}},"1100":{"start":{"line":2350,"column":4},"end":{"line":2351,"column":83}},"1101":{"start":{"line":2353,"column":4},"end":{"line":2391,"column":5}},"1102":{"start":{"line":2354,"column":22},"end":{"line":2354,"column":33}},"1103":{"start":{"line":2355,"column":22},"end":{"line":2355,"column":33}},"1104":{"start":{"line":2356,"column":6},"end":{"line":2358,"c
[...]
":{"line":2970,"column":38}},{"start":{"line":2970,"column":41},"end":{"line":2970,"column":43}}],"line":2970},"473":{"loc":{"start":{"line":2982,"column":4},"end":{"line":2988,"column":5}},"type":"if","locations":[{"start":{"line":2982,"column":4},"end":{"line":2988,"column":5}},{"start":{},"end":{}}],"line":2982},"474":{"loc":{"start":{"line":2991,"column":4},"end":{"line":3003,"column":5}},"type":"if","locations":[{"start":{"line":2991,"column":4},"end":{"line":3003,"column":5}},{"start":{},"end":{}}],"line":2991},"475":{"loc":{"start":{"line":3011,"column":0},"end":{"line":3017,"column":1}},"type":"if","locations":[{"start":{"line":3011,"column":0},"end":{"line":3017,"column":1}},{"start":{},"end":{}}],"line":3011},"476":{"loc":{"start":{"line":3019,"column":0},"end":{"line":3027,"column":1}},"type":"if","locations":[{"start":{"line":3019,"column":0},"end":{"line":3027,"column":1}},{"start":{},"end":{}}],"line":3019},"477":{"loc":{"start":{"line":3019,"column":4},"end":{"line":3019,"column":51}},"type":"binary-expr","locations":[{"start":{"line":3019,"column":4},"end":{"line":3019,"column":33}},{"start":{"line":3019,"column":37},"end":{"line":3019,"column":51}}],"line":3019},"478":{"loc":{"start":{"line":3030,"column":2},"end":{"line":3030,"column":43}},"type":"if","locations":[{"start":{"line":3030,"column":2},"end":{"line":3030,"column":43}},{"start":{},"end":{}}],"line":3030},"479":{"loc":{"start":{"line":3031,"column":2},"end":{"line":3034,"column":3}},"type":"if","locations":[{"start":{"line":3031,"column":2},"end":{"line":3034,"column":3}},{"start":{},"end":{}}],"line":3031}},"s":{"0":6,"1":0,"2":6,"3":2,"4":2,"5":2,"6":2,"7":2,"8":2,"9":2,"10":2,"11":2,"12":2,"13":2,"14":2,"15":14,"16":2,"17":2,"18":2,"19":2,"20":2,"21":2,"22":2,"23":2,"24":2,"25":2,"26":2,"27":2,"28":2,"29":2,"30":2,"31":2,"32":2,"33":2,"34":2,"35":2,"36":2,"37":2,"38":2,"39":2,"40":2,"41":2,"42":2,"43":2,"44":2,"45":2,"46":2,"47":2,"48":2,"49":2,"50":0,"51":0,"52":0,"53":0,"54":0,"55":0,"56":0,"57":0,"58":0,"59":0,"60":0,"61":0,"62":0,"63":0,"64":0,"65":0,"66":0,"67":0,"68":0,"69":0,"70":0,"71":0,"72":0,"73":0,"74":0,"75":0,"76":0,"77":0,"78":0,"79":0,"80":0,"81":0,"82":2,"83":2,"84":0,"85":0,"86":0,"87":0,"88":0,"89":0,"90":0,"91":0,"92":0,"93":0,"94":0,"95":0,"96":0,"97":0,"98":0,"99":0,"100":0,"101":0,"102":0,"103":0,"104":0,"105":0,"106":0,"107":0,"108":0,"109":0,"110":0,"111":0,"112":0,"113":0,"114":0,"115":0,"116":0,"117":0,"118":0,"119":0,"120":0,"121":0,"122":0,"123":0,"124":0,"125":0,"126":0,"127":0,"128":0,"129":0,"130":0,"131":0,"132":0,"133":0,"134":0,"135":0,"136":0,"137":0,"138":0,"139":0,"140":0,"141":0,"142":0,"143":0,"144":0,"145":0,"146":0,"147":0,"148":0,"149":0,"150":0,"151":0,"152":0,"153":0,"154":0,"155":0,"156":0,"157":0,"158":0,"159":0,"160":0,"161":0,"162":0,"163":0,"164":0,"165":0,"166":0,"167":0,"168":0,"169":0,"170":0,"171":0,"172":0,"173":0,"174":0,"175":0,"176":0,"177":0,"178":0,"179":0,"180":0,"181":0,"182":0,"183":0,"184":0,"185":0,"186":0,"187":0,"188":0,"189":0,"190":0,"191":0,"192":0,"193":0,"194":0,"195":0,"196":0,"197":0,"198":0,"199":0,"200":0,"201":0,"202":0,"203":0,"204":0,"205":0,"206":0,"207":0,"208":0,"209":0,"210":0,"211":0,"212":0,"213":0,"214":0,"215":0,"216":0,"217":0,"218":0,"219":0,"220":0,"221":0,"222":0,"223":0,"224":0,"225":0,"226":0,"227":0,"228":0,"229":0,"230":0,"231":0,"232":0,"233":0,"234":0,"235":0,"236":0,"237":0,"238":0,"239":0,"240":0,"241":0,"242":0,"243":0,"244":0,"245":0,"246":0,"247":0,"248":0,"249":0,"250":0,"251":0,"252":0,"253":0,"254":0,"255":0,"256":0,"257":0,"258":0,"259":0,"260":0,"261":0,"262":0,"263":0,"264":0,"265":0,"266":0,"267":0,"268":0,"269":0,"270":0,"271":0,"272":0,"273":0,"274":0,"275":0,"276":0,"277":0,"278":0,"279":0,"280":0,"281":0,"282":0,"283":0,"284":0,"285":0,"286":0,"287":0,"288":0,"289":0,"290":0,"291":0,"292":0,"293":0,"294":0,"295":0,"296":0,"297":0,"298":0,"299":0,"300":0,"301":0,"302":0,"303":0,"304":0,"305":0,"306":0,"307":0,"308":0,"309":0,"310":0,"311":0,"312":0,"313":0,"314":0,"315":0,"316":0,"317":0,"318":0,"319":0,"320":0,"321":0,"322":0,"323":0,"324":0,"325":0,"326":0,"327":0,"328":0,"329":0,"330":0,"331":0,"332":0,"333":0,"334":0,"335":0,"336":0,"337":0,"338":0,"339":0,"340":0,"341":0,"342":0,"343":0,"344":0,"345":0,"346":0,"347":0,"348":0,"349":0,"350":0,"351":0,"352":0,"353":0,"354":0,"355":0,"356":0,"357":0,"358":0,"359":0,"360":0,"361":0,"362":0,"363":0,"364":0,"365":0,"366":0,"367":0,"368":0,"369":0,"370":0,"371":0,"372":0,"373":0,"374":0,"375":0,"376":0,"377":0,"378":0,"379":0,"380":0,"381":0,"382":0,"383":0,"384":0,"385":0,"386":0,"387":0,"388":0,"389":0,"390":0,"391":0,"392":0,"393":0,"394":0,"395":0,"396":0,"397":0,"398":0,"399":0,"400":0,"401":0,"402":0,"403":0,"404":0,"405":0,"406":0,"407":0,"408":0,"409":0,"410":0,"411":0,"412":0,"413":0,"414":0,"415":0,"416":0,"417":0,"418":0,"419":0,"420":0,"421":0,"422":0,"423":0,"424":0,"425":0,"426":0,"427":0,"428":0,"429":0,"430":0,"431":0,"432":0,"433":0,"434":0,"435":0,"436":0,"437":0,"438":0,"439":0,"440":0,"441":0,"442":0,"443":0,"444":0,"445":0,"446":0,"447":0,"448":0,"449":0,"450":0,"451":0,"452":0,"453":0,"454":0,"455":0,"456":0,"457":0,"458":0,"459":0,"460":0,"461":0,"462":0,"463":0,"464":0,"465":0,"466":0,"467":0,"468":0,"469":0,"470":0,"471":0,"472":0,"473":0,"474":0,"475":0,"476":0,"477":0,"478":0,"479":0,"480":0,"481":0,"482":0,"483":0,"484":0,"485":0,"486":0,"487":0,"488":0,"489":0,"490":0,"491":0,"492":0,"493":0,"494":0,"495":0,"496":0,"497":0,"498":0,"499":0,"500":0,"501":0,"502":0,"503":0,"504":0,"505":0,"506":0,"507":0,"508":0,"509":0,"510":0,"511":0,"512":0,"513":0,"514":0,"515":0,"516":0,"517":0,"518":0,"519":0,"520":0,"521":0,"522":0,"523":0,"524":0,"525":0,"526":0,"527":0,"528":0,"529":0,"530":0,"531":0,"532":0,"533":0,"534":0,"535":0,"536":0,"537":0,"538":0,"539":0,"540":0,"541":0,"542":0,"543":0,"544":0,"545":0,"546":0,"547":0,"548":0,"549":0,"550":0,"551":0,"552":0,"553":0,"554":0,"555":0,"556":0,"557":0,"558":0,"559":0,"560":0,"561":0,"562":0,"563":0,"564":0,"565":0,"566":0,"567":0,"568":0,"569":0,"570":0,"571":0,"572":0,"573":0,"574":0,"575":0,"576":0,"577":0,"578":0,"579":0,"580":0,"581":0,"582":0,"583":0,"584":0,"585":0,"586":0,"587":0,"588":0,"589":0,"590":0,"591":0,"592":0,"593":0,"594":0,"595":0,"596":0,"597":0,"598":0,"599":0,"600":0,"601":0,"602":0,"603":0,"604":0,"605":0,"606":0,"607":0,"608":0,"609":0,"610":0,"611":0,"612":0,"613":0,"614":0,"615":0,"616":2,"617":0,"618":2,"619":2,"620":2,"621":2,"622":0,"623":0,"624":0,"625":2,"626":2,"627":2,"628":0,"629":2,"630":0,"631":0,"632":0,"633":0,"634":0,"635":0,"636":0,"637":0,"638":0,"639":0,"640":0,"641":0,"642":0,"643":0,"644":0,"645":0,"646":0,"647":0,"648":0,"649":0,"650":0,"651":0,"652":0,"653":0,"654":0,"655":0,"656":0,"657":0,"658":0,"659":0,"660":0,"661":0,"662":0,"663":0,"664":0,"665":0,"666":0,"667":0,"668":0,"669":0,"670":0,"671":0,"672":0,"673":0,"674":0,"675":0,"676":0,"677":0,"678":0,"679":0,"680":0,"681":0,"682":0,"683":0,"684":0,"685":0,"686":0,"687":0,"688":0,"689":0,"690":0,"691":0,"692":0,"693":0,"694":0,"695":0,"696":0,"697":0,"698":0,"699":0,"700":0,"701":0,"702":0,"703":0,"704":0,"705":0,"706":0,"707":0,"708":0,"709":0,"710":0,"711":0,"712":0,"713":0,"714":0,"715":0,"716":0,"717":0,"718":0,"719":0,"720":0,"721":0,"722":0,"723":0,"724":0,"725":0,"726":0,"727":0,"728":0,"729":0,"730":0,"731":0,"732":0,"733":0,"734":0,"735":0,"736":0,"737":0,"738":0,"739":0,"740":0,"741":0,"742":0,"743":0,"744":0,"745":0,"746":0,"747":0,"748":0,"749":0,"750":0,"751":0,"752":0,"753":0,"754":0,"755":0,"756":0,"757":0,"758":0,"759":0,"760":0,"761":0,"762":0,"763":0,"764":0,"765":0,"766":0,"767":0,"768":0,"769":0,"770":0,"771":0,"772":0,"773":0,"774":0,"775":0,"776":0,"777":0,"778":0,"779":0,"780":0,"781":0,"782":0,"783":0,"784":0,"785":0,"786":0,"787":0,"788":0,"789":0,"790":0,"791":0,"792":0,"793":0,"794":0,"795":0,"796":0,"797":0,"798":0,"799":0,"800":0,"801":0,"802":0,"803":0,"804":0,"805":0,"806":0,"807":0,"808":0,"809":0,"810":0,"811":0,"812":0,"813":0,"814":0,"815":0,"816":0,"817":0,"818":0,"819":0,"820":0,"821":0,"822":0,"823":0,"824":0,"825":0,"826":0,"827":0,"828":0,"829":0,"830":0,"831":0,"832":0,"833":0,"834":0,"835":0,"836":0,"837":0,"838":0,"839":0,"840":0,"841":0,"842":0,"843":0,"844":0,"845":0,"846":0,"847":0,"848":0,"849":0,"850":0,"851":0,"852":0,"853":0,"854":0,"855":0,"856":0,"857":0,"858":0,"859":0,"860":0,"861":0,"862":0,"863":0,"864":0,"865":0,"866":0,"867":0,"868":0,"869":0,"870":0,"871":0,"872":0,"873":0,"874":0,"875":0,"876":0,"877":0,"878":0,"879":0,"880":0,"881":0,"882":0,"883":0,"884":0,"885":0,"886":0,"887":0,"888":0,"889":0,"890":0,"891":0,"892":0,"893":0,"894":0,"895":0,"896":0,"897":0,"898":0,"899":0,"900":0,"901":0,"902":0,"903":0,"904":0,"905":0,"906":0,"907":0,"908":0,"909":0,"910":0,"911":0,"912":0,"913":0,"914":0,"915":0,"916":0,"917":0,"918":0,"919":0,"920":0,"921":0,"922":0,"923":0,"924":0,"925":0,"926":0,"927":0,"928":0,"929":0,"930":0,"931":0,"932":0,"933":0,"934":0,"935":0,"936":0,"937":0,"938":0,"939":0,"940":0,"941":0,"942":0,"943":0,"944":0,"945":0,"946":0,"947":0,"948":0,"949":0,"950":0,"951":0,"952":0,"953":0,"954":0,"955":0,"956":0,"957":0,"958":0,"959":0,"960":0,"961":0,"962":0,"963":0,"964":0,"965":0,"966":0,"967":0,"968":0,"969":0,"970":0,"971":0,"972":0,"973":0,"974":0,"975":0,"976":0,"977":0,"978":0,"979":0,"980":0,"981":0,"982":0,"983":0,"984":0,"985":0,"986":0,"987":0,"988":0,"989":0,"990":0,"991":0,"992":0,"993":0,"994":0,"995":0,"996":0,"997":0,"998":0,"999":0,"1000":0,"1001":0,"1002":0,"1003":0,"1004":0,"1005":0,"1006":0,"1007":0,"1008":0,"1009":0,"1010":0,"1011":0,"1012":0,"1013":0,"1014":0,"1015":0,"1016":0,"1017":0,"1018":0,"1019":0,"1020":0,"1021":0,"1022":0,"1023":0,"1024":0,"1025":0,"1026":0,"1027":0,"1028":0,"1029":0,"1030":0,"1031":0,"1032":0,"1033":0,"1034":0,"1035":0,"1036":0,"1037":0,"1038":0,"1039":0,"1040":0,"1041":0,"1042":0,"1043":0,"1044":0,"1045":0,"1046":0,"1047":0,"1048":0,"1049":0,"1050":0,"1051":0,"1052":0,"1053":0,"1054":0,"1055":0,"1056":0,"1057":0,"1058":0,"1059":0,"1060":0,"1061":0,"1062":0,"1063":0,"1064":0,"1065":0,"1066":0,"1067":0,"1068":0,"1069":0,"1070":0,"1071":0,"1072":0,"1073":0,"1074":0,"1075":0,"1076":0,"1077":0,"1078":0,"1079":0,"1080":0,"1081":0,"1082":0,"1083":0,"1084":0,"1085":0,"1086":0,"1087":0,"1088":0,"1089":0,"1090":0,"1091":0,"1092":0,"1093":0,"1094":2,"1095":2,"1096":2,"1097":0,"1098":0,"1099":0,"1100":0,"1101":0,"1102":0,"1103":0,"1104":0,"1105":0,"1106":0,"1107":0,"1108":0,"1109":0,"1110":0,"1111":0,"1112":0,"1113":0,"1114":0,"1115":0,"1116":0,"1117":0,"1118":0,"1119":0,"1120":0,"1121":0,"1122":0,"1123":0,"1124":0,"1125":0,"1126":0,"1127":0,"1128":0,"1129":0,"1130":0,"1131":0,"1132":0,"1133":0,"1134":0,"1135":0,"1136":0,"1137":0,"1138":0,"1139":0,"1140":0,"1141":0,"1142":0,"1143":0,"1144":0,"1145":0,"1146":0,"1147":0,"1148":0,"1149":0,"1150":0,"1151":0,"1152":0,"1153":0,"1154":0,"1155":0,"1156":0,"1157":0,"1158":0,"1159":0,"1160":0,"1161":0,"1162":0,"1163":0,"1164":0,"1165":0,"1166":0,"1167":0,"1168":0,"1169":0,"1170":0,"1171":0,"1172":0,"1173":0,"1174":0,"1175":0,"1176":0,"1177":0,"1178":0,"1179":0,"1180":0,"1181":1,"1182":0,"1183":1,"1184":39,"1185":1,"1186":1,"1187":1,"1188":1,"1189":2,"1190":2,"1191":50,"1192":0,"1193":50,"1194":50,"1195":4,"1196":50,"1197":50,"1198":50,"1199":50,"1200":50,"1201":50,"1202":50,"1203":50,"1204":50,"1205":2,"1206":4,"1207":4,"1208":4,"1209":4,"1210":4,"1211":4,"1212":2,"1213":0,"1214":0,"1215":0,"1216":0,"1217":0,"1218":0,"1219":0,"1220":0,"1221":0,"1222":0,"1223":0,"1224":0,"1225":0,"1226":0,"1227":0,"1228":0,"1229":0,"1230":0,"1231":0,"1232":0,"1233":0,"1234":0,"1235":0,"1236":0,"1237":0,"1238":0,"1239":0,"1240":0,"1241":0,"1242":0,"1243":0,"1244":0,"1245":0,"1246":0,"1247":0,"1248":0,"1249":0,"1250":0,"1251":0,"1252":0,"1253":0,"1254":0,"1255":0,"1256":0,"1257":0,"1258":0,"1259":0,"1260":0,"1261":0,"1262":0,"1263":0,"1264":0,"1265":0,"1266":0,"1267":0,"1268":0,"1269":0,"1270":0,"1271":0,"1272":0,"1273":0,"1274":0,"1275":0,"1276":0,"1277":0,"1278":0,"1279":0,"1280":0,"1281":0,"1282":0,"1283":0,"1284":0,"1285":0,"1286":0,"1287":0,"1288":0,"1289":0,"1290":0,"1291":0,"1292":0,"1293":0,"1294":0,"1295":0,"1296":0,"1297":0,"1298":0,"1299":0,"1300":0,"1301":0,"1302":0,"1303":0,"1304":0,"1305":0,"1306":0,"1307":0,"1308":0,"1309":0,"1310":0,"1311":0,"1312":0,"1313":0,"1314":0,"1315":0,"1316":0,"1317":0,"1318":0,"1319":0,"1320":0,"1321":0,"1322":0,"1323":0,"1324":0,"1325":0,"1326":0,"1327":0,"1328":0,"1329":0,"1330":0,"1331":0,"1332":2,"1333":2,"1334":2,"1335":2,"1336":2,"1337":2,"1338":2,"1339":2,"1340":2,"1341":2,"1342":0,"1343":0,"1344":0,"1345":0,"1346":0},"f":{"0":6,"1":2,"2":2,"3":2,"4":14,"5":0,"6":0,"7":0,"8":2,"9":2,"10":0,"11":0,"12":0,"13":0,"14":0,"15":0,"16":0,"17":0,"18":0,"19":0,"20":0,"21":0,"22":0,"23":0,"24":0,"25":0,"26":0,"27":0,"28":0,"29":0,"30":0,"31":0,"32":0,"33":0,"34":0,"35":0,"36":0,"37":0,"38":0,"39":0,"40":0,"41":0,"42":0,"43":0,"44":0,"45":0,"46":0,"47":0,"48":0,"49":0,"50":0,"51":0,"52":0,"53":0,"54":0,"55":0,"56":0,"57":0,"58":0,"59":0,"60":0,"61":0,"62":0,"63":0,"64":0,"65":0,"66":0,"67":0,"68":0,"69":0,"70":0,"71":0,"72":0,"73":0,"74":0,"75":0,"76":0,"77":0,"78":0,"79":0,"80":0,"81":2,"82":0,"83":0,"84":0,"85":0,"86":0,"87":0,"88":0,"89":0,"90":0,"91":0,"92":0,"93":0,"94":0,"95":0,"96":0,"97":0,"98":0,"99":0,"100":0,"101":0,"102":0,"103":0,"104":0,"105":0,"106":0,"107":0,"108":0,"109":0,"110":0,"111":0,"112":0,"113":0,"114":0,"115":0,"116":0,"117":0,"118":0,"119":0,"120":0,"121":0,"122":0,"123":0,"124":0,"125":0,"126":0,"127":0,"128":0,"129":0,"130":0,"131":0,"132":0,"133":0,"134":0,"135":0,"136":0,"137":0,"138":0,"139":0,"140":0,"141":0,"142":0,"143":0,"144":0,"145":0,"146":0,"147":2,"148":0,"149":0,"150":0,"151":0,"152":0,"153":0,"154":0,"155":0,"156":0,"157":0,"158":0,"159":0,"160":0,"161":0,"162":0,"163":0,"164":0,"165":0,"166":1,"167":39,"168":2,"169":50,"170":4,"171":2,"172":0,"173":0,"174":0,"175":0,"176":0,"177":0,"178":0,"179":0,"180":0,"181":0,"182":0,"183":0,"184":0,"185":0,"186":0,"187":0,"188":0,"189":0,"190":0,"191":0,"192":0,"193":0,"194":0,"195":0,"196":0,"197":0,"198":0,"199":0,"200":0,"201":0,"202":0,"203":0},"b":{"0":[0,6],"1":[0,0],"2":[0,0],"3":[0,0],"4":[0,0],"5":[0,0],"6":[0,0],"7":[0,0],"8":[0,0],"9":[0,0],"10":[0,0],"11":[0,0],"12":[0,0],"13":[0,0],"14":[0,0],"15":[0,0],"16":[0,0],"17":[0,0],"18":[0,0],"19":[0,0],"20":[0,0],"21":[0,0],"22":[0,0],"23":[0,0],"24":[0,0],"25":[0,0],"26":[0,0],"27":[0,0],"28":[0,0],"29":[0,0],"30":[0,0],"31":[0,0],"32":[0,0],"33":[0,0],"34":[0,0],"35":[0,0],"36":[0,0],"37":[0,0],"38":[0,0],"39":[0,0],"40":[0,0],"41":[0,0],"42":[0,0],"43":[0,0],"44":[0,0],"45":[0,0],"46":[0,0],"47":[0,0],"48":[0,0],"49":[0,0],"50":[0,0],"51":[0,0],"52":[0,0],"53":[0,0],"54":[0,0],"55":[0,0],"56":[0,0],"57":[0,0],"58":[0,0,0],"59":[0,0],"60":[0,0],"61":[0,0],"62":[0,0],"63":[0,0],"64":[0,0],"65":[0,0],"66":[0,0],"67":[0,0],"68":[0,0],"69":[0,0],"70":[0,0,0,0],"71":[0,0],"72":[0,0],"73":[0,0],"74":[0,0],"75":[0,0,0],"76":[0,0],"77":[0,0],"78":[0,0],"79":[0,0],"80":[0,0],"81":[0,0],"82":[0,0],"83":[0,0],"84":[0,0],"85":[0,0],"86":[0,0],"87":[0,0],"88":[0,0],"89":[0,0],"90":[0,0],"91":[0,0],"92":[0,0],"93":[0,0],"94":[0,0],"95":[0,0],"96":[0,0],"97":[0,0],"98":[0,0],"99":[0,0],"100":[0,0],"101":[0,0],"102":[0,0],"103":[0,0],"104":[0,0],"105":[0,0],"106":[0,0],"107":[0,0],"108":[0,0],"109":[0,0],"110":[0,0],"111":[0,0],"112":[0,0],"113":[0,0],"114":[0,0],"115":[0,0],"116":[0,0],"117":[0,0,0,0,0],"118":[0,0],"119":[0,0],"120":[0,0],"121":[0,0],"122":[0,0],"123":[0,0],"124":[0,0],"125":[0,0],"126":[0,0],"127":[0,0],"128":[0,0],"129":[0,0,0,0,0],"130":[0,0],"131":[0,0],"132":[0,0],"133":[0,0],"134":[0,0],"135":[0,0],"136":[0,0],"137":[0,0],"138":[0,0],"139":[0,0],"140":[0,0],"141":[0,0],"142":[0,0],"143":[0,0],"144":[0,0],"145":[0,0],"146":[0,0],"147":[0,0],"148":[0,0],"149":[0,0],"150":[0,0],"151":[0,0],"152":[0,0],"153":[0,0],"154":[0,0],"155":[0,0],"156":[0,0],"157":[0,0],"158":[0,0],"159":[0,0],"160":[0,0],"161":[0,0],"162":[0,0],"163":[0,0],"164":[0,0],"165":[0,0],"166":[0,0],"167":[0,0],"168":[0,0],"169":[0,0],"170":[0,0],"171":[0,0],"172":[0,0],"173":[0,0],"174":[0,0],"175":[0,0],"176":[0,0],"177":[0,0],"178":[0,0],"179":[0,0],"180":[0,0],"181":[0,0],"182":[0,0,0,0,0],"183":[0,0],"184":[0,0],"185":[0,0],"186":[0,0],"187":[0,0],"188":[0,0],"189":[0],"190":[0,0],"191":[0,0],"192":[0,0],"193":[0,0],"194":[0,0],"195":[0,0],"196":[0],"197":[0,0],"198":[0,0],"199":[0,0],"200":[0,0],"201":[0,0],"202":[0,0],"203":[0,0],"204":[0,0],"205":[0,2],"206":[2,0],"207":[1,1],"208":[1,1],"209":[0,2],"210":[0,0],"211":[2,0],"212":[0,2],"213":[0,0],"214":[0,0],"215":[0,0],"216":[0,0],"217":[0,0],"218":[0,0],"219":[0,0],"220":[0,0],"221":[0,0],"222":[0,0],"223":[0,0],"224":[0,0,0],"225":[0,0],"226":[0,0],"227":[0,0],"228":[0,0],"229":[0,0],"230":[0,0],"231":[0,0],"232":[0,0],"233":[0,0],"234":[0,0],"235":[0,0],"236":[0,0],"237":[0,0],"238":[0,0],"239":[0,0],"240":[0,0],"241":[0,0,0],"242":[0,0],"243":[0,0],"244":[0,0],"245":[0,0],"246":[0,0,0],"247":[0,0],"248":[0,0],"249":[0,0],"250":[0,0],"251":[0,0],"252":[0,0],"253":[0,0],"254":[0,0],"255":[0,0],"256":[0,0],"257":[0,0],"258":[0,0],"259":[0,0],"260":[0,0],"261":[0,0],"262":[0,0],"263":[0,0],"264":[0,0],"265":[0,0],"266":[0,0],"267":[0,0],"268":[0,0],"269":[0,0],"270":[0,0],"271":[0,0],"272":[0,0],"273":[0,0],"274":[0,0],"275":[0,0,0],"276":[0,0],"277":[0,0],"278":[0,0],"279":[0,0],"280":[0,0],"281":[0,0],"282":[0,0],"283":[0,0],"284":[0,0],"285":[0,0],"286":[0,0],"287":[0,0],"288":[0,0],"289":[0,0],"290":[0,0],"291":[0,0],"292":[0,0],"293":[0,0],"294":[0,0],"295":[0,0],"296":[0,0,0],"297":[0,0,0],"298":[0,0],"299":[0,0],"300":[0,0],"301":[0,0],"302":[0,0],"303":[0,0],"304":[0,0],"305":[0,0],"306":[0,0],"307":[0,0],"308":[0,0],"309":[0,0],"310":[0,0],"311":[0,0],"312":[0,0],"313":[0,0],"314":[0,0],"315":[0,0],"316":[0,0],"317":[0,0],"318":[0,0],"319":[0,0],"320":[0,0],"321":[0,0],"322":[0,0],"323":[0,0],"324":[0,0],"325":[0,0],"326":[0,0],"327":[0,0],"328":[0,0],"329":[0,0],"330":[0,0],"331":[0,0],"332":[0,0,0],"333":[0,0],"334":[0,0],"335":[0,0],"336":[0,0],"337":[0,0],"338":[0,0,0],"339":[0,0],"340":[0,0],"341":[0,0],"342":[0,0],"343":[0],"344":[0],"345":[0,0],"346":[0,0,0],"347":[0,0],"348":[0,0],"349":[0,0],"350":[0,0],"351":[0,0],"352":[0,0],"353":[0,0],"354":[0,0],"355":[0],"356":[0,0],"357":[0,0],"358":[0,0],"359":[0,0],"360":[0,0],"361":[0,0],"362":[0,0],"363":[0,0],"364":[0,0],"365":[0,0],"366":[0,0],"367":[0,0],"368":[0,0],"369":[0,0,0],"370":[0,0],"371":[0,0],"372":[0,0],"373":[0,0],"374":[0,0],"375":[0,0],"376":[0,0],"377":[0,0],"378":[0,0],"379":[0,0],"380":[0,0],"381":[0,0],"382":[0,0],"383":[0,0],"384":[0,0],"385":[0,0],"386":[0,0],"387":[0,0],"388":[0,0],"389":[0,0],"390":[0,0],"391":[0,0],"392":[0,0],"393":[0,0],"394":[0,0],"395":[0,0],"396":[0,0],"397":[0,0],"398":[0,0],"399":[0,0],"400":[0,0],"401":[0,0],"402":[0,0],"403":[0,0],"404":[0,0],"405":[0,0],"406":[0,0],"407":[0,0],"408":[0,1],"409":[1,1],"410":[0,50],"411":[4,46],"412":[50,0],"413":[50,0],"414":[50,0],"415":[0,4],"416":[4,0],"417":[4,0],"418":[4,0],"419":[4,4],"420":[4,0],"421":[0],"422":[0,0],"423":[0,0],"424":[0,0],"425":[0,0],"426":[0],"427":[0,0],"428":[0,0],"429":[0,0],"430":[0],"431":[0,0],"432":[0,0],"433":[0,0],"434":[0,0],"435":[0,0],"436":[0,0],"437":[0,0],"438":[0],"439":[0,0],"440":[0,0],"441":[0,0,0,0],"442":[0,0],"443":[0,0],"444":[0,0],"445":[0,0],"446":[0,0],"447":[0,0],"448":[0,0],"449":[0,0],"450":[0,0],"451":[0,0],"452":[0,0],"453":[0,0],"454":[0,0],"455":[0,0],"456":[0,0],"457":[0],"458":[0],"459":[0,0],"460":[0],"461":[0,0],"462":[0,0],"463":[0,0],"464":[0,0],"465":[0,0],"466":[0,0],"467":[0,0],"468":[0,0],"469":[0,0],"470":[0,0],"471":[0,0],"472":[0,0],"473":[0,0],"474":[0,0],"475":[2,0],"476":[2,0],"477":[2,2],"478":[0,0],"479":[0,0]},"inputSourceMap":null,"_coverageSchema":"1a1c01bbd47fc00a2c39e90264f33305004495a9","hash":"b452d195db1498e9720c6ac7154fc62046ee1d75"}
}
