{"C:\\Users\\WinkelFe\\Downloads\\wetter-app-main\\wetter-app-main\\src\\features.js": {"path":"C:\\Users\\WinkelFe\\Downloads\\wetter-app-main\\wetter-app-main\\src\\features.js","statementMap":{"0":{"start":{"line":27,"column":2},"end":{"line":27,"column":54}},"1":{"start":{"line":27,"column":37},"end":{"line":27,"column":54}},"2":{"start":{"line":28,"column":2},"end":{"line":28,"column":49}},"3":{"start":{"line":35,"column":2},"end":{"line":35,"column":33}},"4":{"start":{"line":42,"column":2},"end":{"line":42,"column":37}},"5":{"start":{"line":51,"column":4},"end":{"line":51,"column":35}},"6":{"start":{"line":52,"column":4},"end":{"line":52,"column":40}},"7":{"start":{"line":53,"column":4},"end":{"line":53,"column":20}},"8":{"start":{"line":54,"column":4},"end":{"line":54,"column":23}},"9":{"start":{"line":55,"column":4},"end":{"line":55,"column":26}},"10":{"start":{"line":56,"column":4},"end":{"line":56,"column":29}},"11":{"start":{"line":57,"column":4},"end":{"line":57,"column":35}},"12":{"start":{"line":58,"column":4},"end":{"line":58,"column":53}},"13":{"start":{"line":59,"column":4},"end":{"line":59,"column":53}},"14":{"start":{"line":60,"column":4},"end":{"line":60,"column":65}},"15":{"start":{"line":60,"column":56},"end":{"line":60,"column":63}},"16":{"start":{"line":61,"column":4},"end":{"line":61,"column":33}},"17":{"start":{"line":62,"column":4},"end":{"line":62,"column":25}},"18":{"start":{"line":63,"column":4},"end":{"line":63,"column":25}},"19":{"start":{"line":64,"column":4},"end":{"line":64,"column":31}},"20":{"start":{"line":65,"column":4},"end":{"line":65,"column":34}},"21":{"start":{"line":66,"column":4},"end":{"line":66,"column":33}},"22":{"start":{"line":67,"column":4},"end":{"line":67,"column":34}},"23":{"start":{"line":68,"column":4},"end":{"line":68,"column":54}},"24":{"start":{"line":69,"column":4},"end":{"line":69,"column":34}},"25":{"start":{"line":70,"column":4},"end":{"line":70,"column":36}},"26":{"start":{"line":71,"column":4},"end":{"line":71,"column":61}},"27":{"start":{"line":72,"column":4},"end":{"line":72,"column":40}},"28":{"start":{"line":73,"column":4},"end":{"line":73,"column":42}},"29":{"start":{"line":74,"column":4},"end":{"line":74,"column":32}},"30":{"start":{"line":75,"column":4},"end":{"line":75,"column":35}},"31":{"start":{"line":76,"column":4},"end":{"line":76,"column":32}},"32":{"start":{"line":77,"column":4},"end":{"line":77,"column":41}},"33":{"start":{"line":78,"column":4},"end":{"line":78,"column":37}},"34":{"start":{"line":79,"column":4},"end":{"line":79,"column":37}},"35":{"start":{"line":80,"column":4},"end":{"line":80,"column":38}},"36":{"start":{"line":81,"column":4},"end":{"line":81,"column":36}},"37":{"start":{"line":82,"column":4},"end":{"line":82,"column":39}},"38":{"start":{"line":83,"column":4},"end":{"line":83,"column":26}},"39":{"start":{"line":84,"column":4},"end":{"line":84,"column":33}},"40":{"start":{"line":85,"column":4},"end":{"line":85,"column":26}},"41":{"start":{"line":86,"column":4},"end":{"line":86,"column":32}},"42":{"start":{"line":87,"column":4},"end":{"line":87,"column":31}},"43":{"start":{"line":88,"column":4},"end":{"line":88,"column":34}},"44":{"start":{"line":89,"column":4},"end":{"line":89,"column":33}},"45":{"start":{"line":90,"column":4},"end":{"line":90,"column":34}},"46":{"start":{"line":91,"column":4},"end":{"line":91,"column":25}},"47":{"start":{"line":92,"column":4},"end":{"line":92,"column":31}},"48":{"start":{"line":93,"column":4},"end":{"line":93,"column":31}},"49":{"start":{"line":94,"column":4},"end":{"line":94,"column":36}},"50":{"start":{"line":98,"column":22},"end":{"line":98,"column":63}},"51":{"start":{"line":99,"column":4},"end":{"line":102,"column":5}},"52":{"start":{"line":100,"column":6},"end":{"line":100,"column":69}},"53":{"start":{"line":101,"column":6},"end":{"line":101,"column":13}},"54":{"start":{"line":104,"column":4},"end":{"line":108,"column":5}},"55":{"start":{"line":105,"column":6},"end":{"line":106,"column":87}},"56":{"start":{"line":107,"column":6},"end":{"line":107,"column":13}},"57":{"start":{"line":110,"column":4},"end":{"line":110,"column":38}},"58":{"start":{"line":111,"column":4},"end":{"line":111,"column":31}},"59":{"start":{"line":112,"column":4},"end":{"line":112,"column":29}},"60":{"start":{"line":114,"column":4},"end":{"line":120,"column":5}},"61":{"start":{"line":115,"column":6},"end":{"line":115,"column":32}},"62":{"start":{"line":116,"column":6},"end":{"line":116,"column":34}},"63":{"start":{"line":117,"column":6},"end":{"line":117,"column":43}},"64":{"start":{"line":118,"column":6},"end":{"line":118,"column":40}},"65":{"start":{"line":119,"column":6},"end":{"line":119,"column":36}},"66":{"start":{"line":122,"column":4},"end":{"line":122,"column":36}},"67":{"start":{"line":123,"column":4},"end":{"line":123,"column":37}},"68":{"start":{"line":124,"column":4},"end":{"line":124,"column":28}},"69":{"start":{"line":128,"column":4},"end":{"line":133,"column":31}},"70":{"start":{"line":135,"column":4},"end":{"line":140,"column":23}},"71":{"start":{"line":142,"column":4},"end":{"line":142,"column":27}},"72":{"start":{"line":143,"column":4},"end":{"line":145,"column":5}},"73":{"start":{"line":144,"column":6},"end":{"line":144,"column":37}},"74":{"start":{"line":146,"column":4},"end":{"line":146,"column":28}},"75":{"start":{"line":150,"column":4},"end":{"line":150,"column":26}},"76":{"start":{"line":150,"column":19},"end":{"line":150,"column":26}},"77":{"start":{"line":152,"column":4},"end":{"line":158,"column":5}},"78":{"start":{"line":153,"column":6},"end":{"line":153,"column":40}},"79":{"start":{"line":154,"column":6},"end":{"line":154,"column":76}},"80":{"start":{"line":156,"column":6},"end":{"line":156,"column":68}},"81":{"start":{"line":157,"column":6},"end":{"line":157,"column":70}},"82":{"start":{"line":162,"column":4},"end":{"line":218,"column":6}},"83":{"start":{"line":222,"column":4},"end":{"line":333,"column":6}},"84":{"start":{"line":337,"column":4},"end":{"line":337,"column":26}},"85":{"start":{"line":337,"column":19},"end":{"line":337,"column":26}},"86":{"start":{"line":339,"column":21},"end":{"line":339,"column":23}},"87":{"start":{"line":340,"column":19},"end":{"line":340,"column":21}},"88":{"start":{"line":341,"column":28},"end":{"line":341,"column":33}},"89":{"start":{"line":342,"column":26},"end":{"line":342,"column":46}},"90":{"start":{"line":343,"column":26},"end":{"line":343,"column":63}},"91":{"start":{"line":344,"column":19},"end":{"line":346,"column":12}},"92":{"start":{"line":348,"column":4},"end":{"line":348,"column":31}},"93":{"start":{"line":349,"column":4},"end":{"line":349,"column":35}},"94":{"start":{"line":350,"column":4},"end":{"line":350,"column":29}},"95":{"start":{"line":352,"column":4},"end":{"line":417,"column":7}},"96":{"start":{"line":353,"column":16},"end":{"line":353,"column":26}},"97":{"start":{"line":354,"column":18},"end":{"line":354,"column":29}},"98":{"start":{"line":355,"column":19},"end":{"line":355,"column":40}},"99":{"start":{"line":356,"column":28},"end":{"line":356,"column":33}},"100":{"start":{"line":358,"column":6},"end":{"line":368,"column":7}},"101":{"start":{"line":359,"column":24},"end":{"line":359,"column":58}},"102":{"start":{"line":360,"column":8},"end":{"line":367,"column":9}},"103":{"start":{"line":361,"column":10},"end":{"line":361,"column":24}},"104":{"start":{"line":363,"column":10},"end":{"line":363,"column":35}},"105":{"start":{"line":364,"column":10},"end":{"line":364,"column":28}},"106":{"start":{"line":365,"column":10},"end":{"line":365,"column":40}},"107":{"start":{"line":366,"column":10},"end":{"line":366,"column":33}},"108":{"start":{"line":370,"column":6},"end":{"line":379,"column":7}},"109":{"start":{"line":371,"column":8},"end":{"line":378,"column":9}},"110":{"start":{"line":372,"column":10},"end":{"line":372,"column":36}},"111":{"start":{"line":373,"column":10},"end":{"line":373,"column":27}},"112":{"start":{"line":374,"column":10},"end":{"line":374,"column":42}},"113":{"start":{"line":375,"column":10},"end":{"line":375,"column":33}},"114":{"start":{"line":377,"column":10},"end":{"line":377,"column":69}},"115":{"start":{"line":381,"column":6},"end":{"line":385,"column":7}},"116":{"start":{"line":382,"column":8},"end":{"line":382,"column":24}},"117":{"start":{"line":383,"column":8},"end":{"line":383,"column":43}},"118":{"start":{"line":384,"column":8},"end":{"line":384,"column":31}},"119":{"start":{"line":387,"column":6},"end":{"line":390,"column":7}},"120":{"start":{"line":388,"column":8},"end":{"line":388,"column":55}},"121":{"start":{"line":389,"column":8},"end":{"line":389,"column":15}},"122":{"start":{"line":392,"column":27},"end":{"line":396,"column":7}},"123":{"start":{"line":398,"column":6},"end":{"line":407,"column":7}},"124":{"start":{"line":399,"column":8},"end":{"line":406,"column":11}},"125":{"start":{"line":409,"column":20},"end":{"line":409,"column":61}},"126":{"start":{"line":411,"column":6},"end":{"line":411,"column":65}},"127":{"start":{"line":411,"column":34},"end":{"line":411,"column":63}},"128":{"start":{"line":413,"column":6},"end":{"line":413,"column":37}},"129":{"start":{"line":414,"column":6},"end":{"line":414,"column":44}},"130":{"start":{"line":415,"column":6},"end":{"line":415,"column":52}},"131":{"start":{"line":416,"column":6},"end":{"line":416,"column":74}},"132":{"start":{"line":419,"column":4},"end":{"line":422,"column":5}},"133":{"start":{"line":420,"column":6},"end":{"line":420,"column":33}},"134":{"start":{"line":421,"column":6},"end":{"line":421,"column":31}},"135":{"start":{"line":424,"column":24},"end":{"line":424,"column":56}},"136":{"start":{"line":426,"column":4},"end":{"line":447,"column":5}},"137":{"start":{"line":427,"column":6},"end":{"line":431,"column":8}},"138":{"start":{"line":432,"column":6},"end":{"line":432,"column":40}},"139":{"start":{"line":434,"column":6},"end":{"line":436,"column":7}},"140":{"start":{"line":435,"column":8},"end":{"line":435,"column":47}},"141":{"start":{"line":438,"column":6},"end":{"line":446,"column":7}},"142":{"start":{"line":439,"column":8},"end":{"line":441,"column":10}},"143":{"start":{"line":440,"column":10},"end":{"line":440,"column":45}},"144":{"start":{"line":442,"column":8},"end":{"line":444,"column":10}},"145":{"start":{"line":443,"column":10},"end":{"line":443,"column":48}},"146":{"start":{"line":445,"column":8},"end":{"line":445,"column":39}},"147":{"start":{"line":449,"column":4},"end":{"line":463,"column":5}},"148":{"start":{"line":450,"column":6},"end":{"line":462,"column":7}},"149":{"start":{"line":451,"column":8},"end":{"line":452,"column":77}},"150":{"start":{"line":453,"column":13},"end":{"line":462,"column":7}},"151":{"start":{"line":454,"column":8},"end":{"line":455,"column":73}},"152":{"start":{"line":456,"column":13},"end":{"line":462,"column":7}},"153":{"start":{"line":457,"column":8},"end":{"line":457,"column":69}},"154":{"start":{"line":458,"column":13},"end":{"line":462,"column":7}},"155":{"start":{"line":459,"column":8},"end":{"line":459,"column":64}},"156":{"start":{"line":461,"column":8},"end":{"line":461,"column":39}},"157":{"start":{"line":465,"column":4},"end":{"line":487,"column":5}},"158":{"start":{"line":466,"column":6},"end":{"line":486,"column":9}},"159":{"start":{"line":467,"column":8},"end":{"line":485,"column":9}},"160":{"start":{"line":468,"column":10},"end":{"line":468,"column":33}},"161":{"start":{"line":470,"column":25},"end":{"line":472,"column":16}},"162":{"start":{"line":473,"column":26},"end":{"line":473,"column":78}},"163":{"start":{"line":474,"column":10},"end":{"line":476,"column":11}},"164":{"start":{"line":475,"column":12},"end":{"line":475,"column":48}},"165":{"start":{"line":477,"column":30},"end":{"line":479,"column":11}},"166":{"start":{"line":478,"column":23},"end":{"line":478,"column":44}},"167":{"start":{"line":480,"column":10},"end":{"line":484,"column":11}},"168":{"start":{"line":481,"column":12},"end":{"line":481,"column":67}},"169":{"start":{"line":482,"column":12},"end":{"line":482,"column":40}},"170":{"start":{"line":483,"column":12},"end":{"line":483,"column":44}},"171":{"start":{"line":492,"column":6},"end":{"line":494,"column":25}},"172":{"start":{"line":495,"column":4},"end":{"line":495,"column":24}},"173":{"start":{"line":495,"column":17},"end":{"line":495,"column":24}},"174":{"start":{"line":496,"column":4},"end":{"line":498,"column":5}},"175":{"start":{"line":497,"column":6},"end":{"line":497,"column":72}},"176":{"start":{"line":499,"column":4},"end":{"line":499,"column":28}},"177":{"start":{"line":500,"column":4},"end":{"line":500,"column":71}},"178":{"start":{"line":501,"column":4},"end":{"line":516,"column":16}},"179":{"start":{"line":503,"column":20},"end":{"line":514,"column":9}},"180":{"start":{"line":517,"column":4},"end":{"line":523,"column":6}},"181":{"start":{"line":518,"column":18},"end":{"line":518,"column":56}},"182":{"start":{"line":519,"column":6},"end":{"line":519,"column":23}},"183":{"start":{"line":519,"column":16},"end":{"line":519,"column":23}},"184":{"start":{"line":520,"column":6},"end":{"line":520,"column":72}},"185":{"start":{"line":520,"column":65},"end":{"line":520,"column":72}},"186":{"start":{"line":521,"column":18},"end":{"line":521,"column":35}},"187":{"start":{"line":522,"column":6},"end":{"line":522,"column":40}},"188":{"start":{"line":524,"column":4},"end":{"line":524,"column":67}},"189":{"start":{"line":525,"column":4},"end":{"line":525,"column":36}},"190":{"start":{"line":526,"column":4},"end":{"line":526,"column":52}},"191":{"start":{"line":530,"column":4},"end":{"line":530,"column":31}},"192":{"start":{"line":531,"column":4},"end":{"line":533,"column":5}},"193":{"start":{"line":532,"column":6},"end":{"line":532,"column":32}},"194":{"start":{"line":537,"column":19},"end":{"line":537,"column":73}},"195":{"start":{"line":537,"column":55},"end":{"line":537,"column":72}},"196":{"start":{"line":538,"column":4},"end":{"line":538,"column":24}},"197":{"start":{"line":538,"column":17},"end":{"line":538,"column":24}},"198":{"start":{"line":539,"column":4},"end":{"line":541,"column":5}},"199":{"start":{"line":540,"column":6},"end":{"line":540,"column":52}},"200":{"start":{"line":542,"column":4},"end":{"line":544,"column":5}},"201":{"start":{"line":543,"column":6},"end":{"line":543,"column":51}},"202":{"start":{"line":545,"column":4},"end":{"line":545,"column":41}},"203":{"start":{"line":549,"column":4},"end":{"line":549,"column":26}},"204":{"start":{"line":549,"column":19},"end":{"line":549,"column":26}},"205":{"start":{"line":550,"column":24},"end":{"line":550,"column":55}},"206":{"start":{"line":551,"column":4},"end":{"line":554,"column":5}},"207":{"start":{"line":552,"column":6},"end":{"line":552,"column":29}},"208":{"start":{"line":553,"column":6},"end":{"line":553,"column":13}},"209":{"start":{"line":555,"column":4},"end":{"line":561,"column":5}},"210":{"start":{"line":560,"column":6},"end":{"line":560,"column":54}},"211":{"start":{"line":562,"column":4},"end":{"line":564,"column":5}},"212":{"start":{"line":563,"column":6},"end":{"line":563,"column":34}},"213":{"start":{"line":565,"column":19},"end":{"line":565,"column":73}},"214":{"start":{"line":565,"column":55},"end":{"line":565,"column":72}},"215":{"start":{"line":566,"column":4},"end":{"line":568,"column":31}},"216":{"start":{"line":569,"column":4},"end":{"line":569,"column":50}},"217":{"start":{"line":570,"column":4},"end":{"line":570,"column":32}},"218":{"start":{"line":574,"column":4},"end":{"line":574,"column":32}},"219":{"start":{"line":574,"column":25},"end":{"line":574,"column":32}},"220":{"start":{"line":575,"column":4},"end":{"line":575,"column":32}},"221":{"start":{"line":576,"column":4},"end":{"line":580,"column":7}},"222":{"start":{"line":577,"column":23},"end":{"line":577,"column":64}},"223":{"start":{"line":578,"column":6},"end":{"line":578,"column":50}},"224":{"start":{"line":579,"column":6},"end":{"line":579,"column":68}},"225":{"start":{"line":581,"column":4},"end":{"line":581,"column":34}},"226":{"start":{"line":585,"column":4},"end":{"line":585,"column":37}},"227":{"start":{"line":585,"column":30},"end":{"line":585,"column":37}},"228":{"start":{"line":587,"column":4},"end":{"line":601,"column":5}},"229":{"start":{"line":588,"column":6},"end":{"line":599,"column":8}},"230":{"start":{"line":600,"column":6},"end":{"line":600,"column":13}},"231":{"start":{"line":603,"column":19},"end":{"line":603,"column":73}},"232":{"start":{"line":603,"column":55},"end":{"line":603,"column":72}},"233":{"start":{"line":604,"column":4},"end":{"line":607,"column":5}},"234":{"start":{"line":605,"column":6},"end":{"line":605,"column":37}},"235":{"start":{"line":606,"column":6},"end":{"line":606,"column":13}},"236":{"start":{"line":609,"column":23},"end":{"line":609,"column":48}},"237":{"start":{"line":610,"column":26},"end":{"line":612,"column":12}},"238":{"start":{"line":611,"column":44},"end":{"line":611,"column":68}},"239":{"start":{"line":613,"column":23},"end":{"line":613,"column":75}},"240":{"start":{"line":615,"column":6},"end":{"line":618,"column":59}},"241":{"start":{"line":619,"column":18},"end":{"line":619,"column":79}},"242":{"start":{"line":621,"column":6},"end":{"line":621,"column":64}},"243":{"start":{"line":622,"column":27},"end":{"line":630,"column":5}},"244":{"start":{"line":632,"column":6},"end":{"line":636,"column":65}},"245":{"start":{"line":638,"column":6},"end":{"line":638,"column":65}},"246":{"start":{"line":640,"column":4},"end":{"line":654,"column":6}},"247":{"start":{"line":658,"column":25},"end":{"line":660,"column":5}},"248":{"start":{"line":659,"column":17},"end":{"line":659,"column":48}},"249":{"start":{"line":661,"column":4},"end":{"line":663,"column":5}},"250":{"start":{"line":662,"column":6},"end":{"line":662,"column":56}},"251":{"start":{"line":667,"column":4},"end":{"line":667,"column":26}},"252":{"start":{"line":667,"column":19},"end":{"line":667,"column":26}},"253":{"start":{"line":669,"column":4},"end":{"line":672,"column":5}},"254":{"start":{"line":670,"column":6},"end":{"line":670,"column":33}},"255":{"start":{"line":671,"column":6},"end":{"line":671,"column":31}},"256":{"start":{"line":674,"column":4},"end":{"line":681,"column":5}},"257":{"start":{"line":675,"column":6},"end":{"line":679,"column":9}},"258":{"start":{"line":676,"column":8},"end":{"line":678,"column":9}},"259":{"start":{"line":677,"column":10},"end":{"line":677,"column":38}},"260":{"start":{"line":680,"column":6},"end":{"line":680,"column":33}},"261":{"start":{"line":683,"column":4},"end":{"line":688,"column":5}},"262":{"start":{"line":687,"column":6},"end":{"line":687,"column":54}},"263":{"start":{"line":689,"column":4},"end":{"line":689,"column":31}},"264":{"start":{"line":691,"column":4},"end":{"line":691,"column":31}},"265":{"start":{"line":692,"column":4},"end":{"line":692,"column":32}},"266":{"start":{"line":697,"column":6},"end":{"line":698,"column":59}},"267":{"start":{"line":699,"column":4},"end":{"line":701,"column":5}},"268":{"start":{"line":700,"column":6},"end":{"line":700,"column":35}},"269":{"start":{"line":703,"column":4},"end":{"line":705,"column":5}},"270":{"start":{"line":704,"column":6},"end":{"line":704,"column":36}},"271":{"start":{"line":707,"column":4},"end":{"line":707,"column":34}},"272":{"start":{"line":708,"column":4},"end":{"line":708,"column":32}},"273":{"start":{"line":709,"column":4},"end":{"line":709,"column":32}},"274":{"start":{"line":711,"column":24},"end":{"line":717,"column":5}},"275":{"start":{"line":719,"column":22},"end":{"line":725,"column":8}},"276":{"start":{"line":720,"column":6},"end":{"line":725,"column":8}},"277":{"start":{"line":721,"column":8},"end":{"line":723,"column":9}},"278":{"start":{"line":722,"column":10},"end":{"line":722,"column":59}},"279":{"start":{"line":724,"column":8},"end":{"line":724,"column":31}},"280":{"start":{"line":727,"column":23},"end":{"line":727,"column":76}},"281":{"start":{"line":728,"column":22},"end":{"line":728,"column":70}},"282":{"start":{"line":730,"column":27},"end":{"line":749,"column":5}},"283":{"start":{"line":731,"column":6},"end":{"line":733,"column":7}},"284":{"start":{"line":732,"column":8},"end":{"line":732,"column":63}},"285":{"start":{"line":734,"column":6},"end":{"line":736,"column":7}},"286":{"start":{"line":735,"column":8},"end":{"line":735,"column":63}},"287":{"start":{"line":737,"column":6},"end":{"line":737,"column":45}},"288":{"start":{"line":738,"column":6},"end":{"line":741,"column":17}},"289":{"start":{"line":742,"column":6},"end":{"line":745,"column":7}},"290":{"start":{"line":743,"column":8},"end":{"line":744,"column":69}},"291":{"start":{"line":746,"column":6},"end":{"line":746,"column":37}},"292":{"start":{"line":747,"column":6},"end":{"line":747,"column":34}},"293":{"start":{"line":748,"column":6},"end":{"line":748,"column":18}},"294":{"start":{"line":751,"column":4},"end":{"line":781,"column":9}},"295":{"start":{"line":752,"column":25},"end":{"line":752,"column":59}},"296":{"start":{"line":754,"column":8},"end":{"line":754,"column":76}},"297":{"start":{"line":755,"column":8},"end":{"line":759,"column":13}},"298":{"start":{"line":756,"column":29},"end":{"line":756,"column":62}},"299":{"start":{"line":758,"column":12},"end":{"line":758,"column":46}},"300":{"start":{"line":762,"column":8},"end":{"line":764,"column":9}},"301":{"start":{"line":763,"column":10},"end":{"line":763,"column":33}},"302":{"start":{"line":765,"column":8},"end":{"line":765,"column":23}},"303":{"start":{"line":768,"column":8},"end":{"line":768,"column":63}},"304":{"start":{"line":769,"column":8},"end":{"line":769,"column":38}},"305":{"start":{"line":770,"column":8},"end":{"line":770,"column":58}},"306":{"start":{"line":771,"column":8},"end":{"line":771,"column":39}},"307":{"start":{"line":772,"column":8},"end":{"line":773,"column":88}},"308":{"start":{"line":774,"column":8},"end":{"line":774,"column":55}},"309":{"start":{"line":775,"column":8},"end":{"line":775,"column":36}},"310":{"start":{"line":776,"column":8},"end":{"line":776,"column":59}},"311":{"start":{"line":777,"column":8},"end":{"line":777,"column":21}},"312":{"start":{"line":780,"column":8},"end":{"line":780,"column":38}},"313":{"start":{"line":783,"column":4},"end":{"line":783,"column":34}},"314":{"start":{"line":787,"column":19},"end":{"line":787,"column":48}},"315":{"start":{"line":788,"column":4},"end":{"line":788,"column":75}},"316":{"start":{"line":789,"column":4},"end":{"line":791,"column":5}},"317":{"start":{"line":790,"column":6},"end":{"line":790,"column":59}},"318":{"start":{"line":792,"column":4},"end":{"line":792,"column":32}},"319":{"start":{"line":793,"column":4},"end":{"line":793,"column":32}},"320":{"start":{"line":794,"column":4},"end":{"line":794,"column":32}},"321":{"start":{"line":798,"column":4},"end":{"line":800,"column":5}},"322":{"start":{"line":799,"column":6},"end":{"line":799,"column":33}},"323":{"start":{"line":801,"column":4},"end":{"line":803,"column":5}},"324":{"start":{"line":802,"column":6},"end":{"line":802,"column":44}},"325":{"start":{"line":804,"column":4},"end":{"line":804,"column":32}},"326":{"start":{"line":805,"column":4},"end":{"line":805,"column":32}},"327":{"start":{"line":806,"column":4},"end":{"line":806,"column":32}},"328":{"start":{"line":810,"column":4},"end":{"line":810,"column":30}},"329":{"start":{"line":810,"column":23},"end":{"line":810,"column":30}},"330":{"start":{"line":811,"column":22},"end":{"line":811,"column":63}},"331":{"start":{"line":812,"column":4},"end":{"line":812,"column":27}},"332":{"start":{"line":812,"column":20},"end":{"line":812,"column":27}},"333":{"start":{"line":814,"column":17},"end":{"line":814,"column":46}},"334":{"start":{"line":815,"column":4},"end":{"line":815,"column":40}},"335":{"start":{"line":816,"column":4},"end":{"line":816,"column":47}},"336":{"start":{"line":817,"column":4},"end":{"line":817,"column":32}},"337":{"start":{"line":818,"column":4},"end":{"line":818,"column":25}},"338":{"start":{"line":822,"column":4},"end":{"line":822,"column":30}},"339":{"start":{"line":822,"column":23},"end":{"line":822,"column":30}},"340":{"start":{"line":823,"column":19},"end":{"line":823,"column":48}},"341":{"start":{"line":824,"column":4},"end":{"line":824,"column":44}},"342":{"start":{"line":825,"column":4},"end":{"line":825,"column":34}},"343":{"start":{"line":826,"column":4},"end":{"line":826,"column":27}},"344":{"start":{"line":830,"column":4},"end":{"line":830,"column":37}},"345":{"start":{"line":830,"column":30},"end":{"line":830,"column":37}},"346":{"start":{"line":831,"column":19},"end":{"line":831,"column":64}},"347":{"start":{"line":832,"column":4},"end":{"line":832,"column":24}},"348":{"start":{"line":832,"column":17},"end":{"line":832,"column":24}},"349":{"start":{"line":833,"column":4},"end":{"line":833,"column":34}},"350":{"start":{"line":834,"column":4},"end":{"line":834,"column":32}},"351":{"start":{"line":835,"column":4},"end":{"line":835,"column":35}},"352":{"start":{"line":839,"column":4},"end":{"line":839,"column":41}},"353":{"start":{"line":839,"column":34},"end":{"line":839,"column":41}},"354":{"start":{"line":840,"column":19},"end":{"line":840,"column":63}},"355":{"start":{"line":841,"column":4},"end":{"line":841,"column":24}},"356":{"start":{"line":841,"column":17},"end":{"line":841,"column":24}},"357":{"start":{"line":842,"column":4},"end":{"line":842,"column":33}},"358":{"start":{"line":843,"column":4},"end":{"line":849,"column":6}},"359":{"start":{"line":844,"column":18},"end":{"line":844,"column":59}},"360":{"start":{"line":845,"column":6},"end":{"line":845,"column":23}},"361":{"start":{"line":845,"column":16},"end":{"line":845,"column":23}},"362":{"start":{"line":846,"column":6},"end":{"line":846,"column":29}},"363":{"start":{"line":847,"column":21},"end":{"line":847,"column":56}},"364":{"start":{"line":848,"column":6},"end":{"line":848,"column":38}},"365":{"start":{"line":850,"column":4},"end":{"line":850,"column":63}},"366":{"start":{"line":854,"column":4},"end":{"line":854,"column":37}},"367":{"start":{"line":854,"column":30},"end":{"line":854,"column":37}},"368":{"start":{"line":855,"column":4},"end":{"line":885,"column":5}},"369":{"start":{"line":857,"column":8},"end":{"line":862,"column":9}},"370":{"start":{"line":858,"column":25},"end":{"line":858,"column":48}},"371":{"start":{"line":859,"column":23},"end":{"line":859,"column":60}},"372":{"start":{"line":860,"column":10},"end":{"line":860,"column":59}},"373":{"start":{"line":861,"column":10},"end":{"line":861,"column":34}},"374":{"start":{"line":863,"column":8},"end":{"line":863,"column":14}},"375":{"start":{"line":866,"column":8},"end":{"line":866,"column":46}},"376":{"start":{"line":867,"column":8},"end":{"line":869,"column":9}},"377":{"start":{"line":868,"column":10},"end":{"line":868,"column":40}},"378":{"start":{"line":870,"column":8},"end":{"line":870,"column":14}},"379":{"start":{"line":873,"column":8},"end":{"line":875,"column":9}},"380":{"start":{"line":874,"column":10},"end":{"line":874,"column":70}},"381":{"start":{"line":876,"column":8},"end":{"line":876,"column":31}},"382":{"start":{"line":877,"column":8},"end":{"line":877,"column":14}},"383":{"start":{"line":880,"column":8},"end":{"line":880,"column":36}},"384":{"start":{"line":881,"column":8},"end":{"line":881,"column":14}},"385":{"start":{"line":884,"column":8},"end":{"line":884,"column":14}},"386":{"start":{"line":889,"column":22},"end":{"line":889,"column":62}},"387":{"start":{"line":890,"column":4},"end":{"line":890,"column":27}},"388":{"start":{"line":890,"column":20},"end":{"line":890,"column":27}},"389":{"start":{"line":891,"column":4},"end":{"line":893,"column":5}},"390":{"start":{"line":892,"column":6},"end":{"line":892,"column":47}},"391":{"start":{"line":894,"column":4},"end":{"line":894,"column":46}},"392":{"start":{"line":895,"column":4},"end":{"line":903,"column":6}},"393":{"start":{"line":898,"column":8},"end":{"line":900,"column":9}},"394":{"start":{"line":899,"column":10},"end":{"line":899,"column":48}},"395":{"start":{"line":907,"column":4},"end":{"line":907,"column":67}},"396":{"start":{"line":907,"column":60},"end":{"line":907,"column":67}},"397":{"start":{"line":908,"column":4},"end":{"line":908,"column":80}},"398":{"start":{"line":908,"column":43},"end":{"line":908,"column":79}},"399":{"start":{"line":909,"column":4},"end":{"line":910,"column":46}},"400":{"start":{"line":910,"column":6},"end":{"line":910,"column":45}},"401":{"start":{"line":911,"column":4},"end":{"line":911,"column":78}},"402":{"start":{"line":912,"column":4},"end":{"line":915,"column":6}},"403":{"start":{"line":919,"column":4},"end":{"line":919,"column":38}},"404":{"start":{"line":919,"column":31},"end":{"line":919,"column":38}},"405":{"start":{"line":921,"column":4},"end":{"line":925,"column":5}},"406":{"start":{"line":922,"column":6},"end":{"line":923,"column":70}},"407":{"start":{"line":924,"column":6},"end":{"line":924,"column":13}},"408":{"start":{"line":927,"column":23},"end":{"line":927,"column":56}},"409":{"start":{"line":928,"column":26},"end":{"line":928,"column":62}},"410":{"start":{"line":929,"column":23},"end":{"line":929,"column":56}},"411":{"start":{"line":930,"column":4},"end":{"line":938,"column":5}},"412":{"start":{"line":931,"column":6},"end":{"line":937,"column":7}},"413":{"start":{"line":932,"column":8},"end":{"line":932,"column":37}},"414":{"start":{"line":933,"column":8},"end":{"line":933,"column":57}},"415":{"start":{"line":934,"column":13},"end":{"line":937,"column":7}},"416":{"start":{"line":935,"column":8},"end":{"line":935,"column":40}},"417":{"start":{"line":936,"column":8},"end":{"line":936,"column":57}},"418":{"start":{"line":940,"column":4},"end":{"line":949,"column":5}},"419":{"start":{"line":941,"column":6},"end":{"line":941,"column":53}},"420":{"start":{"line":942,"column":21},"end":{"line":944,"column":12}},"421":{"start":{"line":945,"column":6},"end":{"line":947,"column":15}},"422":{"start":{"line":948,"column":6},"end":{"line":948,"column":13}},"423":{"start":{"line":951,"column":4},"end":{"line":954,"column":6}},"424":{"start":{"line":956,"column":24},"end":{"line":956,"column":56}},"425":{"start":{"line":957,"column":18},"end":{"line":957,"column":58}},"426":{"start":{"line":958,"column":20},"end":{"line":958,"column":62}},"427":{"start":{"line":960,"column":6},"end":{"line":962,"column":11}},"428":{"start":{"line":963,"column":26},"end":{"line":963,"column":62}},"429":{"start":{"line":964,"column":20},"end":{"line":964,"column":44}},"430":{"start":{"line":965,"column":25},"end":{"line":965,"column":65}},"431":{"start":{"line":966,"column":24},"end":{"line":966,"column":61}},"432":{"start":{"line":968,"column":23},"end":{"line":977,"column":5}},"433":{"start":{"line":969,"column":22},"end":{"line":974,"column":18}},"434":{"start":{"line":975,"column":23},"end":{"line":975,"column":50}},"435":{"start":{"line":976,"column":6},"end":{"line":976,"column":111}},"436":{"start":{"line":979,"column":4},"end":{"line":1018,"column":6}},"437":{"start":{"line":1022,"column":4},"end":{"line":1024,"column":5}},"438":{"start":{"line":1023,"column":6},"end":{"line":1023,"column":75}},"439":{"start":{"line":1025,"column":24},"end":{"line":1027,"column":5}},"440":{"start":{"line":1026,"column":17},"end":{"line":1026,"column":38}},"441":{"start":{"line":1028,"column":4},"end":{"line":1032,"column":5}},"442":{"start":{"line":1029,"column":6},"end":{"line":1029,"column":63}},"443":{"start":{"line":1030,"column":6},"end":{"line":1030,"column":34}},"444":{"start":{"line":1031,"column":6},"end":{"line":1031,"column":38}},"445":{"start":{"line":1033,"column":4},"end":{"line":1033,"column":41}},"446":{"start":{"line":1038,"column":6},"end":{"line":1038,"column":85}},"447":{"start":{"line":1039,"column":4},"end":{"line":1039,"column":41}},"448":{"start":{"line":1040,"column":4},"end":{"line":1040,"column":41}},"449":{"start":{"line":1041,"column":4},"end":{"line":1042,"column":75}},"450":{"start":{"line":1043,"column":4},"end":{"line":1045,"column":5}},"451":{"start":{"line":1044,"column":6},"end":{"line":1044,"column":52}},"452":{"start":{"line":1046,"column":4},"end":{"line":1048,"column":5}},"453":{"start":{"line":1047,"column":6},"end":{"line":1047,"column":29}},"454":{"start":{"line":1049,"column":24},"end":{"line":1051,"column":5}},"455":{"start":{"line":1050,"column":17},"end":{"line":1050,"column":38}},"456":{"start":{"line":1052,"column":4},"end":{"line":1060,"column":5}},"457":{"start":{"line":1053,"column":6},"end":{"line":1057,"column":8}},"458":{"start":{"line":1058,"column":6},"end":{"line":1058,"column":34}},"459":{"start":{"line":1059,"column":6},"end":{"line":1059,"column":38}},"460":{"start":{"line":1061,"column":4},"end":{"line":1061,"column":32}},"461":{"start":{"line":1065,"column":20},"end":{"line":1065,"column":61}},"462":{"start":{"line":1066,"column":4},"end":{"line":1071,"column":5}},"463":{"start":{"line":1067,"column":6},"end":{"line":1067,"column":35}},"464":{"start":{"line":1067,"column":28},"end":{"line":1067,"column":35}},"465":{"start":{"line":1068,"column":19},"end":{"line":1068,"column":58}},"466":{"start":{"line":1069,"column":6},"end":{"line":1069,"column":40}},"467":{"start":{"line":1070,"column":6},"end":{"line":1070,"column":13}},"468":{"start":{"line":1073,"column":22},"end":{"line":1073,"column":65}},"469":{"start":{"line":1074,"column":4},"end":{"line":1080,"column":5}},"470":{"start":{"line":1075,"column":6},"end":{"line":1077,"column":7}},"471":{"start":{"line":1076,"column":8},"end":{"line":1076,"column":15}},"472":{"start":{"line":1078,"column":21},"end":{"line":1078,"column":64}},"473":{"start":{"line":1079,"column":6},"end":{"line":1079,"column":38}},"474":{"start":{"line":1084,"column":18},"end":{"line":1084,"column":60}},"475":{"start":{"line":1085,"column":4},"end":{"line":1087,"column":5}},"476":{"start":{"line":1086,"column":6},"end":{"line":1086,"column":13}},"477":{"start":{"line":1088,"column":4},"end":{"line":1090,"column":5}},"478":{"start":{"line":1089,"column":6},"end":{"line":1089,"column":13}},"479":{"start":{"line":1091,"column":4},"end":{"line":1091,"column":27}},"480":{"start":{"line":1092,"column":17},"end":{"line":1092,"column":46}},"481":{"start":{"line":1093,"column":4},"end":{"line":1093,"column":28}},"482":{"start":{"line":1093,"column":21},"end":{"line":1093,"column":28}},"483":{"start":{"line":1094,"column":20},"end":{"line":1094,"column":60}},"484":{"start":{"line":1095,"column":4},"end":{"line":1095,"column":43}},"485":{"start":{"line":1099,"column":4},"end":{"line":1099,"column":54}},"486":{"start":{"line":1099,"column":47},"end":{"line":1099,"column":54}},"487":{"start":{"line":1100,"column":4},"end":{"line":1100,"column":31}},"488":{"start":{"line":1101,"column":19},"end":{"line":1101,"column":52}},"489":{"start":{"line":1102,"column":4},"end":{"line":1105,"column":5}},"490":{"start":{"line":1103,"column":6},"end":{"line":1103,"column":34}},"491":{"start":{"line":1104,"column":6},"end":{"line":1104,"column":13}},"492":{"start":{"line":1106,"column":4},"end":{"line":1106,"column":63}},"493":{"start":{"line":1107,"column":4},"end":{"line":1107,"column":39}},"494":{"start":{"line":1111,"column":4},"end":{"line":1126,"column":5}},"495":{"start":{"line":1113,"column":8},"end":{"line":1113,"column":38}},"496":{"start":{"line":1114,"column":8},"end":{"line":1114,"column":14}},"497":{"start":{"line":1116,"column":8},"end":{"line":1116,"column":37}},"498":{"start":{"line":1117,"column":8},"end":{"line":1117,"column":14}},"499":{"start":{"line":1119,"column":8},"end":{"line":1119,"column":40}},"500":{"start":{"line":1120,"column":8},"end":{"line":1120,"column":14}},"501":{"start":{"line":1122,"column":8},"end":{"line":1122,"column":39}},"502":{"start":{"line":1123,"column":8},"end":{"line":1123,"column":14}},"503":{"start":{"line":1125,"column":8},"end":{"line":1125,"column":14}},"504":{"start":{"line":1130,"column":19},"end":{"line":1130,"column":52}},"505":{"start":{"line":1131,"column":4},"end":{"line":1131,"column":31}},"506":{"start":{"line":1131,"column":24},"end":{"line":1131,"column":31}},"507":{"start":{"line":1132,"column":20},"end":{"line":1132,"column":53}},"508":{"start":{"line":1133,"column":18},"end":{"line":1133,"column":59}},"509":{"start":{"line":1134,"column":4},"end":{"line":1134,"column":36}},"510":{"start":{"line":1138,"column":19},"end":{"line":1138,"column":52}},"511":{"start":{"line":1139,"column":4},"end":{"line":1139,"column":31}},"512":{"start":{"line":1139,"column":24},"end":{"line":1139,"column":31}},"513":{"start":{"line":1140,"column":19},"end":{"line":1140,"column":32}},"514":{"start":{"line":1142,"column":6},"end":{"line":1142,"column":72}},"515":{"start":{"line":1143,"column":4},"end":{"line":1143,"column":40}},"516":{"start":{"line":1147,"column":19},"end":{"line":1147,"column":52}},"517":{"start":{"line":1148,"column":4},"end":{"line":1148,"column":31}},"518":{"start":{"line":1148,"column":24},"end":{"line":1148,"column":31}},"519":{"start":{"line":1149,"column":19},"end":{"line":1149,"column":32}},"520":{"start":{"line":1150,"column":20},"end":{"line":1150,"column":60}},"521":{"start":{"line":1151,"column":4},"end":{"line":1151,"column":40}},"522":{"start":{"line":1152,"column":4},"end":{"line":1152,"column":39}},"523":{"start":{"line":1156,"column":4},"end":{"line":1156,"column":41}},"524":{"start":{"line":1156,"column":34},"end":{"line":1156,"column":41}},"525":{"start":{"line":1157,"column":4},"end":{"line":1157,"column":58}},"526":{"start":{"line":1157,"column":51},"end":{"line":1157,"column":58}},"527":{"start":{"line":1158,"column":4},"end":{"line":1158,"column":36}},"528":{"start":{"line":1159,"column":4},"end":{"line":1161,"column":5}},"529":{"start":{"line":1160,"column":6},"end":{"line":1160,"column":51}},"530":{"start":{"line":1162,"column":4},"end":{"line":1164,"column":12}},"531":{"start":{"line":1163,"column":6},"end":{"line":1163,"column":35}},"532":{"start":{"line":1165,"column":4},"end":{"line":1165,"column":32}},"533":{"start":{"line":1169,"column":19},"end":{"line":1169,"column":42}},"534":{"start":{"line":1170,"column":4},"end":{"line":1173,"column":5}},"535":{"start":{"line":1171,"column":6},"end":{"line":1171,"column":51}},"536":{"start":{"line":1172,"column":6},"end":{"line":1172,"column":43}},"537":{"start":{"line":1174,"column":4},"end":{"line":1177,"column":5}},"538":{"start":{"line":1175,"column":6},"end":{"line":1175,"column":39}},"539":{"start":{"line":1176,"column":6},"end":{"line":1176,"column":13}},"540":{"start":{"line":1178,"column":4},"end":{"line":1178,"column":37}},"541":{"start":{"line":1179,"column":4},"end":{"line":1181,"column":5}},"542":{"start":{"line":1180,"column":6},"end":{"line":1180,"column":34}},"543":{"start":{"line":1185,"column":16},"end":{"line":1185,"column":50}},"544":{"start":{"line":1186,"column":4},"end":{"line":1189,"column":5}},"545":{"start":{"line":1187,"column":6},"end":{"line":1187,"column":34}},"546":{"start":{"line":1188,"column":6},"end":{"line":1188,"column":13}},"547":{"start":{"line":1190,"column":4},"end":{"line":1190,"column":33}},"548":{"start":{"line":1191,"column":18},"end":{"line":1191,"column":53}},"549":{"start":{"line":1192,"column":4},"end":{"line":1194,"column":5}},"550":{"start":{"line":1193,"column":6},"end":{"line":1193,"column":24}},"551":{"start":{"line":1195,"column":4},"end":{"line":1195,"column":32}},"552":{"start":{"line":1199,"column":4},"end":{"line":1199,"column":42}},"553":{"start":{"line":1199,"column":32},"end":{"line":1199,"column":42}},"554":{"start":{"line":1200,"column":4},"end":{"line":1200,"column":45}},"555":{"start":{"line":1204,"column":19},"end":{"line":1204,"column":52}},"556":{"start":{"line":1205,"column":4},"end":{"line":1205,"column":36}},"557":{"start":{"line":1205,"column":24},"end":{"line":1205,"column":36}},"558":{"start":{"line":1206,"column":18},"end":{"line":1209,"column":5}},"559":{"start":{"line":1210,"column":4},"end":{"line":1210,"column":25}},"560":{"start":{"line":1214,"column":18},"end":{"line":1214,"column":50}},"561":{"start":{"line":1215,"column":4},"end":{"line":1217,"column":5}},"562":{"start":{"line":1216,"column":6},"end":{"line":1216,"column":49}},"563":{"start":{"line":1218,"column":4},"end":{"line":1220,"column":5}},"564":{"start":{"line":1219,"column":6},"end":{"line":1219,"column":36}},"565":{"start":{"line":1221,"column":4},"end":{"line":1221,"column":16}},"566":{"start":{"line":1225,"column":4},"end":{"line":1225,"column":34}},"567":{"start":{"line":1225,"column":22},"end":{"line":1225,"column":34}},"568":{"start":{"line":1226,"column":17},"end":{"line":1226,"column":74}},"569":{"start":{"line":1227,"column":4},"end":{"line":1233,"column":5}},"570":{"start":{"line":1228,"column":6},"end":{"line":1230,"column":7}},"571":{"start":{"line":1229,"column":8},"end":{"line":1229,"column":26}},"572":{"start":{"line":1231,"column":21},"end":{"line":1231,"column":62}},"573":{"start":{"line":1232,"column":6},"end":{"line":1232,"column":61}},"574":{"start":{"line":1234,"column":23},"end":{"line":1236,"column":24}},"575":{"start":{"line":1237,"column":17},"end":{"line":1237,"column":39}},"576":{"start":{"line":1238,"column":4},"end":{"line":1240,"column":5}},"577":{"start":{"line":1239,"column":6},"end":{"line":1239,"column":18}},"578":{"start":{"line":1241,"column":21},"end":{"line":1241,"column":62}},"579":{"start":{"line":1242,"column":4},"end":{"line":1242,"column":55}},"580":{"start":{"line":1246,"column":4},"end":{"line":1246,"column":33}},"581":{"start":{"line":1246,"column":22},"end":{"line":1246,"column":33}},"582":{"start":{"line":1247,"column":22},"end":{"line":1250,"column":6}},"583":{"start":{"line":1251,"column":4},"end":{"line":1251,"column":50}},"584":{"start":{"line":1255,"column":4},"end":{"line":1255,"column":43}},"585":{"start":{"line":1255,"column":22},"end":{"line":1255,"column":43}},"586":{"start":{"line":1256,"column":22},"end":{"line":1256,"column":72}},"587":{"start":{"line":1257,"column":24},"end":{"line":1257,"column":69}},"588":{"start":{"line":1258,"column":19},"end":{"line":1258,"column":26}},"589":{"start":{"line":1259,"column":4},"end":{"line":1263,"column":5}},"590":{"start":{"line":1260,"column":6},"end":{"line":1260,"column":39}},"591":{"start":{"line":1261,"column":11},"end":{"line":1263,"column":5}},"592":{"start":{"line":1262,"column":6},"end":{"line":1262,"column":38}},"593":{"start":{"line":1264,"column":4},"end":{"line":1264,"column":40}},"594":{"start":{"line":1268,"column":4},"end":{"line":1268,"column":42}},"595":{"start":{"line":1268,"column":32},"end":{"line":1268,"column":42}},"596":{"start":{"line":1269,"column":4},"end":{"line":1276,"column":10}},"597":{"start":{"line":1270,"column":25},"end":{"line":1270,"column":44}},"598":{"start":{"line":1271,"column":23},"end":{"line":1276,"column":7}},"599":{"start":{"line":1280,"column":17},"end":{"line":1280,"column":78}},"600":{"start":{"line":1281,"column":20},"end":{"line":1284,"column":5}},"601":{"start":{"line":1285,"column":22},"end":{"line":1288,"column":5}},"602":{"start":{"line":1289,"column":4},"end":{"line":1291,"column":5}},"603":{"start":{"line":1290,"column":6},"end":{"line":1290,"column":52}},"604":{"start":{"line":1292,"column":4},"end":{"line":1292,"column":63}},"605":{"start":{"line":1293,"column":4},"end":{"line":1293,"column":46}},"606":{"start":{"line":1294,"column":4},"end":{"line":1294,"column":47}},"607":{"start":{"line":1295,"column":4},"end":{"line":1295,"column":42}},"608":{"start":{"line":1296,"column":4},"end":{"line":1301,"column":5}},"609":{"start":{"line":1300,"column":6},"end":{"line":1300,"column":64}},"610":{"start":{"line":1302,"column":25},"end":{"line":1302,"column":58}},"611":{"start":{"line":1303,"column":4},"end":{"line":1305,"column":10}},"612":{"start":{"line":1306,"column":4},"end":{"line":1306,"column":64}},"613":{"start":{"line":1307,"column":4},"end":{"line":1307,"column":42}},"614":{"start":{"line":1308,"column":4},"end":{"line":1308,"column":32}},"615":{"start":{"line":1309,"column":4},"end":{"line":1315,"column":5}},"616":{"start":{"line":1310,"column":21},"end":{"line":1310,"column":53}},"617":{"start":{"line":1311,"column":20},"end":{"line":1311,"column":69}},"618":{"start":{"line":1312,"column":6},"end":{"line":1314,"column":29}},"619":{"start":{"line":1319,"column":4},"end":{"line":1321,"column":5}},"620":{"start":{"line":1320,"column":6},"end":{"line":1320,"column":18}},"621":{"start":{"line":1322,"column":19},"end":{"line":1328,"column":9}},"622":{"start":{"line":1323,"column":22},"end":{"line":1323,"column":35}},"623":{"start":{"line":1324,"column":24},"end":{"line":1324,"column":45}},"624":{"start":{"line":1325,"column":22},"end":{"line":1328,"column":7}},"625":{"start":{"line":1329,"column":4},"end":{"line":1331,"column":5}},"626":{"start":{"line":1330,"column":6},"end":{"line":1330,"column":18}},"627":{"start":{"line":1332,"column":4},"end":{"line":1338,"column":6}},"628":{"start":{"line":1342,"column":4},"end":{"line":1342,"column":30}},"629":{"start":{"line":1342,"column":23},"end":{"line":1342,"column":30}},"630":{"start":{"line":1343,"column":4},"end":{"line":1343,"column":66}},"631":{"start":{"line":1347,"column":4},"end":{"line":1347,"column":29}},"632":{"start":{"line":1347,"column":22},"end":{"line":1347,"column":29}},"633":{"start":{"line":1348,"column":4},"end":{"line":1354,"column":7}},"634":{"start":{"line":1358,"column":4},"end":{"line":1358,"column":31}},"635":{"start":{"line":1358,"column":24},"end":{"line":1358,"column":31}},"636":{"start":{"line":1359,"column":19},"end":{"line":1359,"column":21}},"637":{"start":{"line":1360,"column":4},"end":{"line":1386,"column":7}},"638":{"start":{"line":1361,"column":19},"end":{"line":1361,"column":44}},"639":{"start":{"line":1362,"column":6},"end":{"line":1362,"column":24}},"640":{"start":{"line":1362,"column":17},"end":{"line":1362,"column":24}},"641":{"start":{"line":1363,"column":23},"end":{"line":1363,"column":55}},"642":{"start":{"line":1364,"column":25},"end":{"line":1364,"column":72}},"643":{"start":{"line":1365,"column":25},"end":{"line":1365,"column":59}},"644":{"start":{"line":1366,"column":25},"end":{"line":1373,"column":19}},"645":{"start":{"line":1375,"column":6},"end":{"line":1385,"column":9}},"646":{"start":{"line":1388,"column":4},"end":{"line":1393,"column":5}},"647":{"start":{"line":1389,"column":6},"end":{"line":1390,"column":93}},"648":{"start":{"line":1392,"column":6},"end":{"line":1392,"column":50}},"649":{"start":{"line":1395,"column":4},"end":{"line":1395,"column":52}},"650":{"start":{"line":1399,"column":4},"end":{"line":1399,"column":32}},"651":{"start":{"line":1399,"column":25},"end":{"line":1399,"column":32}},"652":{"start":{"line":1400,"column":26},"end":{"line":1400,"column":35}},"653":{"start":{"line":1401,"column":4},"end":{"line":1401,"column":80}},"654":{"start":{"line":1401,"column":44},"end":{"line":1401,"column":78}},"655":{"start":{"line":1403,"column":4},"end":{"line":1420,"column":7}},"656":{"start":{"line":1404,"column":18},"end":{"line":1406,"column":7}},"657":{"start":{"line":1407,"column":6},"end":{"line":1407,"column":23}},"658":{"start":{"line":1407,"column":16},"end":{"line":1407,"column":23}},"659":{"start":{"line":1408,"column":6},"end":{"line":1412,"column":7}},"660":{"start":{"line":1409,"column":8},"end":{"line":1409,"column":29}},"661":{"start":{"line":1410,"column":8},"end":{"line":1410,"column":44}},"662":{"start":{"line":1411,"column":8},"end":{"line":1411,"column":15}},"663":{"start":{"line":1413,"column":20},"end":{"line":1413,"column":71}},"664":{"start":{"line":1414,"column":22},"end":{"line":1414,"column":68}},"665":{"start":{"line":1415,"column":6},"end":{"line":1415,"column":29}},"666":{"start":{"line":1416,"column":6},"end":{"line":1416,"column":51}},"667":{"start":{"line":1417,"column":6},"end":{"line":1419,"column":7}},"668":{"start":{"line":1418,"column":8},"end":{"line":1418,"column":46}},"669":{"start":{"line":1422,"column":4},"end":{"line":1422,"column":52}},"670":{"start":{"line":1426,"column":4},"end":{"line":1426,"column":31}},"671":{"start":{"line":1426,"column":24},"end":{"line":1426,"column":31}},"672":{"start":{"line":1427,"column":4},"end":{"line":1443,"column":5}},"673":{"start":{"line":1428,"column":20},"end":{"line":1428,"column":45}},"674":{"start":{"line":1429,"column":23},"end":{"line":1429,"column":51}},"675":{"start":{"line":1430,"column":23},"end":{"line":1430,"column":64}},"676":{"start":{"line":1431,"column":6},"end":{"line":1437,"column":7}},"677":{"start":{"line":1432,"column":22},"end":{"line":1432,"column":54}},"678":{"start":{"line":1433,"column":26},"end":{"line":1433,"column":75}},"679":{"start":{"line":1434,"column":8},"end":{"line":1436,"column":9}},"680":{"start":{"line":1435,"column":10},"end":{"line":1435,"column":42}},"681":{"start":{"line":1438,"column":6},"end":{"line":1438,"column":45}},"682":{"start":{"line":1439,"column":6},"end":{"line":1439,"column":53}},"683":{"start":{"line":1441,"column":6},"end":{"line":1441,"column":58}},"684":{"start":{"line":1442,"column":6},"end":{"line":1442,"column":50}},"685":{"start":{"line":1445,"column":4},"end":{"line":1445,"column":52}},"686":{"start":{"line":1449,"column":4},"end":{"line":1449,"column":26}},"687":{"start":{"line":1449,"column":19},"end":{"line":1449,"column":26}},"688":{"start":{"line":1450,"column":20},"end":{"line":1450,"column":44}},"689":{"start":{"line":1451,"column":4},"end":{"line":1451,"column":32}},"690":{"start":{"line":1451,"column":25},"end":{"line":1451,"column":32}},"691":{"start":{"line":1452,"column":22},"end":{"line":1454,"column":5}},"692":{"start":{"line":1453,"column":6},"end":{"line":1453,"column":43}},"693":{"start":{"line":1455,"column":22},"end":{"line":1455,"column":45}},"694":{"start":{"line":1456,"column":4},"end":{"line":1461,"column":5}},"695":{"start":{"line":1457,"column":6},"end":{"line":1457,"column":28}},"696":{"start":{"line":1458,"column":21},"end":{"line":1458,"column":50}},"697":{"start":{"line":1459,"column":6},"end":{"line":1459,"column":77}},"698":{"start":{"line":1460,"column":6},"end":{"line":1460,"column":34}},"699":{"start":{"line":1465,"column":18},"end":{"line":1465,"column":20}},"700":{"start":{"line":1466,"column":4},"end":{"line":1479,"column":5}},"701":{"start":{"line":1467,"column":6},"end":{"line":1468,"column":88}},"702":{"start":{"line":1469,"column":18},"end":{"line":1469,"column":38}},"703":{"start":{"line":1470,"column":6},"end":{"line":1476,"column":7}},"704":{"start":{"line":1471,"column":8},"end":{"line":1475,"column":11}},"705":{"start":{"line":1478,"column":6},"end":{"line":1478,"column":64}},"706":{"start":{"line":1480,"column":4},"end":{"line":1482,"column":5}},"707":{"start":{"line":1481,"column":6},"end":{"line":1481,"column":42}},"708":{"start":{"line":1483,"column":4},"end":{"line":1483,"column":54}},"709":{"start":{"line":1484,"column":4},"end":{"line":1484,"column":32}},"710":{"start":{"line":1485,"column":4},"end":{"line":1485,"column":36}},"711":{"start":{"line":1489,"column":4},"end":{"line":1492,"column":5}},"712":{"start":{"line":1490,"column":6},"end":{"line":1490,"column":33}},"713":{"start":{"line":1491,"column":6},"end":{"line":1491,"column":31}},"714":{"start":{"line":1494,"column":4},"end":{"line":1498,"column":5}},"715":{"start":{"line":1495,"column":6},"end":{"line":1495,"column":21}},"716":{"start":{"line":1496,"column":6},"end":{"line":1496,"column":24}},"717":{"start":{"line":1497,"column":6},"end":{"line":1497,"column":22}},"718":{"start":{"line":1500,"column":4},"end":{"line":1500,"column":23}},"719":{"start":{"line":1501,"column":4},"end":{"line":1501,"column":31}},"720":{"start":{"line":1502,"column":4},"end":{"line":1502,"column":35}},"721":{"start":{"line":1503,"column":4},"end":{"line":1503,"column":31}},"722":{"start":{"line":1505,"column":4},"end":{"line":1508,"column":5}},"723":{"start":{"line":1506,"column":6},"end":{"line":1506,"column":39}},"724":{"start":{"line":1507,"column":6},"end":{"line":1507,"column":33}},"725":{"start":{"line":1510,"column":4},"end":{"line":1510,"column":36}},"726":{"start":{"line":1512,"column":4},"end":{"line":1515,"column":5}},"727":{"start":{"line":1513,"column":6},"end":{"line":1513,"column":42}},"728":{"start":{"line":1514,"column":6},"end":{"line":1514,"column":35}},"729":{"start":{"line":1517,"column":4},"end":{"line":1523,"column":5}},"730":{"start":{"line":1519,"column":8},"end":{"line":1520,"column":20}},"731":{"start":{"line":1521,"column":6},"end":{"line":1521,"column":34}},"732":{"start":{"line":1522,"column":6},"end":{"line":1522,"column":36}},"733":{"start":{"line":1525,"column":4},"end":{"line":1525,"column":51}},"734":{"start":{"line":1526,"column":4},"end":{"line":1532,"column":5}},"735":{"start":{"line":1527,"column":6},"end":{"line":1530,"column":8}},"736":{"start":{"line":1531,"column":6},"end":{"line":1531,"column":39}},"737":{"start":{"line":1533,"column":4},"end":{"line":1539,"column":5}},"738":{"start":{"line":1534,"column":6},"end":{"line":1537,"column":8}},"739":{"start":{"line":1538,"column":6},"end":{"line":1538,"column":40}},"740":{"start":{"line":1540,"column":4},"end":{"line":1546,"column":5}},"741":{"start":{"line":1541,"column":6},"end":{"line":1544,"column":8}},"742":{"start":{"line":1545,"column":6},"end":{"line":1545,"column":38}},"743":{"start":{"line":1550,"column":4},"end":{"line":1550,"column":68}},"744":{"start":{"line":1550,"column":61},"end":{"line":1550,"column":68}},"745":{"start":{"line":1551,"column":4},"end":{"line":1551,"column":36}},"746":{"start":{"line":1551,"column":29},"end":{"line":1551,"column":36}},"747":{"start":{"line":1552,"column":4},"end":{"line":1552,"column":76}},"748":{"start":{"line":1552,"column":51},"end":{"line":1552,"column":74}},"749":{"start":{"line":1553,"column":4},"end":{"line":1553,"column":43}},"750":{"start":{"line":1557,"column":4},"end":{"line":1557,"column":72}},"751":{"start":{"line":1557,"column":65},"end":{"line":1557,"column":72}},"752":{"start":{"line":1558,"column":26},"end":{"line":1558,"column":55}},"753":{"start":{"line":1558,"column":32},"end":{"line":1558,"column":55}},"754":{"start":{"line":1559,"column":31},"end":{"line":1559,"column":60}},"755":{"start":{"line":1559,"column":37},"end":{"line":1559,"column":60}},"756":{"start":{"line":1560,"column":30},"end":{"line":1564,"column":5}},"757":{"start":{"line":1561,"column":6},"end":{"line":1563,"column":7}},"758":{"start":{"line":1562,"column":8},"end":{"line":1562,"column":32}},"759":{"start":{"line":1566,"column":4},"end":{"line":1566,"column":53}},"760":{"start":{"line":1567,"column":4},"end":{"line":1567,"column":69}},"761":{"start":{"line":1568,"column":4},"end":{"line":1568,"column":69}},"762":{"start":{"line":1570,"column":4},"end":{"line":1574,"column":6}},"763":{"start":{"line":1578,"column":4},"end":{"line":1578,"column":73}},"764":{"start":{"line":1578,"column":66},"end":{"line":1578,"column":73}},"765":{"start":{"line":1580,"column":6},"end":{"line":1580,"column":28}},"766":{"start":{"line":1581,"column":4},"end":{"line":1581,"column":56}},"767":{"start":{"line":1582,"column":4},"end":{"line":1582,"column":72}},"768":{"start":{"line":1583,"column":4},"end":{"line":1583,"column":72}},"769":{"start":{"line":1584,"column":4},"end":{"line":1584,"column":34}},"770":{"start":{"line":1588,"column":4},"end":{"line":1588,"column":26}},"771":{"start":{"line":1588,"column":19},"end":{"line":1588,"column":26}},"772":{"start":{"line":1589,"column":22},"end":{"line":1589,"column":63}},"773":{"start":{"line":1590,"column":4},"end":{"line":1590,"column":27}},"774":{"start":{"line":1590,"column":20},"end":{"line":1590,"column":27}},"775":{"start":{"line":1592,"column":4},"end":{"line":1595,"column":5}},"776":{"start":{"line":1593,"column":6},"end":{"line":1593,"column":42}},"777":{"start":{"line":1594,"column":6},"end":{"line":1594,"column":35}},"778":{"start":{"line":1597,"column":17},"end":{"line":1597,"column":50}},"779":{"start":{"line":1598,"column":4},"end":{"line":1601,"column":5}},"780":{"start":{"line":1599,"column":6},"end":{"line":1599,"column":77}},"781":{"start":{"line":1599,"column":47},"end":{"line":1599,"column":70}},"782":{"start":{"line":1600,"column":6},"end":{"line":1600,"column":13}},"783":{"start":{"line":1604,"column":6},"end":{"line":1605,"column":34}},"784":{"start":{"line":1605,"column":15},"end":{"line":1605,"column":33}},"785":{"start":{"line":1607,"column":6},"end":{"line":1608,"column":18}},"786":{"start":{"line":1610,"column":4},"end":{"line":1613,"column":5}},"787":{"start":{"line":1611,"column":6},"end":{"line":1611,"column":34}},"788":{"start":{"line":1612,"column":6},"end":{"line":1612,"column":36}},"789":{"start":{"line":1615,"column":4},"end":{"line":1621,"column":7}},"790":{"start":{"line":1616,"column":6},"end":{"line":1620,"column":7}},"791":{"start":{"line":1617,"column":8},"end":{"line":1617,"column":34}},"792":{"start":{"line":1619,"column":8},"end":{"line":1619,"column":38}},"793":{"start":{"line":1627,"column":4},"end":{"line":1627,"column":29}},"794":{"start":{"line":1628,"column":4},"end":{"line":1628,"column":25}},"795":{"start":{"line":1629,"column":4},"end":{"line":1629,"column":37}},"796":{"start":{"line":1630,"column":4},"end":{"line":1630,"column":27}},"797":{"start":{"line":1631,"column":4},"end":{"line":1631,"column":27}},"798":{"start":{"line":1632,"column":4},"end":{"line":1632,"column":27}},"799":{"start":{"line":1633,"column":4},"end":{"line":1633,"column":27}},"800":{"start":{"line":1634,"column":4},"end":{"line":1634,"column":34}},"801":{"start":{"line":1635,"column":4},"end":{"line":1635,"column":33}},"802":{"start":{"line":1636,"column":4},"end":{"line":1636,"column":24}},"803":{"start":{"line":1637,"column":4},"end":{"line":1637,"column":27}},"804":{"start":{"line":1638,"column":4},"end":{"line":1638,"column":26}},"805":{"start":{"line":1639,"column":4},"end":{"line":1639,"column":27}},"806":{"start":{"line":1640,"column":4},"end":{"line":1640,"column":25}},"807":{"start":{"line":1641,"column":4},"end":{"line":1641,"column":26}},"808":{"start":{"line":1642,"column":4},"end":{"line":1642,"column":29}},"809":{"start":{"line":1646,"column":4},"end":{"line":1646,"column":33}},"810":{"start":{"line":1647,"column":4},"end":{"line":1647,"column":59}},"811":{"start":{"line":1648,"column":4},"end":{"line":1648,"column":33}},"812":{"start":{"line":1648,"column":26},"end":{"line":1648,"column":33}},"813":{"start":{"line":1649,"column":4},"end":{"line":1651,"column":5}},"814":{"start":{"line":1650,"column":6},"end":{"line":1650,"column":62}},"815":{"start":{"line":1652,"column":4},"end":{"line":1654,"column":5}},"816":{"start":{"line":1653,"column":6},"end":{"line":1653,"column":60}},"817":{"start":{"line":1655,"column":4},"end":{"line":1655,"column":74}},"818":{"start":{"line":1655,"column":40},"end":{"line":1655,"column":73}},"819":{"start":{"line":1656,"column":4},"end":{"line":1656,"column":60}},"820":{"start":{"line":1656,"column":34},"end":{"line":1656,"column":59}},"821":{"start":{"line":1657,"column":4},"end":{"line":1657,"column":59}},"822":{"start":{"line":1658,"column":4},"end":{"line":1658,"column":57}},"823":{"start":{"line":1659,"column":4},"end":{"line":1659,"column":35}},"824":{"start":{"line":1660,"column":4},"end":{"line":1660,"column":19}},"825":{"start":{"line":1664,"column":4},"end":{"line":1664,"column":56}},"826":{"start":{"line":1664,"column":49},"end":{"line":1664,"column":56}},"827":{"start":{"line":1665,"column":22},"end":{"line":1665,"column":56}},"828":{"start":{"line":1666,"column":4},"end":{"line":1666,"column":27}},"829":{"start":{"line":1666,"column":20},"end":{"line":1666,"column":27}},"830":{"start":{"line":1667,"column":4},"end":{"line":1667,"column":53}},"831":{"start":{"line":1668,"column":4},"end":{"line":1668,"column":34}},"832":{"start":{"line":1669,"column":20},"end":{"line":1669,"column":49}},"833":{"start":{"line":1670,"column":4},"end":{"line":1670,"column":54}},"834":{"start":{"line":1671,"column":4},"end":{"line":1671,"column":43}},"835":{"start":{"line":1672,"column":4},"end":{"line":1672,"column":35}},"836":{"start":{"line":1673,"column":4},"end":{"line":1673,"column":29}},"837":{"start":{"line":1677,"column":4},"end":{"line":1680,"column":5}},"838":{"start":{"line":1678,"column":6},"end":{"line":1678,"column":30}},"839":{"start":{"line":1679,"column":6},"end":{"line":1679,"column":21}},"840":{"start":{"line":1684,"column":4},"end":{"line":1695,"column":5}},"841":{"start":{"line":1685,"column":6},"end":{"line":1685,"column":26}},"842":{"start":{"line":1686,"column":6},"end":{"line":1686,"column":29}},"843":{"start":{"line":1687,"column":6},"end":{"line":1687,"column":29}},"844":{"start":{"line":1688,"column":6},"end":{"line":1688,"column":27}},"845":{"start":{"line":1689,"column":6},"end":{"line":1692,"column":7}},"846":{"start":{"line":1690,"column":8},"end":{"line":1690,"column":38}},"847":{"start":{"line":1691,"column":8},"end":{"line":1691,"column":31}},"848":{"start":{"line":1693,"column":6},"end":{"line":1693,"column":28}},"849":{"start":{"line":1694,"column":6},"end":{"line":1694,"column":13}},"850":{"start":{"line":1696,"column":4},"end":{"line":1696,"column":26}},"851":{"start":{"line":1697,"column":4},"end":{"line":1697,"column":50}},"852":{"start":{"line":1698,"column":4},"end":{"line":1700,"column":5}},"853":{"start":{"line":1699,"column":6},"end":{"line":1699,"column":36}},"854":{"start":{"line":1701,"column":4},"end":{"line":1701,"column":24}},"855":{"start":{"line":1702,"column":4},"end":{"line":1702,"column":38}},"856":{"start":{"line":1703,"column":4},"end":{"line":1703,"column":26}},"857":{"start":{"line":1704,"column":4},"end":{"line":1704,"column":69}},"858":{"start":{"line":1704,"column":39},"end":{"line":1704,"column":62}},"859":{"start":{"line":1708,"column":4},"end":{"line":1708,"column":29}},"860":{"start":{"line":1708,"column":17},"end":{"line":1708,"column":29}},"861":{"start":{"line":1709,"column":4},"end":{"line":1709,"column":63}},"862":{"start":{"line":1713,"column":16},"end":{"line":1713,"column":26}},"863":{"start":{"line":1714,"column":16},"end":{"line":1714,"column":26}},"864":{"start":{"line":1715,"column":23},"end":{"line":1715,"column":37}},"865":{"start":{"line":1716,"column":23},"end":{"line":1716,"column":37}},"866":{"start":{"line":1717,"column":21},"end":{"line":1717,"column":48}},"867":{"start":{"line":1718,"column":4},"end":{"line":1718,"column":26}},"868":{"start":{"line":1718,"column":19},"end":{"line":1718,"column":26}},"869":{"start":{"line":1719,"column":19},"end":{"line":1719,"column":43}},"870":{"start":{"line":1720,"column":4},"end":{"line":1727,"column":5}},"871":{"start":{"line":1721,"column":6},"end":{"line":1721,"column":36}},"872":{"start":{"line":1722,"column":6},"end":{"line":1722,"column":32}},"873":{"start":{"line":1723,"column":6},"end":{"line":1723,"column":27}},"874":{"start":{"line":1724,"column":6},"end":{"line":1724,"column":29}},"875":{"start":{"line":1725,"column":6},"end":{"line":1725,"column":21}},"876":{"start":{"line":1726,"column":6},"end":{"line":1726,"column":13}},"877":{"start":{"line":1728,"column":4},"end":{"line":1728,"column":24}},"878":{"start":{"line":1729,"column":4},"end":{"line":1729,"column":31}},"879":{"start":{"line":1730,"column":4},"end":{"line":1730,"column":26}},"880":{"start":{"line":1731,"column":4},"end":{"line":1789,"column":5}},"881":{"start":{"line":1732,"column":25},"end":{"line":1732,"column":74}},"882":{"start":{"line":1733,"column":6},"end":{"line":1740,"column":20}},"883":{"start":{"line":1741,"column":21},"end":{"line":1743,"column":7}},"884":{"start":{"line":1744,"column":6},"end":{"line":1749,"column":20}},"885":{"start":{"line":1751,"column":35},"end":{"line":1754,"column":8}},"886":{"start":{"line":1755,"column":22},"end":{"line":1755,"column":68}},"887":{"start":{"line":1756,"column":18},"end":{"line":1756,"column":56}},"888":{"start":{"line":1757,"column":25},"end":{"line":1762,"column":7}},"889":{"start":{"line":1763,"column":6},"end":{"line":1766,"column":9}},"890":{"start":{"line":1768,"column":6},"end":{"line":1775,"column":7}},"891":{"start":{"line":1769,"column":8},"end":{"line":1773,"column":9}},"892":{"start":{"line":1770,"column":10},"end":{"line":1770,"column":31}},"893":{"start":{"line":1771,"column":10},"end":{"line":1771,"column":33}},"894":{"start":{"line":1772,"column":10},"end":{"line":1772,"column":32}},"895":{"start":{"line":1774,"column":8},"end":{"line":1774,"column":15}},"896":{"start":{"line":1777,"column":6},"end":{"line":1777,"column":35}},"897":{"start":{"line":1778,"column":6},"end":{"line":1778,"column":32}},"898":{"start":{"line":1779,"column":6},"end":{"line":1779,"column":27}},"899":{"start":{"line":1780,"column":6},"end":{"line":1780,"column":29}},"900":{"start":{"line":1781,"column":6},"end":{"line":1781,"column":21}},"901":{"start":{"line":1783,"column":6},"end":{"line":1783,"column":46}},"902":{"start":{"line":1784,"column":6},"end":{"line":1788,"column":7}},"903":{"start":{"line":1785,"column":8},"end":{"line":1785,"column":29}},"904":{"start":{"line":1786,"column":8},"end":{"line":1786,"column":31}},"905":{"start":{"line":1787,"column":8},"end":{"line":1787,"column":30}},"906":{"start":{"line":1793,"column":4},"end":{"line":1793,"column":39}},"907":{"start":{"line":1793,"column":27},"end":{"line":1793,"column":39}},"908":{"start":{"line":1794,"column":20},"end":{"line":1794,"column":35}},"909":{"start":{"line":1795,"column":19},"end":{"line":1795,"column":39}},"910":{"start":{"line":1796,"column":22},"end":{"line":1796,"column":39}},"911":{"start":{"line":1797,"column":23},"end":{"line":1798,"column":78}},"912":{"start":{"line":1798,"column":6},"end":{"line":1798,"column":78}},"913":{"start":{"line":1799,"column":20},"end":{"line":1802,"column":14}},"914":{"start":{"line":1800,"column":6},"end":{"line":1802,"column":14}},"915":{"start":{"line":1803,"column":4},"end":{"line":1823,"column":6}},"916":{"start":{"line":1827,"column":4},"end":{"line":1896,"column":6}},"917":{"start":{"line":1900,"column":4},"end":{"line":1900,"column":24}},"918":{"start":{"line":1901,"column":4},"end":{"line":1901,"column":26}},"919":{"start":{"line":1905,"column":4},"end":{"line":1905,"column":31}},"920":{"start":{"line":1905,"column":24},"end":{"line":1905,"column":31}},"921":{"start":{"line":1906,"column":4},"end":{"line":1910,"column":5}},"922":{"start":{"line":1907,"column":6},"end":{"line":1908,"column":100}},"923":{"start":{"line":1909,"column":6},"end":{"line":1909,"column":13}},"924":{"start":{"line":1911,"column":20},"end":{"line":1911,"column":58}},"925":{"start":{"line":1912,"column":18},"end":{"line":1921,"column":15}},"926":{"start":{"line":1914,"column":20},"end":{"line":1919,"column":9}},"927":{"start":{"line":1922,"column":4},"end":{"line":1925,"column":6}},"928":{"start":{"line":1929,"column":4},"end":{"line":1929,"column":35}},"929":{"start":{"line":1930,"column":4},"end":{"line":1930,"column":57}},"930":{"start":{"line":1930,"column":50},"end":{"line":1930,"column":57}},"931":{"start":{"line":1931,"column":4},"end":{"line":1934,"column":5}},"932":{"start":{"line":1932,"column":6},"end":{"line":1932,"column":48}},"933":{"start":{"line":1933,"column":6},"end":{"line":1933,"column":13}},"934":{"start":{"line":1936,"column":23},"end":{"line":1936,"column":38}},"935":{"start":{"line":1938,"column":6},"end":{"line":1938,"column":68}},"936":{"start":{"line":1939,"column":22},"end":{"line":1939,"column":68}},"937":{"start":{"line":1941,"column":4},"end":{"line":1944,"column":5}},"938":{"start":{"line":1942,"column":6},"end":{"line":1942,"column":48}},"939":{"start":{"line":1943,"column":6},"end":{"line":1943,"column":13}},"940":{"start":{"line":1946,"column":4},"end":{"line":1978,"column":5}},"941":{"start":{"line":1947,"column":6},"end":{"line":1948,"column":63}},"942":{"start":{"line":1949,"column":6},"end":{"line":1949,"column":49}},"943":{"start":{"line":1951,"column":19},"end":{"line":1951,"column":34}},"944":{"start":{"line":1952,"column":22},"end":{"line":1975,"column":7}},"945":{"start":{"line":1976,"column":6},"end":{"line":1976,"column":41}},"946":{"start":{"line":1977,"column":6},"end":{"line":1977,"column":52}},"947":{"start":{"line":1980,"column":4},"end":{"line":1980,"column":49}},"948":{"start":{"line":1981,"column":4},"end":{"line":1981,"column":28}},"949":{"start":{"line":1985,"column":4},"end":{"line":1985,"column":74}},"950":{"start":{"line":1985,"column":67},"end":{"line":1985,"column":74}},"951":{"start":{"line":1986,"column":22},"end":{"line":1986,"column":77}},"952":{"start":{"line":1987,"column":4},"end":{"line":1987,"column":27}},"953":{"start":{"line":1987,"column":20},"end":{"line":1987,"column":27}},"954":{"start":{"line":1988,"column":18},"end":{"line":1988,"column":74}},"955":{"start":{"line":1989,"column":24},"end":{"line":1989,"column":62}},"956":{"start":{"line":1990,"column":26},"end":{"line":1990,"column":59}},"957":{"start":{"line":1991,"column":15},"end":{"line":1991,"column":27}},"958":{"start":{"line":1992,"column":14},"end":{"line":1992,"column":26}},"959":{"start":{"line":1994,"column":4},"end":{"line":1996,"column":5}},"960":{"start":{"line":1995,"column":6},"end":{"line":1995,"column":46}},"961":{"start":{"line":1997,"column":4},"end":{"line":1999,"column":5}},"962":{"start":{"line":1998,"column":6},"end":{"line":1998,"column":46}},"963":{"start":{"line":2001,"column":4},"end":{"line":2001,"column":29}},"964":{"start":{"line":2002,"column":4},"end":{"line":2002,"column":27}},"965":{"start":{"line":2004,"column":4},"end":{"line":2004,"column":70}},"966":{"start":{"line":2008,"column":4},"end":{"line":2010,"column":5}},"967":{"start":{"line":2009,"column":6},"end":{"line":2009,"column":17}},"968":{"start":{"line":2011,"column":4},"end":{"line":2011,"column":55}},"969":{"start":{"line":2015,"column":4},"end":{"line":2015,"column":46}},"970":{"start":{"line":2025,"column":4},"end":{"line":2025,"column":35}},"971":{"start":{"line":2026,"column":4},"end":{"line":2026,"column":27}},"972":{"start":{"line":2030,"column":22},"end":{"line":2030,"column":63}},"973":{"start":{"line":2031,"column":4},"end":{"line":2031,"column":27}},"974":{"start":{"line":2031,"column":20},"end":{"line":2031,"column":27}},"975":{"start":{"line":2033,"column":4},"end":{"line":2033,"column":28}},"976":{"start":{"line":2034,"column":22},"end":{"line":2034,"column":40}},"977":{"start":{"line":2035,"column":4},"end":{"line":2036,"column":66}},"978":{"start":{"line":2038,"column":4},"end":{"line":2060,"column":5}},"979":{"start":{"line":2039,"column":18},"end":{"line":2039,"column":50}},"980":{"start":{"line":2040,"column":23},"end":{"line":2040,"column":39}},"981":{"start":{"line":2041,"column":6},"end":{"line":2043,"column":7}},"982":{"start":{"line":2042,"column":8},"end":{"line":2042,"column":59}},"983":{"start":{"line":2044,"column":22},"end":{"line":2044,"column":43}},"984":{"start":{"line":2046,"column":6},"end":{"line":2048,"column":7}},"985":{"start":{"line":2047,"column":8},"end":{"line":2047,"column":15}},"986":{"start":{"line":2050,"column":21},"end":{"line":2050,"column":48}},"987":{"start":{"line":2051,"column":6},"end":{"line":2051,"column":52}},"988":{"start":{"line":2053,"column":6},"end":{"line":2053,"column":44}},"989":{"start":{"line":2054,"column":6},"end":{"line":2059,"column":8}},"990":{"start":{"line":2064,"column":19},"end":{"line":2071,"column":6}},"991":{"start":{"line":2072,"column":4},"end":{"line":2072,"column":73}},"992":{"start":{"line":2076,"column":19},"end":{"line":2076,"column":21}},"993":{"start":{"line":2077,"column":19},"end":{"line":2077,"column":66}},"994":{"start":{"line":2078,"column":18},"end":{"line":2078,"column":50}},"995":{"start":{"line":2080,"column":17},"end":{"line":2084,"column":5}},"996":{"start":{"line":2081,"column":6},"end":{"line":2081,"column":49}},"997":{"start":{"line":2081,"column":33},"end":{"line":2081,"column":49}},"998":{"start":{"line":2082,"column":20},"end":{"line":2082,"column":36}},"999":{"start":{"line":2083,"column":6},"end":{"line":2083,"column":55}},"1000":{"start":{"line":2086,"column":22},"end":{"line":2089,"column":5}},"1001":{"start":{"line":2087,"column":6},"end":{"line":2087,"column":56}},"1002":{"start":{"line":2087,"column":32},"end":{"line":2087,"column":46}},"1003":{"start":{"line":2087,"column":49},"end":{"line":2087,"column":56}},"1004":{"start":{"line":2088,"column":6},"end":{"line":2088,"column":47}},"1005":{"start":{"line":2091,"column":4},"end":{"line":2156,"column":7}},"1006":{"start":{"line":2092,"column":19},"end":{"line":2092,"column":51}},"1007":{"start":{"line":2093,"column":20},"end":{"line":2093,"column":58}},"1008":{"start":{"line":2094,"column":19},"end":{"line":2094,"column":65}},"1009":{"start":{"line":2095,"column":19},"end":{"line":2095,"column":53}},"1010":{"start":{"line":2096,"column":19},"end":{"line":2096,"column":53}},"1011":{"start":{"line":2097,"column":19},"end":{"line":2097,"column":48}},"1012":{"start":{"line":2099,"column":6},"end":{"line":2115,"column":7}},"1013":{"start":{"line":2100,"column":8},"end":{"line":2106,"column":11}},"1014":{"start":{"line":2107,"column":13},"end":{"line":2115,"column":7}},"1015":{"start":{"line":2108,"column":8},"end":{"line":2114,"column":11}},"1016":{"start":{"line":2117,"column":6},"end":{"line":2125,"column":7}},"1017":{"start":{"line":2118,"column":8},"end":{"line":2124,"column":11}},"1018":{"start":{"line":2127,"column":6},"end":{"line":2135,"column":7}},"1019":{"start":{"line":2128,"column":8},"end":{"line":2134,"column":11}},"1020":{"start":{"line":2137,"column":6},"end":{"line":2145,"column":7}},"1021":{"start":{"line":2138,"column":8},"end":{"line":2144,"column":11}},"1022":{"start":{"line":2147,"column":6},"end":{"line":2155,"column":7}},"1023":{"start":{"line":2148,"column":8},"end":{"line":2154,"column":11}},"1024":{"start":{"line":2158,"column":4},"end":{"line":2158,"column":18}},"1025":{"start":{"line":2162,"column":22},"end":{"line":2162,"column":63}},"1026":{"start":{"line":2163,"column":4},"end":{"line":2163,"column":27}},"1027":{"start":{"line":2163,"column":20},"end":{"line":2163,"column":27}},"1028":{"start":{"line":2165,"column":4},"end":{"line":2174,"column":5}},"1029":{"start":{"line":2166,"column":6},"end":{"line":2172,"column":8}},"1030":{"start":{"line":2173,"column":6},"end":{"line":2173,"column":13}},"1031":{"start":{"line":2176,"column":18},"end":{"line":2191,"column":15}},"1032":{"start":{"line":2178,"column":8},"end":{"line":2189,"column":10}},"1033":{"start":{"line":2193,"column":4},"end":{"line":2196,"column":6}},"1034":{"start":{"line":2200,"column":4},"end":{"line":2200,"column":30}},"1035":{"start":{"line":2200,"column":20},"end":{"line":2200,"column":30}},"1036":{"start":{"line":2201,"column":17},"end":{"line":2201,"column":36}},"1037":{"start":{"line":2202,"column":4},"end":{"line":2206,"column":7}},"1038":{"start":{"line":2216,"column":4},"end":{"line":2216,"column":35}},"1039":{"start":{"line":2217,"column":4},"end":{"line":2217,"column":22}},"1040":{"start":{"line":2218,"column":4},"end":{"line":2218,"column":39}},"1041":{"start":{"line":2222,"column":22},"end":{"line":2222,"column":63}},"1042":{"start":{"line":2223,"column":4},"end":{"line":2223,"column":27}},"1043":{"start":{"line":2223,"column":20},"end":{"line":2223,"column":27}},"1044":{"start":{"line":2225,"column":4},"end":{"line":2226,"column":83}},"1045":{"start":{"line":2228,"column":4},"end":{"line":2266,"column":5}},"1046":{"start":{"line":2229,"column":22},"end":{"line":2229,"column":33}},"1047":{"start":{"line":2230,"column":22},"end":{"line":2230,"column":33}},"1048":{"start":{"line":2231,"column":6},"end":{"line":2233,"column":7}},"1049":{"start":{"line":2232,"column":8},"end":{"line":2232,"column":73}},"1050":{"start":{"line":2235,"column":22},"end":{"line":2235,"column":32}},"1051":{"start":{"line":2236,"column":6},"end":{"line":2236,"column":45}},"1052":{"start":{"line":2237,"column":24},"end":{"line":2237,"column":34}},"1053":{"start":{"line":2238,"column":6},"end":{"line":2238,"column":51}},"1054":{"start":{"line":2240,"column":20},"end":{"line":2240,"column":57}},"1055":{"start":{"line":2241,"column":18},"end":{"line":2241,"column":53}},"1056":{"start":{"line":2243,"column":23},"end":{"line":2245,"column":7}},"1057":{"start":{"line":2247,"column":6},"end":{"line":2250,"column":7}},"1058":{"start":{"line":2248,"column":21},"end":{"line":2248,"column":42}},"1059":{"start":{"line":2249,"column":8},"end":{"line":2249,"column":66}},"1060":{"start":{"line":2252,"column":19},"end":{"line":2252,"column":40}},"1061":{"start":{"line":2253,"column":6},"end":{"line":2256,"column":8}},"1062":{"start":{"line":2257,"column":6},"end":{"line":2257,"column":49}},"1063":{"start":{"line":2259,"column":6},"end":{"line":2259,"column":46}},"1064":{"start":{"line":2260,"column":6},"end":{"line":2265,"column":8}},"1065":{"start":{"line":2270,"column":22},"end":{"line":2270,"column":63}},"1066":{"start":{"line":2271,"column":4},"end":{"line":2271,"column":27}},"1067":{"start":{"line":2271,"column":20},"end":{"line":2271,"column":27}},"1068":{"start":{"line":2273,"column":20},"end":{"line":2273,"column":65}},"1069":{"start":{"line":2274,"column":4},"end":{"line":2282,"column":5}},"1070":{"start":{"line":2275,"column":6},"end":{"line":2280,"column":8}},"1071":{"start":{"line":2281,"column":6},"end":{"line":2281,"column":13}},"1072":{"start":{"line":2284,"column":22},"end":{"line":2284,"column":63}},"1073":{"start":{"line":2285,"column":25},"end":{"line":2287,"column":15}},"1074":{"start":{"line":2288,"column":19},"end":{"line":2288,"column":59}},"1075":{"start":{"line":2288,"column":47},"end":{"line":2288,"column":58}},"1076":{"start":{"line":2289,"column":4},"end":{"line":2293,"column":6}},"1077":{"start":{"line":2294,"column":19},"end":{"line":2294,"column":70}},"1078":{"start":{"line":2295,"column":4},"end":{"line":2295,"column":24}},"1079":{"start":{"line":2295,"column":17},"end":{"line":2295,"column":24}},"1080":{"start":{"line":2297,"column":4},"end":{"line":2303,"column":5}},"1081":{"start":{"line":2298,"column":6},"end":{"line":2301,"column":8}},"1082":{"start":{"line":2302,"column":6},"end":{"line":2302,"column":13}},"1083":{"start":{"line":2305,"column":4},"end":{"line":2307,"column":5}},"1084":{"start":{"line":2306,"column":6},"end":{"line":2306,"column":27}},"1085":{"start":{"line":2309,"column":4},"end":{"line":2368,"column":7}},"1086":{"start":{"line":2316,"column":46},"end":{"line":2316,"column":55}},"1087":{"start":{"line":2325,"column":46},"end":{"line":2325,"column":55}},"1088":{"start":{"line":2335,"column":46},"end":{"line":2335,"column":61}},"1089":{"start":{"line":2358,"column":42},"end":{"line":2358,"column":56}},"1090":{"start":{"line":2370,"column":18},"end":{"line":2370,"column":60}},"1091":{"start":{"line":2371,"column":23},"end":{"line":2371,"column":56}},"1092":{"start":{"line":2372,"column":24},"end":{"line":2376,"column":5}},"1093":{"start":{"line":2377,"column":24},"end":{"line":2377,"column":79}},"1094":{"start":{"line":2378,"column":22},"end":{"line":2378,"column":64}},"1095":{"start":{"line":2379,"column":22},"end":{"line":2379,"column":70}},"1096":{"start":{"line":2380,"column":4},"end":{"line":2383,"column":6}},"1097":{"start":{"line":2387,"column":18},"end":{"line":2387,"column":34}},"1098":{"start":{"line":2388,"column":22},"end":{"line":2388,"column":52}},"1099":{"start":{"line":2389,"column":22},"end":{"line":2389,"column":52}},"1100":{"start":{"line":2390,"column":26},"end":{"line":2390,"column":55}},"1101":{"start":{"line":2392,"column":4},"end":{"line":2412,"column":7}},"1102":{"start":{"line":2393,"column":18},"end":{"line":2393,"column":48}},"1103":{"start":{"line":2394,"column":18},"end":{"line":2394,"column":48}},"1104":{"start":{"line":2395,"column":19},"end":{"line":2395,
[...]
"column":8},"end":{"line":2754,"column":63}},"type":"binary-expr","locations":[{"start":{"line":2754,"column":8},"end":{"line":2754,"column":55}},{"start":{"line":2754,"column":59},"end":{"line":2754,"column":63}}],"line":2754},"446":{"loc":{"start":{"line":2774,"column":4},"end":{"line":2774,"column":30}},"type":"if","locations":[{"start":{"line":2774,"column":4},"end":{"line":2774,"column":30}},{"start":{},"end":{}}],"line":2774},"447":{"loc":{"start":{"line":2776,"column":4},"end":{"line":2778,"column":5}},"type":"if","locations":[{"start":{"line":2776,"column":4},"end":{"line":2778,"column":5}},{"start":{},"end":{}}],"line":2776},"448":{"loc":{"start":{"line":2807,"column":4},"end":{"line":2807,"column":27}},"type":"if","locations":[{"start":{"line":2807,"column":4},"end":{"line":2807,"column":27}},{"start":{},"end":{}}],"line":2807},"449":{"loc":{"start":{"line":2811,"column":22},"end":{"line":2813,"column":27}},"type":"cond-expr","locations":[{"start":{"line":2812,"column":8},"end":{"line":2812,"column":35}},{"start":{"line":2813,"column":8},"end":{"line":2813,"column":27}}],"line":2811},"450":{"loc":{"start":{"line":2814,"column":23},"end":{"line":2816,"column":155}},"type":"cond-expr","locations":[{"start":{"line":2815,"column":8},"end":{"line":2815,"column":10}},{"start":{"line":2816,"column":8},"end":{"line":2816,"column":155}}],"line":2814},"451":{"loc":{"start":{"line":2817,"column":25},"end":{"line":2817,"column":67}},"type":"cond-expr","locations":[{"start":{"line":2817,"column":35},"end":{"line":2817,"column":37}},{"start":{"line":2817,"column":40},"end":{"line":2817,"column":67}}],"line":2817},"452":{"loc":{"start":{"line":2845,"column":14},"end":{"line":2845,"column":43}},"type":"cond-expr","locations":[{"start":{"line":2845,"column":29},"end":{"line":2845,"column":38}},{"start":{"line":2845,"column":41},"end":{"line":2845,"column":43}}],"line":2845},"453":{"loc":{"start":{"line":2857,"column":4},"end":{"line":2863,"column":5}},"type":"if","locations":[{"start":{"line":2857,"column":4},"end":{"line":2863,"column":5}},{"start":{},"end":{}}],"line":2857},"454":{"loc":{"start":{"line":2866,"column":4},"end":{"line":2878,"column":5}},"type":"if","locations":[{"start":{"line":2866,"column":4},"end":{"line":2878,"column":5}},{"start":{},"end":{}}],"line":2866},"455":{"loc":{"start":{"line":2886,"column":0},"end":{"line":2892,"column":1}},"type":"if","locations":[{"start":{"line":2886,"column":0},"end":{"line":2892,"column":1}},{"start":{},"end":{}}],"line":2886}},"s":{"0":3,"1":0,"2":3,"3":0,"4":2,"5":0,"6":0,"7":0,"8":0,"9":0,"10":0,"11":0,"12":0,"13":0,"14":0,"15":0,"16":0,"17":0,"18":0,"19":0,"20":0,"21":0,"22":0,"23":0,"24":0,"25":0,"26":0,"27":0,"28":0,"29":0,"30":0,"31":0,"32":0,"33":0,"34":0,"35":0,"36":0,"37":0,"38":0,"39":0,"40":0,"41":0,"42":0,"43":0,"44":0,"45":0,"46":0,"47":0,"48":0,"49":0,"50":0,"51":0,"52":0,"53":0,"54":0,"55":0,"56":0,"57":0,"58":0,"59":0,"60":0,"61":0,"62":0,"63":0,"64":0,"65":0,"66":0,"67":0,"68":0,"69":0,"70":0,"71":0,"72":0,"73":0,"74":0,"75":0,"76":0,"77":0,"78":0,"79":0,"80":0,"81":0,"82":0,"83":0,"84":0,"85":0,"86":0,"87":0,"88":0,"89":0,"90":0,"91":0,"92":0,"93":0,"94":0,"95":0,"96":0,"97":0,"98":0,"99":0,"100":0,"101":0,"102":0,"103":0,"104":0,"105":0,"106":0,"107":0,"108":0,"109":0,"110":0,"111":0,"112":0,"113":0,"114":0,"115":0,"116":0,"117":0,"118":0,"119":0,"120":0,"121":0,"122":0,"123":0,"124":0,"125":0,"126":0,"127":0,"128":0,"129":0,"130":0,"131":0,"132":0,"133":0,"134":0,"135":0,"136":0,"137":0,"138":0,"139":0,"140":0,"141":0,"142":0,"143":0,"144":0,"145":0,"146":0,"147":0,"148":0,"149":0,"150":0,"151":0,"152":0,"153":0,"154":0,"155":0,"156":0,"157":0,"158":0,"159":0,"160":0,"161":0,"162":0,"163":0,"164":0,"165":0,"166":0,"167":0,"168":0,"169":0,"170":0,"171":0,"172":0,"173":0,"174":0,"175":0,"176":0,"177":0,"178":0,"179":0,"180":0,"181":0,"182":0,"183":0,"184":0,"185":0,"186":0,"187":0,"188":0,"189":0,"190":0,"191":0,"192":0,"193":0,"194":0,"195":0,"196":0,"197":0,"198":0,"199":0,"200":0,"201":0,"202":0,"203":0,"204":0,"205":0,"206":0,"207":0,"208":0,"209":0,"210":0,"211":0,"212":0,"213":0,"214":0,"215":0,"216":0,"217":0,"218":0,"219":0,"220":0,"221":0,"222":0,"223":0,"224":0,"225":0,"226":0,"227":0,"228":0,"229":0,"230":0,"231":0,"232":0,"233":0,"234":0,"235":0,"236":0,"237":0,"238":0,"239":0,"240":0,"241":0,"242":0,"243":0,"244":0,"245":0,"246":0,"247":0,"248":0,"249":0,"250":0,"251":0,"252":0,"253":0,"254":0,"255":0,"256":0,"257":0,"258":0,"259":0,"260":0,"261":0,"262":0,"263":0,"264":0,"265":0,"266":0,"267":0,"268":0,"269":0,"270":0,"271":0,"272":0,"273":0,"274":0,"275":0,"276":0,"277":0,"278":0,"279":0,"280":0,"281":0,"282":0,"283":0,"284":0,"285":0,"286":0,"287":0,"288":0,"289":0,"290":0,"291":0,"292":0,"293":0,"294":0,"295":0,"296":0,"297":0,"298":0,"299":0,"300":0,"301":0,"302":0,"303":0,"304":0,"305":0,"306":0,"307":0,"308":0,"309":0,"310":0,"311":0,"312":0,"313":0,"314":0,"315":0,"316":0,"317":0,"318":0,"319":0,"320":0,"321":0,"322":0,"323":0,"324":0,"325":0,"326":0,"327":0,"328":0,"329":0,"330":0,"331":0,"332":0,"333":0,"334":0,"335":0,"336":0,"337":0,"338":0,"339":0,"340":0,"341":0,"342":0,"343":0,"344":0,"345":0,"346":0,"347":0,"348":0,"349":0,"350":0,"351":0,"352":0,"353":0,"354":0,"355":0,"356":0,"357":0,"358":0,"359":0,"360":0,"361":0,"362":0,"363":0,"364":0,"365":0,"366":0,"367":0,"368":0,"369":0,"370":0,"371":0,"372":0,"373":0,"374":0,"375":0,"376":0,"377":0,"378":0,"379":0,"380":0,"381":0,"382":0,"383":0,"384":0,"385":0,"386":0,"387":0,"388":0,"389":0,"390":0,"391":0,"392":0,"393":0,"394":0,"395":0,"396":0,"397":0,"398":0,"399":0,"400":0,"401":0,"402":0,"403":0,"404":0,"405":0,"406":0,"407":0,"408":0,"409":0,"410":0,"411":0,"412":0,"413":0,"414":0,"415":0,"416":0,"417":0,"418":0,"419":0,"420":0,"421":0,"422":0,"423":0,"424":0,"425":0,"426":0,"427":0,"428":0,"429":0,"430":0,"431":0,"432":0,"433":0,"434":0,"435":0,"436":0,"437":0,"438":0,"439":0,"440":0,"441":0,"442":0,"443":0,"444":0,"445":0,"446":0,"447":0,"448":0,"449":0,"450":0,"451":0,"452":0,"453":0,"454":0,"455":0,"456":0,"457":0,"458":0,"459":0,"460":0,"461":0,"462":0,"463":0,"464":0,"465":0,"466":0,"467":0,"468":0,"469":0,"470":0,"471":0,"472":0,"473":0,"474":0,"475":0,"476":0,"477":0,"478":0,"479":0,"480":0,"481":0,"482":0,"483":0,"484":0,"485":0,"486":0,"487":0,"488":0,"489":0,"490":0,"491":0,"492":0,"493":0,"494":0,"495":0,"496":0,"497":0,"498":0,"499":0,"500":0,"501":0,"502":0,"503":0,"504":0,"505":0,"506":0,"507":0,"508":0,"509":0,"510":0,"511":0,"512":0,"513":0,"514":0,"515":0,"516":0,"517":0,"518":0,"519":0,"520":0,"521":0,"522":0,"523":0,"524":0,"525":0,"526":0,"527":0,"528":0,"529":0,"530":0,"531":0,"532":0,"533":0,"534":0,"535":0,"536":0,"537":0,"538":0,"539":0,"540":0,"541":0,"542":0,"543":0,"544":0,"545":0,"546":0,"547":0,"548":0,"549":0,"550":0,"551":0,"552":0,"553":0,"554":0,"555":0,"556":0,"557":0,"558":0,"559":0,"560":0,"561":0,"562":0,"563":0,"564":0,"565":0,"566":0,"567":0,"568":0,"569":0,"570":0,"571":0,"572":0,"573":0,"574":0,"575":0,"576":0,"577":0,"578":0,"579":0,"580":0,"581":0,"582":0,"583":0,"584":0,"585":0,"586":0,"587":0,"588":0,"589":0,"590":0,"591":0,"592":0,"593":0,"594":0,"595":0,"596":0,"597":0,"598":0,"599":0,"600":0,"601":0,"602":0,"603":0,"604":0,"605":0,"606":0,"607":0,"608":0,"609":0,"610":0,"611":0,"612":0,"613":0,"614":0,"615":0,"616":0,"617":0,"618":0,"619":0,"620":0,"621":0,"622":0,"623":0,"624":0,"625":0,"626":0,"627":0,"628":0,"629":0,"630":0,"631":0,"632":0,"633":0,"634":0,"635":0,"636":0,"637":0,"638":0,"639":0,"640":0,"641":0,"642":0,"643":0,"644":0,"645":0,"646":0,"647":0,"648":0,"649":0,"650":0,"651":0,"652":0,"653":0,"654":0,"655":0,"656":0,"657":0,"658":0,"659":0,"660":0,"661":0,"662":0,"663":0,"664":0,"665":0,"666":0,"667":0,"668":0,"669":0,"670":0,"671":0,"672":0,"673":0,"674":0,"675":0,"676":0,"677":0,"678":0,"679":0,"680":0,"681":0,"682":0,"683":0,"684":0,"685":0,"686":0,"687":0,"688":0,"689":0,"690":0,"691":0,"692":0,"693":0,"694":0,"695":0,"696":0,"697":0,"698":0,"699":0,"700":0,"701":0,"702":0,"703":0,"704":0,"705":0,"706":0,"707":0,"708":0,"709":0,"710":0,"711":0,"712":0,"713":0,"714":0,"715":0,"716":0,"717":0,"718":0,"719":0,"720":0,"721":0,"722":0,"723":0,"724":0,"725":0,"726":0,"727":0,"728":0,"729":0,"730":0,"731":0,"732":0,"733":0,"734":0,"735":0,"736":0,"737":0,"738":0,"739":0,"740":0,"741":0,"742":0,"743":0,"744":0,"745":0,"746":0,"747":0,"748":0,"749":0,"750":0,"751":0,"752":0,"753":0,"754":0,"755":0,"756":0,"757":0,"758":0,"759":0,"760":0,"761":0,"762":0,"763":0,"764":0,"765":0,"766":0,"767":0,"768":0,"769":0,"770":0,"771":0,"772":0,"773":0,"774":0,"775":0,"776":0,"777":0,"778":0,"779":0,"780":0,"781":0,"782":0,"783":0,"784":0,"785":0,"786":0,"787":0,"788":0,"789":0,"790":0,"791":0,"792":0,"793":0,"794":0,"795":0,"796":0,"797":0,"798":0,"799":0,"800":0,"801":0,"802":0,"803":0,"804":0,"805":0,"806":0,"807":0,"808":0,"809":0,"810":0,"811":0,"812":0,"813":0,"814":0,"815":0,"816":0,"817":0,"818":0,"819":0,"820":0,"821":0,"822":0,"823":0,"824":0,"825":0,"826":0,"827":0,"828":0,"829":0,"830":0,"831":0,"832":0,"833":0,"834":0,"835":0,"836":0,"837":0,"838":0,"839":0,"840":0,"841":0,"842":0,"843":0,"844":0,"845":0,"846":0,"847":0,"848":0,"849":0,"850":0,"851":0,"852":0,"853":0,"854":0,"855":0,"856":0,"857":0,"858":0,"859":0,"860":0,"861":0,"862":0,"863":0,"864":0,"865":0,"866":0,"867":0,"868":0,"869":0,"870":0,"871":0,"872":0,"873":0,"874":0,"875":0,"876":0,"877":0,"878":0,"879":0,"880":0,"881":0,"882":0,"883":0,"884":0,"885":0,"886":0,"887":0,"888":0,"889":0,"890":0,"891":0,"892":0,"893":0,"894":0,"895":0,"896":0,"897":0,"898":0,"899":0,"900":0,"901":0,"902":0,"903":0,"904":0,"905":0,"906":0,"907":0,"908":0,"909":0,"910":0,"911":0,"912":0,"913":0,"914":0,"915":0,"916":0,"917":0,"918":0,"919":0,"920":0,"921":0,"922":0,"923":0,"924":0,"925":0,"926":0,"927":0,"928":0,"929":0,"930":0,"931":0,"932":0,"933":0,"934":0,"935":0,"936":0,"937":0,"938":0,"939":0,"940":0,"941":0,"942":0,"943":0,"944":0,"945":0,"946":0,"947":0,"948":0,"949":0,"950":0,"951":0,"952":0,"953":0,"954":0,"955":0,"956":0,"957":0,"958":0,"959":0,"960":0,"961":0,"962":0,"963":0,"964":0,"965":0,"966":0,"967":0,"968":0,"969":0,"970":0,"971":0,"972":0,"973":0,"974":0,"975":0,"976":0,"977":0,"978":0,"979":0,"980":0,"981":0,"982":0,"983":0,"984":0,"985":0,"986":0,"987":0,"988":0,"989":0,"990":0,"991":0,"992":0,"993":0,"994":0,"995":0,"996":0,"997":0,"998":0,"999":0,"1000":0,"1001":0,"1002":0,"1003":0,"1004":0,"1005":0,"1006":0,"1007":0,"1008":0,"1009":0,"1010":0,"1011":0,"1012":0,"1013":0,"1014":0,"1015":0,"1016":0,"1017":0,"1018":0,"1019":0,"1020":0,"1021":0,"1022":0,"1023":0,"1024":0,"1025":0,"1026":0,"1027":0,"1028":0,"1029":0,"1030":0,"1031":0,"1032":0,"1033":0,"1034":0,"1035":0,"1036":0,"1037":0,"1038":2,"1039":2,"1040":2,"1041":0,"1042":0,"1043":0,"1044":0,"1045":0,"1046":0,"1047":0,"1048":0,"1049":0,"1050":0,"1051":0,"1052":0,"1053":0,"1054":0,"1055":0,"1056":0,"1057":0,"1058":0,"1059":0,"1060":0,"1061":0,"1062":0,"1063":0,"1064":0,"1065":0,"1066":0,"1067":0,"1068":0,"1069":0,"1070":0,"1071":0,"1072":0,"1073":0,"1074":0,"1075":0,"1076":0,"1077":0,"1078":0,"1079":0,"1080":0,"1081":0,"1082":0,"1083":0,"1084":0,"1085":0,"1086":0,"1087":0,"1088":0,"1089":0,"1090":0,"1091":0,"1092":0,"1093":0,"1094":0,"1095":0,"1096":0,"1097":0,"1098":0,"1099":0,"1100":0,"1101":0,"1102":0,"1103":0,"1104":0,"1105":0,"1106":0,"1107":0,"1108":0,"1109":0,"1110":0,"1111":0,"1112":0,"1113":0,"1114":0,"1115":0,"1116":0,"1117":0,"1118":0,"1119":0,"1120":0,"1121":0,"1122":0,"1123":0,"1124":0,"1125":1,"1126":0,"1127":1,"1128":39,"1129":1,"1130":1,"1131":1,"1132":1,"1133":2,"1134":2,"1135":50,"1136":0,"1137":50,"1138":50,"1139":4,"1140":50,"1141":50,"1142":50,"1143":50,"1144":50,"1145":50,"1146":50,"1147":50,"1148":50,"1149":2,"1150":4,"1151":4,"1152":4,"1153":4,"1154":4,"1155":4,"1156":2,"1157":0,"1158":0,"1159":0,"1160":0,"1161":0,"1162":0,"1163":0,"1164":0,"1165":0,"1166":0,"1167":0,"1168":0,"1169":0,"1170":0,"1171":0,"1172":0,"1173":0,"1174":0,"1175":0,"1176":0,"1177":0,"1178":0,"1179":0,"1180":0,"1181":0,"1182":0,"1183":0,"1184":0,"1185":0,"1186":0,"1187":0,"1188":0,"1189":0,"1190":0,"1191":0,"1192":0,"1193":0,"1194":0,"1195":0,"1196":0,"1197":0,"1198":0,"1199":0,"1200":0,"1201":0,"1202":0,"1203":0,"1204":0,"1205":0,"1206":0,"1207":0,"1208":0,"1209":0,"1210":0,"1211":0,"1212":0,"1213":0,"1214":0,"1215":0,"1216":0,"1217":0,"1218":0,"1219":0,"1220":0,"1221":0,"1222":0,"1223":0,"1224":0,"1225":0,"1226":0,"1227":0,"1228":0,"1229":0,"1230":0,"1231":0,"1232":0,"1233":0,"1234":0,"1235":0,"1236":0,"1237":0,"1238":0,"1239":0,"1240":0,"1241":0,"1242":0,"1243":0,"1244":0,"1245":0,"1246":0,"1247":0,"1248":0,"1249":0,"1250":0,"1251":0,"1252":0,"1253":0,"1254":0,"1255":0,"1256":0,"1257":0,"1258":0,"1259":0,"1260":0,"1261":0,"1262":0,"1263":0,"1264":0,"1265":0,"1266":0,"1267":0,"1268":0,"1269":0,"1270":0,"1271":0,"1272":0,"1273":0,"1274":0,"1275":0,"1276":1,"1277":1,"1278":1,"1279":1,"1280":1,"1281":1,"1282":1},"f":{"0":3,"1":0,"2":2,"3":0,"4":0,"5":0,"6":0,"7":0,"8":0,"9":0,"10":0,"11":0,"12":0,"13":0,"14":0,"15":0,"16":0,"17":0,"18":0,"19":0,"20":0,"21":0,"22":0,"23":0,"24":0,"25":0,"26":0,"27":0,"28":0,"29":0,"30":0,"31":0,"32":0,"33":0,"34":0,"35":0,"36":0,"37":0,"38":0,"39":0,"40":0,"41":0,"42":0,"43":0,"44":0,"45":0,"46":0,"47":0,"48":0,"49":0,"50":0,"51":0,"52":0,"53":0,"54":0,"55":0,"56":0,"57":0,"58":0,"59":0,"60":0,"61":0,"62":0,"63":0,"64":0,"65":0,"66":0,"67":0,"68":0,"69":0,"70":0,"71":0,"72":0,"73":0,"74":0,"75":0,"76":0,"77":0,"78":0,"79":0,"80":0,"81":0,"82":0,"83":0,"84":0,"85":0,"86":0,"87":0,"88":0,"89":0,"90":0,"91":0,"92":0,"93":0,"94":0,"95":0,"96":0,"97":0,"98":0,"99":0,"100":0,"101":0,"102":0,"103":0,"104":0,"105":0,"106":0,"107":0,"108":0,"109":0,"110":0,"111":0,"112":0,"113":0,"114":0,"115":0,"116":0,"117":0,"118":0,"119":0,"120":0,"121":0,"122":0,"123":0,"124":0,"125":0,"126":0,"127":0,"128":0,"129":0,"130":0,"131":0,"132":0,"133":0,"134":0,"135":0,"136":0,"137":0,"138":0,"139":0,"140":0,"141":0,"142":0,"143":0,"144":2,"145":0,"146":0,"147":0,"148":0,"149":0,"150":0,"151":0,"152":0,"153":0,"154":0,"155":0,"156":0,"157":0,"158":0,"159":0,"160":0,"161":0,"162":0,"163":1,"164":39,"165":2,"166":50,"167":4,"168":2,"169":0,"170":0,"171":0,"172":0,"173":0,"174":0,"175":0,"176":0,"177":0,"178":0,"179":0,"180":0,"181":0,"182":0,"183":0,"184":0,"185":0,"186":0,"187":0,"188":0,"189":0,"190":0,"191":0,"192":0,"193":0,"194":0,"195":0,"196":0,"197":0,"198":0,"199":0},"b":{"0":[0,3],"1":[0,0],"2":[0,0],"3":[0,0],"4":[0,0],"5":[0,0],"6":[0,0],"7":[0,0],"8":[0,0],"9":[0,0],"10":[0,0],"11":[0,0],"12":[0,0],"13":[0,0],"14":[0,0],"15":[0,0],"16":[0,0],"17":[0,0],"18":[0,0],"19":[0,0],"20":[0,0],"21":[0,0],"22":[0,0],"23":[0,0],"24":[0,0],"25":[0,0],"26":[0,0],"27":[0,0],"28":[0,0],"29":[0,0],"30":[0,0],"31":[0,0],"32":[0,0],"33":[0,0],"34":[0,0],"35":[0,0],"36":[0,0],"37":[0,0],"38":[0,0],"39":[0,0],"40":[0,0],"41":[0,0],"42":[0,0],"43":[0,0],"44":[0,0],"45":[0,0],"46":[0,0],"47":[0,0],"48":[0,0],"49":[0,0],"50":[0,0],"51":[0,0],"52":[0,0],"53":[0,0],"54":[0,0],"55":[0,0],"56":[0,0],"57":[0,0],"58":[0,0],"59":[0,0,0],"60":[0,0],"61":[0,0],"62":[0,0],"63":[0,0],"64":[0,0],"65":[0,0],"66":[0,0],"67":[0,0],"68":[0,0],"69":[0,0],"70":[0,0],"71":[0,0,0,0],"72":[0,0],"73":[0,0],"74":[0,0],"75":[0,0],"76":[0,0,0],"77":[0,0],"78":[0,0],"79":[0,0],"80":[0,0],"81":[0,0],"82":[0,0],"83":[0,0],"84":[0,0],"85":[0,0],"86":[0,0],"87":[0,0],"88":[0,0],"89":[0,0],"90":[0,0],"91":[0,0],"92":[0,0],"93":[0,0],"94":[0,0],"95":[0,0],"96":[0,0],"97":[0,0],"98":[0,0],"99":[0,0],"100":[0,0],"101":[0,0],"102":[0,0],"103":[0,0],"104":[0,0],"105":[0,0],"106":[0,0],"107":[0,0],"108":[0,0],"109":[0,0],"110":[0,0],"111":[0,0],"112":[0,0],"113":[0,0],"114":[0,0],"115":[0,0,0,0,0],"116":[0,0],"117":[0,0],"118":[0,0],"119":[0,0],"120":[0,0],"121":[0,0],"122":[0,0],"123":[0,0],"124":[0,0],"125":[0,0],"126":[0,0],"127":[0,0],"128":[0,0],"129":[0,0],"130":[0,0],"131":[0,0],"132":[0,0],"133":[0,0],"134":[0,0],"135":[0,0],"136":[0,0],"137":[0,0],"138":[0,0],"139":[0,0],"140":[0,0],"141":[0,0],"142":[0,0],"143":[0,0],"144":[0,0],"145":[0,0],"146":[0,0],"147":[0,0],"148":[0,0],"149":[0,0],"150":[0,0],"151":[0,0],"152":[0,0],"153":[0,0],"154":[0,0],"155":[0,0],"156":[0,0],"157":[0,0],"158":[0,0],"159":[0,0],"160":[0,0],"161":[0,0],"162":[0,0],"163":[0,0],"164":[0,0],"165":[0,0],"166":[0,0],"167":[0,0,0,0,0],"168":[0,0],"169":[0,0],"170":[0,0],"171":[0,0],"172":[0,0],"173":[0,0],"174":[0],"175":[0,0],"176":[0,0],"177":[0,0],"178":[0,0],"179":[0,0],"180":[0,0],"181":[0],"182":[0,0],"183":[0,0],"184":[0,0],"185":[0,0],"186":[0,0],"187":[0,0],"188":[0,0],"189":[0,0],"190":[0,0],"191":[0,0],"192":[0,0],"193":[0,0],"194":[0,0],"195":[0,0],"196":[0,0],"197":[0,0],"198":[0,0],"199":[0,0],"200":[0,0],"201":[0,0],"202":[0,0],"203":[0,0],"204":[0,0],"205":[0,0],"206":[0,0],"207":[0,0],"208":[0,0],"209":[0,0],"210":[0,0],"211":[0,0],"212":[0,0],"213":[0,0],"214":[0,0],"215":[0,0],"216":[0,0],"217":[0,0],"218":[0,0],"219":[0,0],"220":[0,0],"221":[0,0,0],"222":[0,0],"223":[0,0],"224":[0,0],"225":[0,0],"226":[0,0,0],"227":[0,0],"228":[0,0],"229":[0,0],"230":[0,0],"231":[0,0],"232":[0,0],"233":[0,0],"234":[0,0],"235":[0,0],"236":[0,0],"237":[0,0],"238":[0,0],"239":[0,0],"240":[0,0],"241":[0,0],"242":[0,0],"243":[0,0],"244":[0,0],"245":[0,0],"246":[0,0],"247":[0,0],"248":[0,0],"249":[0,0],"250":[0,0],"251":[0,0],"252":[0,0],"253":[0,0],"254":[0,0],"255":[0,0,0],"256":[0,0],"257":[0,0],"258":[0,0],"259":[0,0],"260":[0,0],"261":[0,0],"262":[0,0],"263":[0,0],"264":[0,0],"265":[0,0],"266":[0,0],"267":[0,0],"268":[0,0],"269":[0,0],"270":[0,0],"271":[0,0],"272":[0,0],"273":[0,0],"274":[0,0],"275":[0,0],"276":[0,0,0],"277":[0,0,0],"278":[0,0],"279":[0,0],"280":[0,0],"281":[0,0],"282":[0,0],"283":[0,0],"284":[0,0],"285":[0,0],"286":[0,0],"287":[0,0],"288":[0,0],"289":[0,0],"290":[0,0],"291":[0,0],"292":[0,0],"293":[0,0],"294":[0,0],"295":[0,0],"296":[0,0],"297":[0,0],"298":[0,0],"299":[0,0],"300":[0,0],"301":[0,0],"302":[0,0],"303":[0,0],"304":[0,0],"305":[0,0],"306":[0,0],"307":[0,0],"308":[0,0],"309":[0,0],"310":[0,0],"311":[0,0],"312":[0,0,0],"313":[0,0],"314":[0,0],"315":[0,0],"316":[0,0],"317":[0,0],"318":[0,0,0],"319":[0,0],"320":[0,0],"321":[0,0],"322":[0,0],"323":[0],"324":[0],"325":[0,0],"326":[0,0,0],"327":[0,0],"328":[0,0],"329":[0,0],"330":[0,0],"331":[0,0],"332":[0,0],"333":[0,0],"334":[0,0],"335":[0],"336":[0,0],"337":[0,0],"338":[0,0],"339":[0,0],"340":[0,0],"341":[0,0],"342":[0,0],"343":[0,0],"344":[0,0],"345":[0,0],"346":[0,0],"347":[0,0],"348":[0,0],"349":[0,0,0],"350":[0,0],"351":[0,0],"352":[0,0],"353":[0,0],"354":[0,0],"355":[0,0],"356":[0,0],"357":[0,0],"358":[0,0],"359":[0,0],"360":[0,0],"361":[0,0],"362":[0,0],"363":[0,0],"364":[0,0],"365":[0,0],"366":[0,0],"367":[0,0],"368":[0,0],"369":[0,0],"370":[0,0],"371":[0,0],"372":[0,0],"373":[0,0],"374":[0,0],"375":[0,0],"376":[0,0],"377":[0,0],"378":[0,0],"379":[0,0],"380":[0,0],"381":[0,0],"382":[0,0],"383":[0,0],"384":[0,0],"385":[0,0],"386":[0,0],"387":[0,0],"388":[0,1],"389":[1,1],"390":[0,50],"391":[4,46],"392":[50,0],"393":[50,0],"394":[50,0],"395":[0,4],"396":[4,0],"397":[4,0],"398":[4,0],"399":[4,4],"400":[4,0],"401":[0],"402":[0,0],"403":[0,0],"404":[0,0],"405":[0,0],"406":[0],"407":[0,0],"408":[0,0],"409":[0,0],"410":[0],"411":[0,0],"412":[0,0],"413":[0,0],"414":[0,0],"415":[0,0],"416":[0,0],"417":[0,0],"418":[0],"419":[0,0],"420":[0,0],"421":[0,0,0,0],"422":[0,0],"423":[0,0],"424":[0,0],"425":[0,0],"426":[0,0],"427":[0,0],"428":[0,0],"429":[0,0],"430":[0,0],"431":[0,0],"432":[0,0],"433":[0,0],"434":[0,0],"435":[0,0],"436":[0,0],"437":[0],"438":[0],"439":[0,0],"440":[0],"441":[0,0],"442":[0,0],"443":[0,0],"444":[0,0],"445":[0,0],"446":[0,0],"447":[0,0],"448":[0,0],"449":[0,0],"450":[0,0],"451":[0,0],"452":[0,0],"453":[0,0],"454":[0,0],"455":[1,0]},"inputSourceMap":null,"_coverageSchema":"1a1c01bbd47fc00a2c39e90264f33305004495a9","hash":"6321a9e46db6804f7d18ca337e4c5ce7f8bb3198"}
}
