TN:
SF:src\features.js
FN:27,getAugmentedWindow
FN:35,getLeafletInstance
FN:42,getChartInstance
FN:59,(anonymous_3)
FN:69,(anonymous_4)
FN:106,(anonymous_5)
FN:136,(anonymous_6)
FN:158,(anonymous_7)
FN:170,(anonymous_8)
FN:230,(anonymous_9)
FN:345,(anonymous_10)
FN:361,(anonymous_11)
FN:420,(anonymous_12)
FN:436,(anonymous_13)
FN:439,(anonymous_14)
FN:463,(anonymous_15)
FN:475,(anonymous_16)
FN:487,(anonymous_17)
FN:500,(anonymous_18)
FN:514,(anonymous_19)
FN:526,(anonymous_20)
FN:533,(anonymous_21)
FN:534,(anonymous_22)
FN:545,(anonymous_23)
FN:562,(anonymous_24)
FN:570,(anonymous_25)
FN:573,(anonymous_26)
FN:581,(anonymous_27)
FN:600,(anonymous_28)
FN:608,(anonymous_29)
FN:654,(anonymous_30)
FN:656,(anonymous_31)
FN:663,(anonymous_32)
FN:672,(anonymous_33)
FN:692,(anonymous_34)
FN:716,(anonymous_35)
FN:721,(anonymous_36)
FN:722,(anonymous_37)
FN:735,(anonymous_38)
FN:756,(anonymous_39)
FN:786,(anonymous_40)
FN:792,(anonymous_41)
FN:804,(anonymous_42)
FN:811,(anonymous_43)
FN:822,(anonymous_44)
FN:834,(anonymous_45)
FN:846,(anonymous_46)
FN:854,(anonymous_47)
FN:859,(anonymous_48)
FN:868,(anonymous_49)
FN:873,(anonymous_50)
FN:883,(anonymous_51)
FN:922,(anonymous_52)
FN:932,(anonymous_53)
FN:941,(anonymous_54)
FN:956,(anonymous_55)
FN:996,(anonymous_56)
FN:1005,(anonymous_57)
FN:1014,(anonymous_58)
FN:1016,(anonymous_59)
FN:1017,(anonymous_60)
FN:1026,(anonymous_61)
FN:1080,(anonymous_62)
FN:1134,(anonymous_63)
FN:1139,(anonymous_64)
FN:1149,(anonymous_65)
FN:1163,(anonymous_66)
FN:1177,(anonymous_67)
FN:1196,(anonymous_68)
FN:1211,(anonymous_69)
FN:1223,(anonymous_70)
FN:1242,(anonymous_71)
FN:1250,(anonymous_72)
FN:1259,(anonymous_73)
FN:1268,(anonymous_74)
FN:1275,(anonymous_75)
FN:1281,(anonymous_76)
FN:1297,(anonymous_77)
FN:1311,(anonymous_78)
FN:1319,(anonymous_79)
FN:1329,(anonymous_80)
FN:1340,(anonymous_81)
FN:1361,(anonymous_82)
FN:1370,(anonymous_83)
FN:1388,(anonymous_84)
FN:1391,(anonymous_85)
FN:1392,(anonymous_86)
FN:1400,(anonymous_87)
FN:1443,(anonymous_88)
FN:1448,(anonymous_89)
FN:1449,(anonymous_90)
FN:1450,(anonymous_91)
FN:1466,(anonymous_92)
FN:1471,(anonymous_93)
FN:1482,(anonymous_94)
FN:1485,(anonymous_95)
FN:1523,(anonymous_96)
FN:1526,(anonymous_97)
FN:1528,(anonymous_98)
FN:1550,(anonymous_99)
FN:1573,(anonymous_100)
FN:1577,(anonymous_101)
FN:1589,(anonymous_102)
FN:1613,(anonymous_103)
FN:1674,(anonymous_104)
FN:1677,(anonymous_105)
FN:1681,(anonymous_106)
FN:1683,(anonymous_107)
FN:1684,(anonymous_108)
FN:1685,(anonymous_109)
FN:1702,(anonymous_110)
FN:1712,(anonymous_111)
FN:1724,(anonymous_112)
FN:1730,(anonymous_113)
FN:1740,(anonymous_114)
FN:1751,(anonymous_115)
FN:1770,(anonymous_116)
FN:1780,(anonymous_117)
FN:1781,(anonymous_118)
FN:1788,(anonymous_119)
FN:1801,(anonymous_120)
FN:1808,(anonymous_121)
FN:1829,(anonymous_122)
FN:1832,(anonymous_123)
FN:1837,(anonymous_124)
FN:1917,(anonymous_125)
FN:1922,(anonymous_126)
FN:1924,(anonymous_127)
FN:1951,(anonymous_128)
FN:2024,(anonymous_129)
FN:2029,(anonymous_130)
FN:2039,(anonymous_131)
FN:2053,(anonymous_132)
FN:2109,(anonymous_133)
FN:2132,(anonymous_134)
FN:2139,(anonymous_135)
FN:2149,(anonymous_136)
FN:2154,(anonymous_137)
FN:2188,(anonymous_138)
FN:2200,(anonymous_139)
FN:2205,(anonymous_140)
FN:2211,(anonymous_141)
FN:2212,(anonymous_142)
FN:2216,(anonymous_143)
FN:2286,(anonymous_144)
FN:2302,(anonymous_145)
FN:2324,(anonymous_146)
FN:2340,(anonymous_147)
FN:2346,(anonymous_148)
FN:2394,(anonymous_149)
FN:2413,(anonymous_150)
FN:2441,(anonymous_151)
FN:2450,(anonymous_152)
FN:2460,(anonymous_153)
FN:2483,(anonymous_154)
FN:2511,(anonymous_155)
FN:2517,(anonymous_156)
FN:2540,(anonymous_157)
FN:2541,(anonymous_158)
FN:2542,(anonymous_159)
FN:2544,(anonymous_160)
FN:2548,(anonymous_161)
FN:2552,(anonymous_162)
FN:2557,(anonymous_163)
FN:2559,(anonymous_164)
FN:2566,(anonymous_165)
FN:2573,(anonymous_166)
FN:2579,(anonymous_167)
FN:2586,(anonymous_168)
FN:2588,(anonymous_169)
FN:2616,(anonymous_170)
FN:2638,(anonymous_171)
FN:2641,(anonymous_172)
FN:2646,(anonymous_173)
FN:2673,(anonymous_174)
FN:2677,(anonymous_175)
FN:2681,(anonymous_176)
FN:2705,(anonymous_177)
FN:2707,(anonymous_178)
FN:2709,(anonymous_179)
FN:2714,(anonymous_180)
FN:2715,(anonymous_181)
FN:2720,(anonymous_182)
FN:2737,(anonymous_183)
FN:2745,(anonymous_184)
FN:2746,(anonymous_185)
FN:2748,(anonymous_186)
FN:2795,(anonymous_187)
FN:2802,(anonymous_188)
FN:2843,(anonymous_189)
FN:2848,(anonymous_190)
FN:2853,(anonymous_191)
FN:2867,(anonymous_192)
FN:2876,(anonymous_193)
FN:2887,(anonymous_194)
FN:2898,(anonymous_195)
FN:2907,(anonymous_196)
FN:2908,(anonymous_197)
FN:2908,(anonymous_198)
FN:2918,(anonymous_199)
FN:2930,(anonymous_200)
FN:2983,(anonymous_201)
FN:2992,(anonymous_202)
FN:3028,(anonymous_203)
FNF:204
FNH:15
FNDA:6,getAugmentedWindow
FNDA:2,getLeafletInstance
FNDA:2,getChartInstance
FNDA:2,(anonymous_3)
FNDA:14,(anonymous_4)
FNDA:0,(anonymous_5)
FNDA:0,(anonymous_6)
FNDA:0,(anonymous_7)
FNDA:2,(anonymous_8)
FNDA:2,(anonymous_9)
FNDA:0,(anonymous_10)
FNDA:0,(anonymous_11)
FNDA:0,(anonymous_12)
FNDA:0,(anonymous_13)
FNDA:0,(anonymous_14)
FNDA:0,(anonymous_15)
FNDA:0,(anonymous_16)
FNDA:0,(anonymous_17)
FNDA:0,(anonymous_18)
FNDA:0,(anonymous_19)
FNDA:0,(anonymous_20)
FNDA:0,(anonymous_21)
FNDA:0,(anonymous_22)
FNDA:0,(anonymous_23)
FNDA:0,(anonymous_24)
FNDA:0,(anonymous_25)
FNDA:0,(anonymous_26)
FNDA:0,(anonymous_27)
FNDA:0,(anonymous_28)
FNDA:0,(anonymous_29)
FNDA:0,(anonymous_30)
FNDA:0,(anonymous_31)
FNDA:0,(anonymous_32)
FNDA:0,(anonymous_33)
FNDA:0,(anonymous_34)
FNDA:0,(anonymous_35)
FNDA:0,(anonymous_36)
FNDA:0,(anonymous_37)
FNDA:0,(anonymous_38)
FNDA:0,(anonymous_39)
FNDA:0,(anonymous_40)
FNDA:0,(anonymous_41)
FNDA:0,(anonymous_42)
FNDA:0,(anonymous_43)
FNDA:0,(anonymous_44)
FNDA:0,(anonymous_45)
FNDA:0,(anonymous_46)
FNDA:0,(anonymous_47)
FNDA:0,(anonymous_48)
FNDA:0,(anonymous_49)
FNDA:0,(anonymous_50)
FNDA:0,(anonymous_51)
FNDA:0,(anonymous_52)
FNDA:0,(anonymous_53)
FNDA:0,(anonymous_54)
FNDA:0,(anonymous_55)
FNDA:0,(anonymous_56)
FNDA:0,(anonymous_57)
FNDA:0,(anonymous_58)
FNDA:0,(anonymous_59)
FNDA:0,(anonymous_60)
FNDA:0,(anonymous_61)
FNDA:0,(anonymous_62)
FNDA:0,(anonymous_63)
FNDA:0,(anonymous_64)
FNDA:0,(anonymous_65)
FNDA:0,(anonymous_66)
FNDA:0,(anonymous_67)
FNDA:0,(anonymous_68)
FNDA:0,(anonymous_69)
FNDA:0,(anonymous_70)
FNDA:0,(anonymous_71)
FNDA:0,(anonymous_72)
FNDA:0,(anonymous_73)
FNDA:0,(anonymous_74)
FNDA:0,(anonymous_75)
FNDA:0,(anonymous_76)
FNDA:0,(anonymous_77)
FNDA:0,(anonymous_78)
FNDA:0,(anonymous_79)
FNDA:0,(anonymous_80)
FNDA:2,(anonymous_81)
FNDA:0,(anonymous_82)
FNDA:0,(anonymous_83)
FNDA:0,(anonymous_84)
FNDA:0,(anonymous_85)
FNDA:0,(anonymous_86)
FNDA:0,(anonymous_87)
FNDA:0,(anonymous_88)
FNDA:0,(anonymous_89)
FNDA:0,(anonymous_90)
FNDA:0,(anonymous_91)
FNDA:0,(anonymous_92)
FNDA:0,(anonymous_93)
FNDA:0,(anonymous_94)
FNDA:0,(anonymous_95)
FNDA:0,(anonymous_96)
FNDA:0,(anonymous_97)
FNDA:0,(anonymous_98)
FNDA:0,(anonymous_99)
FNDA:0,(anonymous_100)
FNDA:0,(anonymous_101)
FNDA:0,(anonymous_102)
FNDA:0,(anonymous_103)
FNDA:0,(anonymous_104)
FNDA:0,(anonymous_105)
FNDA:0,(anonymous_106)
FNDA:0,(anonymous_107)
FNDA:0,(anonymous_108)
FNDA:0,(anonymous_109)
FNDA:0,(anonymous_110)
FNDA:0,(anonymous_111)
FNDA:0,(anonymous_112)
FNDA:0,(anonymous_113)
FNDA:0,(anonymous_114)
FNDA:0,(anonymous_115)
FNDA:0,(anonymous_116)
FNDA:0,(anonymous_117)
FNDA:0,(anonymous_118)
FNDA:0,(anonymous_119)
FNDA:0,(anonymous_120)
FNDA:0,(anonymous_121)
FNDA:0,(anonymous_122)
FNDA:0,(anonymous_123)
FNDA:0,(anonymous_124)
FNDA:0,(anonymous_125)
FNDA:0,(anonymous_126)
FNDA:0,(anonymous_127)
FNDA:0,(anonymous_128)
FNDA:0,(anonymous_129)
FNDA:0,(anonymous_130)
FNDA:0,(anonymous_131)
FNDA:0,(anonymous_132)
FNDA:0,(anonymous_133)
FNDA:0,(anonymous_134)
FNDA:0,(anonymous_135)
FNDA:0,(anonymous_136)
FNDA:0,(anonymous_137)
FNDA:0,(anonymous_138)
FNDA:0,(anonymous_139)
FNDA:0,(anonymous_140)
FNDA:0,(anonymous_141)
FNDA:0,(anonymous_142)
FNDA:0,(anonymous_143)
FNDA:0,(anonymous_144)
FNDA:0,(anonymous_145)
FNDA:0,(anonymous_146)
FNDA:2,(anonymous_147)
FNDA:0,(anonymous_148)
FNDA:0,(anonymous_149)
FNDA:0,(anonymous_150)
FNDA:0,(anonymous_151)
FNDA:0,(anonymous_152)
FNDA:0,(anonymous_153)
FNDA:0,(anonymous_154)
FNDA:0,(anonymous_155)
FNDA:0,(anonymous_156)
FNDA:0,(anonymous_157)
FNDA:0,(anonymous_158)
FNDA:0,(anonymous_159)
FNDA:0,(anonymous_160)
FNDA:0,(anonymous_161)
FNDA:0,(anonymous_162)
FNDA:0,(anonymous_163)
FNDA:0,(anonymous_164)
FNDA:0,(anonymous_165)
FNDA:1,(anonymous_166)
FNDA:39,(anonymous_167)
FNDA:2,(anonymous_168)
FNDA:50,(anonymous_169)
FNDA:4,(anonymous_170)
FNDA:2,(anonymous_171)
FNDA:0,(anonymous_172)
FNDA:0,(anonymous_173)
FNDA:0,(anonymous_174)
FNDA:0,(anonymous_175)
FNDA:0,(anonymous_176)
FNDA:0,(anonymous_177)
FNDA:0,(anonymous_178)
FNDA:0,(anonymous_179)
FNDA:0,(anonymous_180)
FNDA:0,(anonymous_181)
FNDA:0,(anonymous_182)
FNDA:0,(anonymous_183)
FNDA:0,(anonymous_184)
FNDA:0,(anonymous_185)
FNDA:0,(anonymous_186)
FNDA:0,(anonymous_187)
FNDA:0,(anonymous_188)
FNDA:0,(anonymous_189)
FNDA:0,(anonymous_190)
FNDA:0,(anonymous_191)
FNDA:0,(anonymous_192)
FNDA:0,(anonymous_193)
FNDA:0,(anonymous_194)
FNDA:0,(anonymous_195)
FNDA:0,(anonymous_196)
FNDA:0,(anonymous_197)
FNDA:0,(anonymous_198)
FNDA:0,(anonymous_199)
FNDA:0,(anonymous_200)
FNDA:0,(anonymous_201)
FNDA:0,(anonymous_202)
FNDA:0,(anonymous_203)
DA:28,6
DA:29,6
DA:36,2
DA:43,2
DA:60,2
DA:61,2
DA:62,2
DA:63,2
DA:64,2
DA:65,2
DA:66,2
DA:67,2
DA:68,2
DA:69,14
DA:70,2
DA:71,2
DA:72,2
DA:73,2
DA:74,2
DA:75,2
DA:76,2
DA:77,2
DA:78,2
DA:79,2
DA:80,2
DA:81,2
DA:82,2
DA:83,2
DA:84,2
DA:85,2
DA:86,2
DA:87,2
DA:88,2
DA:89,2
DA:90,2
DA:91,2
DA:92,2
DA:93,2
DA:94,2
DA:95,2
DA:96,2
DA:97,2
DA:98,2
DA:99,2
DA:100,2
DA:101,2
DA:102,2
DA:103,2
DA:107,0
DA:108,0
DA:109,0
DA:110,0
DA:113,0
DA:114,0
DA:116,0
DA:119,0
DA:120,0
DA:121,0
DA:123,0
DA:124,0
DA:125,0
DA:126,0
DA:127,0
DA:128,0
DA:131,0
DA:132,0
DA:133,0
DA:137,0
DA:144,0
DA:151,0
DA:152,0
DA:153,0
DA:155,0
DA:159,0
DA:161,0
DA:162,0
DA:163,0
DA:165,0
DA:166,0
DA:171,2
DA:231,2
DA:346,0
DA:348,0
DA:349,0
DA:350,0
DA:351,0
DA:352,0
DA:353,0
DA:357,0
DA:358,0
DA:359,0
DA:361,0
DA:362,0
DA:363,0
DA:364,0
DA:365,0
DA:367,0
DA:368,0
DA:369,0
DA:370,0
DA:372,0
DA:373,0
DA:374,0
DA:375,0
DA:379,0
DA:380,0
DA:381,0
DA:382,0
DA:383,0
DA:384,0
DA:386,0
DA:390,0
DA:391,0
DA:392,0
DA:393,0
DA:396,0
DA:397,0
DA:398,0
DA:401,0
DA:407,0
DA:408,0
DA:418,0
DA:420,0
DA:422,0
DA:423,0
DA:424,0
DA:425,0
DA:428,0
DA:430,0
DA:431,0
DA:432,0
DA:435,0
DA:436,0
DA:437,0
DA:439,0
DA:440,0
DA:442,0
DA:446,0
DA:447,0
DA:448,0
DA:450,0
DA:451,0
DA:453,0
DA:454,0
DA:455,0
DA:456,0
DA:458,0
DA:462,0
DA:463,0
DA:464,0
DA:465,0
DA:467,0
DA:470,0
DA:471,0
DA:472,0
DA:474,0
DA:475,0
DA:477,0
DA:478,0
DA:479,0
DA:480,0
DA:489,0
DA:492,0
DA:493,0
DA:494,0
DA:496,0
DA:497,0
DA:498,0
DA:500,0
DA:514,0
DA:515,0
DA:516,0
DA:517,0
DA:518,0
DA:519,0
DA:521,0
DA:522,0
DA:523,0
DA:527,0
DA:528,0
DA:529,0
DA:534,0
DA:535,0
DA:536,0
DA:537,0
DA:539,0
DA:540,0
DA:542,0
DA:546,0
DA:547,0
DA:548,0
DA:549,0
DA:550,0
DA:552,0
DA:557,0
DA:559,0
DA:560,0
DA:562,0
DA:563,0
DA:566,0
DA:567,0
DA:571,0
DA:572,0
DA:573,0
DA:574,0
DA:575,0
DA:576,0
DA:578,0
DA:582,0
DA:584,0
DA:585,0
DA:597,0
DA:600,0
DA:601,0
DA:602,0
DA:603,0
DA:606,0
DA:607,0
DA:608,0
DA:610,0
DA:612,0
DA:616,0
DA:618,0
DA:619,0
DA:629,0
DA:635,0
DA:637,0
DA:655,0
DA:656,0
DA:658,0
DA:659,0
DA:664,0
DA:666,0
DA:667,0
DA:668,0
DA:671,0
DA:672,0
DA:673,0
DA:674,0
DA:677,0
DA:680,0
DA:684,0
DA:686,0
DA:688,0
DA:689,0
DA:694,0
DA:696,0
DA:697,0
DA:700,0
DA:701,0
DA:704,0
DA:705,0
DA:706,0
DA:708,0
DA:716,0
DA:717,0
DA:718,0
DA:721,0
DA:722,0
DA:723,0
DA:724,0
DA:726,0
DA:729,0
DA:730,0
DA:731,0
DA:733,0
DA:735,0
DA:736,0
DA:737,0
DA:739,0
DA:740,0
DA:742,0
DA:743,0
DA:747,0
DA:748,0
DA:751,0
DA:752,0
DA:753,0
DA:756,0
DA:757,0
DA:772,0
DA:773,0
DA:774,0
DA:775,0
DA:776,0
DA:778,0
DA:779,0
DA:782,0
DA:785,0
DA:787,0
DA:788,0
DA:790,0
DA:793,0
DA:794,0
DA:795,0
DA:796,0
DA:797,0
DA:799,0
DA:800,0
DA:801,0
DA:802,0
DA:805,0
DA:808,0
DA:812,0
DA:813,0
DA:814,0
DA:815,0
DA:817,0
DA:818,0
DA:819,0
DA:823,0
DA:824,0
DA:826,0
DA:827,0
DA:829,0
DA:830,0
DA:831,0
DA:835,0
DA:836,0
DA:837,0
DA:839,0
DA:840,0
DA:841,0
DA:842,0
DA:843,0
DA:847,0
DA:848,0
DA:849,0
DA:850,0
DA:851,0
DA:855,0
DA:856,0
DA:860,0
DA:861,0
DA:862,0
DA:863,0
DA:864,0
DA:865,0
DA:869,0
DA:870,0
DA:871,0
DA:872,0
DA:873,0
DA:874,0
DA:875,0
DA:876,0
DA:877,0
DA:878,0
DA:880,0
DA:884,0
DA:885,0
DA:887,0
DA:888,0
DA:889,0
DA:890,0
DA:891,0
DA:893,0
DA:894,0
DA:895,0
DA:897,0
DA:900,0
DA:901,0
DA:902,0
DA:904,0
DA:907,0
DA:908,0
DA:910,0
DA:911,0
DA:914,0
DA:915,0
DA:918,0
DA:923,0
DA:924,0
DA:927,0
DA:930,0
DA:931,0
DA:933,0
DA:934,0
DA:935,0
DA:936,0
DA:937,0
DA:938,0
DA:939,0
DA:942,0
DA:944,0
DA:945,0
DA:953,0
DA:957,0
DA:959,0
DA:963,0
DA:966,0
DA:967,0
DA:971,0
DA:973,0
DA:978,0
DA:980,0
DA:982,0
DA:983,0
DA:985,0
DA:986,0
DA:987,0
DA:989,0
DA:991,0
DA:992,0
DA:997,0
DA:998,0
DA:999,0
DA:1000,0
DA:1002,0
DA:1003,0
DA:1006,0
DA:1007,0
DA:1015,0
DA:1016,0
DA:1017,0
DA:1018,0
DA:1019,0
DA:1020,0
DA:1027,0
DA:1029,0
DA:1030,0
DA:1032,0
DA:1035,0
DA:1036,0
DA:1037,0
DA:1038,0
DA:1039,0
DA:1040,0
DA:1041,0
DA:1042,0
DA:1043,0
DA:1044,0
DA:1045,0
DA:1046,0
DA:1047,0
DA:1048,0
DA:1052,0
DA:1053,0
DA:1054,0
DA:1057,0
DA:1060,0
DA:1063,0
DA:1068,0
DA:1069,0
DA:1070,0
DA:1072,0
DA:1075,0
DA:1076,0
DA:1077,0
DA:1078,0
DA:1080,0
DA:1081,0
DA:1087,0
DA:1088,0
DA:1091,0
DA:1135,0
DA:1136,0
DA:1138,0
DA:1139,0
DA:1141,0
DA:1142,0
DA:1143,0
DA:1144,0
DA:1146,0
DA:1151,0
DA:1152,0
DA:1153,0
DA:1154,0
DA:1156,0
DA:1157,0
DA:1159,0
DA:1160,0
DA:1162,0
DA:1163,0
DA:1165,0
DA:1166,0
DA:1171,0
DA:1172,0
DA:1174,0
DA:1178,0
DA:1179,0
DA:1180,0
DA:1181,0
DA:1182,0
DA:1183,0
DA:1186,0
DA:1187,0
DA:1188,0
DA:1189,0
DA:1191,0
DA:1192,0
DA:1197,0
DA:1198,0
DA:1199,0
DA:1201,0
DA:1202,0
DA:1204,0
DA:1205,0
DA:1206,0
DA:1207,0
DA:1208,0
DA:1212,0
DA:1213,0
DA:1214,0
DA:1215,0
DA:1216,0
DA:1217,0
DA:1219,0
DA:1220,0
DA:1224,0
DA:1226,0
DA:1227,0
DA:1229,0
DA:1230,0
DA:1232,0
DA:1233,0
DA:1235,0
DA:1236,0
DA:1238,0
DA:1243,0
DA:1244,0
DA:1245,0
DA:1246,0
DA:1247,0
DA:1251,0
DA:1252,0
DA:1253,0
DA:1255,0
DA:1256,0
DA:1260,0
DA:1261,0
DA:1262,0
DA:1263,0
DA:1264,0
DA:1265,0
DA:1269,0
DA:1270,0
DA:1271,0
DA:1272,0
DA:1273,0
DA:1275,0
DA:1276,0
DA:1278,0
DA:1282,0
DA:1283,0
DA:1284,0
DA:1285,0
DA:1287,0
DA:1288,0
DA:1289,0
DA:1291,0
DA:1292,0
DA:1293,0
DA:1298,0
DA:1299,0
DA:1300,0
DA:1301,0
DA:1303,0
DA:1304,0
DA:1305,0
DA:1306,0
DA:1308,0
DA:1312,0
DA:1313,0
DA:1314,0
DA:1316,0
DA:1320,0
DA:1321,0
DA:1322,0
DA:1326,0
DA:1330,0
DA:1331,0
DA:1332,0
DA:1334,0
DA:1335,0
DA:1337,0
DA:1341,2
DA:1342,2
DA:1343,2
DA:1344,2
DA:1345,2
DA:1346,0
DA:1347,0
DA:1349,0
DA:1351,2
DA:1354,2
DA:1355,2
DA:1356,0
DA:1358,2
DA:1362,0
DA:1363,0
DA:1367,0
DA:1371,0
DA:1373,0
DA:1378,0
DA:1379,0
DA:1380,0
DA:1381,0
DA:1382,0
DA:1383,0
DA:1385,0
DA:1389,0
DA:1390,0
DA:1391,0
DA:1392,0
DA:1401,0
DA:1402,0
DA:1406,0
DA:1410,0
DA:1411,0
DA:1413,0
DA:1414,0
DA:1415,0
DA:1416,0
DA:1417,0
DA:1418,0
DA:1419,0
DA:1420,0
DA:1421,0
DA:1422,0
DA:1423,0
DA:1424,0
DA:1427,0
DA:1428,0
DA:1431,0
DA:1432,0
DA:1433,0
DA:1434,0
DA:1435,0
DA:1436,0
DA:1437,0
DA:1444,0
DA:1445,0
DA:1447,0
DA:1448,0
DA:1449,0
DA:1450,0
DA:1454,0
DA:1455,0
DA:1457,0
DA:1467,0
DA:1468,0
DA:1472,0
DA:1473,0
DA:1483,0
DA:1484,0
DA:1485,0
DA:1486,0
DA:1487,0
DA:1488,0
DA:1489,0
DA:1490,0
DA:1491,0
DA:1500,0
DA:1513,0
DA:1514,0
DA:1517,0
DA:1520,0
DA:1524,0
DA:1525,0
DA:1526,0
DA:1528,0
DA:1529,0
DA:1532,0
DA:1533,0
DA:1534,0
DA:1535,0
DA:1536,0
DA:1538,0
DA:1539,0
DA:1540,0
DA:1541,0
DA:1542,0
DA:1543,0
DA:1547,0
DA:1551,0
DA:1552,0
DA:1553,0
DA:1554,0
DA:1555,0
DA:1556,0
DA:1557,0
DA:1558,0
DA:1559,0
DA:1560,0
DA:1563,0
DA:1564,0
DA:1566,0
DA:1567,0
DA:1570,0
DA:1574,0
DA:1575,0
DA:1576,0
DA:1577,0
DA:1578,0
DA:1580,0
DA:1581,0
DA:1582,0
DA:1583,0
DA:1584,0
DA:1585,0
DA:1590,0
DA:1591,0
DA:1592,0
DA:1594,0
DA:1595,0
DA:1596,0
DA:1603,0
DA:1605,0
DA:1606,0
DA:1608,0
DA:1609,0
DA:1610,0
DA:1614,0
DA:1615,0
DA:1616,0
DA:1619,0
DA:1620,0
DA:1621,0
DA:1622,0
DA:1625,0
DA:1626,0
DA:1627,0
DA:1628,0
DA:1630,0
DA:1631,0
DA:1632,0
DA:1635,0
DA:1637,0
DA:1638,0
DA:1639,0
DA:1642,0
DA:1644,0
DA:1646,0
DA:1647,0
DA:1650,0
DA:1651,0
DA:1652,0
DA:1656,0
DA:1658,0
DA:1659,0
DA:1663,0
DA:1665,0
DA:1666,0
DA:1670,0
DA:1675,0
DA:1676,0
DA:1677,0
DA:1678,0
DA:1682,0
DA:1683,0
DA:1684,0
DA:1685,0
DA:1686,0
DA:1687,0
DA:1691,0
DA:1692,0
DA:1693,0
DA:1695,0
DA:1703,0
DA:1705,0
DA:1706,0
DA:1707,0
DA:1708,0
DA:1709,0
DA:1713,0
DA:1714,0
DA:1715,0
DA:1717,0
DA:1718,0
DA:1719,0
DA:1722,0
DA:1723,0
DA:1724,0
DA:1725,0
DA:1729,0
DA:1730,0
DA:1732,0
DA:1735,0
DA:1736,0
DA:1737,0
DA:1740,0
DA:1741,0
DA:1742,0
DA:1744,0
DA:1752,0
DA:1753,0
DA:1754,0
DA:1755,0
DA:1756,0
DA:1757,0
DA:1758,0
DA:1759,0
DA:1760,0
DA:1761,0
DA:1762,0
DA:1763,0
DA:1764,0
DA:1765,0
DA:1766,0
DA:1767,0
DA:1771,0
DA:1772,0
DA:1773,0
DA:1774,0
DA:1775,0
DA:1777,0
DA:1778,0
DA:1780,0
DA:1781,0
DA:1782,0
DA:1783,0
DA:1784,0
DA:1785,0
DA:1789,0
DA:1790,0
DA:1791,0
DA:1792,0
DA:1793,0
DA:1794,0
DA:1795,0
DA:1796,0
DA:1797,0
DA:1798,0
DA:1802,0
DA:1803,0
DA:1804,0
DA:1809,0
DA:1810,0
DA:1811,0
DA:1812,0
DA:1813,0
DA:1814,0
DA:1815,0
DA:1816,0
DA:1818,0
DA:1819,0
DA:1821,0
DA:1822,0
DA:1823,0
DA:1824,0
DA:1826,0
DA:1827,0
DA:1828,0
DA:1829,0
DA:1833,0
DA:1834,0
DA:1838,0
DA:1839,0
DA:1840,0
DA:1841,0
DA:1842,0
DA:1843,0
DA:1844,0
DA:1845,0
DA:1846,0
DA:1847,0
DA:1848,0
DA:1849,0
DA:1850,0
DA:1851,0
DA:1853,0
DA:1854,0
DA:1855,0
DA:1856,0
DA:1857,0
DA:1858,0
DA:1866,0
DA:1869,0
DA:1876,0
DA:1880,0
DA:1881,0
DA:1882,0
DA:1888,0
DA:1893,0
DA:1894,0
DA:1895,0
DA:1896,0
DA:1897,0
DA:1899,0
DA:1902,0
DA:1903,0
DA:1904,0
DA:1905,0
DA:1906,0
DA:1908,0
DA:1909,0
DA:1910,0
DA:1911,0
DA:1912,0
DA:1918,0
DA:1919,0
DA:1920,0
DA:1921,0
DA:1922,0
DA:1923,0
DA:1924,0
DA:1925,0
DA:1928,0
DA:1952,0
DA:2025,0
DA:2026,0
DA:2030,0
DA:2031,0
DA:2032,0
DA:2034,0
DA:2036,0
DA:2037,0
DA:2039,0
DA:2047,0
DA:2054,0
DA:2055,0
DA:2056,0
DA:2057,0
DA:2058,0
DA:2061,0
DA:2063,0
DA:2064,0
DA:2066,0
DA:2067,0
DA:2068,0
DA:2071,0
DA:2072,0
DA:2074,0
DA:2076,0
DA:2077,0
DA:2101,0
DA:2102,0
DA:2105,0
DA:2106,0
DA:2110,0
DA:2111,0
DA:2112,0
DA:2113,0
DA:2114,0
DA:2115,0
DA:2116,0
DA:2117,0
DA:2119,0
DA:2120,0
DA:2122,0
DA:2123,0
DA:2126,0
DA:2127,0
DA:2129,0
DA:2133,0
DA:2134,0
DA:2136,0
DA:2140,0
DA:2150,0
DA:2151,0
DA:2155,0
DA:2156,0
DA:2158,0
DA:2159,0
DA:2160,0
DA:2163,0
DA:2164,0
DA:2165,0
DA:2166,0
DA:2167,0
DA:2169,0
DA:2171,0
DA:2172,0
DA:2175,0
DA:2176,0
DA:2178,0
DA:2179,0
DA:2189,0
DA:2197,0
DA:2201,0
DA:2202,0
DA:2203,0
DA:2205,0
DA:2206,0
DA:2207,0
DA:2208,0
DA:2211,0
DA:2212,0
DA:2213,0
DA:2216,0
DA:2217,0
DA:2218,0
DA:2219,0
DA:2220,0
DA:2221,0
DA:2222,0
DA:2224,0
DA:2225,0
DA:2232,0
DA:2233,0
DA:2242,0
DA:2243,0
DA:2252,0
DA:2253,0
DA:2262,0
DA:2263,0
DA:2272,0
DA:2273,0
DA:2283,0
DA:2287,0
DA:2288,0
DA:2290,0
DA:2291,0
DA:2298,0
DA:2301,0
DA:2303,0
DA:2318,0
DA:2325,0
DA:2326,0
DA:2327,0
DA:2341,2
DA:2342,2
DA:2343,2
DA:2347,0
DA:2348,0
DA:2350,0
DA:2353,0
DA:2354,0
DA:2355,0
DA:2356,0
DA:2357,0
DA:2360,0
DA:2361,0
DA:2362,0
DA:2363,0
DA:2365,0
DA:2366,0
DA:2368,0
DA:2372,0
DA:2373,0
DA:2374,0
DA:2377,0
DA:2378,0
DA:2382,0
DA:2384,0
DA:2385,0
DA:2395,0
DA:2396,0
DA:2398,0
DA:2399,0
DA:2400,0
DA:2406,0
DA:2409,0
DA:2410,0
DA:2413,0
DA:2414,0
DA:2419,0
DA:2420,0
DA:2422,0
DA:2423,0
DA:2427,0
DA:2430,0
DA:2431,0
DA:2434,0
DA:2441,0
DA:2450,0
DA:2460,0
DA:2483,0
DA:2495,0
DA:2496,0
DA:2497,0
DA:2502,0
DA:2503,0
DA:2504,0
DA:2505,0
DA:2512,0
DA:2513,0
DA:2514,0
DA:2515,0
DA:2517,0
DA:2518,0
DA:2519,0
DA:2520,0
DA:2522,0
DA:2525,0
DA:2541,0
DA:2542,0
DA:2543,0
DA:2544,0
DA:2547,0
DA:2548,0
DA:2551,0
DA:2553,0
DA:2557,0
DA:2558,0
DA:2559,0
DA:2560,0
DA:2563,0
DA:2566,0
DA:2574,1
DA:2575,0
DA:2577,1
DA:2579,39
DA:2580,1
DA:2581,1
DA:2582,1
DA:2583,1
DA:2587,2
DA:2588,2
DA:2589,50
DA:2590,50
DA:2591,50
DA:2592,4
DA:2601,50
DA:2602,50
DA:2603,50
DA:2604,50
DA:2606,50
DA:2607,50
DA:2608,50
DA:2610,50
DA:2611,50
DA:2615,2
DA:2617,4
DA:2618,4
DA:2624,4
DA:2625,4
DA:2627,4
DA:2628,4
DA:2638,2
DA:2642,0
DA:2643,0
DA:2644,0
DA:2646,0
DA:2662,0
DA:2674,0
DA:2675,0
DA:2676,0
DA:2677,0
DA:2679,0
DA:2681,0
DA:2693,0
DA:2706,0
DA:2707,0
DA:2709,0
DA:2711,0
DA:2712,0
DA:2714,0
DA:2715,0
DA:2716,0
DA:2717,0
DA:2718,0
DA:2719,0
DA:2721,0
DA:2723,0
DA:2726,0
DA:2727,0
DA:2730,0
DA:2738,0
DA:2739,0
DA:2740,0
DA:2741,0
DA:2742,0
DA:2746,0
DA:2747,0
DA:2748,0
DA:2749,0
DA:2750,0
DA:2751,0
DA:2756,0
DA:2757,0
DA:2759,0
DA:2796,0
DA:2797,0
DA:2798,0
DA:2799,0
DA:2801,0
DA:2803,0
DA:2804,0
DA:2805,0
DA:2806,0
DA:2807,0
DA:2823,0
DA:2844,0
DA:2845,0
DA:2849,0
DA:2850,0
DA:2854,0
DA:2855,0
DA:2868,0
DA:2869,0
DA:2870,0
DA:2871,0
DA:2872,0
DA:2877,0
DA:2878,0
DA:2882,0
DA:2883,0
DA:2888,0
DA:2889,0
DA:2894,0
DA:2899,0
DA:2900,0
DA:2901,0
DA:2902,0
DA:2904,0
DA:2908,0
DA:2909,0
DA:2919,0
DA:2931,0
DA:2932,0
DA:2934,0
DA:2935,0
DA:2936,0
DA:2939,0
DA:2942,0
DA:2943,0
DA:2980,0
DA:2982,0
DA:2983,0
DA:2984,0
DA:2985,0
DA:2986,0
DA:2990,0
DA:2991,0
DA:2992,0
DA:2993,0
DA:2996,0
DA:2997,0
DA:2998,0
DA:2999,0
DA:3000,0
DA:3001,0
DA:3009,2
DA:3011,2
DA:3012,2
DA:3013,2
DA:3014,2
DA:3015,2
DA:3016,2
DA:3019,2
DA:3020,2
DA:3028,2
DA:3029,0
DA:3030,0
DA:3031,0
DA:3033,0
LF:1238
LH:102
BRDA:28,0,0,0
BRDA:28,0,1,6
BRDA:108,1,0,0
BRDA:108,1,1,0
BRDA:113,2,0,0
BRDA:113,2,1,0
BRDA:123,3,0,0
BRDA:123,3,1,0
BRDA:152,4,0,0
BRDA:152,4,1,0
BRDA:152,5,0,0
BRDA:152,5,1,0
BRDA:159,6,0,0
BRDA:159,6,1,0
BRDA:161,7,0,0
BRDA:161,7,1,0
BRDA:163,8,0,0
BRDA:163,8,1,0
BRDA:166,9,0,0
BRDA:166,9,1,0
BRDA:346,10,0,0
BRDA:346,10,1,0
BRDA:353,11,0,0
BRDA:353,11,1,0
BRDA:364,12,0,0
BRDA:364,12,1,0
BRDA:367,13,0,0
BRDA:367,13,1,0
BRDA:369,14,0,0
BRDA:369,14,1,0
BRDA:379,15,0,0
BRDA:379,15,1,0
BRDA:380,16,0,0
BRDA:380,16,1,0
BRDA:386,17,0,0
BRDA:386,17,1,0
BRDA:390,18,0,0
BRDA:390,18,1,0
BRDA:390,19,0,0
BRDA:390,19,1,0
BRDA:396,20,0,0
BRDA:396,20,1,0
BRDA:402,21,0,0
BRDA:402,21,1,0
BRDA:403,22,0,0
BRDA:403,22,1,0
BRDA:404,23,0,0
BRDA:404,23,1,0
BRDA:407,24,0,0
BRDA:407,24,1,0
BRDA:425,25,0,0
BRDA:425,25,1,0
BRDA:430,26,0,0
BRDA:430,26,1,0
BRDA:431,27,0,0
BRDA:431,27,1,0
BRDA:435,28,0,0
BRDA:435,28,1,0
BRDA:446,29,0,0
BRDA:446,29,1,0
BRDA:447,30,0,0
BRDA:447,30,1,0
BRDA:447,31,0,0
BRDA:447,31,1,0
BRDA:450,32,0,0
BRDA:450,32,1,0
BRDA:453,33,0,0
BRDA:453,33,1,0
BRDA:455,34,0,0
BRDA:455,34,1,0
BRDA:462,35,0,0
BRDA:462,35,1,0
BRDA:464,36,0,0
BRDA:464,36,1,0
BRDA:467,37,0,0
BRDA:467,37,1,0
BRDA:471,38,0,0
BRDA:471,38,1,0
BRDA:477,39,0,0
BRDA:477,39,1,0
BRDA:489,40,0,0
BRDA:489,40,1,0
BRDA:492,41,0,0
BRDA:492,41,1,0
BRDA:493,42,0,0
BRDA:493,42,1,0
BRDA:493,43,0,0
BRDA:493,43,1,0
BRDA:506,44,0,0
BRDA:506,44,1,0
BRDA:508,45,0,0
BRDA:508,45,1,0
BRDA:516,46,0,0
BRDA:516,46,1,0
BRDA:517,47,0,0
BRDA:517,47,1,0
BRDA:517,48,0,0
BRDA:517,48,1,0
BRDA:528,49,0,0
BRDA:528,49,1,0
BRDA:528,50,0,0
BRDA:528,50,1,0
BRDA:535,51,0,0
BRDA:535,51,1,0
BRDA:536,52,0,0
BRDA:536,52,1,0
BRDA:539,53,0,0
BRDA:539,53,1,0
BRDA:539,54,0,0
BRDA:539,54,1,0
BRDA:546,55,0,0
BRDA:546,55,1,0
BRDA:548,56,0,0
BRDA:548,56,1,0
BRDA:552,57,0,0
BRDA:552,57,1,0
BRDA:553,58,0,0
BRDA:553,58,1,0
BRDA:553,58,2,0
BRDA:559,59,0,0
BRDA:559,59,1,0
BRDA:563,60,0,0
BRDA:563,60,1,0
BRDA:571,61,0,0
BRDA:571,61,1,0
BRDA:574,62,0,0
BRDA:574,62,1,0
BRDA:576,63,0,0
BRDA:576,63,1,0
BRDA:582,64,0,0
BRDA:582,64,1,0
BRDA:584,65,0,0
BRDA:584,65,1,0
BRDA:601,66,0,0
BRDA:601,66,1,0
BRDA:606,67,0,0
BRDA:606,67,1,0
BRDA:607,68,0,0
BRDA:607,68,1,0
BRDA:610,69,0,0
BRDA:610,69,1,0
BRDA:612,70,0,0
BRDA:612,70,1,0
BRDA:612,70,2,0
BRDA:612,70,3,0
BRDA:615,71,0,0
BRDA:615,71,1,0
BRDA:616,72,0,0
BRDA:616,72,1,0
BRDA:616,73,0,0
BRDA:616,73,1,0
BRDA:618,74,0,0
BRDA:618,74,1,0
BRDA:629,75,0,0
BRDA:629,75,1,0
BRDA:629,75,2,0
BRDA:631,76,0,0
BRDA:631,76,1,0
BRDA:635,77,0,0
BRDA:635,77,1,0
BRDA:635,78,0,0
BRDA:635,78,1,0
BRDA:646,79,0,0
BRDA:646,79,1,0
BRDA:648,80,0,0
BRDA:648,80,1,0
BRDA:658,81,0,0
BRDA:658,81,1,0
BRDA:664,82,0,0
BRDA:664,82,1,0
BRDA:666,83,0,0
BRDA:666,83,1,0
BRDA:671,84,0,0
BRDA:671,84,1,0
BRDA:673,85,0,0
BRDA:673,85,1,0
BRDA:680,86,0,0
BRDA:680,86,1,0
BRDA:681,87,0,0
BRDA:681,87,1,0
BRDA:694,88,0,0
BRDA:694,88,1,0
BRDA:696,89,0,0
BRDA:696,89,1,0
BRDA:700,90,0,0
BRDA:700,90,1,0
BRDA:717,91,0,0
BRDA:717,91,1,0
BRDA:723,92,0,0
BRDA:723,92,1,0
BRDA:736,93,0,0
BRDA:736,93,1,0
BRDA:739,94,0,0
BRDA:739,94,1,0
BRDA:744,95,0,0
BRDA:744,95,1,0
BRDA:747,96,0,0
BRDA:747,96,1,0
BRDA:747,97,0,0
BRDA:747,97,1,0
BRDA:782,98,0,0
BRDA:782,98,1,0
BRDA:787,99,0,0
BRDA:787,99,1,0
BRDA:813,100,0,0
BRDA:813,100,1,0
BRDA:814,101,0,0
BRDA:814,101,1,0
BRDA:823,102,0,0
BRDA:823,102,1,0
BRDA:823,103,0,0
BRDA:823,103,1,0
BRDA:826,104,0,0
BRDA:826,104,1,0
BRDA:835,105,0,0
BRDA:835,105,1,0
BRDA:837,106,0,0
BRDA:837,106,1,0
BRDA:847,107,0,0
BRDA:847,107,1,0
BRDA:855,108,0,0
BRDA:855,108,1,0
BRDA:855,109,0,0
BRDA:855,109,1,0
BRDA:860,110,0,0
BRDA:860,110,1,0
BRDA:862,111,0,0
BRDA:862,111,1,0
BRDA:869,112,0,0
BRDA:869,112,1,0
BRDA:871,113,0,0
BRDA:871,113,1,0
BRDA:875,114,0,0
BRDA:875,114,1,0
BRDA:884,115,0,0
BRDA:884,115,1,0
BRDA:884,116,0,0
BRDA:884,116,1,0
BRDA:885,117,0,0
BRDA:885,117,1,0
BRDA:885,117,2,0
BRDA:885,117,3,0
BRDA:885,117,4,0
BRDA:887,118,0,0
BRDA:887,118,1,0
BRDA:889,119,0,0
BRDA:889,119,1,0
BRDA:894,120,0,0
BRDA:894,120,1,0
BRDA:894,121,0,0
BRDA:894,121,1,0
BRDA:901,122,0,0
BRDA:901,122,1,0
BRDA:907,123,0,0
BRDA:907,123,1,0
BRDA:923,124,0,0
BRDA:923,124,1,0
BRDA:923,125,0,0
BRDA:923,125,1,0
BRDA:934,126,0,0
BRDA:934,126,1,0
BRDA:944,127,0,0
BRDA:944,127,1,0
BRDA:966,128,0,0
BRDA:966,128,1,0
BRDA:973,129,0,0
BRDA:973,129,1,0
BRDA:973,129,2,0
BRDA:973,129,3,0
BRDA:973,129,4,0
BRDA:982,130,0,0
BRDA:982,130,1,0
BRDA:986,131,0,0
BRDA:986,131,1,0
BRDA:998,132,0,0
BRDA:998,132,1,0
BRDA:999,133,0,0
BRDA:999,133,1,0
BRDA:1006,134,0,0
BRDA:1006,134,1,0
BRDA:1015,135,0,0
BRDA:1015,135,1,0
BRDA:1015,136,0,0
BRDA:1015,136,1,0
BRDA:1027,137,0,0
BRDA:1027,137,1,0
BRDA:1029,138,0,0
BRDA:1029,138,1,0
BRDA:1035,139,0,0
BRDA:1035,139,1,0
BRDA:1036,140,0,0
BRDA:1036,140,1,0
BRDA:1037,141,0,0
BRDA:1037,141,1,0
BRDA:1039,142,0,0
BRDA:1039,142,1,0
BRDA:1040,143,0,0
BRDA:1040,143,1,0
BRDA:1040,144,0,0
BRDA:1040,144,1,0
BRDA:1043,145,0,0
BRDA:1043,145,1,0
BRDA:1043,146,0,0
BRDA:1043,146,1,0
BRDA:1046,147,0,0
BRDA:1046,147,1,0
BRDA:1046,148,0,0
BRDA:1046,148,1,0
BRDA:1052,149,0,0
BRDA:1052,149,1,0
BRDA:1054,150,0,0
BRDA:1054,150,1,0
BRDA:1072,151,0,0
BRDA:1072,151,1,0
BRDA:1077,152,0,0
BRDA:1077,152,1,0
BRDA:1078,153,0,0
BRDA:1078,153,1,0
BRDA:1083,154,0,0
BRDA:1083,154,1,0
BRDA:1087,155,0,0
BRDA:1087,155,1,0
BRDA:1103,156,0,0
BRDA:1103,156,1,0
BRDA:1107,157,0,0
BRDA:1107,157,1,0
BRDA:1116,158,0,0
BRDA:1116,158,1,0
BRDA:1127,159,0,0
BRDA:1127,159,1,0
BRDA:1135,160,0,0
BRDA:1135,160,1,0
BRDA:1136,161,0,0
BRDA:1136,161,1,0
BRDA:1141,162,0,0
BRDA:1141,162,1,0
BRDA:1155,163,0,0
BRDA:1155,163,1,0
BRDA:1156,164,0,0
BRDA:1156,164,1,0
BRDA:1156,165,0,0
BRDA:1156,165,1,0
BRDA:1159,166,0,0
BRDA:1159,166,1,0
BRDA:1165,167,0,0
BRDA:1165,167,1,0
BRDA:1169,168,0,0
BRDA:1169,168,1,0
BRDA:1179,169,0,0
BRDA:1179,169,1,0
BRDA:1180,170,0,0
BRDA:1180,170,1,0
BRDA:1187,171,0,0
BRDA:1187,171,1,0
BRDA:1188,172,0,0
BRDA:1188,172,1,0
BRDA:1188,173,0,0
BRDA:1188,173,1,0
BRDA:1198,174,0,0
BRDA:1198,174,1,0
BRDA:1198,175,0,0
BRDA:1198,175,1,0
BRDA:1201,176,0,0
BRDA:1201,176,1,0
BRDA:1201,177,0,0
BRDA:1201,177,1,0
BRDA:1206,178,0,0
BRDA:1206,178,1,0
BRDA:1212,179,0,0
BRDA:1212,179,1,0
BRDA:1212,180,0,0
BRDA:1212,180,1,0
BRDA:1215,181,0,0
BRDA:1215,181,1,0
BRDA:1224,182,0,0
BRDA:1224,182,1,0
BRDA:1224,182,2,0
BRDA:1224,182,3,0
BRDA:1224,182,4,0
BRDA:1244,183,0,0
BRDA:1244,183,1,0
BRDA:1252,184,0,0
BRDA:1252,184,1,0
BRDA:1261,185,0,0
BRDA:1261,185,1,0
BRDA:1269,186,0,0
BRDA:1269,186,1,0
BRDA:1270,187,0,0
BRDA:1270,187,1,0
BRDA:1272,188,0,0
BRDA:1272,188,1,0
BRDA:1281,189,0,0
BRDA:1283,190,0,0
BRDA:1283,190,1,0
BRDA:1287,191,0,0
BRDA:1287,191,1,0
BRDA:1292,192,0,0
BRDA:1292,192,1,0
BRDA:1299,193,0,0
BRDA:1299,193,1,0
BRDA:1305,194,0,0
BRDA:1305,194,1,0
BRDA:1305,195,0,0
BRDA:1305,195,1,0
BRDA:1311,196,0,0
BRDA:1312,197,0,0
BRDA:1312,197,1,0
BRDA:1313,198,0,0
BRDA:1313,198,1,0
BRDA:1314,199,0,0
BRDA:1314,199,1,0
BRDA:1316,200,0,0
BRDA:1316,200,1,0
BRDA:1321,201,0,0
BRDA:1321,201,1,0
BRDA:1331,202,0,0
BRDA:1331,202,1,0
BRDA:1334,203,0,0
BRDA:1334,203,1,0
BRDA:1334,204,0,0
BRDA:1334,204,1,0
BRDA:1341,205,0,0
BRDA:1341,205,1,2
BRDA:1342,206,0,2
BRDA:1342,206,1,0
BRDA:1343,207,0,1
BRDA:1343,207,1,1
BRDA:1344,208,0,1
BRDA:1344,208,1,1
BRDA:1345,209,0,0
BRDA:1345,209,1,2
BRDA:1346,210,0,0
BRDA:1346,210,1,0
BRDA:1351,211,0,2
BRDA:1351,211,1,0
BRDA:1355,212,0,0
BRDA:1355,212,1,2
BRDA:1362,213,0,0
BRDA:1362,213,1,0
BRDA:1371,214,0,0
BRDA:1371,214,1,0
BRDA:1373,215,0,0
BRDA:1373,215,1,0
BRDA:1375,216,0,0
BRDA:1375,216,1,0
BRDA:1380,217,0,0
BRDA:1380,217,1,0
BRDA:1382,218,0,0
BRDA:1382,218,1,0
BRDA:1389,219,0,0
BRDA:1389,219,1,0
BRDA:1391,220,0,0
BRDA:1391,220,1,0
BRDA:1393,221,0,0
BRDA:1393,221,1,0
BRDA:1395,222,0,0
BRDA:1395,222,1,0
BRDA:1410,223,0,0
BRDA:1410,223,1,0
BRDA:1410,224,0,0
BRDA:1410,224,1,0
BRDA:1410,224,2,0
BRDA:1413,225,0,0
BRDA:1413,225,1,0
BRDA:1418,226,0,0
BRDA:1418,226,1,0
BRDA:1418,227,0,0
BRDA:1418,227,1,0
BRDA:1419,228,0,0
BRDA:1419,228,1,0
BRDA:1421,229,0,0
BRDA:1421,229,1,0
BRDA:1423,230,0,0
BRDA:1423,230,1,0
BRDA:1428,231,0,0
BRDA:1428,231,1,0
BRDA:1434,232,0,0
BRDA:1434,232,1,0
BRDA:1436,233,0,0
BRDA:1436,233,1,0
BRDA:1437,234,0,0
BRDA:1437,234,1,0
BRDA:1444,235,0,0
BRDA:1444,235,1,0
BRDA:1444,236,0,0
BRDA:1444,236,1,0
BRDA:1454,237,0,0
BRDA:1454,237,1,0
BRDA:1467,238,0,0
BRDA:1467,238,1,0
BRDA:1472,239,0,0
BRDA:1472,239,1,0
BRDA:1477,240,0,0
BRDA:1477,240,1,0
BRDA:1478,241,0,0
BRDA:1478,241,1,0
BRDA:1478,241,2,0
BRDA:1483,242,0,0
BRDA:1483,242,1,0
BRDA:1487,243,0,0
BRDA:1487,243,1,0
BRDA:1489,244,0,0
BRDA:1489,244,1,0
BRDA:1489,245,0,0
BRDA:1489,245,1,0
BRDA:1490,246,0,0
BRDA:1490,246,1,0
BRDA:1490,246,2,0
BRDA:1504,247,0,0
BRDA:1504,247,1,0
BRDA:1507,248,0,0
BRDA:1507,248,1,0
BRDA:1513,249,0,0
BRDA:1513,249,1,0
BRDA:1524,250,0,0
BRDA:1524,250,1,0
BRDA:1532,251,0,0
BRDA:1532,251,1,0
BRDA:1533,252,0,0
BRDA:1533,252,1,0
BRDA:1538,253,0,0
BRDA:1538,253,1,0
BRDA:1542,254,0,0
BRDA:1542,254,1,0
BRDA:1542,255,0,0
BRDA:1542,255,1,0
BRDA:1551,256,0,0
BRDA:1551,256,1,0
BRDA:1552,257,0,0
BRDA:1552,257,1,0
BRDA:1556,258,0,0
BRDA:1556,258,1,0
BRDA:1558,259,0,0
BRDA:1558,259,1,0
BRDA:1559,260,0,0
BRDA:1559,260,1,0
BRDA:1574,261,0,0
BRDA:1574,261,1,0
BRDA:1576,262,0,0
BRDA:1576,262,1,0
BRDA:1580,263,0,0
BRDA:1580,263,1,0
BRDA:1581,264,0,0
BRDA:1581,264,1,0
BRDA:1581,265,0,0
BRDA:1581,265,1,0
BRDA:1584,266,0,0
BRDA:1584,266,1,0
BRDA:1591,267,0,0
BRDA:1591,267,1,0
BRDA:1595,268,0,0
BRDA:1595,268,1,0
BRDA:1605,269,0,0
BRDA:1605,269,1,0
BRDA:1614,270,0,0
BRDA:1614,270,1,0
BRDA:1619,271,0,0
BRDA:1619,271,1,0
BRDA:1630,272,0,0
BRDA:1630,272,1,0
BRDA:1637,273,0,0
BRDA:1637,273,1,0
BRDA:1642,274,0,0
BRDA:1642,274,1,0
BRDA:1644,275,0,0
BRDA:1644,275,1,0
BRDA:1644,275,2,0
BRDA:1651,276,0,0
BRDA:1651,276,1,0
BRDA:1651,277,0,0
BRDA:1651,277,1,0
BRDA:1658,278,0,0
BRDA:1658,278,1,0
BRDA:1658,279,0,0
BRDA:1658,279,1,0
BRDA:1665,280,0,0
BRDA:1665,280,1,0
BRDA:1665,281,0,0
BRDA:1665,281,1,0
BRDA:1675,282,0,0
BRDA:1675,282,1,0
BRDA:1675,283,0,0
BRDA:1675,283,1,0
BRDA:1676,284,0,0
BRDA:1676,284,1,0
BRDA:1682,285,0,0
BRDA:1682,285,1,0
BRDA:1682,286,0,0
BRDA:1682,286,1,0
BRDA:1686,287,0,0
BRDA:1686,287,1,0
BRDA:1686,288,0,0
BRDA:1686,288,1,0
BRDA:1703,289,0,0
BRDA:1703,289,1,0
BRDA:1703,290,0,0
BRDA:1703,290,1,0
BRDA:1713,291,0,0
BRDA:1713,291,1,0
BRDA:1715,292,0,0
BRDA:1715,292,1,0
BRDA:1717,293,0,0
BRDA:1717,293,1,0
BRDA:1723,294,0,0
BRDA:1723,294,1,0
BRDA:1723,295,0,0
BRDA:1723,295,1,0
BRDA:1729,296,0,0
BRDA:1729,296,1,0
BRDA:1729,296,2,0
BRDA:1732,297,0,0
BRDA:1732,297,1,0
BRDA:1732,297,2,0
BRDA:1735,298,0,0
BRDA:1735,298,1,0
BRDA:1773,299,0,0
BRDA:1773,299,1,0
BRDA:1774,300,0,0
BRDA:1774,300,1,0
BRDA:1777,301,0,0
BRDA:1777,301,1,0
BRDA:1789,302,0,0
BRDA:1789,302,1,0
BRDA:1789,303,0,0
BRDA:1789,303,1,0
BRDA:1791,304,0,0
BRDA:1791,304,1,0
BRDA:1802,305,0,0
BRDA:1802,305,1,0
BRDA:1809,306,0,0
BRDA:1809,306,1,0
BRDA:1814,307,0,0
BRDA:1814,307,1,0
BRDA:1823,308,0,0
BRDA:1823,308,1,0
BRDA:1833,309,0,0
BRDA:1833,309,1,0
BRDA:1843,310,0,0
BRDA:1843,310,1,0
BRDA:1845,311,0,0
BRDA:1845,311,1,0
BRDA:1845,312,0,0
BRDA:1845,312,1,0
BRDA:1880,313,0,0
BRDA:1880,313,1,0
BRDA:1881,314,0,0
BRDA:1881,314,1,0
BRDA:1893,315,0,0
BRDA:1893,315,1,0
BRDA:1893,316,0,0
BRDA:1893,316,1,0
BRDA:1894,317,0,0
BRDA:1894,317,1,0
BRDA:1909,318,0,0
BRDA:1909,318,1,0
BRDA:1918,319,0,0
BRDA:1918,319,1,0
BRDA:1920,320,0,0
BRDA:1920,320,1,0
BRDA:1921,321,0,0
BRDA:1921,321,1,0
BRDA:1923,322,0,0
BRDA:1923,322,1,0
BRDA:1923,323,0,0
BRDA:1923,323,1,0
BRDA:1925,324,0,0
BRDA:1925,324,1,0
BRDA:1925,325,0,0
BRDA:1925,325,1,0
BRDA:1976,326,0,0
BRDA:1976,326,1,0
BRDA:2030,327,0,0
BRDA:2030,327,1,0
BRDA:2031,328,0,0
BRDA:2031,328,1,0
BRDA:2055,329,0,0
BRDA:2055,329,1,0
BRDA:2055,330,0,0
BRDA:2055,330,1,0
BRDA:2056,331,0,0
BRDA:2056,331,1,0
BRDA:2063,332,0,0
BRDA:2063,332,1,0
BRDA:2063,332,2,0
BRDA:2064,333,0,0
BRDA:2064,333,1,0
BRDA:2066,334,0,0
BRDA:2066,334,1,0
BRDA:2066,335,0,0
BRDA:2066,335,1,0
BRDA:2071,336,0,0
BRDA:2071,336,1,0
BRDA:2110,337,0,0
BRDA:2110,337,1,0
BRDA:2110,338,0,0
BRDA:2110,338,1,0
BRDA:2110,338,2,0
BRDA:2111,339,0,0
BRDA:2111,339,1,0
BRDA:2112,340,0,0
BRDA:2112,340,1,0
BRDA:2119,341,0,0
BRDA:2119,341,1,0
BRDA:2122,342,0,0
BRDA:2122,342,1,0
BRDA:2132,343,0,0
BRDA:2132,344,0,0
BRDA:2133,345,0,0
BRDA:2133,345,1,0
BRDA:2133,346,0,0
BRDA:2133,346,1,0
BRDA:2133,346,2,0
BRDA:2156,347,0,0
BRDA:2156,347,1,0
BRDA:2166,348,0,0
BRDA:2166,348,1,0
BRDA:2171,349,0,0
BRDA:2171,349,1,0
BRDA:2176,350,0,0
BRDA:2176,350,1,0
BRDA:2182,351,0,0
BRDA:2182,351,1,0
BRDA:2202,352,0,0
BRDA:2202,352,1,0
BRDA:2202,353,0,0
BRDA:2202,353,1,0
BRDA:2203,354,0,0
BRDA:2203,354,1,0
BRDA:2205,355,0,0
BRDA:2206,356,0,0
BRDA:2206,356,1,0
BRDA:2206,357,0,0
BRDA:2206,357,1,0
BRDA:2208,358,0,0
BRDA:2208,358,1,0
BRDA:2212,359,0,0
BRDA:2212,359,1,0
BRDA:2224,360,0,0
BRDA:2224,360,1,0
BRDA:2224,361,0,0
BRDA:2224,361,1,0
BRDA:2232,362,0,0
BRDA:2232,362,1,0
BRDA:2232,363,0,0
BRDA:2232,363,1,0
BRDA:2242,364,0,0
BRDA:2242,364,1,0
BRDA:2242,365,0,0
BRDA:2242,365,1,0
BRDA:2252,366,0,0
BRDA:2252,366,1,0
BRDA:2252,367,0,0
BRDA:2252,367,1,0
BRDA:2262,368,0,0
BRDA:2262,368,1,0
BRDA:2262,369,0,0
BRDA:2262,369,1,0
BRDA:2262,369,2,0
BRDA:2272,370,0,0
BRDA:2272,370,1,0
BRDA:2288,371,0,0
BRDA:2288,371,1,0
BRDA:2290,372,0,0
BRDA:2290,372,1,0
BRDA:2305,373,0,0
BRDA:2305,373,1,0
BRDA:2325,374,0,0
BRDA:2325,374,1,0
BRDA:2348,375,0,0
BRDA:2348,375,1,0
BRDA:2356,376,0,0
BRDA:2356,376,1,0
BRDA:2356,377,0,0
BRDA:2356,377,1,0
BRDA:2372,378,0,0
BRDA:2372,378,1,0
BRDA:2382,379,0,0
BRDA:2382,379,1,0
BRDA:2388,380,0,0
BRDA:2388,380,1,0
BRDA:2396,381,0,0
BRDA:2396,381,1,0
BRDA:2398,382,0,0
BRDA:2398,382,1,0
BRDA:2399,383,0,0
BRDA:2399,383,1,0
BRDA:2410,384,0,0
BRDA:2410,384,1,0
BRDA:2420,385,0,0
BRDA:2420,385,1,0
BRDA:2422,386,0,0
BRDA:2422,386,1,0
BRDA:2430,387,0,0
BRDA:2430,387,1,0
BRDA:2460,388,0,0
BRDA:2460,388,1,0
BRDA:2475,389,0,0
BRDA:2475,389,1,0
BRDA:2499,390,0,0
BRDA:2499,390,1,0
BRDA:2512,391,0,0
BRDA:2512,391,1,0
BRDA:2513,392,0,0
BRDA:2513,392,1,0
BRDA:2514,393,0,0
BRDA:2514,393,1,0
BRDA:2515,394,0,0
BRDA:2515,394,1,0
BRDA:2522,395,0,0
BRDA:2522,395,1,0
BRDA:2522,396,0,0
BRDA:2522,396,1,0
BRDA:2544,397,0,0
BRDA:2544,397,1,0
BRDA:2544,398,0,0
BRDA:2544,398,1,0
BRDA:2548,399,0,0
BRDA:2548,399,1,0
BRDA:2548,400,0,0
BRDA:2548,400,1,0
BRDA:2553,401,0,0
BRDA:2553,401,1,0
BRDA:2553,402,0,0
BRDA:2553,402,1,0
BRDA:2553,403,0,0
BRDA:2553,403,1,0
BRDA:2553,404,0,0
BRDA:2553,404,1,0
BRDA:2558,405,0,0
BRDA:2558,405,1,0
BRDA:2559,406,0,0
BRDA:2559,406,1,0
BRDA:2566,407,0,0
BRDA:2566,407,1,0
BRDA:2574,408,0,0
BRDA:2574,408,1,1
BRDA:2574,409,0,1
BRDA:2574,409,1,1
BRDA:2589,410,0,0
BRDA:2589,410,1,50
BRDA:2591,411,0,4
BRDA:2591,411,1,46
BRDA:2602,412,0,50
BRDA:2602,412,1,0
BRDA:2606,413,0,50
BRDA:2606,413,1,0
BRDA:2610,414,0,50
BRDA:2610,414,1,0
BRDA:2618,415,0,0
BRDA:2618,415,1,4
BRDA:2624,416,0,4
BRDA:2624,416,1,0
BRDA:2625,417,0,4
BRDA:2625,417,1,0
BRDA:2627,418,0,4
BRDA:2627,418,1,0
BRDA:2627,419,0,4
BRDA:2627,419,1,4
BRDA:2635,420,0,4
BRDA:2635,420,1,0
BRDA:2641,421,0,0
BRDA:2643,422,0,0
BRDA:2643,422,1,0
BRDA:2650,423,0,0
BRDA:2650,423,1,0
BRDA:2653,424,0,0
BRDA:2653,424,1,0
BRDA:2655,425,0,0
BRDA:2655,425,1,0
BRDA:2673,426,0,0
BRDA:2675,427,0,0
BRDA:2675,427,1,0
BRDA:2685,428,0,0
BRDA:2685,428,1,0
BRDA:2687,429,0,0
BRDA:2687,429,1,0
BRDA:2705,430,0,0
BRDA:2709,431,0,0
BRDA:2709,431,1,0
BRDA:2711,432,0,0
BRDA:2711,432,1,0
BRDA:2723,433,0,0
BRDA:2723,433,1,0
BRDA:2738,434,0,0
BRDA:2738,434,1,0
BRDA:2738,435,0,0
BRDA:2738,435,1,0
BRDA:2741,436,0,0
BRDA:2741,436,1,0
BRDA:2741,437,0,0
BRDA:2741,437,1,0
BRDA:2746,438,0,0
BRDA:2747,439,0,0
BRDA:2747,439,1,0
BRDA:2749,440,0,0
BRDA:2749,440,1,0
BRDA:2750,441,0,0
BRDA:2750,441,1,0
BRDA:2750,441,2,0
BRDA:2750,441,3,0
BRDA:2751,442,0,0
BRDA:2751,442,1,0
BRDA:2756,443,0,0
BRDA:2756,443,1,0
BRDA:2757,444,0,0
BRDA:2757,444,1,0
BRDA:2757,445,0,0
BRDA:2757,445,1,0
BRDA:2779,446,0,0
BRDA:2779,446,1,0
BRDA:2784,447,0,0
BRDA:2784,447,1,0
BRDA:2796,448,0,0
BRDA:2796,448,1,0
BRDA:2797,449,0,0
BRDA:2797,449,1,0
BRDA:2798,450,0,0
BRDA:2798,450,1,0
BRDA:2799,451,0,0
BRDA:2799,451,1,0
BRDA:2804,452,0,0
BRDA:2804,452,1,0
BRDA:2805,453,0,0
BRDA:2805,453,1,0
BRDA:2806,454,0,0
BRDA:2806,454,1,0
BRDA:2808,455,0,0
BRDA:2808,455,1,0
BRDA:2813,456,0,0
BRDA:2813,456,1,0
BRDA:2843,457,0,0
BRDA:2843,458,0,0
BRDA:2844,459,0,0
BRDA:2844,459,1,0
BRDA:2848,460,0,0
BRDA:2850,461,0,0
BRDA:2850,461,1,0
BRDA:2854,462,0,0
BRDA:2854,462,1,0
BRDA:2870,463,0,0
BRDA:2870,463,1,0
BRDA:2871,464,0,0
BRDA:2871,464,1,0
BRDA:2879,465,0,0
BRDA:2879,465,1,0
BRDA:2899,466,0,0
BRDA:2899,466,1,0
BRDA:2901,467,0,0
BRDA:2901,467,1,0
BRDA:2932,468,0,0
BRDA:2932,468,1,0
BRDA:2936,469,0,0
BRDA:2936,469,1,0
BRDA:2939,470,0,0
BRDA:2939,470,1,0
BRDA:2942,471,0,0
BRDA:2942,471,1,0
BRDA:2970,472,0,0
BRDA:2970,472,1,0
BRDA:2982,473,0,0
BRDA:2982,473,1,0
BRDA:2991,474,0,0
BRDA:2991,474,1,0
BRDA:3011,475,0,2
BRDA:3011,475,1,0
BRDA:3019,476,0,2
BRDA:3019,476,1,0
BRDA:3019,477,0,2
BRDA:3019,477,1,2
BRDA:3030,478,0,0
BRDA:3030,478,1,0
BRDA:3031,479,0,0
BRDA:3031,479,1,0
BRF:973
BRH:30
end_of_record
