TN:
SF:src\features.js
FN:27,getAugmentedWindow
FN:35,getLeafletInstance
FN:42,getChartInstance
FN:51,(anonymous_3)
FN:61,(anonymous_4)
FN:98,(anonymous_5)
FN:128,(anonymous_6)
FN:150,(anonymous_7)
FN:162,(anonymous_8)
FN:222,(anonymous_9)
FN:337,(anonymous_10)
FN:353,(anonymous_11)
FN:412,(anonymous_12)
FN:428,(anonymous_13)
FN:431,(anonymous_14)
FN:455,(anonymous_15)
FN:467,(anonymous_16)
FN:479,(anonymous_17)
FN:492,(anonymous_18)
FN:506,(anonymous_19)
FN:518,(anonymous_20)
FN:525,(anonymous_21)
FN:526,(anonymous_22)
FN:537,(anonymous_23)
FN:554,(anonymous_24)
FN:562,(anonymous_25)
FN:565,(anonymous_26)
FN:573,(anonymous_27)
FN:592,(anonymous_28)
FN:600,(anonymous_29)
FN:646,(anonymous_30)
FN:648,(anonymous_31)
FN:655,(anonymous_32)
FN:664,(anonymous_33)
FN:684,(anonymous_34)
FN:708,(anonymous_35)
FN:713,(anonymous_36)
FN:714,(anonymous_37)
FN:727,(anonymous_38)
FN:748,(anonymous_39)
FN:778,(anonymous_40)
FN:784,(anonymous_41)
FN:796,(anonymous_42)
FN:803,(anonymous_43)
FN:814,(anonymous_44)
FN:826,(anonymous_45)
FN:838,(anonymous_46)
FN:846,(anonymous_47)
FN:851,(anonymous_48)
FN:860,(anonymous_49)
FN:865,(anonymous_50)
FN:875,(anonymous_51)
FN:914,(anonymous_52)
FN:924,(anonymous_53)
FN:933,(anonymous_54)
FN:948,(anonymous_55)
FN:988,(anonymous_56)
FN:997,(anonymous_57)
FN:1006,(anonymous_58)
FN:1008,(anonymous_59)
FN:1009,(anonymous_60)
FN:1018,(anonymous_61)
FN:1072,(anonymous_62)
FN:1126,(anonymous_63)
FN:1131,(anonymous_64)
FN:1141,(anonymous_65)
FN:1155,(anonymous_66)
FN:1169,(anonymous_67)
FN:1188,(anonymous_68)
FN:1203,(anonymous_69)
FN:1215,(anonymous_70)
FN:1234,(anonymous_71)
FN:1242,(anonymous_72)
FN:1251,(anonymous_73)
FN:1260,(anonymous_74)
FN:1267,(anonymous_75)
FN:1273,(anonymous_76)
FN:1289,(anonymous_77)
FN:1303,(anonymous_78)
FN:1311,(anonymous_79)
FN:1321,(anonymous_80)
FN:1332,(anonymous_81)
FN:1353,(anonymous_82)
FN:1362,(anonymous_83)
FN:1380,(anonymous_84)
FN:1383,(anonymous_85)
FN:1384,(anonymous_86)
FN:1392,(anonymous_87)
FN:1435,(anonymous_88)
FN:1440,(anonymous_89)
FN:1441,(anonymous_90)
FN:1442,(anonymous_91)
FN:1458,(anonymous_92)
FN:1463,(anonymous_93)
FN:1474,(anonymous_94)
FN:1477,(anonymous_95)
FN:1515,(anonymous_96)
FN:1518,(anonymous_97)
FN:1520,(anonymous_98)
FN:1542,(anonymous_99)
FN:1565,(anonymous_100)
FN:1569,(anonymous_101)
FN:1581,(anonymous_102)
FN:1605,(anonymous_103)
FN:1666,(anonymous_104)
FN:1669,(anonymous_105)
FN:1673,(anonymous_106)
FN:1675,(anonymous_107)
FN:1676,(anonymous_108)
FN:1677,(anonymous_109)
FN:1694,(anonymous_110)
FN:1704,(anonymous_111)
FN:1716,(anonymous_112)
FN:1722,(anonymous_113)
FN:1732,(anonymous_114)
FN:1743,(anonymous_115)
FN:1762,(anonymous_116)
FN:1772,(anonymous_117)
FN:1773,(anonymous_118)
FN:1780,(anonymous_119)
FN:1793,(anonymous_120)
FN:1800,(anonymous_121)
FN:1821,(anonymous_122)
FN:1824,(anonymous_123)
FN:1829,(anonymous_124)
FN:1909,(anonymous_125)
FN:1914,(anonymous_126)
FN:1916,(anonymous_127)
FN:1943,(anonymous_128)
FN:2016,(anonymous_129)
FN:2021,(anonymous_130)
FN:2031,(anonymous_131)
FN:2045,(anonymous_132)
FN:2101,(anonymous_133)
FN:2124,(anonymous_134)
FN:2131,(anonymous_135)
FN:2141,(anonymous_136)
FN:2146,(anonymous_137)
FN:2180,(anonymous_138)
FN:2192,(anonymous_139)
FN:2197,(anonymous_140)
FN:2203,(anonymous_141)
FN:2204,(anonymous_142)
FN:2208,(anonymous_143)
FN:2278,(anonymous_144)
FN:2294,(anonymous_145)
FN:2316,(anonymous_146)
FN:2332,(anonymous_147)
FN:2338,(anonymous_148)
FN:2386,(anonymous_149)
FN:2405,(anonymous_150)
FN:2433,(anonymous_151)
FN:2442,(anonymous_152)
FN:2452,(anonymous_153)
FN:2475,(anonymous_154)
FN:2503,(anonymous_155)
FN:2509,(anonymous_156)
FN:2532,(anonymous_157)
FN:2533,(anonymous_158)
FN:2534,(anonymous_159)
FN:2536,(anonymous_160)
FN:2540,(anonymous_161)
FN:2544,(anonymous_162)
FN:2549,(anonymous_163)
FN:2551,(anonymous_164)
FN:2558,(anonymous_165)
FN:2565,(anonymous_166)
FN:2571,(anonymous_167)
FN:2578,(anonymous_168)
FN:2580,(anonymous_169)
FN:2608,(anonymous_170)
FN:2630,(anonymous_171)
FN:2633,(anonymous_172)
FN:2638,(anonymous_173)
FN:2665,(anonymous_174)
FN:2669,(anonymous_175)
FN:2673,(anonymous_176)
FN:2697,(anonymous_177)
FN:2699,(anonymous_178)
FN:2701,(anonymous_179)
FN:2706,(anonymous_180)
FN:2707,(anonymous_181)
FN:2712,(anonymous_182)
FN:2729,(anonymous_183)
FN:2737,(anonymous_184)
FN:2738,(anonymous_185)
FN:2740,(anonymous_186)
FN:2787,(anonymous_187)
FN:2794,(anonymous_188)
FN:2835,(anonymous_189)
FN:2840,(anonymous_190)
FN:2845,(anonymous_191)
FN:2859,(anonymous_192)
FN:2868,(anonymous_193)
FN:2879,(anonymous_194)
FN:2890,(anonymous_195)
FN:2899,(anonymous_196)
FN:2900,(anonymous_197)
FN:2900,(anonymous_198)
FN:2910,(anonymous_199)
FN:2922,(anonymous_200)
FN:2975,(anonymous_201)
FN:2984,(anonymous_202)
FN:3020,(anonymous_203)
FNF:204
FNH:15
FNDA:6,getAugmentedWindow
FNDA:2,getLeafletInstance
FNDA:2,getChartInstance
FNDA:2,(anonymous_3)
FNDA:14,(anonymous_4)
FNDA:0,(anonymous_5)
FNDA:0,(anonymous_6)
FNDA:0,(anonymous_7)
FNDA:2,(anonymous_8)
FNDA:2,(anonymous_9)
FNDA:0,(anonymous_10)
FNDA:0,(anonymous_11)
FNDA:0,(anonymous_12)
FNDA:0,(anonymous_13)
FNDA:0,(anonymous_14)
FNDA:0,(anonymous_15)
FNDA:0,(anonymous_16)
FNDA:0,(anonymous_17)
FNDA:0,(anonymous_18)
FNDA:0,(anonymous_19)
FNDA:0,(anonymous_20)
FNDA:0,(anonymous_21)
FNDA:0,(anonymous_22)
FNDA:0,(anonymous_23)
FNDA:0,(anonymous_24)
FNDA:0,(anonymous_25)
FNDA:0,(anonymous_26)
FNDA:0,(anonymous_27)
FNDA:0,(anonymous_28)
FNDA:0,(anonymous_29)
FNDA:0,(anonymous_30)
FNDA:0,(anonymous_31)
FNDA:0,(anonymous_32)
FNDA:0,(anonymous_33)
FNDA:0,(anonymous_34)
FNDA:0,(anonymous_35)
FNDA:0,(anonymous_36)
FNDA:0,(anonymous_37)
FNDA:0,(anonymous_38)
FNDA:0,(anonymous_39)
FNDA:0,(anonymous_40)
FNDA:0,(anonymous_41)
FNDA:0,(anonymous_42)
FNDA:0,(anonymous_43)
FNDA:0,(anonymous_44)
FNDA:0,(anonymous_45)
FNDA:0,(anonymous_46)
FNDA:0,(anonymous_47)
FNDA:0,(anonymous_48)
FNDA:0,(anonymous_49)
FNDA:0,(anonymous_50)
FNDA:0,(anonymous_51)
FNDA:0,(anonymous_52)
FNDA:0,(anonymous_53)
FNDA:0,(anonymous_54)
FNDA:0,(anonymous_55)
FNDA:0,(anonymous_56)
FNDA:0,(anonymous_57)
FNDA:0,(anonymous_58)
FNDA:0,(anonymous_59)
FNDA:0,(anonymous_60)
FNDA:0,(anonymous_61)
FNDA:0,(anonymous_62)
FNDA:0,(anonymous_63)
FNDA:0,(anonymous_64)
FNDA:0,(anonymous_65)
FNDA:0,(anonymous_66)
FNDA:0,(anonymous_67)
FNDA:0,(anonymous_68)
FNDA:0,(anonymous_69)
FNDA:0,(anonymous_70)
FNDA:0,(anonymous_71)
FNDA:0,(anonymous_72)
FNDA:0,(anonymous_73)
FNDA:0,(anonymous_74)
FNDA:0,(anonymous_75)
FNDA:0,(anonymous_76)
FNDA:0,(anonymous_77)
FNDA:0,(anonymous_78)
FNDA:0,(anonymous_79)
FNDA:0,(anonymous_80)
FNDA:2,(anonymous_81)
FNDA:0,(anonymous_82)
FNDA:0,(anonymous_83)
FNDA:0,(anonymous_84)
FNDA:0,(anonymous_85)
FNDA:0,(anonymous_86)
FNDA:0,(anonymous_87)
FNDA:0,(anonymous_88)
FNDA:0,(anonymous_89)
FNDA:0,(anonymous_90)
FNDA:0,(anonymous_91)
FNDA:0,(anonymous_92)
FNDA:0,(anonymous_93)
FNDA:0,(anonymous_94)
FNDA:0,(anonymous_95)
FNDA:0,(anonymous_96)
FNDA:0,(anonymous_97)
FNDA:0,(anonymous_98)
FNDA:0,(anonymous_99)
FNDA:0,(anonymous_100)
FNDA:0,(anonymous_101)
FNDA:0,(anonymous_102)
FNDA:0,(anonymous_103)
FNDA:0,(anonymous_104)
FNDA:0,(anonymous_105)
FNDA:0,(anonymous_106)
FNDA:0,(anonymous_107)
FNDA:0,(anonymous_108)
FNDA:0,(anonymous_109)
FNDA:0,(anonymous_110)
FNDA:0,(anonymous_111)
FNDA:0,(anonymous_112)
FNDA:0,(anonymous_113)
FNDA:0,(anonymous_114)
FNDA:0,(anonymous_115)
FNDA:0,(anonymous_116)
FNDA:0,(anonymous_117)
FNDA:0,(anonymous_118)
FNDA:0,(anonymous_119)
FNDA:0,(anonymous_120)
FNDA:0,(anonymous_121)
FNDA:0,(anonymous_122)
FNDA:0,(anonymous_123)
FNDA:0,(anonymous_124)
FNDA:0,(anonymous_125)
FNDA:0,(anonymous_126)
FNDA:0,(anonymous_127)
FNDA:0,(anonymous_128)
FNDA:0,(anonymous_129)
FNDA:0,(anonymous_130)
FNDA:0,(anonymous_131)
FNDA:0,(anonymous_132)
FNDA:0,(anonymous_133)
FNDA:0,(anonymous_134)
FNDA:0,(anonymous_135)
FNDA:0,(anonymous_136)
FNDA:0,(anonymous_137)
FNDA:0,(anonymous_138)
FNDA:0,(anonymous_139)
FNDA:0,(anonymous_140)
FNDA:0,(anonymous_141)
FNDA:0,(anonymous_142)
FNDA:0,(anonymous_143)
FNDA:0,(anonymous_144)
FNDA:0,(anonymous_145)
FNDA:0,(anonymous_146)
FNDA:2,(anonymous_147)
FNDA:0,(anonymous_148)
FNDA:0,(anonymous_149)
FNDA:0,(anonymous_150)
FNDA:0,(anonymous_151)
FNDA:0,(anonymous_152)
FNDA:0,(anonymous_153)
FNDA:0,(anonymous_154)
FNDA:0,(anonymous_155)
FNDA:0,(anonymous_156)
FNDA:0,(anonymous_157)
FNDA:0,(anonymous_158)
FNDA:0,(anonymous_159)
FNDA:0,(anonymous_160)
FNDA:0,(anonymous_161)
FNDA:0,(anonymous_162)
FNDA:0,(anonymous_163)
FNDA:0,(anonymous_164)
FNDA:0,(anonymous_165)
FNDA:1,(anonymous_166)
FNDA:39,(anonymous_167)
FNDA:2,(anonymous_168)
FNDA:50,(anonymous_169)
FNDA:4,(anonymous_170)
FNDA:2,(anonymous_171)
FNDA:0,(anonymous_172)
FNDA:0,(anonymous_173)
FNDA:0,(anonymous_174)
FNDA:0,(anonymous_175)
FNDA:0,(anonymous_176)
FNDA:0,(anonymous_177)
FNDA:0,(anonymous_178)
FNDA:0,(anonymous_179)
FNDA:0,(anonymous_180)
FNDA:0,(anonymous_181)
FNDA:0,(anonymous_182)
FNDA:0,(anonymous_183)
FNDA:0,(anonymous_184)
FNDA:0,(anonymous_185)
FNDA:0,(anonymous_186)
FNDA:0,(anonymous_187)
FNDA:0,(anonymous_188)
FNDA:0,(anonymous_189)
FNDA:0,(anonymous_190)
FNDA:0,(anonymous_191)
FNDA:0,(anonymous_192)
FNDA:0,(anonymous_193)
FNDA:0,(anonymous_194)
FNDA:0,(anonymous_195)
FNDA:0,(anonymous_196)
FNDA:0,(anonymous_197)
FNDA:0,(anonymous_198)
FNDA:0,(anonymous_199)
FNDA:0,(anonymous_200)
FNDA:0,(anonymous_201)
FNDA:0,(anonymous_202)
FNDA:0,(anonymous_203)
DA:28,6
DA:29,6
DA:36,2
DA:43,2
DA:52,2
DA:53,2
DA:54,2
DA:55,2
DA:56,2
DA:57,2
DA:58,2
DA:59,2
DA:60,2
DA:61,14
DA:62,2
DA:63,2
DA:64,2
DA:65,2
DA:66,2
DA:67,2
DA:68,2
DA:69,2
DA:70,2
DA:71,2
DA:72,2
DA:73,2
DA:74,2
DA:75,2
DA:76,2
DA:77,2
DA:78,2
DA:79,2
DA:80,2
DA:81,2
DA:82,2
DA:83,2
DA:84,2
DA:85,2
DA:86,2
DA:87,2
DA:88,2
DA:89,2
DA:90,2
DA:91,2
DA:92,2
DA:93,2
DA:94,2
DA:95,2
DA:99,0
DA:100,0
DA:101,0
DA:102,0
DA:105,0
DA:106,0
DA:108,0
DA:111,0
DA:112,0
DA:113,0
DA:115,0
DA:116,0
DA:117,0
DA:118,0
DA:119,0
DA:120,0
DA:123,0
DA:124,0
DA:125,0
DA:129,0
DA:136,0
DA:143,0
DA:144,0
DA:145,0
DA:147,0
DA:151,0
DA:153,0
DA:154,0
DA:155,0
DA:157,0
DA:158,0
DA:163,2
DA:223,2
DA:338,0
DA:340,0
DA:341,0
DA:342,0
DA:343,0
DA:344,0
DA:345,0
DA:349,0
DA:350,0
DA:351,0
DA:353,0
DA:354,0
DA:355,0
DA:356,0
DA:357,0
DA:359,0
DA:360,0
DA:361,0
DA:362,0
DA:364,0
DA:365,0
DA:366,0
DA:367,0
DA:371,0
DA:372,0
DA:373,0
DA:374,0
DA:375,0
DA:376,0
DA:378,0
DA:382,0
DA:383,0
DA:384,0
DA:385,0
DA:388,0
DA:389,0
DA:390,0
DA:393,0
DA:399,0
DA:400,0
DA:410,0
DA:412,0
DA:414,0
DA:415,0
DA:416,0
DA:417,0
DA:420,0
DA:422,0
DA:423,0
DA:424,0
DA:427,0
DA:428,0
DA:429,0
DA:431,0
DA:432,0
DA:434,0
DA:438,0
DA:439,0
DA:440,0
DA:442,0
DA:443,0
DA:445,0
DA:446,0
DA:447,0
DA:448,0
DA:450,0
DA:454,0
DA:455,0
DA:456,0
DA:457,0
DA:459,0
DA:462,0
DA:463,0
DA:464,0
DA:466,0
DA:467,0
DA:469,0
DA:470,0
DA:471,0
DA:472,0
DA:481,0
DA:484,0
DA:485,0
DA:486,0
DA:488,0
DA:489,0
DA:490,0
DA:492,0
DA:506,0
DA:507,0
DA:508,0
DA:509,0
DA:510,0
DA:511,0
DA:513,0
DA:514,0
DA:515,0
DA:519,0
DA:520,0
DA:521,0
DA:526,0
DA:527,0
DA:528,0
DA:529,0
DA:531,0
DA:532,0
DA:534,0
DA:538,0
DA:539,0
DA:540,0
DA:541,0
DA:542,0
DA:544,0
DA:549,0
DA:551,0
DA:552,0
DA:554,0
DA:555,0
DA:558,0
DA:559,0
DA:563,0
DA:564,0
DA:565,0
DA:566,0
DA:567,0
DA:568,0
DA:570,0
DA:574,0
DA:576,0
DA:577,0
DA:589,0
DA:592,0
DA:593,0
DA:594,0
DA:595,0
DA:598,0
DA:599,0
DA:600,0
DA:602,0
DA:604,0
DA:608,0
DA:610,0
DA:611,0
DA:621,0
DA:627,0
DA:629,0
DA:647,0
DA:648,0
DA:650,0
DA:651,0
DA:656,0
DA:658,0
DA:659,0
DA:660,0
DA:663,0
DA:664,0
DA:665,0
DA:666,0
DA:669,0
DA:672,0
DA:676,0
DA:678,0
DA:680,0
DA:681,0
DA:686,0
DA:688,0
DA:689,0
DA:692,0
DA:693,0
DA:696,0
DA:697,0
DA:698,0
DA:700,0
DA:708,0
DA:709,0
DA:710,0
DA:713,0
DA:714,0
DA:715,0
DA:716,0
DA:718,0
DA:721,0
DA:722,0
DA:723,0
DA:725,0
DA:727,0
DA:728,0
DA:729,0
DA:731,0
DA:732,0
DA:734,0
DA:735,0
DA:739,0
DA:740,0
DA:743,0
DA:744,0
DA:745,0
DA:748,0
DA:749,0
DA:764,0
DA:765,0
DA:766,0
DA:767,0
DA:768,0
DA:770,0
DA:771,0
DA:774,0
DA:777,0
DA:779,0
DA:780,0
DA:782,0
DA:785,0
DA:786,0
DA:787,0
DA:788,0
DA:789,0
DA:791,0
DA:792,0
DA:793,0
DA:794,0
DA:797,0
DA:800,0
DA:804,0
DA:805,0
DA:806,0
DA:807,0
DA:809,0
DA:810,0
DA:811,0
DA:815,0
DA:816,0
DA:818,0
DA:819,0
DA:821,0
DA:822,0
DA:823,0
DA:827,0
DA:828,0
DA:829,0
DA:831,0
DA:832,0
DA:833,0
DA:834,0
DA:835,0
DA:839,0
DA:840,0
DA:841,0
DA:842,0
DA:843,0
DA:847,0
DA:848,0
DA:852,0
DA:853,0
DA:854,0
DA:855,0
DA:856,0
DA:857,0
DA:861,0
DA:862,0
DA:863,0
DA:864,0
DA:865,0
DA:866,0
DA:867,0
DA:868,0
DA:869,0
DA:870,0
DA:872,0
DA:876,0
DA:877,0
DA:879,0
DA:880,0
DA:881,0
DA:882,0
DA:883,0
DA:885,0
DA:886,0
DA:887,0
DA:889,0
DA:892,0
DA:893,0
DA:894,0
DA:896,0
DA:899,0
DA:900,0
DA:902,0
DA:903,0
DA:906,0
DA:907,0
DA:910,0
DA:915,0
DA:916,0
DA:919,0
DA:922,0
DA:923,0
DA:925,0
DA:926,0
DA:927,0
DA:928,0
DA:929,0
DA:930,0
DA:931,0
DA:934,0
DA:936,0
DA:937,0
DA:945,0
DA:949,0
DA:951,0
DA:955,0
DA:958,0
DA:959,0
DA:963,0
DA:965,0
DA:970,0
DA:972,0
DA:974,0
DA:975,0
DA:977,0
DA:978,0
DA:979,0
DA:981,0
DA:983,0
DA:984,0
DA:989,0
DA:990,0
DA:991,0
DA:992,0
DA:994,0
DA:995,0
DA:998,0
DA:999,0
DA:1007,0
DA:1008,0
DA:1009,0
DA:1010,0
DA:1011,0
DA:1012,0
DA:1019,0
DA:1021,0
DA:1022,0
DA:1024,0
DA:1027,0
DA:1028,0
DA:1029,0
DA:1030,0
DA:1031,0
DA:1032,0
DA:1033,0
DA:1034,0
DA:1035,0
DA:1036,0
DA:1037,0
DA:1038,0
DA:1039,0
DA:1040,0
DA:1044,0
DA:1045,0
DA:1046,0
DA:1049,0
DA:1052,0
DA:1055,0
DA:1060,0
DA:1061,0
DA:1062,0
DA:1064,0
DA:1067,0
DA:1068,0
DA:1069,0
DA:1070,0
DA:1072,0
DA:1073,0
DA:1079,0
DA:1080,0
DA:1083,0
DA:1127,0
DA:1128,0
DA:1130,0
DA:1131,0
DA:1133,0
DA:1134,0
DA:1135,0
DA:1136,0
DA:1138,0
DA:1143,0
DA:1144,0
DA:1145,0
DA:1146,0
DA:1148,0
DA:1149,0
DA:1151,0
DA:1152,0
DA:1154,0
DA:1155,0
DA:1157,0
DA:1158,0
DA:1163,0
DA:1164,0
DA:1166,0
DA:1170,0
DA:1171,0
DA:1172,0
DA:1173,0
DA:1174,0
DA:1175,0
DA:1178,0
DA:1179,0
DA:1180,0
DA:1181,0
DA:1183,0
DA:1184,0
DA:1189,0
DA:1190,0
DA:1191,0
DA:1193,0
DA:1194,0
DA:1196,0
DA:1197,0
DA:1198,0
DA:1199,0
DA:1200,0
DA:1204,0
DA:1205,0
DA:1206,0
DA:1207,0
DA:1208,0
DA:1209,0
DA:1211,0
DA:1212,0
DA:1216,0
DA:1218,0
DA:1219,0
DA:1221,0
DA:1222,0
DA:1224,0
DA:1225,0
DA:1227,0
DA:1228,0
DA:1230,0
DA:1235,0
DA:1236,0
DA:1237,0
DA:1238,0
DA:1239,0
DA:1243,0
DA:1244,0
DA:1245,0
DA:1247,0
DA:1248,0
DA:1252,0
DA:1253,0
DA:1254,0
DA:1255,0
DA:1256,0
DA:1257,0
DA:1261,0
DA:1262,0
DA:1263,0
DA:1264,0
DA:1265,0
DA:1267,0
DA:1268,0
DA:1270,0
DA:1274,0
DA:1275,0
DA:1276,0
DA:1277,0
DA:1279,0
DA:1280,0
DA:1281,0
DA:1283,0
DA:1284,0
DA:1285,0
DA:1290,0
DA:1291,0
DA:1292,0
DA:1293,0
DA:1295,0
DA:1296,0
DA:1297,0
DA:1298,0
DA:1300,0
DA:1304,0
DA:1305,0
DA:1306,0
DA:1308,0
DA:1312,0
DA:1313,0
DA:1314,0
DA:1318,0
DA:1322,0
DA:1323,0
DA:1324,0
DA:1326,0
DA:1327,0
DA:1329,0
DA:1333,2
DA:1334,2
DA:1335,2
DA:1336,2
DA:1337,2
DA:1338,0
DA:1339,0
DA:1341,0
DA:1343,2
DA:1346,2
DA:1347,2
DA:1348,0
DA:1350,2
DA:1354,0
DA:1355,0
DA:1359,0
DA:1363,0
DA:1365,0
DA:1370,0
DA:1371,0
DA:1372,0
DA:1373,0
DA:1374,0
DA:1375,0
DA:1377,0
DA:1381,0
DA:1382,0
DA:1383,0
DA:1384,0
DA:1393,0
DA:1394,0
DA:1398,0
DA:1402,0
DA:1403,0
DA:1405,0
DA:1406,0
DA:1407,0
DA:1408,0
DA:1409,0
DA:1410,0
DA:1411,0
DA:1412,0
DA:1413,0
DA:1414,0
DA:1415,0
DA:1416,0
DA:1419,0
DA:1420,0
DA:1423,0
DA:1424,0
DA:1425,0
DA:1426,0
DA:1427,0
DA:1428,0
DA:1429,0
DA:1436,0
DA:1437,0
DA:1439,0
DA:1440,0
DA:1441,0
DA:1442,0
DA:1446,0
DA:1447,0
DA:1449,0
DA:1459,0
DA:1460,0
DA:1464,0
DA:1465,0
DA:1475,0
DA:1476,0
DA:1477,0
DA:1478,0
DA:1479,0
DA:1480,0
DA:1481,0
DA:1482,0
DA:1483,0
DA:1492,0
DA:1505,0
DA:1506,0
DA:1509,0
DA:1512,0
DA:1516,0
DA:1517,0
DA:1518,0
DA:1520,0
DA:1521,0
DA:1524,0
DA:1525,0
DA:1526,0
DA:1527,0
DA:1528,0
DA:1530,0
DA:1531,0
DA:1532,0
DA:1533,0
DA:1534,0
DA:1535,0
DA:1539,0
DA:1543,0
DA:1544,0
DA:1545,0
DA:1546,0
DA:1547,0
DA:1548,0
DA:1549,0
DA:1550,0
DA:1551,0
DA:1552,0
DA:1555,0
DA:1556,0
DA:1558,0
DA:1559,0
DA:1562,0
DA:1566,0
DA:1567,0
DA:1568,0
DA:1569,0
DA:1570,0
DA:1572,0
DA:1573,0
DA:1574,0
DA:1575,0
DA:1576,0
DA:1577,0
DA:1582,0
DA:1583,0
DA:1584,0
DA:1586,0
DA:1587,0
DA:1588,0
DA:1595,0
DA:1597,0
DA:1598,0
DA:1600,0
DA:1601,0
DA:1602,0
DA:1606,0
DA:1607,0
DA:1608,0
DA:1611,0
DA:1612,0
DA:1613,0
DA:1614,0
DA:1617,0
DA:1618,0
DA:1619,0
DA:1620,0
DA:1622,0
DA:1623,0
DA:1624,0
DA:1627,0
DA:1629,0
DA:1630,0
DA:1631,0
DA:1634,0
DA:1636,0
DA:1638,0
DA:1639,0
DA:1642,0
DA:1643,0
DA:1644,0
DA:1648,0
DA:1650,0
DA:1651,0
DA:1655,0
DA:1657,0
DA:1658,0
DA:1662,0
DA:1667,0
DA:1668,0
DA:1669,0
DA:1670,0
DA:1674,0
DA:1675,0
DA:1676,0
DA:1677,0
DA:1678,0
DA:1679,0
DA:1683,0
DA:1684,0
DA:1685,0
DA:1687,0
DA:1695,0
DA:1697,0
DA:1698,0
DA:1699,0
DA:1700,0
DA:1701,0
DA:1705,0
DA:1706,0
DA:1707,0
DA:1709,0
DA:1710,0
DA:1711,0
DA:1714,0
DA:1715,0
DA:1716,0
DA:1717,0
DA:1721,0
DA:1722,0
DA:1724,0
DA:1727,0
DA:1728,0
DA:1729,0
DA:1732,0
DA:1733,0
DA:1734,0
DA:1736,0
DA:1744,0
DA:1745,0
DA:1746,0
DA:1747,0
DA:1748,0
DA:1749,0
DA:1750,0
DA:1751,0
DA:1752,0
DA:1753,0
DA:1754,0
DA:1755,0
DA:1756,0
DA:1757,0
DA:1758,0
DA:1759,0
DA:1763,0
DA:1764,0
DA:1765,0
DA:1766,0
DA:1767,0
DA:1769,0
DA:1770,0
DA:1772,0
DA:1773,0
DA:1774,0
DA:1775,0
DA:1776,0
DA:1777,0
DA:1781,0
DA:1782,0
DA:1783,0
DA:1784,0
DA:1785,0
DA:1786,0
DA:1787,0
DA:1788,0
DA:1789,0
DA:1790,0
DA:1794,0
DA:1795,0
DA:1796,0
DA:1801,0
DA:1802,0
DA:1803,0
DA:1804,0
DA:1805,0
DA:1806,0
DA:1807,0
DA:1808,0
DA:1810,0
DA:1811,0
DA:1813,0
DA:1814,0
DA:1815,0
DA:1816,0
DA:1818,0
DA:1819,0
DA:1820,0
DA:1821,0
DA:1825,0
DA:1826,0
DA:1830,0
DA:1831,0
DA:1832,0
DA:1833,0
DA:1834,0
DA:1835,0
DA:1836,0
DA:1837,0
DA:1838,0
DA:1839,0
DA:1840,0
DA:1841,0
DA:1842,0
DA:1843,0
DA:1845,0
DA:1846,0
DA:1847,0
DA:1848,0
DA:1849,0
DA:1850,0
DA:1858,0
DA:1861,0
DA:1868,0
DA:1872,0
DA:1873,0
DA:1874,0
DA:1880,0
DA:1885,0
DA:1886,0
DA:1887,0
DA:1888,0
DA:1889,0
DA:1891,0
DA:1894,0
DA:1895,0
DA:1896,0
DA:1897,0
DA:1898,0
DA:1900,0
DA:1901,0
DA:1902,0
DA:1903,0
DA:1904,0
DA:1910,0
DA:1911,0
DA:1912,0
DA:1913,0
DA:1914,0
DA:1915,0
DA:1916,0
DA:1917,0
DA:1920,0
DA:1944,0
DA:2017,0
DA:2018,0
DA:2022,0
DA:2023,0
DA:2024,0
DA:2026,0
DA:2028,0
DA:2029,0
DA:2031,0
DA:2039,0
DA:2046,0
DA:2047,0
DA:2048,0
DA:2049,0
DA:2050,0
DA:2053,0
DA:2055,0
DA:2056,0
DA:2058,0
DA:2059,0
DA:2060,0
DA:2063,0
DA:2064,0
DA:2066,0
DA:2068,0
DA:2069,0
DA:2093,0
DA:2094,0
DA:2097,0
DA:2098,0
DA:2102,0
DA:2103,0
DA:2104,0
DA:2105,0
DA:2106,0
DA:2107,0
DA:2108,0
DA:2109,0
DA:2111,0
DA:2112,0
DA:2114,0
DA:2115,0
DA:2118,0
DA:2119,0
DA:2121,0
DA:2125,0
DA:2126,0
DA:2128,0
DA:2132,0
DA:2142,0
DA:2143,0
DA:2147,0
DA:2148,0
DA:2150,0
DA:2151,0
DA:2152,0
DA:2155,0
DA:2156,0
DA:2157,0
DA:2158,0
DA:2159,0
DA:2161,0
DA:2163,0
DA:2164,0
DA:2167,0
DA:2168,0
DA:2170,0
DA:2171,0
DA:2181,0
DA:2189,0
DA:2193,0
DA:2194,0
DA:2195,0
DA:2197,0
DA:2198,0
DA:2199,0
DA:2200,0
DA:2203,0
DA:2204,0
DA:2205,0
DA:2208,0
DA:2209,0
DA:2210,0
DA:2211,0
DA:2212,0
DA:2213,0
DA:2214,0
DA:2216,0
DA:2217,0
DA:2224,0
DA:2225,0
DA:2234,0
DA:2235,0
DA:2244,0
DA:2245,0
DA:2254,0
DA:2255,0
DA:2264,0
DA:2265,0
DA:2275,0
DA:2279,0
DA:2280,0
DA:2282,0
DA:2283,0
DA:2290,0
DA:2293,0
DA:2295,0
DA:2310,0
DA:2317,0
DA:2318,0
DA:2319,0
DA:2333,2
DA:2334,2
DA:2335,2
DA:2339,0
DA:2340,0
DA:2342,0
DA:2345,0
DA:2346,0
DA:2347,0
DA:2348,0
DA:2349,0
DA:2352,0
DA:2353,0
DA:2354,0
DA:2355,0
DA:2357,0
DA:2358,0
DA:2360,0
DA:2364,0
DA:2365,0
DA:2366,0
DA:2369,0
DA:2370,0
DA:2374,0
DA:2376,0
DA:2377,0
DA:2387,0
DA:2388,0
DA:2390,0
DA:2391,0
DA:2392,0
DA:2398,0
DA:2401,0
DA:2402,0
DA:2405,0
DA:2406,0
DA:2411,0
DA:2412,0
DA:2414,0
DA:2415,0
DA:2419,0
DA:2422,0
DA:2423,0
DA:2426,0
DA:2433,0
DA:2442,0
DA:2452,0
DA:2475,0
DA:2487,0
DA:2488,0
DA:2489,0
DA:2494,0
DA:2495,0
DA:2496,0
DA:2497,0
DA:2504,0
DA:2505,0
DA:2506,0
DA:2507,0
DA:2509,0
DA:2510,0
DA:2511,0
DA:2512,0
DA:2514,0
DA:2517,0
DA:2533,0
DA:2534,0
DA:2535,0
DA:2536,0
DA:2539,0
DA:2540,0
DA:2543,0
DA:2545,0
DA:2549,0
DA:2550,0
DA:2551,0
DA:2552,0
DA:2555,0
DA:2558,0
DA:2566,1
DA:2567,0
DA:2569,1
DA:2571,39
DA:2572,1
DA:2573,1
DA:2574,1
DA:2575,1
DA:2579,2
DA:2580,2
DA:2581,50
DA:2582,50
DA:2583,50
DA:2584,4
DA:2593,50
DA:2594,50
DA:2595,50
DA:2596,50
DA:2598,50
DA:2599,50
DA:2600,50
DA:2602,50
DA:2603,50
DA:2607,2
DA:2609,4
DA:2610,4
DA:2616,4
DA:2617,4
DA:2619,4
DA:2620,4
DA:2630,2
DA:2634,0
DA:2635,0
DA:2636,0
DA:2638,0
DA:2654,0
DA:2666,0
DA:2667,0
DA:2668,0
DA:2669,0
DA:2671,0
DA:2673,0
DA:2685,0
DA:2698,0
DA:2699,0
DA:2701,0
DA:2703,0
DA:2704,0
DA:2706,0
DA:2707,0
DA:2708,0
DA:2709,0
DA:2710,0
DA:2711,0
DA:2713,0
DA:2715,0
DA:2718,0
DA:2719,0
DA:2722,0
DA:2730,0
DA:2731,0
DA:2732,0
DA:2733,0
DA:2734,0
DA:2738,0
DA:2739,0
DA:2740,0
DA:2741,0
DA:2742,0
DA:2743,0
DA:2748,0
DA:2749,0
DA:2751,0
DA:2788,0
DA:2789,0
DA:2790,0
DA:2791,0
DA:2793,0
DA:2795,0
DA:2796,0
DA:2797,0
DA:2798,0
DA:2799,0
DA:2815,0
DA:2836,0
DA:2837,0
DA:2841,0
DA:2842,0
DA:2846,0
DA:2847,0
DA:2860,0
DA:2861,0
DA:2862,0
DA:2863,0
DA:2864,0
DA:2869,0
DA:2870,0
DA:2874,0
DA:2875,0
DA:2880,0
DA:2881,0
DA:2886,0
DA:2891,0
DA:2892,0
DA:2893,0
DA:2894,0
DA:2896,0
DA:2900,0
DA:2901,0
DA:2911,0
DA:2923,0
DA:2924,0
DA:2926,0
DA:2927,0
DA:2928,0
DA:2931,0
DA:2934,0
DA:2935,0
DA:2972,0
DA:2974,0
DA:2975,0
DA:2976,0
DA:2977,0
DA:2978,0
DA:2982,0
DA:2983,0
DA:2984,0
DA:2985,0
DA:2988,0
DA:2989,0
DA:2990,0
DA:2991,0
DA:2992,0
DA:2993,0
DA:3001,2
DA:3003,2
DA:3004,2
DA:3005,2
DA:3006,2
DA:3007,2
DA:3008,2
DA:3011,2
DA:3012,2
DA:3020,2
DA:3021,0
DA:3022,0
DA:3023,0
DA:3025,0
LF:1238
LH:102
BRDA:28,0,0,0
BRDA:28,0,1,6
BRDA:100,1,0,0
BRDA:100,1,1,0
BRDA:105,2,0,0
BRDA:105,2,1,0
BRDA:115,3,0,0
BRDA:115,3,1,0
BRDA:144,4,0,0
BRDA:144,4,1,0
BRDA:144,5,0,0
BRDA:144,5,1,0
BRDA:151,6,0,0
BRDA:151,6,1,0
BRDA:153,7,0,0
BRDA:153,7,1,0
BRDA:155,8,0,0
BRDA:155,8,1,0
BRDA:158,9,0,0
BRDA:158,9,1,0
BRDA:338,10,0,0
BRDA:338,10,1,0
BRDA:345,11,0,0
BRDA:345,11,1,0
BRDA:356,12,0,0
BRDA:356,12,1,0
BRDA:359,13,0,0
BRDA:359,13,1,0
BRDA:361,14,0,0
BRDA:361,14,1,0
BRDA:371,15,0,0
BRDA:371,15,1,0
BRDA:372,16,0,0
BRDA:372,16,1,0
BRDA:378,17,0,0
BRDA:378,17,1,0
BRDA:382,18,0,0
BRDA:382,18,1,0
BRDA:382,19,0,0
BRDA:382,19,1,0
BRDA:388,20,0,0
BRDA:388,20,1,0
BRDA:394,21,0,0
BRDA:394,21,1,0
BRDA:395,22,0,0
BRDA:395,22,1,0
BRDA:396,23,0,0
BRDA:396,23,1,0
BRDA:399,24,0,0
BRDA:399,24,1,0
BRDA:417,25,0,0
BRDA:417,25,1,0
BRDA:422,26,0,0
BRDA:422,26,1,0
BRDA:423,27,0,0
BRDA:423,27,1,0
BRDA:427,28,0,0
BRDA:427,28,1,0
BRDA:438,29,0,0
BRDA:438,29,1,0
BRDA:439,30,0,0
BRDA:439,30,1,0
BRDA:439,31,0,0
BRDA:439,31,1,0
BRDA:442,32,0,0
BRDA:442,32,1,0
BRDA:445,33,0,0
BRDA:445,33,1,0
BRDA:447,34,0,0
BRDA:447,34,1,0
BRDA:454,35,0,0
BRDA:454,35,1,0
BRDA:456,36,0,0
BRDA:456,36,1,0
BRDA:459,37,0,0
BRDA:459,37,1,0
BRDA:463,38,0,0
BRDA:463,38,1,0
BRDA:469,39,0,0
BRDA:469,39,1,0
BRDA:481,40,0,0
BRDA:481,40,1,0
BRDA:484,41,0,0
BRDA:484,41,1,0
BRDA:485,42,0,0
BRDA:485,42,1,0
BRDA:485,43,0,0
BRDA:485,43,1,0
BRDA:498,44,0,0
BRDA:498,44,1,0
BRDA:500,45,0,0
BRDA:500,45,1,0
BRDA:508,46,0,0
BRDA:508,46,1,0
BRDA:509,47,0,0
BRDA:509,47,1,0
BRDA:509,48,0,0
BRDA:509,48,1,0
BRDA:520,49,0,0
BRDA:520,49,1,0
BRDA:520,50,0,0
BRDA:520,50,1,0
BRDA:527,51,0,0
BRDA:527,51,1,0
BRDA:528,52,0,0
BRDA:528,52,1,0
BRDA:531,53,0,0
BRDA:531,53,1,0
BRDA:531,54,0,0
BRDA:531,54,1,0
BRDA:538,55,0,0
BRDA:538,55,1,0
BRDA:540,56,0,0
BRDA:540,56,1,0
BRDA:544,57,0,0
BRDA:544,57,1,0
BRDA:545,58,0,0
BRDA:545,58,1,0
BRDA:545,58,2,0
BRDA:551,59,0,0
BRDA:551,59,1,0
BRDA:555,60,0,0
BRDA:555,60,1,0
BRDA:563,61,0,0
BRDA:563,61,1,0
BRDA:566,62,0,0
BRDA:566,62,1,0
BRDA:568,63,0,0
BRDA:568,63,1,0
BRDA:574,64,0,0
BRDA:574,64,1,0
BRDA:576,65,0,0
BRDA:576,65,1,0
BRDA:593,66,0,0
BRDA:593,66,1,0
BRDA:598,67,0,0
BRDA:598,67,1,0
BRDA:599,68,0,0
BRDA:599,68,1,0
BRDA:602,69,0,0
BRDA:602,69,1,0
BRDA:604,70,0,0
BRDA:604,70,1,0
BRDA:604,70,2,0
BRDA:604,70,3,0
BRDA:607,71,0,0
BRDA:607,71,1,0
BRDA:608,72,0,0
BRDA:608,72,1,0
BRDA:608,73,0,0
BRDA:608,73,1,0
BRDA:610,74,0,0
BRDA:610,74,1,0
BRDA:621,75,0,0
BRDA:621,75,1,0
BRDA:621,75,2,0
BRDA:623,76,0,0
BRDA:623,76,1,0
BRDA:627,77,0,0
BRDA:627,77,1,0
BRDA:627,78,0,0
BRDA:627,78,1,0
BRDA:638,79,0,0
BRDA:638,79,1,0
BRDA:640,80,0,0
BRDA:640,80,1,0
BRDA:650,81,0,0
BRDA:650,81,1,0
BRDA:656,82,0,0
BRDA:656,82,1,0
BRDA:658,83,0,0
BRDA:658,83,1,0
BRDA:663,84,0,0
BRDA:663,84,1,0
BRDA:665,85,0,0
BRDA:665,85,1,0
BRDA:672,86,0,0
BRDA:672,86,1,0
BRDA:673,87,0,0
BRDA:673,87,1,0
BRDA:686,88,0,0
BRDA:686,88,1,0
BRDA:688,89,0,0
BRDA:688,89,1,0
BRDA:692,90,0,0
BRDA:692,90,1,0
BRDA:709,91,0,0
BRDA:709,91,1,0
BRDA:715,92,0,0
BRDA:715,92,1,0
BRDA:728,93,0,0
BRDA:728,93,1,0
BRDA:731,94,0,0
BRDA:731,94,1,0
BRDA:736,95,0,0
BRDA:736,95,1,0
BRDA:739,96,0,0
BRDA:739,96,1,0
BRDA:739,97,0,0
BRDA:739,97,1,0
BRDA:774,98,0,0
BRDA:774,98,1,0
BRDA:779,99,0,0
BRDA:779,99,1,0
BRDA:805,100,0,0
BRDA:805,100,1,0
BRDA:806,101,0,0
BRDA:806,101,1,0
BRDA:815,102,0,0
BRDA:815,102,1,0
BRDA:815,103,0,0
BRDA:815,103,1,0
BRDA:818,104,0,0
BRDA:818,104,1,0
BRDA:827,105,0,0
BRDA:827,105,1,0
BRDA:829,106,0,0
BRDA:829,106,1,0
BRDA:839,107,0,0
BRDA:839,107,1,0
BRDA:847,108,0,0
BRDA:847,108,1,0
BRDA:847,109,0,0
BRDA:847,109,1,0
BRDA:852,110,0,0
BRDA:852,110,1,0
BRDA:854,111,0,0
BRDA:854,111,1,0
BRDA:861,112,0,0
BRDA:861,112,1,0
BRDA:863,113,0,0
BRDA:863,113,1,0
BRDA:867,114,0,0
BRDA:867,114,1,0
BRDA:876,115,0,0
BRDA:876,115,1,0
BRDA:876,116,0,0
BRDA:876,116,1,0
BRDA:877,117,0,0
BRDA:877,117,1,0
BRDA:877,117,2,0
BRDA:877,117,3,0
BRDA:877,117,4,0
BRDA:879,118,0,0
BRDA:879,118,1,0
BRDA:881,119,0,0
BRDA:881,119,1,0
BRDA:886,120,0,0
BRDA:886,120,1,0
BRDA:886,121,0,0
BRDA:886,121,1,0
BRDA:893,122,0,0
BRDA:893,122,1,0
BRDA:899,123,0,0
BRDA:899,123,1,0
BRDA:915,124,0,0
BRDA:915,124,1,0
BRDA:915,125,0,0
BRDA:915,125,1,0
BRDA:926,126,0,0
BRDA:926,126,1,0
BRDA:936,127,0,0
BRDA:936,127,1,0
BRDA:958,128,0,0
BRDA:958,128,1,0
BRDA:965,129,0,0
BRDA:965,129,1,0
BRDA:965,129,2,0
BRDA:965,129,3,0
BRDA:965,129,4,0
BRDA:974,130,0,0
BRDA:974,130,1,0
BRDA:978,131,0,0
BRDA:978,131,1,0
BRDA:990,132,0,0
BRDA:990,132,1,0
BRDA:991,133,0,0
BRDA:991,133,1,0
BRDA:998,134,0,0
BRDA:998,134,1,0
BRDA:1007,135,0,0
BRDA:1007,135,1,0
BRDA:1007,136,0,0
BRDA:1007,136,1,0
BRDA:1019,137,0,0
BRDA:1019,137,1,0
BRDA:1021,138,0,0
BRDA:1021,138,1,0
BRDA:1027,139,0,0
BRDA:1027,139,1,0
BRDA:1028,140,0,0
BRDA:1028,140,1,0
BRDA:1029,141,0,0
BRDA:1029,141,1,0
BRDA:1031,142,0,0
BRDA:1031,142,1,0
BRDA:1032,143,0,0
BRDA:1032,143,1,0
BRDA:1032,144,0,0
BRDA:1032,144,1,0
BRDA:1035,145,0,0
BRDA:1035,145,1,0
BRDA:1035,146,0,0
BRDA:1035,146,1,0
BRDA:1038,147,0,0
BRDA:1038,147,1,0
BRDA:1038,148,0,0
BRDA:1038,148,1,0
BRDA:1044,149,0,0
BRDA:1044,149,1,0
BRDA:1046,150,0,0
BRDA:1046,150,1,0
BRDA:1064,151,0,0
BRDA:1064,151,1,0
BRDA:1069,152,0,0
BRDA:1069,152,1,0
BRDA:1070,153,0,0
BRDA:1070,153,1,0
BRDA:1075,154,0,0
BRDA:1075,154,1,0
BRDA:1079,155,0,0
BRDA:1079,155,1,0
BRDA:1095,156,0,0
BRDA:1095,156,1,0
BRDA:1099,157,0,0
BRDA:1099,157,1,0
BRDA:1108,158,0,0
BRDA:1108,158,1,0
BRDA:1119,159,0,0
BRDA:1119,159,1,0
BRDA:1127,160,0,0
BRDA:1127,160,1,0
BRDA:1128,161,0,0
BRDA:1128,161,1,0
BRDA:1133,162,0,0
BRDA:1133,162,1,0
BRDA:1147,163,0,0
BRDA:1147,163,1,0
BRDA:1148,164,0,0
BRDA:1148,164,1,0
BRDA:1148,165,0,0
BRDA:1148,165,1,0
BRDA:1151,166,0,0
BRDA:1151,166,1,0
BRDA:1157,167,0,0
BRDA:1157,167,1,0
BRDA:1161,168,0,0
BRDA:1161,168,1,0
BRDA:1171,169,0,0
BRDA:1171,169,1,0
BRDA:1172,170,0,0
BRDA:1172,170,1,0
BRDA:1179,171,0,0
BRDA:1179,171,1,0
BRDA:1180,172,0,0
BRDA:1180,172,1,0
BRDA:1180,173,0,0
BRDA:1180,173,1,0
BRDA:1190,174,0,0
BRDA:1190,174,1,0
BRDA:1190,175,0,0
BRDA:1190,175,1,0
BRDA:1193,176,0,0
BRDA:1193,176,1,0
BRDA:1193,177,0,0
BRDA:1193,177,1,0
BRDA:1198,178,0,0
BRDA:1198,178,1,0
BRDA:1204,179,0,0
BRDA:1204,179,1,0
BRDA:1204,180,0,0
BRDA:1204,180,1,0
BRDA:1207,181,0,0
BRDA:1207,181,1,0
BRDA:1216,182,0,0
BRDA:1216,182,1,0
BRDA:1216,182,2,0
BRDA:1216,182,3,0
BRDA:1216,182,4,0
BRDA:1236,183,0,0
BRDA:1236,183,1,0
BRDA:1244,184,0,0
BRDA:1244,184,1,0
BRDA:1253,185,0,0
BRDA:1253,185,1,0
BRDA:1261,186,0,0
BRDA:1261,186,1,0
BRDA:1262,187,0,0
BRDA:1262,187,1,0
BRDA:1264,188,0,0
BRDA:1264,188,1,0
BRDA:1273,189,0,0
BRDA:1275,190,0,0
BRDA:1275,190,1,0
BRDA:1279,191,0,0
BRDA:1279,191,1,0
BRDA:1284,192,0,0
BRDA:1284,192,1,0
BRDA:1291,193,0,0
BRDA:1291,193,1,0
BRDA:1297,194,0,0
BRDA:1297,194,1,0
BRDA:1297,195,0,0
BRDA:1297,195,1,0
BRDA:1303,196,0,0
BRDA:1304,197,0,0
BRDA:1304,197,1,0
BRDA:1305,198,0,0
BRDA:1305,198,1,0
BRDA:1306,199,0,0
BRDA:1306,199,1,0
BRDA:1308,200,0,0
BRDA:1308,200,1,0
BRDA:1313,201,0,0
BRDA:1313,201,1,0
BRDA:1323,202,0,0
BRDA:1323,202,1,0
BRDA:1326,203,0,0
BRDA:1326,203,1,0
BRDA:1326,204,0,0
BRDA:1326,204,1,0
BRDA:1333,205,0,0
BRDA:1333,205,1,2
BRDA:1334,206,0,2
BRDA:1334,206,1,0
BRDA:1335,207,0,1
BRDA:1335,207,1,1
BRDA:1336,208,0,1
BRDA:1336,208,1,1
BRDA:1337,209,0,0
BRDA:1337,209,1,2
BRDA:1338,210,0,0
BRDA:1338,210,1,0
BRDA:1343,211,0,2
BRDA:1343,211,1,0
BRDA:1347,212,0,0
BRDA:1347,212,1,2
BRDA:1354,213,0,0
BRDA:1354,213,1,0
BRDA:1363,214,0,0
BRDA:1363,214,1,0
BRDA:1365,215,0,0
BRDA:1365,215,1,0
BRDA:1367,216,0,0
BRDA:1367,216,1,0
BRDA:1372,217,0,0
BRDA:1372,217,1,0
BRDA:1374,218,0,0
BRDA:1374,218,1,0
BRDA:1381,219,0,0
BRDA:1381,219,1,0
BRDA:1383,220,0,0
BRDA:1383,220,1,0
BRDA:1385,221,0,0
BRDA:1385,221,1,0
BRDA:1387,222,0,0
BRDA:1387,222,1,0
BRDA:1402,223,0,0
BRDA:1402,223,1,0
BRDA:1402,224,0,0
BRDA:1402,224,1,0
BRDA:1402,224,2,0
BRDA:1405,225,0,0
BRDA:1405,225,1,0
BRDA:1410,226,0,0
BRDA:1410,226,1,0
BRDA:1410,227,0,0
BRDA:1410,227,1,0
BRDA:1411,228,0,0
BRDA:1411,228,1,0
BRDA:1413,229,0,0
BRDA:1413,229,1,0
BRDA:1415,230,0,0
BRDA:1415,230,1,0
BRDA:1420,231,0,0
BRDA:1420,231,1,0
BRDA:1426,232,0,0
BRDA:1426,232,1,0
BRDA:1428,233,0,0
BRDA:1428,233,1,0
BRDA:1429,234,0,0
BRDA:1429,234,1,0
BRDA:1436,235,0,0
BRDA:1436,235,1,0
BRDA:1436,236,0,0
BRDA:1436,236,1,0
BRDA:1446,237,0,0
BRDA:1446,237,1,0
BRDA:1459,238,0,0
BRDA:1459,238,1,0
BRDA:1464,239,0,0
BRDA:1464,239,1,0
BRDA:1469,240,0,0
BRDA:1469,240,1,0
BRDA:1470,241,0,0
BRDA:1470,241,1,0
BRDA:1470,241,2,0
BRDA:1475,242,0,0
BRDA:1475,242,1,0
BRDA:1479,243,0,0
BRDA:1479,243,1,0
BRDA:1481,244,0,0
BRDA:1481,244,1,0
BRDA:1481,245,0,0
BRDA:1481,245,1,0
BRDA:1482,246,0,0
BRDA:1482,246,1,0
BRDA:1482,246,2,0
BRDA:1496,247,0,0
BRDA:1496,247,1,0
BRDA:1499,248,0,0
BRDA:1499,248,1,0
BRDA:1505,249,0,0
BRDA:1505,249,1,0
BRDA:1516,250,0,0
BRDA:1516,250,1,0
BRDA:1524,251,0,0
BRDA:1524,251,1,0
BRDA:1525,252,0,0
BRDA:1525,252,1,0
BRDA:1530,253,0,0
BRDA:1530,253,1,0
BRDA:1534,254,0,0
BRDA:1534,254,1,0
BRDA:1534,255,0,0
BRDA:1534,255,1,0
BRDA:1543,256,0,0
BRDA:1543,256,1,0
BRDA:1544,257,0,0
BRDA:1544,257,1,0
BRDA:1548,258,0,0
BRDA:1548,258,1,0
BRDA:1550,259,0,0
BRDA:1550,259,1,0
BRDA:1551,260,0,0
BRDA:1551,260,1,0
BRDA:1566,261,0,0
BRDA:1566,261,1,0
BRDA:1568,262,0,0
BRDA:1568,262,1,0
BRDA:1572,263,0,0
BRDA:1572,263,1,0
BRDA:1573,264,0,0
BRDA:1573,264,1,0
BRDA:1573,265,0,0
BRDA:1573,265,1,0
BRDA:1576,266,0,0
BRDA:1576,266,1,0
BRDA:1583,267,0,0
BRDA:1583,267,1,0
BRDA:1587,268,0,0
BRDA:1587,268,1,0
BRDA:1597,269,0,0
BRDA:1597,269,1,0
BRDA:1606,270,0,0
BRDA:1606,270,1,0
BRDA:1611,271,0,0
BRDA:1611,271,1,0
BRDA:1622,272,0,0
BRDA:1622,272,1,0
BRDA:1629,273,0,0
BRDA:1629,273,1,0
BRDA:1634,274,0,0
BRDA:1634,274,1,0
BRDA:1636,275,0,0
BRDA:1636,275,1,0
BRDA:1636,275,2,0
BRDA:1643,276,0,0
BRDA:1643,276,1,0
BRDA:1643,277,0,0
BRDA:1643,277,1,0
BRDA:1650,278,0,0
BRDA:1650,278,1,0
BRDA:1650,279,0,0
BRDA:1650,279,1,0
BRDA:1657,280,0,0
BRDA:1657,280,1,0
BRDA:1657,281,0,0
BRDA:1657,281,1,0
BRDA:1667,282,0,0
BRDA:1667,282,1,0
BRDA:1667,283,0,0
BRDA:1667,283,1,0
BRDA:1668,284,0,0
BRDA:1668,284,1,0
BRDA:1674,285,0,0
BRDA:1674,285,1,0
BRDA:1674,286,0,0
BRDA:1674,286,1,0
BRDA:1678,287,0,0
BRDA:1678,287,1,0
BRDA:1678,288,0,0
BRDA:1678,288,1,0
BRDA:1695,289,0,0
BRDA:1695,289,1,0
BRDA:1695,290,0,0
BRDA:1695,290,1,0
BRDA:1705,291,0,0
BRDA:1705,291,1,0
BRDA:1707,292,0,0
BRDA:1707,292,1,0
BRDA:1709,293,0,0
BRDA:1709,293,1,0
BRDA:1715,294,0,0
BRDA:1715,294,1,0
BRDA:1715,295,0,0
BRDA:1715,295,1,0
BRDA:1721,296,0,0
BRDA:1721,296,1,0
BRDA:1721,296,2,0
BRDA:1724,297,0,0
BRDA:1724,297,1,0
BRDA:1724,297,2,0
BRDA:1727,298,0,0
BRDA:1727,298,1,0
BRDA:1765,299,0,0
BRDA:1765,299,1,0
BRDA:1766,300,0,0
BRDA:1766,300,1,0
BRDA:1769,301,0,0
BRDA:1769,301,1,0
BRDA:1781,302,0,0
BRDA:1781,302,1,0
BRDA:1781,303,0,0
BRDA:1781,303,1,0
BRDA:1783,304,0,0
BRDA:1783,304,1,0
BRDA:1794,305,0,0
BRDA:1794,305,1,0
BRDA:1801,306,0,0
BRDA:1801,306,1,0
BRDA:1806,307,0,0
BRDA:1806,307,1,0
BRDA:1815,308,0,0
BRDA:1815,308,1,0
BRDA:1825,309,0,0
BRDA:1825,309,1,0
BRDA:1835,310,0,0
BRDA:1835,310,1,0
BRDA:1837,311,0,0
BRDA:1837,311,1,0
BRDA:1837,312,0,0
BRDA:1837,312,1,0
BRDA:1872,313,0,0
BRDA:1872,313,1,0
BRDA:1873,314,0,0
BRDA:1873,314,1,0
BRDA:1885,315,0,0
BRDA:1885,315,1,0
BRDA:1885,316,0,0
BRDA:1885,316,1,0
BRDA:1886,317,0,0
BRDA:1886,317,1,0
BRDA:1901,318,0,0
BRDA:1901,318,1,0
BRDA:1910,319,0,0
BRDA:1910,319,1,0
BRDA:1912,320,0,0
BRDA:1912,320,1,0
BRDA:1913,321,0,0
BRDA:1913,321,1,0
BRDA:1915,322,0,0
BRDA:1915,322,1,0
BRDA:1915,323,0,0
BRDA:1915,323,1,0
BRDA:1917,324,0,0
BRDA:1917,324,1,0
BRDA:1917,325,0,0
BRDA:1917,325,1,0
BRDA:1968,326,0,0
BRDA:1968,326,1,0
BRDA:2022,327,0,0
BRDA:2022,327,1,0
BRDA:2023,328,0,0
BRDA:2023,328,1,0
BRDA:2047,329,0,0
BRDA:2047,329,1,0
BRDA:2047,330,0,0
BRDA:2047,330,1,0
BRDA:2048,331,0,0
BRDA:2048,331,1,0
BRDA:2055,332,0,0
BRDA:2055,332,1,0
BRDA:2055,332,2,0
BRDA:2056,333,0,0
BRDA:2056,333,1,0
BRDA:2058,334,0,0
BRDA:2058,334,1,0
BRDA:2058,335,0,0
BRDA:2058,335,1,0
BRDA:2063,336,0,0
BRDA:2063,336,1,0
BRDA:2102,337,0,0
BRDA:2102,337,1,0
BRDA:2102,338,0,0
BRDA:2102,338,1,0
BRDA:2102,338,2,0
BRDA:2103,339,0,0
BRDA:2103,339,1,0
BRDA:2104,340,0,0
BRDA:2104,340,1,0
BRDA:2111,341,0,0
BRDA:2111,341,1,0
BRDA:2114,342,0,0
BRDA:2114,342,1,0
BRDA:2124,343,0,0
BRDA:2124,344,0,0
BRDA:2125,345,0,0
BRDA:2125,345,1,0
BRDA:2125,346,0,0
BRDA:2125,346,1,0
BRDA:2125,346,2,0
BRDA:2148,347,0,0
BRDA:2148,347,1,0
BRDA:2158,348,0,0
BRDA:2158,348,1,0
BRDA:2163,349,0,0
BRDA:2163,349,1,0
BRDA:2168,350,0,0
BRDA:2168,350,1,0
BRDA:2174,351,0,0
BRDA:2174,351,1,0
BRDA:2194,352,0,0
BRDA:2194,352,1,0
BRDA:2194,353,0,0
BRDA:2194,353,1,0
BRDA:2195,354,0,0
BRDA:2195,354,1,0
BRDA:2197,355,0,0
BRDA:2198,356,0,0
BRDA:2198,356,1,0
BRDA:2198,357,0,0
BRDA:2198,357,1,0
BRDA:2200,358,0,0
BRDA:2200,358,1,0
BRDA:2204,359,0,0
BRDA:2204,359,1,0
BRDA:2216,360,0,0
BRDA:2216,360,1,0
BRDA:2216,361,0,0
BRDA:2216,361,1,0
BRDA:2224,362,0,0
BRDA:2224,362,1,0
BRDA:2224,363,0,0
BRDA:2224,363,1,0
BRDA:2234,364,0,0
BRDA:2234,364,1,0
BRDA:2234,365,0,0
BRDA:2234,365,1,0
BRDA:2244,366,0,0
BRDA:2244,366,1,0
BRDA:2244,367,0,0
BRDA:2244,367,1,0
BRDA:2254,368,0,0
BRDA:2254,368,1,0
BRDA:2254,369,0,0
BRDA:2254,369,1,0
BRDA:2254,369,2,0
BRDA:2264,370,0,0
BRDA:2264,370,1,0
BRDA:2280,371,0,0
BRDA:2280,371,1,0
BRDA:2282,372,0,0
BRDA:2282,372,1,0
BRDA:2297,373,0,0
BRDA:2297,373,1,0
BRDA:2317,374,0,0
BRDA:2317,374,1,0
BRDA:2340,375,0,0
BRDA:2340,375,1,0
BRDA:2348,376,0,0
BRDA:2348,376,1,0
BRDA:2348,377,0,0
BRDA:2348,377,1,0
BRDA:2364,378,0,0
BRDA:2364,378,1,0
BRDA:2374,379,0,0
BRDA:2374,379,1,0
BRDA:2380,380,0,0
BRDA:2380,380,1,0
BRDA:2388,381,0,0
BRDA:2388,381,1,0
BRDA:2390,382,0,0
BRDA:2390,382,1,0
BRDA:2391,383,0,0
BRDA:2391,383,1,0
BRDA:2402,384,0,0
BRDA:2402,384,1,0
BRDA:2412,385,0,0
BRDA:2412,385,1,0
BRDA:2414,386,0,0
BRDA:2414,386,1,0
BRDA:2422,387,0,0
BRDA:2422,387,1,0
BRDA:2452,388,0,0
BRDA:2452,388,1,0
BRDA:2467,389,0,0
BRDA:2467,389,1,0
BRDA:2491,390,0,0
BRDA:2491,390,1,0
BRDA:2504,391,0,0
BRDA:2504,391,1,0
BRDA:2505,392,0,0
BRDA:2505,392,1,0
BRDA:2506,393,0,0
BRDA:2506,393,1,0
BRDA:2507,394,0,0
BRDA:2507,394,1,0
BRDA:2514,395,0,0
BRDA:2514,395,1,0
BRDA:2514,396,0,0
BRDA:2514,396,1,0
BRDA:2536,397,0,0
BRDA:2536,397,1,0
BRDA:2536,398,0,0
BRDA:2536,398,1,0
BRDA:2540,399,0,0
BRDA:2540,399,1,0
BRDA:2540,400,0,0
BRDA:2540,400,1,0
BRDA:2545,401,0,0
BRDA:2545,401,1,0
BRDA:2545,402,0,0
BRDA:2545,402,1,0
BRDA:2545,403,0,0
BRDA:2545,403,1,0
BRDA:2545,404,0,0
BRDA:2545,404,1,0
BRDA:2550,405,0,0
BRDA:2550,405,1,0
BRDA:2551,406,0,0
BRDA:2551,406,1,0
BRDA:2558,407,0,0
BRDA:2558,407,1,0
BRDA:2566,408,0,0
BRDA:2566,408,1,1
BRDA:2566,409,0,1
BRDA:2566,409,1,1
BRDA:2581,410,0,0
BRDA:2581,410,1,50
BRDA:2583,411,0,4
BRDA:2583,411,1,46
BRDA:2594,412,0,50
BRDA:2594,412,1,0
BRDA:2598,413,0,50
BRDA:2598,413,1,0
BRDA:2602,414,0,50
BRDA:2602,414,1,0
BRDA:2610,415,0,0
BRDA:2610,415,1,4
BRDA:2616,416,0,4
BRDA:2616,416,1,0
BRDA:2617,417,0,4
BRDA:2617,417,1,0
BRDA:2619,418,0,4
BRDA:2619,418,1,0
BRDA:2619,419,0,4
BRDA:2619,419,1,4
BRDA:2627,420,0,4
BRDA:2627,420,1,0
BRDA:2633,421,0,0
BRDA:2635,422,0,0
BRDA:2635,422,1,0
BRDA:2642,423,0,0
BRDA:2642,423,1,0
BRDA:2645,424,0,0
BRDA:2645,424,1,0
BRDA:2647,425,0,0
BRDA:2647,425,1,0
BRDA:2665,426,0,0
BRDA:2667,427,0,0
BRDA:2667,427,1,0
BRDA:2677,428,0,0
BRDA:2677,428,1,0
BRDA:2679,429,0,0
BRDA:2679,429,1,0
BRDA:2697,430,0,0
BRDA:2701,431,0,0
BRDA:2701,431,1,0
BRDA:2703,432,0,0
BRDA:2703,432,1,0
BRDA:2715,433,0,0
BRDA:2715,433,1,0
BRDA:2730,434,0,0
BRDA:2730,434,1,0
BRDA:2730,435,0,0
BRDA:2730,435,1,0
BRDA:2733,436,0,0
BRDA:2733,436,1,0
BRDA:2733,437,0,0
BRDA:2733,437,1,0
BRDA:2738,438,0,0
BRDA:2739,439,0,0
BRDA:2739,439,1,0
BRDA:2741,440,0,0
BRDA:2741,440,1,0
BRDA:2742,441,0,0
BRDA:2742,441,1,0
BRDA:2742,441,2,0
BRDA:2742,441,3,0
BRDA:2743,442,0,0
BRDA:2743,442,1,0
BRDA:2748,443,0,0
BRDA:2748,443,1,0
BRDA:2749,444,0,0
BRDA:2749,444,1,0
BRDA:2749,445,0,0
BRDA:2749,445,1,0
BRDA:2771,446,0,0
BRDA:2771,446,1,0
BRDA:2776,447,0,0
BRDA:2776,447,1,0
BRDA:2788,448,0,0
BRDA:2788,448,1,0
BRDA:2789,449,0,0
BRDA:2789,449,1,0
BRDA:2790,450,0,0
BRDA:2790,450,1,0
BRDA:2791,451,0,0
BRDA:2791,451,1,0
BRDA:2796,452,0,0
BRDA:2796,452,1,0
BRDA:2797,453,0,0
BRDA:2797,453,1,0
BRDA:2798,454,0,0
BRDA:2798,454,1,0
BRDA:2800,455,0,0
BRDA:2800,455,1,0
BRDA:2805,456,0,0
BRDA:2805,456,1,0
BRDA:2835,457,0,0
BRDA:2835,458,0,0
BRDA:2836,459,0,0
BRDA:2836,459,1,0
BRDA:2840,460,0,0
BRDA:2842,461,0,0
BRDA:2842,461,1,0
BRDA:2846,462,0,0
BRDA:2846,462,1,0
BRDA:2862,463,0,0
BRDA:2862,463,1,0
BRDA:2863,464,0,0
BRDA:2863,464,1,0
BRDA:2871,465,0,0
BRDA:2871,465,1,0
BRDA:2891,466,0,0
BRDA:2891,466,1,0
BRDA:2893,467,0,0
BRDA:2893,467,1,0
BRDA:2924,468,0,0
BRDA:2924,468,1,0
BRDA:2928,469,0,0
BRDA:2928,469,1,0
BRDA:2931,470,0,0
BRDA:2931,470,1,0
BRDA:2934,471,0,0
BRDA:2934,471,1,0
BRDA:2962,472,0,0
BRDA:2962,472,1,0
BRDA:2974,473,0,0
BRDA:2974,473,1,0
BRDA:2983,474,0,0
BRDA:2983,474,1,0
BRDA:3003,475,0,2
BRDA:3003,475,1,0
BRDA:3011,476,0,2
BRDA:3011,476,1,0
BRDA:3011,477,0,2
BRDA:3011,477,1,2
BRDA:3022,478,0,0
BRDA:3022,478,1,0
BRDA:3023,479,0,0
BRDA:3023,479,1,0
BRF:973
BRH:30
end_of_record
